travis_fold:start:worker_info[0K[33;1mWorker information[0m
hostname: faae70a2-2628-4f45-b910-8fba013c96f0@1.production-2-worker-org-gce-tr45
version: v6.2.0 https://github.com/travis-ci/worker/tree/5e5476e01646095f48eec13196fdb3faf8f5cbf7
instance: travis-job-d03549b5-fb2e-453e-8d0e-07cdecfc61e8 travis-ci-garnet-trusty-1512502259-986baf0 (via amqp)
startup: 6.378398706s
travis_fold:end:worker_info[0Ktravis_fold:start:system_info[0K[33;1mBuild system information[0m
Build language: php
Build group: stable
Build dist: trusty
Build id: 558512461
Job id: 558512471
Runtime kernel version: 4.4.0-101-generic
travis-build version: e88137ff9
[34m[1mBuild image provisioning date and time[0m
Tue Dec  5 19:58:13 UTC 2017
[34m[1mOperating System Details[0m
Distributor ID:	Ubuntu
Description:	Ubuntu 14.04.5 LTS
Release:	14.04
Codename:	trusty
[34m[1mCookbooks Version[0m
7c2c6a6 https://github.com/travis-ci/travis-cookbooks/tree/7c2c6a6
[34m[1mgit version[0m
git version 2.15.1
[34m[1mbash version[0m
GNU bash, version 4.3.11(1)-release (x86_64-pc-linux-gnu)
[34m[1mgcc version[0m
gcc (Ubuntu 4.8.4-2ubuntu1~14.04.3) 4.8.4
Copyright (C) 2013 Free Software Foundation, Inc.
This is free software; see the source for copying conditions.  There is NO
warranty; not even for MERCHANTABILITY or FITNESS FOR A PARTICULAR PURPOSE.

[34m[1mdocker version[0m
Client:
 Version:      17.09.0-ce
 API version:  1.32
 Go version:   go1.8.3
 Git commit:   afdb6d4
 Built:        Tue Sep 26 22:42:38 2017
 OS/Arch:      linux/amd64

Server:
 Version:      17.09.0-ce
 API version:  1.32 (minimum version 1.12)
 Go version:   go1.8.3
 Git commit:   afdb6d4
 Built:        Tue Sep 26 22:41:20 2017
 OS/Arch:      linux/amd64
 Experimental: false
[34m[1mclang version[0m
clang version 5.0.0 (tags/RELEASE_500/final)
Target: x86_64-unknown-linux-gnu
Thread model: posix
InstalledDir: /usr/local/clang-5.0.0/bin
[34m[1mjq version[0m
jq-1.5
[34m[1mbats version[0m
Bats 0.4.0
[34m[1mshellcheck version[0m
0.4.6
[34m[1mshfmt version[0m
v2.0.0
[34m[1mccache version[0m
ccache version 3.1.9

Copyright (C) 2002-2007 Andrew Tridgell
Copyright (C) 2009-2011 Joel Rosdahl

This program is free software; you can redistribute it and/or modify it under
the terms of the GNU General Public License as published by the Free Software
Foundation; either version 3 of the License, or (at your option) any later
version.
[34m[1mcmake version[0m
cmake version 3.9.2

CMake suite maintained and supported by Kitware (kitware.com/cmake).
[34m[1mheroku version[0m
heroku-cli/6.14.39-addc925 (linux-x64) node-v9.2.0
[34m[1mimagemagick version[0m
Version: ImageMagick 6.7.7-10 2017-07-31 Q16 http://www.imagemagick.org
[34m[1mmd5deep version[0m
4.2
[34m[1mmercurial version[0m
Mercurial Distributed SCM (version 4.2.2)
(see https://mercurial-scm.org for more information)

Copyright (C) 2005-2017 Matt Mackall and others
This is free software; see the source for copying conditions. There is NO
warranty; not even for MERCHANTABILITY or FITNESS FOR A PARTICULAR PURPOSE.
[34m[1mmysql version[0m
mysql  Ver 14.14 Distrib 5.6.33, for debian-linux-gnu (x86_64) using  EditLine wrapper
[34m[1mopenssl version[0m
OpenSSL 1.0.1f 6 Jan 2014
[34m[1mpacker version[0m
Packer v1.0.2

Your version of Packer is out of date! The latest version
is 1.1.2. You can update by downloading from www.packer.io
[34m[1mpostgresql client version[0m
psql (PostgreSQL) 9.6.6
[34m[1mragel version[0m
Ragel State Machine Compiler version 6.8 Feb 2013
Copyright (c) 2001-2009 by Adrian Thurston
[34m[1msubversion version[0m
svn, version 1.8.8 (r1568071)
   compiled Aug 10 2017, 17:20:39 on x86_64-pc-linux-gnu

Copyright (C) 2013 The Apache Software Foundation.
This software consists of contributions made by many people;
see the NOTICE file for more information.
Subversion is open source software, see http://subversion.apache.org/

The following repository access (RA) modules are available:

* ra_svn : Module for accessing a repository using the svn network protocol.
  - with Cyrus SASL authentication
  - handles 'svn' scheme
* ra_local : Module for accessing a repository on local disk.
  - handles 'file' scheme
* ra_serf : Module for accessing a repository via WebDAV protocol using serf.
  - using serf 1.3.3
  - handles 'http' scheme
  - handles 'https' scheme

[34m[1msudo version[0m
Sudo version 1.8.9p5
Configure options: --prefix=/usr -v --with-all-insults --with-pam --with-fqdn --with-logging=syslog --with-logfac=authpriv --with-env-editor --with-editor=/usr/bin/editor --with-timeout=15 --with-password-timeout=0 --with-passprompt=[sudo] password for %p:  --without-lecture --with-tty-tickets --disable-root-mailer --enable-admin-flag --with-sendmail=/usr/sbin/sendmail --with-timedir=/var/lib/sudo --mandir=/usr/share/man --libexecdir=/usr/lib/sudo --with-sssd --with-sssd-lib=/usr/lib/x86_64-linux-gnu --with-selinux
Sudoers policy plugin version 1.8.9p5
Sudoers file grammar version 43

Sudoers path: /etc/sudoers
Authentication methods: 'pam'
Syslog facility if syslog is being used for logging: authpriv
Syslog priority to use when user authenticates successfully: notice
Syslog priority to use when user authenticates unsuccessfully: alert
Send mail if the user is not in sudoers
Use a separate timestamp for each user/tty combo
Lecture user the first time they run sudo
Root may run sudo
Allow some information gathering to give useful error messages
Require fully-qualified hostnames in the sudoers file
Visudo will honor the EDITOR environment variable
Set the LOGNAME and USER environment variables
Length at which to wrap log file lines (0 for no wrap): 80
Authentication timestamp timeout: 15.0 minutes
Password prompt timeout: 0.0 minutes
Number of tries to enter a password: 3
Umask to use or 0777 to use user's: 022
Path to mail program: /usr/sbin/sendmail
Flags for mail program: -t
Address to send mail to: root
Subject line for mail messages: *** SECURITY information for %h ***
Incorrect password message: Sorry, try again.
Path to authentication timestamp dir: /var/lib/sudo
Default password prompt: [sudo] password for %p: 
Default user to run commands as: root
Value to override user's $PATH with: /usr/local/sbin:/usr/local/bin:/usr/sbin:/usr/bin:/sbin:/bin:/snap/bin
Path to the editor for use by visudo: /usr/bin/editor
When to require a password for 'list' pseudocommand: any
When to require a password for 'verify' pseudocommand: all
File descriptors >= 3 will be closed before executing a command
Environment variables to check for sanity:
	TZ
	TERM
	LINGUAS
	LC_*
	LANGUAGE
	LANG
	COLORTERM
Environment variables to remove:
	RUBYOPT
	RUBYLIB
	PYTHONUSERBASE
	PYTHONINSPECT
	PYTHONPATH
	PYTHONHOME
	TMPPREFIX
	ZDOTDIR
	READNULLCMD
	NULLCMD
	FPATH
	PERL5DB
	PERL5OPT
	PERL5LIB
	PERLLIB
	PERLIO_DEBUG 
	JAVA_TOOL_OPTIONS
	SHELLOPTS
	GLOBIGNORE
	PS4
	BASH_ENV
	ENV
	TERMCAP
	TERMPATH
	TERMINFO_DIRS
	TERMINFO
	_RLD*
	LD_*
	PATH_LOCALE
	NLSPATH
	HOSTALIASES
	RES_OPTIONS
	LOCALDOMAIN
	CDPATH
	IFS
Environment variables to preserve:
	JAVA_HOME
	TRAVIS
	CI
	DEBIAN_FRONTEND
	XAUTHORIZATION
	XAUTHORITY
	PS2
	PS1
	PATH
	LS_COLORS
	KRB5CCNAME
	HOSTNAME
	HOME
	DISPLAY
	COLORS
Locale to use while parsing sudoers: C
Directory in which to store input/output logs: /var/log/sudo-io
File in which to store the input/output log: %{seq}
Add an entry to the utmp/utmpx file when allocating a pty
PAM service name to use
PAM service name to use for login shells
Create a new PAM session for the command to run in
Maximum I/O log sequence number: 0

Local IP address and netmask pairs:
	10.240.0.28/255.255.255.255
	172.17.0.1/255.255.0.0

Sudoers I/O plugin version 1.8.9p5
[34m[1mgzip version[0m
gzip 1.6
Copyright (C) 2007, 2010, 2011 Free Software Foundation, Inc.
Copyright (C) 1993 Jean-loup Gailly.
This is free software.  You may redistribute copies of it under the terms of
the GNU General Public License <http://www.gnu.org/licenses/gpl.html>.
There is NO WARRANTY, to the extent permitted by law.

Written by Jean-loup Gailly.
[34m[1mzip version[0m
Copyright (c) 1990-2008 Info-ZIP - Type 'zip "-L"' for software license.
This is Zip 3.0 (July 5th 2008), by Info-ZIP.
Currently maintained by E. Gordon.  Please send bug reports to
the authors using the web page at www.info-zip.org; see README for details.

Latest sources and executables are at ftp://ftp.info-zip.org/pub/infozip,
as of above date; see http://www.info-zip.org/ for other sites.

Compiled with gcc 4.8.2 for Unix (Linux ELF) on Oct 21 2013.

Zip special compilation options:
	USE_EF_UT_TIME       (store Universal Time)
	BZIP2_SUPPORT        (bzip2 library version 1.0.6, 6-Sept-2010)
	    bzip2 code and library copyright (c) Julian R Seward
	    (See the bzip2 license for terms of use)
	SYMLINK_SUPPORT      (symbolic links supported)
	LARGE_FILE_SUPPORT   (can read and write large files on file system)
	ZIP64_SUPPORT        (use Zip64 to store large files in archives)
	UNICODE_SUPPORT      (store and read UTF-8 Unicode paths)
	STORE_UNIX_UIDs_GIDs (store UID/GID sizes/values using new extra field)
	UIDGID_NOT_16BIT     (old Unix 16-bit UID/GID extra field not used)
	[encryption, version 2.91 of 05 Jan 2007] (modified for Zip 3)

Encryption notice:
	The encryption code of this program is not copyrighted and is
	put in the public domain.  It was originally written in Europe
	and, to the best of our knowledge, can be freely distributed
	in both source and object forms from any country, including
	the USA under License Exception TSU of the U.S. Export
	Administration Regulations (section 740.13(e)) of 6 June 2002.

Zip environment options:
             ZIP:  [none]
          ZIPOPT:  [none]
[34m[1mvim version[0m
VIM - Vi IMproved 7.4 (2013 Aug 10, compiled Nov 24 2016 16:43:18)
Included patches: 1-52
Extra patches: 8.0.0056
Modified by pkg-vim-maintainers@lists.alioth.debian.org
Compiled by buildd@
Huge version without GUI.  Features included (+) or not (-):
+acl             +farsi           +mouse_netterm   +syntax
+arabic          +file_in_path    +mouse_sgr       +tag_binary
+autocmd         +find_in_path    -mouse_sysmouse  +tag_old_static
-balloon_eval    +float           +mouse_urxvt     -tag_any_white
-browse          +folding         +mouse_xterm     -tcl
++builtin_terms  -footer          +multi_byte      +terminfo
+byte_offset     +fork()          +multi_lang      +termresponse
+cindent         +gettext         -mzscheme        +textobjects
-clientserver    -hangul_input    +netbeans_intg   +title
-clipboard       +iconv           +path_extra      -toolbar
+cmdline_compl   +insert_expand   -perl            +user_commands
+cmdline_hist    +jumplist        +persistent_undo +vertsplit
+cmdline_info    +keymap          +postscript      +virtualedit
+comments        +langmap         +printer         +visual
+conceal         +libcall         +profile         +visualextra
+cryptv          +linebreak       +python          +viminfo
+cscope          +lispindent      -python3         +vreplace
+cursorbind      +listcmds        +quickfix        +wildignore
+cursorshape     +localmap        +reltime         +wildmenu
+dialog_con      -lua             +rightleft       +windows
+diff            +menu            -ruby            +writebackup
+digraphs        +mksession       +scrollbind      -X11
-dnd             +modify_fname    +signs           -xfontset
-ebcdic          +mouse           +smartindent     -xim
+emacs_tags      -mouseshape      -sniff           -xsmp
+eval            +mouse_dec       +startuptime     -xterm_clipboard
+ex_extra        +mouse_gpm       +statusline      -xterm_save
+extra_search    -mouse_jsbterm   -sun_workshop    -xpm
   system vimrc file: "$VIM/vimrc"
     user vimrc file: "$HOME/.vimrc"
 2nd user vimrc file: "~/.vim/vimrc"
      user exrc file: "$HOME/.exrc"
  fall-back for $VIM: "/usr/share/vim"
Compilation: gcc -c -I. -Iproto -DHAVE_CONFIG_H     -g -O2 -fstack-protector --param=ssp-buffer-size=4 -Wformat -Werror=format-security -U_FORTIFY_SOURCE -D_FORTIFY_SOURCE=1      
Linking: gcc   -Wl,-Bsymbolic-functions -Wl,-z,relro -Wl,--as-needed -o vim        -lm -ltinfo -lnsl  -lselinux  -lacl -lattr -lgpm -ldl    -L/usr/lib/python2.7/config-x86_64-linux-gnu -lpython2.7 -lpthread -ldl -lutil -lm -Xlinker -export-dynamic -Wl,-O1 -Wl,-Bsymbolic-functions      
[34m[1miptables version[0m
iptables v1.4.21
[34m[1mcurl version[0m
curl 7.35.0 (x86_64-pc-linux-gnu) libcurl/7.35.0 OpenSSL/1.0.1f zlib/1.2.8 libidn/1.28 librtmp/2.3
[34m[1mwget version[0m
GNU Wget 1.15 built on linux-gnu.
[34m[1mrsync version[0m
rsync  version 3.1.0  protocol version 31
[34m[1mgimme version[0m
v1.2.0
[34m[1mnvm version[0m
0.33.6
[34m[1mperlbrew version[0m
/home/travis/perl5/perlbrew/bin/perlbrew  - App::perlbrew/0.80
[34m[1mphpenv version[0m
rbenv 1.1.1-25-g6aa70b6
[34m[1mrvm version[0m
rvm 1.29.3 (latest) by Michal Papis, Piotr Kuczynski, Wayne E. Seguin [https://rvm.io]
[34m[1mdefault ruby version[0m
ruby 2.4.1p111 (2017-03-22 revision 58053) [x86_64-linux]
[34m[1mCouchDB version[0m
couchdb 1.6.1
[34m[1mElasticSearch version[0m
5.5.0
[34m[1mInstalled Firefox version[0m
firefox 56.0.2
[34m[1mMongoDB version[0m
MongoDB 3.4.10
[34m[1mPhantomJS version[0m
2.1.1
[34m[1mPre-installed PostgreSQL versions[0m
9.2.24
9.3.20
9.4.15
9.5.10
9.6.6
[34m[1mRabbitMQ Version[0m
3.6.14
[34m[1mRedis version[0m
redis-server 4.0.6
[34m[1mriak version[0m
2.2.3
[34m[1mPre-installed Go versions[0m
1.7.4
[34m[1mant version[0m
Apache Ant(TM) version 1.9.3 compiled on April 8 2014
[34m[1mmvn version[0m
Apache Maven 3.5.2 (138edd61fd100ec658bfa2d307c43b76940a5d7d; 2017-10-18T07:58:13Z)
Maven home: /usr/local/maven-3.5.2
Java version: 1.8.0_151, vendor: Oracle Corporation
Java home: /usr/lib/jvm/java-8-oracle/jre
Default locale: en_US, platform encoding: UTF-8
OS name: "linux", version: "4.4.0-98-generic", arch: "amd64", family: "unix"
[34m[1mgradle version[0m

------------------------------------------------------------
Gradle 4.0.1
------------------------------------------------------------

Build time:   2017-07-07 14:02:41 UTC
Revision:     38e5dc0f772daecca1d2681885d3d85414eb6826

Groovy:       2.4.11
Ant:          Apache Ant(TM) version 1.9.6 compiled on June 29 2015
JVM:          1.8.0_151 (Oracle Corporation 25.151-b12)
OS:           Linux 4.4.0-98-generic amd64

[34m[1mlein version[0m
Leiningen 2.8.1 on Java 1.8.0_151 Java HotSpot(TM) 64-Bit Server VM
[34m[1mPre-installed Node.js versions[0m
v4.8.6
v6.12.0
v6.12.1
v8.9
v8.9.1
[34m[1mphpenv versions[0m
  system
  5.6
* 5.6.32 (set by /home/travis/.phpenv/version)
  7.0
  7.0.25
  7.1
  7.1.11
  hhvm
  hhvm-stable
[34m[1mcomposer --version[0m
Composer version 1.5.2 2017-09-11 16:59:25
[34m[1mPre-installed Ruby versions[0m
ruby-2.2.7
ruby-2.3.4
ruby-2.4.1
travis_fold:end:system_info[0K
travis_fold:start:docker_mtu[0Kdocker stop/waiting
docker start/running, process 3617
travis_fold:end:docker_mtu[0Ktravis_fold:start:resolvconf[0Kresolvconf stop/waiting
resolvconf start/running
travis_fold:end:resolvconf[0Ktravis_fold:start:apt[0K[33;1mInstalling APT Packages[0m
travis_time:start:1d8da534[0K$ travis_apt_get_update
travis_time:end:1d8da534:start=1563107300065082126,finish=1563107306347956398,duration=6282874272[0Ktravis_time:start:00bb506c[0K$ sudo -E apt-get -yq --no-install-suggests --no-install-recommends $(travis_apt_get_options) install parallel
Reading package lists...
Building dependency tree...
Reading state information...
The following NEW packages will be installed:
  parallel
0 upgraded, 1 newly installed, 0 to remove and 304 not upgraded.
Need to get 260 kB of archives.
After this operation, 1,033 kB of additional disk space will be used.
Get:1 http://archive.ubuntu.com/ubuntu trusty-updates/universe amd64 parallel all 20161222-1~ubuntu0.14.04.2 [260 kB]
Fetched 260 kB in 0s (25.1 MB/s)
Selecting previously unselected package parallel.
(Reading database ... (Reading database ... 5%(Reading database ... 10%(Reading database ... 15%(Reading database ... 20%(Reading database ... 25%(Reading database ... 30%(Reading database ... 35%(Reading database ... 40%(Reading database ... 45%(Reading database ... 50%(Reading database ... 55%(Reading database ... 60%(Reading database ... 65%(Reading database ... 70%(Reading database ... 75%(Reading database ... 80%(Reading database ... 85%(Reading database ... 90%(Reading database ... 95%(Reading database ... 100%(Reading database ... 93695 files and directories currently installed.)
Preparing to unpack .../parallel_20161222-1~ubuntu0.14.04.2_all.deb ...
Adding 'diversion of /usr/bin/parallel to /usr/bin/parallel.moreutils by parallel'
Adding 'diversion of /usr/share/man/man1/parallel.1.gz to /usr/share/man/man1/parallel.moreutils.1.gz by parallel'
Unpacking parallel (20161222-1~ubuntu0.14.04.2) ...
Processing triggers for man-db (2.6.7.1-1ubuntu1) ...
Setting up parallel (20161222-1~ubuntu0.14.04.2) ...
travis_time:end:00bb506c:start=1563107306351874873,finish=1563107308001430066,duration=1649555193[0Ktravis_fold:end:apt[0K
travis_fold:start:git.checkout[0Ktravis_time:start:3161df95[0K$ git clone --depth=5 https://github.com/composer/composer.git composer/composer
Cloning into 'composer/composer'...
remote: Enumerating objects: 903, done.[K
remote: Counting objects:   0% (1/903)   [Kremote: Counting objects:   1% (10/903)   [Kremote: Counting objects:   2% (19/903)   [Kremote: Counting objects:   3% (28/903)   [Kremote: Counting objects:   4% (37/903)   [Kremote: Counting objects:   5% (46/903)   [Kremote: Counting objects:   6% (55/903)   [Kremote: Counting objects:   7% (64/903)   [Kremote: Counting objects:   8% (73/903)   [Kremote: Counting objects:   9% (82/903)   [Kremote: Counting objects:  10% (91/903)   [Kremote: Counting objects:  11% (100/903)   [Kremote: Counting objects:  12% (109/903)   [Kremote: Counting objects:  13% (118/903)   [Kremote: Counting objects:  14% (127/903)   [Kremote: Counting objects:  15% (136/903)   [Kremote: Counting objects:  16% (145/903)   [Kremote: Counting objects:  17% (154/903)   [Kremote: Counting objects:  18% (163/903)   [Kremote: Counting objects:  19% (172/903)   [Kremote: Counting objects:  20% (181/903)   [Kremote: Counting objects:  21% (190/903)   [Kremote: Counting objects:  22% (199/903)   [Kremote: Counting objects:  23% (208/903)   [Kremote: Counting objects:  24% (217/903)   [Kremote: Counting objects:  25% (226/903)   [Kremote: Counting objects:  26% (235/903)   [Kremote: Counting objects:  27% (244/903)   [Kremote: Counting objects:  28% (253/903)   [Kremote: Counting objects:  29% (262/903)   [Kremote: Counting objects:  30% (271/903)   [Kremote: Counting objects:  31% (280/903)   [Kremote: Counting objects:  32% (289/903)   [Kremote: Counting objects:  33% (298/903)   [Kremote: Counting objects:  34% (308/903)   [Kremote: Counting objects:  35% (317/903)   [Kremote: Counting objects:  36% (326/903)   [Kremote: Counting objects:  37% (335/903)   [Kremote: Counting objects:  38% (344/903)   [Kremote: Counting objects:  39% (353/903)   [Kremote: Counting objects:  40% (362/903)   [Kremote: Counting objects:  41% (371/903)   [Kremote: Counting objects:  42% (380/903)   [Kremote: Counting objects:  43% (389/903)   [Kremote: Counting objects:  44% (398/903)   [Kremote: Counting objects:  45% (407/903)   [Kremote: Counting objects:  46% (416/903)   [Kremote: Counting objects:  47% (425/903)   [Kremote: Counting objects:  48% (434/903)   [Kremote: Counting objects:  49% (443/903)   [Kremote: Counting objects:  50% (452/903)   [Kremote: Counting objects:  51% (461/903)   [Kremote: Counting objects:  52% (470/903)   [Kremote: Counting objects:  53% (479/903)   [Kremote: Counting objects:  54% (488/903)   [Kremote: Counting objects:  55% (497/903)   [Kremote: Counting objects:  56% (506/903)   [Kremote: Counting objects:  57% (515/903)   [Kremote: Counting objects:  58% (524/903)   [Kremote: Counting objects:  59% (533/903)   [Kremote: Counting objects:  60% (542/903)   [Kremote: Counting objects:  61% (551/903)   [Kremote: Counting objects:  62% (560/903)   [Kremote: Counting objects:  63% (569/903)   [Kremote: Counting objects:  64% (578/903)   [Kremote: Counting objects:  65% (587/903)   [Kremote: Counting objects:  66% (596/903)   [Kremote: Counting objects:  67% (606/903)   [Kremote: Counting objects:  68% (615/903)   [Kremote: Counting objects:  69% (624/903)   [Kremote: Counting objects:  70% (633/903)   [Kremote: Counting objects:  71% (642/903)   [Kremote: Counting objects:  72% (651/903)   [Kremote: Counting objects:  73% (660/903)   [Kremote: Counting objects:  74% (669/903)   [Kremote: Counting objects:  75% (678/903)   [Kremote: Counting objects:  76% (687/903)   [Kremote: Counting objects:  77% (696/903)   [Kremote: Counting objects:  78% (705/903)   [Kremote: Counting objects:  79% (714/903)   [Kremote: Counting objects:  80% (723/903)   [Kremote: Counting objects:  81% (732/903)   [Kremote: Counting objects:  82% (741/903)   [Kremote: Counting objects:  83% (750/903)   [Kremote: Counting objects:  84% (759/903)   [Kremote: Counting objects:  85% (768/903)   [Kremote: Counting objects:  86% (777/903)   [Kremote: Counting objects:  87% (786/903)   [Kremote: Counting objects:  88% (795/903)   [Kremote: Counting objects:  89% (804/903)   [Kremote: Counting objects:  90% (813/903)   [Kremote: Counting objects:  91% (822/903)   [Kremote: Counting objects:  92% (831/903)   [Kremote: Counting objects:  93% (840/903)   [Kremote: Counting objects:  94% (849/903)   [Kremote: Counting objects:  95% (858/903)   [Kremote: Counting objects:  96% (867/903)   [Kremote: Counting objects:  97% (876/903)   [Kremote: Counting objects:  98% (885/903)   [Kremote: Counting objects:  99% (894/903)   [Kremote: Counting objects: 100% (903/903)   [Kremote: Counting objects: 100% (903/903), done.[K
remote: Compressing objects:   0% (1/737)   [Kremote: Compressing objects:   1% (8/737)   [Kremote: Compressing objects:   2% (15/737)   [Kremote: Compressing objects:   3% (23/737)   [Kremote: Compressing objects:   4% (30/737)   [Kremote: Compressing objects:   5% (37/737)   [Kremote: Compressing objects:   6% (45/737)   [Kremote: Compressing objects:   7% (52/737)   [Kremote: Compressing objects:   8% (59/737)   [Kremote: Compressing objects:   9% (67/737)   [Kremote: Compressing objects:  10% (74/737)   [Kremote: Compressing objects:  11% (82/737)   [Kremote: Compressing objects:  12% (89/737)   [Kremote: Compressing objects:  13% (96/737)   [Kremote: Compressing objects:  14% (104/737)   [Kremote: Compressing objects:  15% (111/737)   [Kremote: Compressing objects:  16% (118/737)   [Kremote: Compressing objects:  17% (126/737)   [Kremote: Compressing objects:  18% (133/737)   [Kremote: Compressing objects:  19% (141/737)   [Kremote: Compressing objects:  20% (148/737)   [Kremote: Compressing objects:  21% (155/737)   [Kremote: Compressing objects:  22% (163/737)   [Kremote: Compressing objects:  23% (170/737)   [Kremote: Compressing objects:  24% (177/737)   [Kremote: Compressing objects:  25% (185/737)   [Kremote: Compressing objects:  26% (192/737)   [Kremote: Compressing objects:  27% (199/737)   [Kremote: Compressing objects:  28% (207/737)   [Kremote: Compressing objects:  29% (214/737)   [Kremote: Compressing objects:  30% (222/737)   [Kremote: Compressing objects:  31% (229/737)   [Kremote: Compressing objects:  32% (236/737)   [Kremote: Compressing objects:  33% (244/737)   [Kremote: Compressing objects:  34% (251/737)   [Kremote: Compressing objects:  35% (258/737)   [Kremote: Compressing objects:  36% (266/737)   [Kremote: Compressing objects:  37% (273/737)   [Kremote: Compressing objects:  38% (281/737)   [Kremote: Compressing objects:  39% (288/737)   [Kremote: Compressing objects:  40% (295/737)   [Kremote: Compressing objects:  41% (303/737)   [Kremote: Compressing objects:  42% (310/737)   [Kremote: Compressing objects:  43% (317/737)   [Kremote: Compressing objects:  44% (325/737)   [Kremote: Compressing objects:  45% (332/737)   [Kremote: Compressing objects:  46% (340/737)   [Kremote: Compressing objects:  47% (347/737)   [Kremote: Compressing objects:  48% (354/737)   [Kremote: Compressing objects:  49% (362/737)   [Kremote: Compressing objects:  50% (369/737)   [Kremote: Compressing objects:  51% (376/737)   [Kremote: Compressing objects:  52% (384/737)   [Kremote: Compressing objects:  53% (391/737)   [Kremote: Compressing objects:  54% (398/737)   [Kremote: Compressing objects:  55% (406/737)   [Kremote: Compressing objects:  56% (413/737)   [Kremote: Compressing objects:  57% (421/737)   [Kremote: Compressing objects:  58% (428/737)   [Kremote: Compressing objects:  59% (435/737)   [Kremote: Compressing objects:  60% (443/737)   [Kremote: Compressing objects:  61% (450/737)   [Kremote: Compressing objects:  62% (457/737)   [Kremote: Compressing objects:  63% (465/737)   [Kremote: Compressing objects:  64% (472/737)   [Kremote: Compressing objects:  65% (480/737)   [Kremote: Compressing objects:  66% (487/737)   [Kremote: Compressing objects:  67% (494/737)   [Kremote: Compressing objects:  68% (502/737)   [Kremote: Compressing objects:  69% (509/737)   [Kremote: Compressing objects:  70% (516/737)   [Kremote: Compressing objects:  71% (524/737)   [Kremote: Compressing objects:  72% (531/737)   [Kremote: Compressing objects:  73% (539/737)   [Kremote: Compressing objects:  74% (546/737)   [Kremote: Compressing objects:  75% (553/737)   [Kremote: Compressing objects:  76% (561/737)   [Kremote: Compressing objects:  77% (568/737)   [Kremote: Compressing objects:  78% (575/737)   [Kremote: Compressing objects:  79% (583/737)   [Kremote: Compressing objects:  80% (590/737)   [Kremote: Compressing objects:  81% (597/737)   [Kremote: Compressing objects:  82% (605/737)   [Kremote: Compressing objects:  83% (612/737)   [Kremote: Compressing objects:  84% (620/737)   [Kremote: Compressing objects:  85% (627/737)   [Kremote: Compressing objects:  86% (634/737)   [Kremote: Compressing objects:  87% (642/737)   [Kremote: Compressing objects:  88% (649/737)   [Kremote: Compressing objects:  89% (656/737)   [Kremote: Compressing objects:  90% (664/737)   [Kremote: Compressing objects:  91% (671/737)   [Kremote: Compressing objects:  92% (679/737)   [Kremote: Compressing objects:  93% (686/737)   [Kremote: Compressing objects:  94% (693/737)   [Kremote: Compressing objects:  95% (701/737)   [Kremote: Compressing objects:  96% (708/737)   [Kremote: Compressing objects:  97% (715/737)   [Kremote: Compressing objects:  98% (723/737)   [Kremote: Compressing objects:  99% (730/737)   [Kremote: Compressing objects: 100% (737/737)   [Kremote: Compressing objects: 100% (737/737), done.[K
Receiving objects:   0% (1/903)   Receiving objects:   1% (10/903)   Receiving objects:   2% (19/903)   Receiving objects:   3% (28/903)   Receiving objects:   4% (37/903)   Receiving objects:   5% (46/903)   Receiving objects:   6% (55/903)   Receiving objects:   7% (64/903)   Receiving objects:   8% (73/903)   Receiving objects:   9% (82/903)   Receiving objects:  10% (91/903)   Receiving objects:  11% (100/903)   Receiving objects:  12% (109/903)   Receiving objects:  13% (118/903)   Receiving objects:  14% (127/903)   Receiving objects:  15% (136/903)   Receiving objects:  16% (145/903)   Receiving objects:  17% (154/903)   Receiving objects:  18% (163/903)   Receiving objects:  19% (172/903)   Receiving objects:  20% (181/903)   Receiving objects:  21% (190/903)   Receiving objects:  22% (199/903)   Receiving objects:  23% (208/903)   Receiving objects:  24% (217/903)   Receiving objects:  25% (226/903)   Receiving objects:  26% (235/903)   Receiving objects:  27% (244/903)   Receiving objects:  28% (253/903)   Receiving objects:  29% (262/903)   Receiving objects:  30% (271/903)   Receiving objects:  31% (280/903)   Receiving objects:  32% (289/903)   Receiving objects:  33% (298/903)   Receiving objects:  34% (308/903)   Receiving objects:  35% (317/903)   Receiving objects:  36% (326/903)   Receiving objects:  37% (335/903)   Receiving objects:  38% (344/903)   Receiving objects:  39% (353/903)   Receiving objects:  40% (362/903)   Receiving objects:  41% (371/903)   Receiving objects:  42% (380/903)   Receiving objects:  43% (389/903)   Receiving objects:  44% (398/903)   Receiving objects:  45% (407/903)   Receiving objects:  46% (416/903)   Receiving objects:  47% (425/903)   Receiving objects:  48% (434/903)   Receiving objects:  49% (443/903)   Receiving objects:  50% (452/903)   Receiving objects:  51% (461/903)   Receiving objects:  52% (470/903)   Receiving objects:  53% (479/903)   Receiving objects:  54% (488/903)   Receiving objects:  55% (497/903)   Receiving objects:  56% (506/903)   Receiving objects:  57% (515/903)   Receiving objects:  58% (524/903)   Receiving objects:  59% (533/903)   Receiving objects:  60% (542/903)   Receiving objects:  61% (551/903)   Receiving objects:  62% (560/903)   Receiving objects:  63% (569/903)   Receiving objects:  64% (578/903)   Receiving objects:  65% (587/903)   Receiving objects:  66% (596/903)   Receiving objects:  67% (606/903)   Receiving objects:  68% (615/903)   Receiving objects:  69% (624/903)   Receiving objects:  70% (633/903)   Receiving objects:  71% (642/903)   Receiving objects:  72% (651/903)   Receiving objects:  73% (660/903)   Receiving objects:  74% (669/903)   Receiving objects:  75% (678/903)   Receiving objects:  76% (687/903)   Receiving objects:  77% (696/903)   Receiving objects:  78% (705/903)   Receiving objects:  79% (714/903)   Receiving objects:  80% (723/903)   Receiving objects:  81% (732/903)   Receiving objects:  82% (741/903)   Receiving objects:  83% (750/903)   Receiving objects:  84% (759/903)   Receiving objects:  85% (768/903)   Receiving objects:  86% (777/903)   Receiving objects:  87% (786/903)   remote: Total 903 (delta 281), reused 381 (delta 128), pack-reused 0[K
Receiving objects:  88% (795/903)   Receiving objects:  89% (804/903)   Receiving objects:  90% (813/903)   Receiving objects:  91% (822/903)   Receiving objects:  92% (831/903)   Receiving objects:  93% (840/903)   Receiving objects:  94% (849/903)   Receiving objects:  95% (858/903)   Receiving objects:  96% (867/903)   Receiving objects:  97% (876/903)   Receiving objects:  98% (885/903)   Receiving objects:  99% (894/903)   Receiving objects: 100% (903/903)   Receiving objects: 100% (903/903), 1.26 MiB | 11.52 MiB/s, done.
Resolving deltas:   0% (0/281)   Resolving deltas:   1% (5/281)   Resolving deltas:   2% (6/281)   Resolving deltas:   3% (9/281)   Resolving deltas:   4% (12/281)   Resolving deltas:   5% (15/281)   Resolving deltas:   6% (17/281)   Resolving deltas:   7% (20/281)   Resolving deltas:   8% (24/281)   Resolving deltas:   9% (26/281)   Resolving deltas:  10% (29/281)   Resolving deltas:  11% (31/281)   Resolving deltas:  13% (37/281)   Resolving deltas:  14% (42/281)   Resolving deltas:  16% (45/281)   Resolving deltas:  17% (49/281)   Resolving deltas:  18% (51/281)   Resolving deltas:  19% (54/281)   Resolving deltas:  20% (58/281)   Resolving deltas:  22% (63/281)   Resolving deltas:  23% (65/281)   Resolving deltas:  24% (68/281)   Resolving deltas:  26% (75/281)   Resolving deltas:  28% (81/281)   Resolving deltas:  29% (82/281)   Resolving deltas:  30% (85/281)   Resolving deltas:  31% (89/281)   Resolving deltas:  32% (90/281)   Resolving deltas:  33% (95/281)   Resolving deltas:  34% (98/281)   Resolving deltas:  35% (100/281)   Resolving deltas:  36% (103/281)   Resolving deltas:  37% (104/281)   Resolving deltas:  38% (107/281)   Resolving deltas:  39% (111/281)   Resolving deltas:  40% (113/281)   Resolving deltas:  41% (116/281)   Resolving deltas:  42% (119/281)   Resolving deltas:  43% (121/281)   Resolving deltas:  44% (125/281)   Resolving deltas:  45% (129/281)   Resolving deltas:  46% (131/281)   Resolving deltas:  47% (134/281)   Resolving deltas:  48% (136/281)   Resolving deltas:  49% (138/281)   Resolving deltas:  50% (141/281)   Resolving deltas:  52% (148/281)   Resolving deltas:  53% (149/281)   Resolving deltas:  54% (152/281)   Resolving deltas:  55% (155/281)   Resolving deltas:  56% (160/281)   Resolving deltas:  57% (161/281)   Resolving deltas:  58% (163/281)   Resolving deltas:  59% (166/281)   Resolving deltas:  60% (169/281)   Resolving deltas:  61% (172/281)   Resolving deltas:  62% (175/281)   Resolving deltas:  63% (178/281)   Resolving deltas:  65% (183/281)   Resolving deltas:  66% (188/281)   Resolving deltas:  67% (189/281)   Resolving deltas:  68% (192/281)   Resolving deltas:  69% (194/281)   Resolving deltas:  70% (197/281)   Resolving deltas:  71% (201/281)   Resolving deltas:  72% (205/281)   Resolving deltas:  74% (210/281)   Resolving deltas:  75% (212/281)   Resolving deltas:  76% (214/281)   Resolving deltas:  77% (219/281)   Resolving deltas:  78% (220/281)   Resolving deltas:  79% (223/281)   Resolving deltas:  80% (225/281)   Resolving deltas:  81% (230/281)   Resolving deltas:  83% (234/281)   Resolving deltas:  84% (237/281)   Resolving deltas:  85% (240/281)   Resolving deltas:  86% (242/281)   Resolving deltas:  87% (247/281)   Resolving deltas:  90% (255/281)   Resolving deltas:  91% (257/281)   Resolving deltas:  92% (259/281)   Resolving deltas:  93% (263/281)   Resolving deltas:  94% (266/281)   Resolving deltas:  95% (268/281)   Resolving deltas:  96% (270/281)   Resolving deltas:  97% (273/281)   Resolving deltas:  98% (277/281)   Resolving deltas:  99% (280/281)   Resolving deltas: 100% (281/281)   Resolving deltas: 100% (281/281), done.
travis_time:end:3161df95:start=1563107308005363793,finish=1563107309614763784,duration=1609399991[0K$ cd composer/composer
travis_time:start:0f1f3051[0K$ git fetch origin +refs/pull/8225/merge:
remote: Enumerating objects: 6, done.[K
remote: Counting objects:  16% (1/6)   [Kremote: Counting objects:  33% (2/6)   [Kremote: Counting objects:  50% (3/6)   [Kremote: Counting objects:  66% (4/6)   [Kremote: Counting objects:  83% (5/6)   [Kremote: Counting objects: 100% (6/6)   [Kremote: Counting objects: 100% (6/6), done.[K
remote: Compressing objects:  25% (1/4)   [Kremote: Compressing objects:  50% (2/4)   [Kremote: Compressing objects:  75% (3/4)   [Kremote: Compressing objects: 100% (4/4)   [Kremote: Compressing objects: 100% (4/4), done.[K
remote: Total 4 (delta 2), reused 0 (delta 0), pack-reused 0[K
Unpacking objects:  25% (1/4)   Unpacking objects:  50% (2/4)   Unpacking objects:  75% (3/4)   Unpacking objects: 100% (4/4)   Unpacking objects: 100% (4/4), done.
From https://github.com/composer/composer
 * branch            refs/pull/8225/merge -> FETCH_HEAD
travis_time:end:0f1f3051:start=1563107309619098624,finish=1563107310180972162,duration=561873538[0K$ git checkout -qf FETCH_HEAD
travis_fold:end:git.checkout[0K

[33;1mEncrypted environment variables have been removed for security reasons.[0m
[33;1mSee https://docs.travis-ci.com/user/pull-requests/#pull-requests-and-security-restrictions[0m
travis_time:start:142403c4[0K$ phpenv global 7.4snapshot 2>/dev/null
travis_time:end:142403c4:start=1563107310262096547,finish=1563107310279683614,duration=17587067[0K[33;1m7.4snapshot is not pre-installed; installing[0m
[33;1mDownloading archive: https://storage.googleapis.com/travis-ci-language-archives/php/binaries/ubuntu/14.04/x86_64/php-7.4snapshot.tar.bz2[0m
travis_time:start:18ebdb80[0K$ curl -s -o archive.tar.bz2 $archive_url && tar xjf archive.tar.bz2 --directory /
travis_time:end:18ebdb80:start=1563107310362075452,finish=1563107321259589889,duration=10897514437[0Ktravis_time:start:09df5ea9[0Ktravis_time:end:09df5ea9:start=1563107321263678389,finish=1563107321276677765,duration=12999376[0Ktravis_time:start:083db128[0K$ phpenv global 7.4snapshot
travis_time:end:083db128:start=1563107321280513695,finish=1563107321295911834,duration=15398139[0Ktravis_time:start:18ceecc8[0K$ composer self-update
[32mYou are already using composer version 1.8.6 (stable channel).[39m
travis_time:end:18ceecc8:start=1563107321539584559,finish=1563107321861724239,duration=322139680[0Ktravis_fold:start:cache.1[0KSetting up build cache
$ export CASHER_DIR=${TRAVIS_HOME}/.casher
travis_time:start:211c0702[0K$ Installing caching utilities
travis_time:end:211c0702:start=1563107326022103334,finish=1563107326164730352,duration=142627018[0Ktravis_time:start:2441357e[0Ktravis_time:end:2441357e:start=1563107326170350445,finish=1563107326173398031,duration=3047586[0Ktravis_time:start:01cadb8e[0Kattempting to download cache archive[0m
[32;1mfetching PR.8225/cache-linux-trusty-e3b0c44298fc1c149afbf4c8996fb92427ae41e4649b934ca495991b7852b855--php-7.4snapshot.tgz[0m
[32;1mfetching PR.8225/cache--php-7.4snapshot.tgz[0m
[32;1mfetching master/cache-linux-trusty-e3b0c44298fc1c149afbf4c8996fb92427ae41e4649b934ca495991b7852b855--php-7.4snapshot.tgz[0m
[32;1mfetching master/cache--php-7.4snapshot.tgz[0m
[31;1mcould not download cache[0m
travis_time:end:01cadb8e:start=1563107326177349996,finish=1563107327614112550,duration=1436762554[0Ktravis_time:start:08e865ae[0Ktravis_time:end:08e865ae:start=1563107327618342597,finish=1563107327621291954,duration=2949357[0Ktravis_time:start:00166e74[0Kadding /home/travis/.composer/cache to cache[0m
creating directory /home/travis/.composer/cache[0m
travis_time:end:00166e74:start=1563107327626174161,finish=1563107328767951738,duration=1141777577[0Ktravis_fold:end:cache.1[0K
$ php --version
PHP 7.4.0-dev (cli) (built: Jul 13 2019 09:47:37) ( ZTS )
Copyright (c) The PHP Group
Zend Engine v3.4.0-dev, Copyright (c) Zend Technologies
    with Zend OPcache v7.4.0-dev, Copyright (c), by Zend Technologies
$ composer --version
[32mComposer[39m version [33m1.8.6[39m 2019-06-11 15:03:05
[0m
travis_fold:start:before_install.1[0Ktravis_time:start:001e1446[0K$ phpenv config-rm xdebug.ini || echo "xdebug not available"
File xdebug.ini does no exist.
xdebug not available
travis_time:end:001e1446:start=1563107329032634636,finish=1563107329110167298,duration=77532662[0Ktravis_fold:end:before_install.1[0Ktravis_fold:start:before_install.2[0Ktravis_time:start:0c34156e[0K$ export INI=~/.phpenv/versions/$(phpenv version-name)/etc/conf.d/travis.ini
travis_time:end:0c34156e:start=1563107329114477217,finish=1563107329137720396,duration=23243179[0Ktravis_fold:end:before_install.2[0Ktravis_fold:start:before_install.3[0Ktravis_time:start:27d070f6[0K$ echo memory_limit = -1 >> $INI
travis_time:end:27d070f6:start=1563107329142073748,finish=1563107329144815982,duration=2742234[0Ktravis_fold:end:before_install.3[0Ktravis_fold:start:before_install.4[0Ktravis_time:start:06c9ed60[0K$ composer validate
[32m./composer.json is valid[39m
travis_time:end:06c9ed60:start=1563107329149039727,finish=1563107329318017001,duration=168977274[0Ktravis_fold:end:before_install.4[0Ktravis_fold:start:install.1[0Ktravis_time:start:0133e6f3[0K$ flags="--ansi --prefer-dist --no-interaction --optimize-autoloader --no-suggest --no-progress"
travis_time:end:0133e6f3:start=1563107329322764279,finish=1563107329325622519,duration=2858240[0Ktravis_fold:end:install.1[0Ktravis_fold:start:install.2[0Ktravis_time:start:0a0dc9a4[0K$ if [ "$deps" == "high" ]; then composer config platform.php 7.2.4; composer update $flags; fi
travis_time:end:0a0dc9a4:start=1563107329329843174,finish=1563107329332613152,duration=2769978[0Ktravis_fold:end:install.2[0Ktravis_fold:start:install.3[0Ktravis_time:start:1528b325[0K$ composer install $flags
[32mLoading composer repositories with package information[39m
[32mInstalling dependencies (including require-dev) from lock file[39m
[32mPackage operations: 33 installs, 0 updates, 0 removals[39m
  - Installing [32mcomposer/ca-bundle[39m ([33m1.1.4[39m): Downloading ([33m100%[39m)
  - Installing [32mcomposer/semver[39m ([33m1.5.0[39m): Downloading ([33m100%[39m)
  - Installing [32mcomposer/spdx-licenses[39m ([33m1.5.1[39m): Downloading ([33m100%[39m)
  - Installing [32mpsr/log[39m ([33m1.1.0[39m): Downloading ([33m100%[39m)
  - Installing [32mcomposer/xdebug-handler[39m ([33m1.3.3[39m): Downloading ([33m100%[39m)
  - Installing [32mjustinrainbow/json-schema[39m ([33m5.2.8[39m): Downloading ([33m100%[39m)
  - Installing [32mseld/jsonlint[39m ([33m1.7.1[39m): Downloading ([33m100%[39m)
  - Installing [32mseld/phar-utils[39m ([33m1.0.1[39m): Downloading ([33m100%[39m)
  - Installing [32msymfony/polyfill-mbstring[39m ([33mv1.11.0[39m): Downloading ([33m100%[39m)
  - Installing [32msymfony/debug[39m ([33mv2.8.50[39m): Downloading ([33m100%[39m)
  - Installing [32msymfony/console[39m ([33mv2.8.50[39m): Downloading ([33m100%[39m)
  - Installing [32msymfony/polyfill-ctype[39m ([33mv1.11.0[39m): Downloading ([33m100%[39m)
  - Installing [32msymfony/filesystem[39m ([33mv2.8.50[39m): Downloading ([33m100%[39m)
  - Installing [32msymfony/finder[39m ([33mv2.8.50[39m): Downloading ([33m100%[39m)
  - Installing [32msymfony/process[39m ([33mv2.8.50[39m): Downloading ([33m100%[39m)
  - Installing [32mphpdocumentor/reflection-docblock[39m ([33m2.0.5[39m): Downloading ([33m100%[39m)
  - Installing [32mphpunit/php-token-stream[39m ([33m1.4.12[39m): Downloading ([33m100%[39m)
  - Installing [32msymfony/yaml[39m ([33mv2.8.50[39m): Downloading ([33m100%[39m)
  - Installing [32msebastian/version[39m ([33m1.0.6[39m): Downloading ([33m100%[39m)
  - Installing [32msebastian/global-state[39m ([33m1.1.1[39m): Downloading ([33m100%[39m)
  - Installing [32msebastian/recursion-context[39m ([33m1.0.5[39m): Downloading ([33m100%[39m)
  - Installing [32msebastian/exporter[39m ([33m1.2.2[39m): Downloading ([33m100%[39m)
  - Installing [32msebastian/environment[39m ([33m1.3.8[39m): Downloading ([33m100%[39m)
  - Installing [32msebastian/diff[39m ([33m1.4.3[39m): Downloading ([33m100%[39m)
  - Installing [32msebastian/comparator[39m ([33m1.2.4[39m): Downloading ([33m100%[39m)
  - Installing [32mphpunit/php-text-template[39m ([33m1.2.1[39m): Downloading ([33m100%[39m)
  - Installing [32mdoctrine/instantiator[39m ([33m1.0.5[39m): Downloading ([33m100%[39m)
  - Installing [32mphpunit/phpunit-mock-objects[39m ([33m2.3.8[39m): Downloading ([33m100%[39m)
  - Installing [32mphpunit/php-timer[39m ([33m1.0.9[39m): Downloading ([33m100%[39m)
  - Installing [32mphpunit/php-file-iterator[39m ([33m1.4.5[39m): Downloading ([33m100%[39m)
  - Installing [32mphpunit/php-code-coverage[39m ([33m2.2.4[39m): Downloading ([33m100%[39m)
  - Installing [32mphpspec/prophecy[39m ([33m1.8.0[39m): Downloading ([33m100%[39m)
  - Installing [32mphpunit/phpunit[39m ([33m4.8.36[39m): Downloading ([33m100%[39m)
[30;43mPackage phpunit/phpunit-mock-objects is abandoned, you should avoid using it. No replacement was suggested.[39;49m
[32mGenerating optimized autoload files[39m
travis_time:end:1528b325:start=1563107329336682058,finish=1563107340601701590,duration=11265019532[0Ktravis_fold:end:install.3[0Ktravis_fold:start:install.4[0Ktravis_time:start:05332ab5[0K$ bin/composer install $flags
[32mLoading composer repositories with package information[39m
[32mInstalling dependencies (including require-dev) from lock file[39m
Nothing to install or update
[30;43mPackage phpunit/phpunit-mock-objects is abandoned, you should avoid using it. No replacement was suggested.[39;49m
[32mGenerating optimized autoload files[39m
travis_time:end:05332ab5:start=1563107340606210531,finish=1563107340944943337,duration=338732806[0Ktravis_fold:end:install.4[0Ktravis_fold:start:before_script.1[0Ktravis_time:start:03a32246[0K$ git config --global user.name travis-ci
travis_time:end:03a32246:start=1563107340949415509,finish=1563107340953920762,duration=4505253[0Ktravis_fold:end:before_script.1[0Ktravis_fold:start:before_script.2[0Ktravis_time:start:1249e4be[0K$ git config --global user.email travis@example.com
travis_time:end:1249e4be:start=1563107340957847496,finish=1563107340961938678,duration=4091182[0Ktravis_fold:end:before_script.2[0Ktravis_time:start:2d5d0888[0K$ ls -d tests/Composer/Test/* | grep -v TestCase.php | parallel --gnu --keep-order 'echo "Running {} tests"; ./vendor/bin/phpunit -c tests/complete.phpunit.xml --colors=always {} || (echo -e "\e[41mFAILED\e[0m {}" && exit 1);'
Academic tradition requires you to cite works you base your article on.
When using programs that use GNU Parallel to process data for publication
please cite:

  O. Tange (2011): GNU Parallel - The Command-Line Power Tool,
  ;login: The USENIX Magazine, February 2011:42-47.

This helps funding further development; AND IT WON'T COST YOU A CENT.
If you pay 10000 EUR you should feel free to use GNU Parallel without citing.

To silence this citation notice: run 'parallel --citation'.

Running tests/Composer/Test/AllFunctionalTest.php tests

Deprecated: The each() function is deprecated. This message will be suppressed on further calls in /home/travis/build/composer/composer/vendor/phpunit/phpunit/src/Util/Getopt.php on line 38
PHPUnit 4.8.36 by Sebastian Bergmann and contributors.

...

Time: 20.37 seconds, Memory: 6.00MB

[30;42mOK (3 tests, 3 assertions)[0m
PHP Deprecated:  The each() function is deprecated. This message will be suppressed on further calls in /home/travis/build/composer/composer/vendor/phpunit/phpunit/src/Util/Getopt.php on line 38
Running tests/Composer/Test/ApplicationTest.php tests

Deprecated: The each() function is deprecated. This message will be suppressed on further calls in /home/travis/build/composer/composer/vendor/phpunit/phpunit/src/Util/Getopt.php on line 38
PHPUnit 4.8.36 by Sebastian Bergmann and contributors.

[31;1mE[0m[31;1mE[0m[31;1mE[0m

Time: 54 ms, Memory: 6.00MB

There were 3 errors:

1) Composer\Test\ApplicationTest::testDevWarning
Function ReflectionType::__toString() is deprecated

/home/travis/build/composer/composer/tests/Composer/Test/ApplicationTest.php:25

2) Composer\Test\ApplicationTest::testDevWarningPrevented
Function ReflectionType::__toString() is deprecated

/home/travis/build/composer/composer/tests/Composer/Test/ApplicationTest.php:83
/home/travis/build/composer/composer/tests/Composer/Test/ApplicationTest.php:118

3) Composer\Test\ApplicationTest::testDevWarningPreventedAlias
Function ReflectionType::__toString() is deprecated

/home/travis/build/composer/composer/tests/Composer/Test/ApplicationTest.php:83
/home/travis/build/composer/composer/tests/Composer/Test/ApplicationTest.php:123

[37;41mFAILURES![0m
[37;41mTests: 3[0m[37;41m, Assertions: 0[0m[37;41m, Errors: 3[0m[37;41m.[0m
[41mFAILED[0m tests/Composer/Test/ApplicationTest.php
PHP Deprecated:  The each() function is deprecated. This message will be suppressed on further calls in /home/travis/build/composer/composer/vendor/phpunit/phpunit/src/Util/Getopt.php on line 38
Running tests/Composer/Test/Autoload tests

Deprecated: The each() function is deprecated. This message will be suppressed on further calls in /home/travis/build/composer/composer/vendor/phpunit/phpunit/src/Util/Getopt.php on line 38
PHPUnit 4.8.36 by Sebastian Bergmann and contributors.

[31;1mE[0m[31;1mE[0m[31;1mE[0m[31;1mE[0m[31;1mE[0m[31;1mE[0m[31;1mE[0m[31;1mE[0m[31;1mE[0m[31;1mE[0m[31;1mE[0m[31;1mE[0m[31;1mE[0m[31;1mE[0m[31;1mE[0m[31;1mE[0m[31;1mE[0m[31;1mE[0m[31;1mE[0m[31;1mE[0m[31;1mE[0m[31;1mE[0m[31;1mE[0m[31;1mE[0m[31;1mE[0m[31;1mE[0m[31;1mE[0m[31;1mE[0m[31;1mE[0m[31;1mE[0m[31;1mE[0m.............[31;1mE[0m[31;1mE[0m..

Time: 115 ms, Memory: 10.00MB

There were 33 errors:

1) Composer\Test\Autoload\AutoloadGeneratorTest::testMainPackageAutoloading
Function ReflectionType::__toString() is deprecated

/home/travis/build/composer/composer/tests/Composer/Test/Autoload/AutoloadGeneratorTest.php:97

2) Composer\Test\Autoload\AutoloadGeneratorTest::testMainPackageDevAutoloading
Function ReflectionType::__toString() is deprecated

/home/travis/build/composer/composer/tests/Composer/Test/Autoload/AutoloadGeneratorTest.php:97

3) Composer\Test\Autoload\AutoloadGeneratorTest::testMainPackageDevAutoloadingDisabledByDefault
Function ReflectionType::__toString() is deprecated

/home/travis/build/composer/composer/tests/Composer/Test/Autoload/AutoloadGeneratorTest.php:97

4) Composer\Test\Autoload\AutoloadGeneratorTest::testVendorDirSameAsWorkingDir
Function ReflectionType::__toString() is deprecated

/home/travis/build/composer/composer/tests/Composer/Test/Autoload/AutoloadGeneratorTest.php:97

5) Composer\Test\Autoload\AutoloadGeneratorTest::testMainPackageAutoloadingAlternativeVendorDir
Function ReflectionType::__toString() is deprecated

/home/travis/build/composer/composer/tests/Composer/Test/Autoload/AutoloadGeneratorTest.php:97

6) Composer\Test\Autoload\AutoloadGeneratorTest::testMainPackageAutoloadingWithTargetDir
Function ReflectionType::__toString() is deprecated

/home/travis/build/composer/composer/tests/Composer/Test/Autoload/AutoloadGeneratorTest.php:97

7) Composer\Test\Autoload\AutoloadGeneratorTest::testVendorsAutoloading
Function ReflectionType::__toString() is deprecated

/home/travis/build/composer/composer/tests/Composer/Test/Autoload/AutoloadGeneratorTest.php:97

8) Composer\Test\Autoload\AutoloadGeneratorTest::testNonDevAutoloadExclusionWithRecursion
Function ReflectionType::__toString() is deprecated

/home/travis/build/composer/composer/tests/Composer/Test/Autoload/AutoloadGeneratorTest.php:97

9) Composer\Test\Autoload\AutoloadGeneratorTest::testNonDevAutoloadShouldIncludeReplacedPackages
Function ReflectionType::__toString() is deprecated

/home/travis/build/composer/composer/tests/Composer/Test/Autoload/AutoloadGeneratorTest.php:97

10) Composer\Test\Autoload\AutoloadGeneratorTest::testNonDevAutoloadExclusionWithRecursionReplace
Function ReflectionType::__toString() is deprecated

/home/travis/build/composer/composer/tests/Composer/Test/Autoload/AutoloadGeneratorTest.php:97

11) Composer\Test\Autoload\AutoloadGeneratorTest::testPharAutoload
Function ReflectionType::__toString() is deprecated

/home/travis/build/composer/composer/tests/Composer/Test/Autoload/AutoloadGeneratorTest.php:97

12) Composer\Test\Autoload\AutoloadGeneratorTest::testPSRToClassMapIgnoresNonExistingDir
Function ReflectionType::__toString() is deprecated

/home/travis/build/composer/composer/tests/Composer/Test/Autoload/AutoloadGeneratorTest.php:97

13) Composer\Test\Autoload\AutoloadGeneratorTest::testVendorsClassMapAutoloading
Function ReflectionType::__toString() is deprecated

/home/travis/build/composer/composer/tests/Composer/Test/Autoload/AutoloadGeneratorTest.php:97

14) Composer\Test\Autoload\AutoloadGeneratorTest::testVendorsClassMapAutoloadingWithTargetDir
Function ReflectionType::__toString() is deprecated

/home/travis/build/composer/composer/tests/Composer/Test/Autoload/AutoloadGeneratorTest.php:97

15) Composer\Test\Autoload\AutoloadGeneratorTest::testClassMapAutoloadingEmptyDirAndExactFile
Function ReflectionType::__toString() is deprecated

/home/travis/build/composer/composer/tests/Composer/Test/Autoload/AutoloadGeneratorTest.php:97

16) Composer\Test\Autoload\AutoloadGeneratorTest::testClassMapAutoloadingAuthoritativeAndApcu
Function ReflectionType::__toString() is deprecated

/home/travis/build/composer/composer/tests/Composer/Test/Autoload/AutoloadGeneratorTest.php:97

17) Composer\Test\Autoload\AutoloadGeneratorTest::testFilesAutoloadGeneration
Function ReflectionType::__toString() is deprecated

/home/travis/build/composer/composer/tests/Composer/Test/Autoload/AutoloadGeneratorTest.php:97

18) Composer\Test\Autoload\AutoloadGeneratorTest::testFilesAutoloadGenerationRemoveExtraEntitiesFromAutoloadFiles
Function ReflectionType::__toString() is deprecated

/home/travis/build/composer/composer/tests/Composer/Test/Autoload/AutoloadGeneratorTest.php:97

19) Composer\Test\Autoload\AutoloadGeneratorTest::testFilesAutoloadOrderByDependencies
Function ReflectionType::__toString() is deprecated

/home/travis/build/composer/composer/tests/Composer/Test/Autoload/AutoloadGeneratorTest.php:97

20) Composer\Test\Autoload\AutoloadGeneratorTest::testOverrideVendorsAutoloading
Function ReflectionType::__toString() is deprecated

/home/travis/build/composer/composer/tests/Composer/Test/Autoload/AutoloadGeneratorTest.php:97

21) Composer\Test\Autoload\AutoloadGeneratorTest::testIncludePathFileGeneration
Function ReflectionType::__toString() is deprecated

/home/travis/build/composer/composer/tests/Composer/Test/Autoload/AutoloadGeneratorTest.php:97

22) Composer\Test\Autoload\AutoloadGeneratorTest::testIncludePathsArePrependedInAutoloadFile
Function ReflectionType::__toString() is deprecated

/home/travis/build/composer/composer/tests/Composer/Test/Autoload/AutoloadGeneratorTest.php:97

23) Composer\Test\Autoload\AutoloadGeneratorTest::testIncludePathsInMainPackage
Function ReflectionType::__toString() is deprecated

/home/travis/build/composer/composer/tests/Composer/Test/Autoload/AutoloadGeneratorTest.php:97

24) Composer\Test\Autoload\AutoloadGeneratorTest::testIncludePathFileWithoutPathsIsSkipped
Function ReflectionType::__toString() is deprecated

/home/travis/build/composer/composer/tests/Composer/Test/Autoload/AutoloadGeneratorTest.php:97

25) Composer\Test\Autoload\AutoloadGeneratorTest::testPreAndPostEventsAreDispatchedDuringAutoloadDump
Function ReflectionType::__toString() is deprecated

/home/travis/build/composer/composer/tests/Composer/Test/Autoload/AutoloadGeneratorTest.php:97

26) Composer\Test\Autoload\AutoloadGeneratorTest::testUseGlobalIncludePath
Function ReflectionType::__toString() is deprecated

/home/travis/build/composer/composer/tests/Composer/Test/Autoload/AutoloadGeneratorTest.php:97

27) Composer\Test\Autoload\AutoloadGeneratorTest::testVendorDirExcludedFromWorkingDir
Function ReflectionType::__toString() is deprecated

/home/travis/build/composer/composer/tests/Composer/Test/Autoload/AutoloadGeneratorTest.php:97

28) Composer\Test\Autoload\AutoloadGeneratorTest::testUpLevelRelativePaths
Function ReflectionType::__toString() is deprecated

/home/travis/build/composer/composer/tests/Composer/Test/Autoload/AutoloadGeneratorTest.php:97

29) Composer\Test\Autoload\AutoloadGeneratorTest::testEmptyPaths
Function ReflectionType::__toString() is deprecated

/home/travis/build/composer/composer/tests/Composer/Test/Autoload/AutoloadGeneratorTest.php:97

30) Composer\Test\Autoload\AutoloadGeneratorTest::testVendorSubstringPath
Function ReflectionType::__toString() is deprecated

/home/travis/build/composer/composer/tests/Composer/Test/Autoload/AutoloadGeneratorTest.php:97

31) Composer\Test\Autoload\AutoloadGeneratorTest::testExcludeFromClassmap
Function ReflectionType::__toString() is deprecated

/home/travis/build/composer/composer/tests/Composer/Test/Autoload/AutoloadGeneratorTest.php:97

32) Composer\Test\Autoload\ClassMapGeneratorTest::testAmbiguousReference
Function ReflectionType::__toString() is deprecated

/home/travis/build/composer/composer/tests/Composer/Test/Autoload/ClassMapGeneratorTest.php:148

33) Composer\Test\Autoload\ClassMapGeneratorTest::testUnambiguousReference
Function ReflectionType::__toString() is deprecated

/home/travis/build/composer/composer/tests/Composer/Test/Autoload/ClassMapGeneratorTest.php:205

[37;41mFAILURES![0m
[37;41mTests: 48[0m[37;41m, Assertions: 18[0m[37;41m, Errors: 33[0m[37;41m.[0m
[41mFAILED[0m tests/Composer/Test/Autoload
PHP Deprecated:  The each() function is deprecated. This message will be suppressed on further calls in /home/travis/build/composer/composer/vendor/phpunit/phpunit/src/Util/Getopt.php on line 38
Running tests/Composer/Test/CacheTest.php tests

Deprecated: The each() function is deprecated. This message will be suppressed on further calls in /home/travis/build/composer/composer/vendor/phpunit/phpunit/src/Util/Getopt.php on line 38
PHPUnit 4.8.36 by Sebastian Bergmann and contributors.

[31;1mE[0m[31;1mE[0m[31;1mE[0m

Time: 62 ms, Memory: 6.00MB

There were 3 errors:

1) Composer\Test\CacheTest::testRemoveOutdatedFiles
Function ReflectionType::__toString() is deprecated

/home/travis/build/composer/composer/tests/Composer/Test/CacheTest.php:36

2) Composer\Test\CacheTest::testRemoveFilesWhenCacheIsTooLarge
Function ReflectionType::__toString() is deprecated

/home/travis/build/composer/composer/tests/Composer/Test/CacheTest.php:36

3) Composer\Test\CacheTest::testClearCache
Function ReflectionType::__toString() is deprecated

/home/travis/build/composer/composer/tests/Composer/Test/CacheTest.php:36

[37;41mFAILURES![0m
[37;41mTests: 3[0m[37;41m, Assertions: 0[0m[37;41m, Errors: 3[0m[37;41m.[0m
[41mFAILED[0m tests/Composer/Test/CacheTest.php
PHP Deprecated:  The each() function is deprecated. This message will be suppressed on further calls in /home/travis/build/composer/composer/vendor/phpunit/phpunit/src/Util/Getopt.php on line 38
Running tests/Composer/Test/Command tests

Deprecated: The each() function is deprecated. This message will be suppressed on further calls in /home/travis/build/composer/composer/vendor/phpunit/phpunit/src/Util/Getopt.php on line 38
PHPUnit 4.8.36 by Sebastian Bergmann and contributors.

........[31;1mE[0m[31;1mE[0m[31;1mE[0m[31;1mE[0m

Time: 59 ms, Memory: 6.00MB

There were 4 errors:

1) Composer\Test\Command\RunScriptCommandTest::testDetectAndPassDevModeToEventAndToDispatching with data set #0 (true, true)
Function ReflectionType::__toString() is deprecated

/home/travis/build/composer/composer/tests/Composer/Test/Command/RunScriptCommandTest.php:31

2) Composer\Test\Command\RunScriptCommandTest::testDetectAndPassDevModeToEventAndToDispatching with data set #1 (true, false)
Function ReflectionType::__toString() is deprecated

/home/travis/build/composer/composer/tests/Composer/Test/Command/RunScriptCommandTest.php:31

3) Composer\Test\Command\RunScriptCommandTest::testDetectAndPassDevModeToEventAndToDispatching with data set #2 (false, true)
Function ReflectionType::__toString() is deprecated

/home/travis/build/composer/composer/tests/Composer/Test/Command/RunScriptCommandTest.php:31

4) Composer\Test\Command\RunScriptCommandTest::testDetectAndPassDevModeToEventAndToDispatching with data set #3 (false, false)
Function ReflectionType::__toString() is deprecated

/home/travis/build/composer/composer/tests/Composer/Test/Command/RunScriptCommandTest.php:31

[37;41mFAILURES![0m
[37;41mTests: 12[0m[37;41m, Assertions: 14[0m[37;41m, Errors: 4[0m[37;41m.[0m
[41mFAILED[0m tests/Composer/Test/Command
PHP Deprecated:  The each() function is deprecated. This message will be suppressed on further calls in /home/travis/build/composer/composer/vendor/phpunit/phpunit/src/Util/Getopt.php on line 38
Running tests/Composer/Test/ComposerTest.php tests

Deprecated: The each() function is deprecated. This message will be suppressed on further calls in /home/travis/build/composer/composer/vendor/phpunit/phpunit/src/Util/Getopt.php on line 38
PHPUnit 4.8.36 by Sebastian Bergmann and contributors.

[31;1mE[0m[31;1mE[0m[31;1mE[0m[31;1mE[0m[31;1mE[0m

Time: 47 ms, Memory: 4.00MB

There were 5 errors:

1) Composer\Test\ComposerTest::testSetGetPackage
Function ReflectionType::__toString() is deprecated

/home/travis/build/composer/composer/tests/Composer/Test/ComposerTest.php:23

2) Composer\Test\ComposerTest::testSetGetLocker
Function ReflectionType::__toString() is deprecated

/home/travis/build/composer/composer/tests/Composer/Test/ComposerTest.php:32

3) Composer\Test\ComposerTest::testSetGetRepositoryManager
Function ReflectionType::__toString() is deprecated

/home/travis/build/composer/composer/tests/Composer/Test/ComposerTest.php:41

4) Composer\Test\ComposerTest::testSetGetDownloadManager
Function ReflectionType::__toString() is deprecated

/home/travis/build/composer/composer/tests/Composer/Test/ComposerTest.php:50

5) Composer\Test\ComposerTest::testSetGetInstallationManager
Function ReflectionType::__toString() is deprecated

/home/travis/build/composer/composer/tests/Composer/Test/ComposerTest.php:60

[37;41mFAILURES![0m
[37;41mTests: 5[0m[37;41m, Assertions: 0[0m[37;41m, Errors: 5[0m[37;41m.[0m
[41mFAILED[0m tests/Composer/Test/ComposerTest.php
PHP Deprecated:  The each() function is deprecated. This message will be suppressed on further calls in /home/travis/build/composer/composer/vendor/phpunit/phpunit/src/Util/Getopt.php on line 38
Running tests/Composer/Test/Config tests

Deprecated: The each() function is deprecated. This message will be suppressed on further calls in /home/travis/build/composer/composer/vendor/phpunit/phpunit/src/Util/Getopt.php on line 38
PHPUnit 4.8.36 by Sebastian Bergmann and contributors.

.........................................

Time: 241 ms, Memory: 6.00MB

[30;42mOK (41 tests, 123 assertions)[0m
PHP Deprecated:  The each() function is deprecated. This message will be suppressed on further calls in /home/travis/build/composer/composer/vendor/phpunit/phpunit/src/Util/Getopt.php on line 38
Running tests/Composer/Test/ConfigTest.php tests

Deprecated: The each() function is deprecated. This message will be suppressed on further calls in /home/travis/build/composer/composer/vendor/phpunit/phpunit/src/Util/Getopt.php on line 38
PHPUnit 4.8.36 by Sebastian Bergmann and contributors.

....................................

Time: 48 ms, Memory: 4.00MB

[30;42mOK (36 tests, 45 assertions)[0m
PHP Deprecated:  The each() function is deprecated. This message will be suppressed on further calls in /home/travis/build/composer/composer/vendor/phpunit/phpunit/src/Util/Getopt.php on line 38
Running tests/Composer/Test/Console tests

Deprecated: The each() function is deprecated. This message will be suppressed on further calls in /home/travis/build/composer/composer/vendor/phpunit/phpunit/src/Util/Getopt.php on line 38
PHPUnit 4.8.36 by Sebastian Bergmann and contributors.

.

Time: 43 ms, Memory: 4.00MB

[30;42mOK (1 test, 1 assertion)[0m
PHP Deprecated:  The each() function is deprecated. This message will be suppressed on further calls in /home/travis/build/composer/composer/vendor/phpunit/phpunit/src/Util/Getopt.php on line 38
Running tests/Composer/Test/DefaultConfigTest.php tests

Deprecated: The each() function is deprecated. This message will be suppressed on further calls in /home/travis/build/composer/composer/vendor/phpunit/phpunit/src/Util/Getopt.php on line 38
PHPUnit 4.8.36 by Sebastian Bergmann and contributors.

.

Time: 42 ms, Memory: 4.00MB

[30;42mOK (1 test, 1 assertion)[0m
PHP Deprecated:  The each() function is deprecated. This message will be suppressed on further calls in /home/travis/build/composer/composer/vendor/phpunit/phpunit/src/Util/Getopt.php on line 38
Running tests/Composer/Test/DependencyResolver tests

Deprecated: The each() function is deprecated. This message will be suppressed on further calls in /home/travis/build/composer/composer/vendor/phpunit/phpunit/src/Util/Getopt.php on line 38
PHPUnit 4.8.36 by Sebastian Bergmann and contributors.

................................................................. 65 / 83 ( 78%)
..................

Time: 81 ms, Memory: 6.00MB

[30;42mOK (83 tests, 100 assertions)[0m
PHP Deprecated:  The each() function is deprecated. This message will be suppressed on further calls in /home/travis/build/composer/composer/vendor/phpunit/phpunit/src/Util/Getopt.php on line 38
Running tests/Composer/Test/Downloader tests

Deprecated: The each() function is deprecated. This message will be suppressed on further calls in /home/travis/build/composer/composer/vendor/phpunit/phpunit/src/Util/Getopt.php on line 38
PHPUnit 4.8.36 by Sebastian Bergmann and contributors.

[31;1mE[0m[31;1mE[0m[31;1mE[0m[31;1mE[0m[31;1mE[0m[31;1mE[0m[31;1mE[0m[31;1mE[0m[31;1mE[0m[31;1mE[0m[31;1mE[0m[31;1mE[0m[31;1mE[0m[31;1mE[0m[31;1mE[0m[31;1mE[0m[31;1mE[0m[31;1mE[0m[31;1mE[0m[31;1mE[0m[31;1mE[0m[31;1mE[0m[31;1mE[0m[31;1mE[0m[31;1mE[0m[31;1mE[0m[31;1mE[0m[31;1mE[0m[31;1mE[0m[31;1mE[0m[31;1mE[0m[31;1mE[0m[31;1mE[0m[31;1mE[0m[31;1mE[0m[31;1mE[0m[31;1mE[0m[31;1mE[0m[31;1mE[0m[31;1mE[0m[31;1mE[0m[31;1mE[0m[31;1mE[0m[31;1mE[0m[31;1mE[0m[31;1mE[0m[31;1mE[0m[31;1mE[0m[31;1mE[0m[31;1mE[0m[31;1mE[0m[31;1mE[0m[31;1mE[0m[31;1mE[0m[31;1mE[0m[31;1mE[0m[31;1mE[0m[31;1mE[0m[31;1mE[0m[31;1mE[0m[31;1mE[0m[31;1mE[0m[31;1mE[0m  63 / 100 ( 63%)
[31;1mE[0m[31;1mE[0m[31;1mE[0m[31;1mE[0m[31;1mE[0m[31;1mE[0m[31;1mE[0m[31;1mE[0m[31;1mE[0m[31;1mE[0m[31;1mE[0m[31;1mE[0m[31;1mE[0m[31;1mE[0m[31;1mE[0m[31;1mE[0m[31;1mE[0m[31;1mE[0m....[31;1mE[0m[31;1mE[0m[36;1mS[0m[36;1mS[0m[31;1mE[0m[31;1mE[0m[31;1mE[0m[31;1mE[0m[31;1mE[0m[31;1mE[0m[31;1mE[0m[31;1mE[0m[31;1mE[0m[31;1mE[0m[31;1mE[0m

Time: 347 ms, Memory: 10.00MB

There were 94 errors:

1) Composer\Test\Downloader\ArchiveDownloaderTest::testGetFileName
Function ReflectionType::__toString() is deprecated

/home/travis/build/composer/composer/tests/Composer/Test/Downloader/ArchiveDownloaderTest.php:21

2) Composer\Test\Downloader\ArchiveDownloaderTest::testProcessUrl
Function ReflectionType::__toString() is deprecated

/home/travis/build/composer/composer/tests/Composer/Test/Downloader/ArchiveDownloaderTest.php:159
/home/travis/build/composer/composer/tests/Composer/Test/Downloader/ArchiveDownloaderTest.php:42

3) Composer\Test\Downloader\ArchiveDownloaderTest::testProcessUrl2
Function ReflectionType::__toString() is deprecated

/home/travis/build/composer/composer/tests/Composer/Test/Downloader/ArchiveDownloaderTest.php:159
/home/travis/build/composer/composer/tests/Composer/Test/Downloader/ArchiveDownloaderTest.php:58

4) Composer\Test\Downloader\ArchiveDownloaderTest::testProcessUrl3
Function ReflectionType::__toString() is deprecated

/home/travis/build/composer/composer/tests/Composer/Test/Downloader/ArchiveDownloaderTest.php:159
/home/travis/build/composer/composer/tests/Composer/Test/Downloader/ArchiveDownloaderTest.php:74

5) Composer\Test\Downloader\ArchiveDownloaderTest::testProcessUrlRewriteDist with data set #0 ('https://api.github.com/repos/...master')
Function ReflectionType::__toString() is deprecated

/home/travis/build/composer/composer/tests/Composer/Test/Downloader/ArchiveDownloaderTest.php:159
/home/travis/build/composer/composer/tests/Composer/Test/Downloader/ArchiveDownloaderTest.php:93

6) Composer\Test\Downloader\ArchiveDownloaderTest::testProcessUrlRewriteDist with data set #1 ('https://api.github.com/repos/...master')
Function ReflectionType::__toString() is deprecated

/home/travis/build/composer/composer/tests/Composer/Test/Downloader/ArchiveDownloaderTest.php:159
/home/travis/build/composer/composer/tests/Composer/Test/Downloader/ArchiveDownloaderTest.php:93

7) Composer\Test\Downloader\ArchiveDownloaderTest::testProcessUrlRewriteDist with data set #2 ('https://github.com/composer/c...master')
Function ReflectionType::__toString() is deprecated

/home/travis/build/composer/composer/tests/Composer/Test/Downloader/ArchiveDownloaderTest.php:159
/home/travis/build/composer/composer/tests/Composer/Test/Downloader/ArchiveDownloaderTest.php:93

8) Composer\Test\Downloader\ArchiveDownloaderTest::testProcessUrlRewriteDist with data set #3 ('https://www.github.com/compos...master')
Function ReflectionType::__toString() is deprecated

/home/travis/build/composer/composer/tests/Composer/Test/Downloader/ArchiveDownloaderTest.php:159
/home/travis/build/composer/composer/tests/Composer/Test/Downloader/ArchiveDownloaderTest.php:93

9) Composer\Test\Downloader\ArchiveDownloaderTest::testProcessUrlRewriteDist with data set #4 ('https://github.com/composer/c...er.zip')
Function ReflectionType::__toString() is deprecated

/home/travis/build/composer/composer/tests/Composer/Test/Downloader/ArchiveDownloaderTest.php:159
/home/travis/build/composer/composer/tests/Composer/Test/Downloader/ArchiveDownloaderTest.php:93

10) Composer\Test\Downloader\ArchiveDownloaderTest::testProcessUrlRewriteDist with data set #5 ('https://github.com/composer/c...tar.gz')
Function ReflectionType::__toString() is deprecated

/home/travis/build/composer/composer/tests/Composer/Test/Downloader/ArchiveDownloaderTest.php:159
/home/travis/build/composer/composer/tests/Composer/Test/Downloader/ArchiveDownloaderTest.php:93

11) Composer\Test\Downloader\ArchiveDownloaderTest::testProcessUrlRewriteBitbucketDist with data set #0 ('https://bitbucket.org/daverei...1ef21f', 'zip')
Function ReflectionType::__toString() is deprecated

/home/travis/build/composer/composer/tests/Composer/Test/Downloader/ArchiveDownloaderTest.php:159
/home/travis/build/composer/composer/tests/Composer/Test/Downloader/ArchiveDownloaderTest.php:130

12) Composer\Test\Downloader\ArchiveDownloaderTest::testProcessUrlRewriteBitbucketDist with data set #1 ('https://bitbucket.org/daverei...master', 'tar.gz')
Function ReflectionType::__toString() is deprecated

/home/travis/build/composer/composer/tests/Composer/Test/Downloader/ArchiveDownloaderTest.php:159
/home/travis/build/composer/composer/tests/Composer/Test/Downloader/ArchiveDownloaderTest.php:130

13) Composer\Test\Downloader\ArchiveDownloaderTest::testProcessUrlRewriteBitbucketDist with data set #2 ('https://bitbucket.org/daverei...t/v1.0', 'tar.bz2')
Function ReflectionType::__toString() is deprecated

/home/travis/build/composer/composer/tests/Composer/Test/Downloader/ArchiveDownloaderTest.php:159
/home/travis/build/composer/composer/tests/Composer/Test/Downloader/ArchiveDownloaderTest.php:130

14) Composer\Test\Downloader\DownloadManagerTest::testSetGetDownloader
Function ReflectionType::__toString() is deprecated

/home/travis/build/composer/composer/tests/Composer/Test/Downloader/DownloadManagerTest.php:26

15) Composer\Test\Downloader\DownloadManagerTest::testGetDownloaderForIncorrectlyInstalledPackage
Function ReflectionType::__toString() is deprecated

/home/travis/build/composer/composer/tests/Composer/Test/Downloader/DownloadManagerTest.php:26

16) Composer\Test\Downloader\DownloadManagerTest::testGetDownloaderForCorrectlyInstalledDistPackage
Function ReflectionType::__toString() is deprecated

/home/travis/build/composer/composer/tests/Composer/Test/Downloader/DownloadManagerTest.php:26

17) Composer\Test\Downloader\DownloadManagerTest::testGetDownloaderForIncorrectlyInstalledDistPackage
Function ReflectionType::__toString() is deprecated

/home/travis/build/composer/composer/tests/Composer/Test/Downloader/DownloadManagerTest.php:26

18) Composer\Test\Downloader\DownloadManagerTest::testGetDownloaderForCorrectlyInstalledSourcePackage
Function ReflectionType::__toString() is deprecated

/home/travis/build/composer/composer/tests/Composer/Test/Downloader/DownloadManagerTest.php:26

19) Composer\Test\Downloader\DownloadManagerTest::testGetDownloaderForIncorrectlyInstalledSourcePackage
Function ReflectionType::__toString() is deprecated

/home/travis/build/composer/composer/tests/Composer/Test/Downloader/DownloadManagerTest.php:26

20) Composer\Test\Downloader\DownloadManagerTest::testGetDownloaderForMetapackage
Function ReflectionType::__toString() is deprecated

/home/travis/build/composer/composer/tests/Composer/Test/Downloader/DownloadManagerTest.php:26

21) Composer\Test\Downloader\DownloadManagerTest::testFullPackageDownload
Function ReflectionType::__toString() is deprecated

/home/travis/build/composer/composer/tests/Composer/Test/Downloader/DownloadManagerTest.php:26

22) Composer\Test\Downloader\DownloadManagerTest::testFullPackageDownloadFailover
Function ReflectionType::__toString() is deprecated

/home/travis/build/composer/composer/tests/Composer/Test/Downloader/DownloadManagerTest.php:26

23) Composer\Test\Downloader\DownloadManagerTest::testBadPackageDownload
Function ReflectionType::__toString() is deprecated

/home/travis/build/composer/composer/tests/Composer/Test/Downloader/DownloadManagerTest.php:26

24) Composer\Test\Downloader\DownloadManagerTest::testDistOnlyPackageDownload
Function ReflectionType::__toString() is deprecated

/home/travis/build/composer/composer/tests/Composer/Test/Downloader/DownloadManagerTest.php:26

25) Composer\Test\Downloader\DownloadManagerTest::testSourceOnlyPackageDownload
Function ReflectionType::__toString() is deprecated

/home/travis/build/composer/composer/tests/Composer/Test/Downloader/DownloadManagerTest.php:26

26) Composer\Test\Downloader\DownloadManagerTest::testMetapackagePackageDownload
Function ReflectionType::__toString() is deprecated

/home/travis/build/composer/composer/tests/Composer/Test/Downloader/DownloadManagerTest.php:26

27) Composer\Test\Downloader\DownloadManagerTest::testFullPackageDownloadWithSourcePreferred
Function ReflectionType::__toString() is deprecated

/home/travis/build/composer/composer/tests/Composer/Test/Downloader/DownloadManagerTest.php:26

28) Composer\Test\Downloader\DownloadManagerTest::testDistOnlyPackageDownloadWithSourcePreferred
Function ReflectionType::__toString() is deprecated

/home/travis/build/composer/composer/tests/Composer/Test/Downloader/DownloadManagerTest.php:26

29) Composer\Test\Downloader\DownloadManagerTest::testSourceOnlyPackageDownloadWithSourcePreferred
Function ReflectionType::__toString() is deprecated

/home/travis/build/composer/composer/tests/Composer/Test/Downloader/DownloadManagerTest.php:26

30) Composer\Test\Downloader\DownloadManagerTest::testBadPackageDownloadWithSourcePreferred
Function ReflectionType::__toString() is deprecated

/home/travis/build/composer/composer/tests/Composer/Test/Downloader/DownloadManagerTest.php:26

31) Composer\Test\Downloader\DownloadManagerTest::testUpdateDistWithEqualTypes
Function ReflectionType::__toString() is deprecated

/home/travis/build/composer/composer/tests/Composer/Test/Downloader/DownloadManagerTest.php:26

32) Composer\Test\Downloader\DownloadManagerTest::testUpdateDistWithNotEqualTypes
Function ReflectionType::__toString() is deprecated

/home/travis/build/composer/composer/tests/Composer/Test/Downloader/DownloadManagerTest.php:26

33) Composer\Test\Downloader\DownloadManagerTest::testUpdateSourceWithEqualTypes
Function ReflectionType::__toString() is deprecated

/home/travis/build/composer/composer/tests/Composer/Test/Downloader/DownloadManagerTest.php:26

34) Composer\Test\Downloader\DownloadManagerTest::testUpdateSourceWithNotEqualTypes
Function ReflectionType::__toString() is deprecated

/home/travis/build/composer/composer/tests/Composer/Test/Downloader/DownloadManagerTest.php:26

35) Composer\Test\Downloader\DownloadManagerTest::testUpdateMetapackage
Function ReflectionType::__toString() is deprecated

/home/travis/build/composer/composer/tests/Composer/Test/Downloader/DownloadManagerTest.php:26

36) Composer\Test\Downloader\DownloadManagerTest::testRemove
Function ReflectionType::__toString() is deprecated

/home/travis/build/composer/composer/tests/Composer/Test/Downloader/DownloadManagerTest.php:26

37) Composer\Test\Downloader\DownloadManagerTest::testMetapackageRemove
Function ReflectionType::__toString() is deprecated

/home/travis/build/composer/composer/tests/Composer/Test/Downloader/DownloadManagerTest.php:26

38) Composer\Test\Downloader\DownloadManagerTest::testInstallPreferenceWithoutPreferenceDev
Function ReflectionType::__toString() is deprecated

/home/travis/build/composer/composer/tests/Composer/Test/Downloader/DownloadManagerTest.php:26

39) Composer\Test\Downloader\DownloadManagerTest::testInstallPreferenceWithoutPreferenceNoDev
Function ReflectionType::__toString() is deprecated

/home/travis/build/composer/composer/tests/Composer/Test/Downloader/DownloadManagerTest.php:26

40) Composer\Test\Downloader\DownloadManagerTest::testInstallPreferenceWithoutMatchDev
Function ReflectionType::__toString() is deprecated

/home/travis/build/composer/composer/tests/Composer/Test/Downloader/DownloadManagerTest.php:26

41) Composer\Test\Downloader\DownloadManagerTest::testInstallPreferenceWithoutMatchNoDev
Function ReflectionType::__toString() is deprecated

/home/travis/build/composer/composer/tests/Composer/Test/Downloader/DownloadManagerTest.php:26

42) Composer\Test\Downloader\DownloadManagerTest::testInstallPreferenceWithMatchAutoDev
Function ReflectionType::__toString() is deprecated

/home/travis/build/composer/composer/tests/Composer/Test/Downloader/DownloadManagerTest.php:26

43) Composer\Test\Downloader\DownloadManagerTest::testInstallPreferenceWithMatchAutoNoDev
Function ReflectionType::__toString() is deprecated

/home/travis/build/composer/composer/tests/Composer/Test/Downloader/DownloadManagerTest.php:26

44) Composer\Test\Downloader\DownloadManagerTest::testInstallPreferenceWithMatchSource
Function ReflectionType::__toString() is deprecated

/home/travis/build/composer/composer/tests/Composer/Test/Downloader/DownloadManagerTest.php:26

45) Composer\Test\Downloader\DownloadManagerTest::testInstallPreferenceWithMatchDist
Function ReflectionType::__toString() is deprecated

/home/travis/build/composer/composer/tests/Composer/Test/Downloader/DownloadManagerTest.php:26

46) Composer\Test\Downloader\FileDownloaderTest::testDownloadForPackageWithoutDistReference
Function ReflectionType::__toString() is deprecated

/home/travis/build/composer/composer/tests/Composer/Test/Downloader/FileDownloaderTest.php:35

47) Composer\Test\Downloader\FileDownloaderTest::testDownloadToExistingFile
Function ReflectionType::__toString() is deprecated

/home/travis/build/composer/composer/tests/Composer/Test/Downloader/FileDownloaderTest.php:47

48) Composer\Test\Downloader\FileDownloaderTest::testGetFileName
Function ReflectionType::__toString() is deprecated

/home/travis/build/composer/composer/tests/Composer/Test/Downloader/FileDownloaderTest.php:77

49) Composer\Test\Downloader\FileDownloaderTest::testDownloadButFileIsUnsaved
Function ReflectionType::__toString() is deprecated

/home/travis/build/composer/composer/tests/Composer/Test/Downloader/FileDownloaderTest.php:92

50) Composer\Test\Downloader\FileDownloaderTest::testCacheGarbageCollectionIsCalled
Function ReflectionType::__toString() is deprecated

/home/travis/build/composer/composer/tests/Composer/Test/Downloader/FileDownloaderTest.php:140

51) Composer\Test\Downloader\FileDownloaderTest::testDownloadFileWithInvalidChecksum
Function ReflectionType::__toString() is deprecated

/home/travis/build/composer/composer/tests/Composer/Test/Downloader/FileDownloaderTest.php:169

52) Composer\Test\Downloader\FileDownloaderTest::testDowngradeShowsAppropriateMessage
Function ReflectionType::__toString() is deprecated

/home/travis/build/composer/composer/tests/Composer/Test/Downloader/FileDownloaderTest.php:211

53) Composer\Test\Downloader\FossilDownloaderTest::testDownloadForPackageWithoutSourceReference
Function ReflectionType::__toString() is deprecated

/home/travis/build/composer/composer/tests/Composer/Test/Downloader/FossilDownloaderTest.php:53

54) Composer\Test\Downloader\FossilDownloaderTest::testDownload
Function ReflectionType::__toString() is deprecated

/home/travis/build/composer/composer/tests/Composer/Test/Downloader/FossilDownloaderTest.php:64

55) Composer\Test\Downloader\FossilDownloaderTest::testUpdateforPackageWithoutSourceReference
Function ReflectionType::__toString() is deprecated

/home/travis/build/composer/composer/tests/Composer/Test/Downloader/FossilDownloaderTest.php:100

56) Composer\Test\Downloader\FossilDownloaderTest::testUpdate
Function ReflectionType::__toString() is deprecated

/home/travis/build/composer/composer/tests/Composer/Test/Downloader/FossilDownloaderTest.php:119

57) Composer\Test\Downloader\FossilDownloaderTest::testRemove
Function ReflectionType::__toString() is deprecated

/home/travis/build/composer/composer/tests/Composer/Test/Downloader/FossilDownloaderTest.php:150

58) Composer\Test\Downloader\FossilDownloaderTest::testGetInstallationSource
Function ReflectionType::__toString() is deprecated

/home/travis/build/composer/composer/tests/Composer/Test/Downloader/FossilDownloaderTest.php:40
/home/travis/build/composer/composer/tests/Composer/Test/Downloader/FossilDownloaderTest.php:167

59) Composer\Test\Downloader\GitDownloaderTest::testDownloadForPackageWithoutSourceReference
Function ReflectionType::__toString() is deprecated

/home/travis/build/composer/composer/tests/Composer/Test/Downloader/GitDownloaderTest.php:76

60) Composer\Test\Downloader\GitDownloaderTest::testDownload
Function ReflectionType::__toString() is deprecated

/home/travis/build/composer/composer/tests/Composer/Test/Downloader/GitDownloaderTest.php:87

61) Composer\Test\Downloader\GitDownloaderTest::testDownloadWithCache
Function ReflectionType::__toString() is deprecated

/home/travis/build/composer/composer/tests/Composer/Test/Downloader/GitDownloaderTest.php:138

62) Composer\Test\Downloader\GitDownloaderTest::testDownloadUsesVariousProtocolsAndSetsPushUrlForGithub
Function ReflectionType::__toString() is deprecated

/home/travis/build/composer/composer/tests/Composer/Test/Downloader/GitDownloaderTest.php:204

63) Composer\Test\Downloader\GitDownloaderTest::testDownloadAndSetPushUrlUseCustomVariousProtocolsForGithub with data set #0 (array('ssh'), 'git@github.com:composer/composer', 'git@github.com:composer/composer.git')
Function ReflectionType::__toString() is deprecated

/home/travis/build/composer/composer/tests/Composer/Test/Downloader/GitDownloaderTest.php:288

64) Composer\Test\Downloader\GitDownloaderTest::testDownloadAndSetPushUrlUseCustomVariousProtocolsForGithub with data set #1 (array('https', 'ssh', 'git'), 'https://github.com/composer/composer', 'git@github.com:composer/composer.git')
Function ReflectionType::__toString() is deprecated

/home/travis/build/composer/composer/tests/Composer/Test/Downloader/GitDownloaderTest.php:288

65) Composer\Test\Downloader\GitDownloaderTest::testDownloadAndSetPushUrlUseCustomVariousProtocolsForGithub with data set #2 (array('https'), 'https://github.com/composer/composer', 'https://github.com/composer/c...er.git')
Function ReflectionType::__toString() is deprecated

/home/travis/build/composer/composer/tests/Composer/Test/Downloader/GitDownloaderTest.php:288

66) Composer\Test\Downloader\GitDownloaderTest::testDownloadThrowsRuntimeExceptionIfGitCommandFails
Function ReflectionType::__toString() is deprecated

/home/travis/build/composer/composer/tests/Composer/Test/Downloader/GitDownloaderTest.php:341

67) Composer\Test\Downloader\GitDownloaderTest::testUpdateforPackageWithoutSourceReference
Function ReflectionType::__toString() is deprecated

/home/travis/build/composer/composer/tests/Composer/Test/Downloader/GitDownloaderTest.php:371

68) Composer\Test\Downloader\GitDownloaderTest::testUpdate
Function ReflectionType::__toString() is deprecated

/home/travis/build/composer/composer/tests/Composer/Test/Downloader/GitDownloaderTest.php:385

69) Composer\Test\Downloader\GitDownloaderTest::testUpdateWithNewRepoUrl
Function ReflectionType::__toString() is deprecated

/home/travis/build/composer/composer/tests/Composer/Test/Downloader/GitDownloaderTest.php:434

70) Composer\Test\Downloader\GitDownloaderTest::testUpdateThrowsRuntimeExceptionIfGitCommandFails
Function ReflectionType::__toString() is deprecated

/home/travis/build/composer/composer/tests/Composer/Test/Downloader/GitDownloaderTest.php:506

71) Composer\Test\Downloader\GitDownloaderTest::testUpdateDoesntThrowsRuntimeExceptionIfGitCommandFailsAtFirstButIsAbleToRecover
Function ReflectionType::__toString() is deprecated

/home/travis/build/composer/composer/tests/Composer/Test/Downloader/GitDownloaderTest.php:548

72) Composer\Test\Downloader\GitDownloaderTest::testDowngradeShowsAppropriateMessage
Function ReflectionType::__toString() is deprecated

/home/travis/build/composer/composer/tests/Composer/Test/Downloader/GitDownloaderTest.php:607

73) Composer\Test\Downloader\GitDownloaderTest::testNotUsingDowngradingWithReferences
Function ReflectionType::__toString() is deprecated

/home/travis/build/composer/composer/tests/Composer/Test/Downloader/GitDownloaderTest.php:652

74) Composer\Test\Downloader\GitDownloaderTest::testRemove
Function ReflectionType::__toString() is deprecated

/home/travis/build/composer/composer/tests/Composer/Test/Downloader/GitDownloaderTest.php:693

75) Composer\Test\Downloader\GitDownloaderTest::testGetInstallationSource
Function ReflectionType::__toString() is deprecated

/home/travis/build/composer/composer/tests/Composer/Test/Downloader/GitDownloaderTest.php:63
/home/travis/build/composer/composer/tests/Composer/Test/Downloader/GitDownloaderTest.php:711

76) Composer\Test\Downloader\HgDownloaderTest::testDownloadForPackageWithoutSourceReference
Function ReflectionType::__toString() is deprecated

/home/travis/build/composer/composer/tests/Composer/Test/Downloader/HgDownloaderTest.php:53

77) Composer\Test\Downloader\HgDownloaderTest::testDownload
Function ReflectionType::__toString() is deprecated

/home/travis/build/composer/composer/tests/Composer/Test/Downloader/HgDownloaderTest.php:64

78) Composer\Test\Downloader\HgDownloaderTest::testUpdateforPackageWithoutSourceReference
Function ReflectionType::__toString() is deprecated

/home/travis/build/composer/composer/tests/Composer/Test/Downloader/HgDownloaderTest.php:94

79) Composer\Test\Downloader\HgDownloaderTest::testUpdate
Function ReflectionType::__toString() is deprecated

/home/travis/build/composer/composer/tests/Composer/Test/Downloader/HgDownloaderTest.php:108

80) Composer\Test\Downloader\HgDownloaderTest::testRemove
Function ReflectionType::__toString() is deprecated

/home/travis/build/composer/composer/tests/Composer/Test/Downloader/HgDownloaderTest.php:139

81) Composer\Test\Downloader\HgDownloaderTest::testGetInstallationSource
Function ReflectionType::__toString() is deprecated

/home/travis/build/composer/composer/tests/Composer/Test/Downloader/HgDownloaderTest.php:40
/home/travis/build/composer/composer/tests/Composer/Test/Downloader/HgDownloaderTest.php:156

82) Composer\Test\Downloader\PerforceDownloaderTest::testInitPerforceInstantiatesANewPerforceObject
Function ReflectionType::__toString() is deprecated

/home/travis/build/composer/composer/tests/Composer/Test/Downloader/PerforceDownloaderTest.php:79
/home/travis/build/composer/composer/tests/Composer/Test/Downloader/PerforceDownloaderTest.php:42

83) Composer\Test\Downloader\PerforceDownloaderTest::testInitPerforceDoesNothingIfPerforceAlreadySet
Function ReflectionType::__toString() is deprecated

/home/travis/build/composer/composer/tests/Composer/Test/Downloader/PerforceDownloaderTest.php:79
/home/travis/build/composer/composer/tests/Composer/Test/Downloader/PerforceDownloaderTest.php:42

84) Composer\Test\Downloader\XzDownloaderTest::testErrorMessages
Function ReflectionType::__toString() is deprecated

/home/travis/build/composer/composer/tests/Composer/Test/Downloader/XzDownloaderTest.php:49

85) Composer\Test\Downloader\ZipDownloaderTest::testErrorMessages
Function ReflectionType::__toString() is deprecated

/home/travis/build/composer/composer/tests/Composer/Test/Downloader/ZipDownloaderTest.php:33

86) Composer\Test\Downloader\ZipDownloaderTest::testZipArchiveOnlyFailed
Function ReflectionType::__toString() is deprecated

/home/travis/build/composer/composer/tests/Composer/Test/Downloader/ZipDownloaderTest.php:33

87) Composer\Test\Downloader\ZipDownloaderTest::testZipArchiveExtractOnlyFailed
Function ReflectionType::__toString() is deprecated

/home/travis/build/composer/composer/tests/Composer/Test/Downloader/ZipDownloaderTest.php:33

88) Composer\Test\Downloader\ZipDownloaderTest::testZipArchiveOnlyGood
Function ReflectionType::__toString() is deprecated

/home/travis/build/composer/composer/tests/Composer/Test/Downloader/ZipDownloaderTest.php:33

89) Composer\Test\Downloader\ZipDownloaderTest::testSystemUnzipOnlyFailed
Function ReflectionType::__toString() is deprecated

/home/travis/build/composer/composer/tests/Composer/Test/Downloader/ZipDownloaderTest.php:33

90) Composer\Test\Downloader\ZipDownloaderTest::testSystemUnzipOnlyGood
Function ReflectionType::__toString() is deprecated

/home/travis/build/composer/composer/tests/Composer/Test/Downloader/ZipDownloaderTest.php:33

91) Composer\Test\Downloader\ZipDownloaderTest::testNonWindowsFallbackGood
Function ReflectionType::__toString() is deprecated

/home/travis/build/composer/composer/tests/Composer/Test/Downloader/ZipDownloaderTest.php:33

92) Composer\Test\Downloader\ZipDownloaderTest::testNonWindowsFallbackFailed
Function ReflectionType::__toString() is deprecated

/home/travis/build/composer/composer/tests/Composer/Test/Downloader/ZipDownloaderTest.php:33

93) Composer\Test\Downloader\ZipDownloaderTest::testWindowsFallbackGood
Function ReflectionType::__toString() is deprecated

/home/travis/build/composer/composer/tests/Composer/Test/Downloader/ZipDownloaderTest.php:33

94) Composer\Test\Downloader\ZipDownloaderTest::testWindowsFallbackFailed
Function ReflectionType::__toString() is deprecated

/home/travis/build/composer/composer/tests/Composer/Test/Downloader/ZipDownloaderTest.php:33

[37;41mFAILURES![0m
[37;41mTests: 98[0m[37;41m, Assertions: 4[0m[37;41m, Errors: 94[0m[37;41m, Skipped: 2[0m[37;41m.[0m
[41mFAILED[0m tests/Composer/Test/Downloader
PHP Deprecated:  The each() function is deprecated. This message will be suppressed on further calls in /home/travis/build/composer/composer/vendor/phpunit/phpunit/src/Util/Getopt.php on line 38
Running tests/Composer/Test/EventDispatcher tests

Deprecated: The each() function is deprecated. This message will be suppressed on further calls in /home/travis/build/composer/composer/vendor/phpunit/phpunit/src/Util/Getopt.php on line 38
PHPUnit 4.8.36 by Sebastian Bergmann and contributors.

[31;1mE[0m.[31;1mE[0m[31;1mE[0m[31;1mE[0m[31;1mE[0m[31;1mE[0m[31;1mE[0m[31;1mE[0m[31;1mE[0m[31;1mE[0m[31;1mE[0m[31;1mE[0m[31;1mE[0m[31;1mE[0m

Time: 54 ms, Memory: 6.00MB

There were 14 errors:

1) Composer\Test\EventDispatcher\EventDispatcherTest::testListenerExceptionsAreCaught
Function ReflectionType::__toString() is deprecated

/home/travis/build/composer/composer/tests/Composer/Test/EventDispatcher/EventDispatcherTest.php:35

2) Composer\Test\EventDispatcher\EventDispatcherTest::testDispatcherDoesNotAttemptConversionForListenerWithoutTypehint
Function ReflectionType::__toString() is deprecated

/home/travis/build/composer/composer/tests/Composer/Test/EventDispatcher/EventDispatcherTest.php:70

3) Composer\Test\EventDispatcher\EventDispatcherTest::testDispatcherCanExecuteSingleCommandLineScript with data set #0 ('phpunit')
Function ReflectionType::__toString() is deprecated

/home/travis/build/composer/composer/tests/Composer/Test/EventDispatcher/EventDispatcherTest.php:487
/home/travis/build/composer/composer/tests/Composer/Test/EventDispatcher/EventDispatcherTest.php:87

4) Composer\Test\EventDispatcher\EventDispatcherTest::testDispatcherCanExecuteSingleCommandLineScript with data set #1 ('echo foo')
Function ReflectionType::__toString() is deprecated

/home/travis/build/composer/composer/tests/Composer/Test/EventDispatcher/EventDispatcherTest.php:487
/home/travis/build/composer/composer/tests/Composer/Test/EventDispatcher/EventDispatcherTest.php:87

5) Composer\Test\EventDispatcher\EventDispatcherTest::testDispatcherCanExecuteSingleCommandLineScript with data set #2 ('echo -n foo')
Function ReflectionType::__toString() is deprecated

/home/travis/build/composer/composer/tests/Composer/Test/EventDispatcher/EventDispatcherTest.php:487
/home/travis/build/composer/composer/tests/Composer/Test/EventDispatcher/EventDispatcherTest.php:87

6) Composer\Test\EventDispatcher\EventDispatcherTest::testDispatcherPassDevModeToAutoloadGeneratorForScriptEvents with data set #0 (true)
Function ReflectionType::__toString() is deprecated

/home/travis/build/composer/composer/tests/Composer/Test/EventDispatcher/EventDispatcherTest.php:487
/home/travis/build/composer/composer/tests/Composer/Test/EventDispatcher/EventDispatcherTest.php:113

7) Composer\Test\EventDispatcher\EventDispatcherTest::testDispatcherPassDevModeToAutoloadGeneratorForScriptEvents with data set #1 (false)
Function ReflectionType::__toString() is deprecated

/home/travis/build/composer/composer/tests/Composer/Test/EventDispatcher/EventDispatcherTest.php:487
/home/travis/build/composer/composer/tests/Composer/Test/EventDispatcher/EventDispatcherTest.php:113

8) Composer\Test\EventDispatcher\EventDispatcherTest::testDispatcherCanExecuteCliAndPhpInSameEventScriptStack
Function ReflectionType::__toString() is deprecated

/home/travis/build/composer/composer/tests/Composer/Test/EventDispatcher/EventDispatcherTest.php:487
/home/travis/build/composer/composer/tests/Composer/Test/EventDispatcher/EventDispatcherTest.php:202

9) Composer\Test\EventDispatcher\EventDispatcherTest::testDispatcherCanExecuteComposerScriptGroups
Function ReflectionType::__toString() is deprecated

/home/travis/build/composer/composer/tests/Composer/Test/EventDispatcher/EventDispatcherTest.php:487
/home/travis/build/composer/composer/tests/Composer/Test/EventDispatcher/EventDispatcherTest.php:238

10) Composer\Test\EventDispatcher\EventDispatcherTest::testRecursionInScriptsNames
Function ReflectionType::__toString() is deprecated

/home/travis/build/composer/composer/tests/Composer/Test/EventDispatcher/EventDispatcherTest.php:487
/home/travis/build/composer/composer/tests/Composer/Test/EventDispatcher/EventDispatcherTest.php:283

11) Composer\Test\EventDispatcher\EventDispatcherTest::testDispatcherDetectInfiniteRecursion
Function ReflectionType::__toString() is deprecated

/home/travis/build/composer/composer/tests/Composer/Test/EventDispatcher/EventDispatcherTest.php:487
/home/travis/build/composer/composer/tests/Composer/Test/EventDispatcher/EventDispatcherTest.php:325

12) Composer\Test\EventDispatcher\EventDispatcherTest::testDispatcherOutputsCommand
Function ReflectionType::__toString() is deprecated

/home/travis/build/composer/composer/tests/Composer/Test/EventDispatcher/EventDispatcherTest.php:487
/home/travis/build/composer/composer/tests/Composer/Test/EventDispatcher/EventDispatcherTest.php:381

13) Composer\Test\EventDispatcher\EventDispatcherTest::testDispatcherOutputsErrorOnFailedCommand
Function ReflectionType::__toString() is deprecated

/home/travis/build/composer/composer/tests/Composer/Test/EventDispatcher/EventDispatcherTest.php:487
/home/travis/build/composer/composer/tests/Composer/Test/EventDispatcher/EventDispatcherTest.php:408

14) Composer\Test\EventDispatcher\EventDispatcherTest::testDispatcherInstallerEvents
Function ReflectionType::__toString() is deprecated

/home/travis/build/composer/composer/tests/Composer/Test/EventDispatcher/EventDispatcherTest.php:487
/home/travis/build/composer/composer/tests/Composer/Test/EventDispatcher/EventDispatcherTest.php:442

[37;41mFAILURES![0m
[37;41mTests: 15[0m[37;41m, Assertions: 1[0m[37;41m, Errors: 14[0m[37;41m.[0m
[41mFAILED[0m tests/Composer/Test/EventDispatcher
PHP Deprecated:  The each() function is deprecated. This message will be suppressed on further calls in /home/travis/build/composer/composer/vendor/phpunit/phpunit/src/Util/Getopt.php on line 38
Running tests/Composer/Test/FactoryTest.php tests

Deprecated: The each() function is deprecated. This message will be suppressed on further calls in /home/travis/build/composer/composer/vendor/phpunit/phpunit/src/Util/Getopt.php on line 38
PHPUnit 4.8.36 by Sebastian Bergmann and contributors.

[31;1mE[0m

Time: 42 ms, Memory: 4.00MB

There was 1 error:

1) Composer\Test\FactoryTest::testDefaultValuesAreAsExpected
Function ReflectionType::__toString() is deprecated

/home/travis/build/composer/composer/tests/Composer/Test/FactoryTest.php:24

[37;41mFAILURES![0m
[37;41mTests: 1[0m[37;41m, Assertions: 0[0m[37;41m, Errors: 1[0m[37;41m.[0m
[41mFAILED[0m tests/Composer/Test/FactoryTest.php
PHP Deprecated:  The each() function is deprecated. This message will be suppressed on further calls in /home/travis/build/composer/composer/vendor/phpunit/phpunit/src/Util/Getopt.php on line 38
Running tests/Composer/Test/Fixtures tests

Deprecated: The each() function is deprecated. This message will be suppressed on further calls in /home/travis/build/composer/composer/vendor/phpunit/phpunit/src/Util/Getopt.php on line 38
PHPUnit 4.8.36 by Sebastian Bergmann and contributors.



Time: 40 ms, Memory: 4.00MB

[30;43mNo tests executed![0m
PHP Deprecated:  The each() function is deprecated. This message will be suppressed on further calls in /home/travis/build/composer/composer/vendor/phpunit/phpunit/src/Util/Getopt.php on line 38
Running tests/Composer/Test/Installer tests

Deprecated: The each() function is deprecated. This message will be suppressed on further calls in /home/travis/build/composer/composer/vendor/phpunit/phpunit/src/Util/Getopt.php on line 38
PHPUnit 4.8.36 by Sebastian Bergmann and contributors.

[31;1mE[0m[31;1mE[0m[31;1mE[0m[31;1mE[0m[31;1mE[0m[31;1mE[0m[31;1mE[0m[31;1mE[0m[31;1mE[0m[31;1mE[0m[31;1mE[0m[31;1mE[0m[36;1mS[0m[36;1mS[0m[31;1mE[0m[31;1mE[0m[31;1mE[0m[36;1mS[0m[31;1mE[0m[31;1mE[0m[31;1mE[0m[31;1mE[0m[31;1mE[0m[31;1mE[0m[31;1mE[0m[31;1mE[0m[31;1mE[0m[31;1mE[0m[31;1mE[0m[31;1mE[0m[31;1mE[0m[31;1mE[0m

Time: 89 ms, Memory: 6.00MB

There were 29 errors:

1) Composer\Test\Installer\InstallationManagerTest::testAddGetInstaller
Function ReflectionType::__toString() is deprecated

/home/travis/build/composer/composer/tests/Composer/Test/Installer/InstallationManagerTest.php:27

2) Composer\Test\Installer\InstallationManagerTest::testAddRemoveInstaller
Function ReflectionType::__toString() is deprecated

/home/travis/build/composer/composer/tests/Composer/Test/Installer/InstallationManagerTest.php:27

3) Composer\Test\Installer\InstallationManagerTest::testExecute
Function ReflectionType::__toString() is deprecated

/home/travis/build/composer/composer/tests/Composer/Test/Installer/InstallationManagerTest.php:27

4) Composer\Test\Installer\InstallationManagerTest::testInstall
Function ReflectionType::__toString() is deprecated

/home/travis/build/composer/composer/tests/Composer/Test/Installer/InstallationManagerTest.php:27

5) Composer\Test\Installer\InstallationManagerTest::testUpdateWithEqualTypes
Function ReflectionType::__toString() is deprecated

/home/travis/build/composer/composer/tests/Composer/Test/Installer/InstallationManagerTest.php:27

6) Composer\Test\Installer\InstallationManagerTest::testUpdateWithNotEqualTypes
Function ReflectionType::__toString() is deprecated

/home/travis/build/composer/composer/tests/Composer/Test/Installer/InstallationManagerTest.php:27

7) Composer\Test\Installer\InstallationManagerTest::testUninstall
Function ReflectionType::__toString() is deprecated

/home/travis/build/composer/composer/tests/Composer/Test/Installer/InstallationManagerTest.php:27

8) Composer\Test\Installer\InstallationManagerTest::testInstallBinary
Function ReflectionType::__toString() is deprecated

/home/travis/build/composer/composer/tests/Composer/Test/Installer/InstallationManagerTest.php:27

9) Composer\Test\Installer\InstallerEventTest::testGetter
Function ReflectionType::__toString() is deprecated

/home/travis/build/composer/composer/tests/Composer/Test/Installer/InstallerEventTest.php:22

10) Composer\Test\Installer\LibraryInstallerTest::testInstallerCreationShouldNotCreateVendorDirectory
Function ReflectionType::__toString() is deprecated

/home/travis/build/composer/composer/tests/Composer/Test/Installer/LibraryInstallerTest.php:57

11) Composer\Test\Installer\LibraryInstallerTest::testInstallerCreationShouldNotCreateBinDirectory
Function ReflectionType::__toString() is deprecated

/home/travis/build/composer/composer/tests/Composer/Test/Installer/LibraryInstallerTest.php:57

12) Composer\Test\Installer\LibraryInstallerTest::testIsInstalled
Function ReflectionType::__toString() is deprecated

/home/travis/build/composer/composer/tests/Composer/Test/Installer/LibraryInstallerTest.php:57

13) Composer\Test\Installer\LibraryInstallerTest::testUninstall
Function ReflectionType::__toString() is deprecated

/home/travis/build/composer/composer/tests/Composer/Test/Installer/LibraryInstallerTest.php:57

14) Composer\Test\Installer\LibraryInstallerTest::testGetInstallPath
Function ReflectionType::__toString() is deprecated

/home/travis/build/composer/composer/tests/Composer/Test/Installer/LibraryInstallerTest.php:57

15) Composer\Test\Installer\LibraryInstallerTest::testGetInstallPathWithTargetDir
Function ReflectionType::__toString() is deprecated

/home/travis/build/composer/composer/tests/Composer/Test/Installer/LibraryInstallerTest.php:57

16) Composer\Test\Installer\MetapackageInstallerTest::testInstall
Function ReflectionType::__toString() is deprecated

/home/travis/build/composer/composer/tests/Composer/Test/Installer/MetapackageInstallerTest.php:26

17) Composer\Test\Installer\MetapackageInstallerTest::testUpdate
Function ReflectionType::__toString() is deprecated

/home/travis/build/composer/composer/tests/Composer/Test/Installer/MetapackageInstallerTest.php:26

18) Composer\Test\Installer\MetapackageInstallerTest::testUninstall
Function ReflectionType::__toString() is deprecated

/home/travis/build/composer/composer/tests/Composer/Test/Installer/MetapackageInstallerTest.php:26

19) Composer\Test\Installer\SuggestedPackagesReporterTest::testContrsuctor
Function ReflectionType::__toString() is deprecated

/home/travis/build/composer/composer/tests/Composer/Test/Installer/SuggestedPackagesReporterTest.php:28

20) Composer\Test\Installer\SuggestedPackagesReporterTest::testGetPackagesEmptyByDefault
Function ReflectionType::__toString() is deprecated

/home/travis/build/composer/composer/tests/Composer/Test/Installer/SuggestedPackagesReporterTest.php:28

21) Composer\Test\Installer\SuggestedPackagesReporterTest::testGetPackages
Function ReflectionType::__toString() is deprecated

/home/travis/build/composer/composer/tests/Composer/Test/Installer/SuggestedPackagesReporterTest.php:28

22) Composer\Test\Installer\SuggestedPackagesReporterTest::testAddPackageAppends
Function ReflectionType::__toString() is deprecated

/home/travis/build/composer/composer/tests/Composer/Test/Installer/SuggestedPackagesReporterTest.php:28

23) Composer\Test\Installer\SuggestedPackagesReporterTest::testAddSuggestionsFromPackage
Function ReflectionType::__toString() is deprecated

/home/travis/build/composer/composer/tests/Composer/Test/Installer/SuggestedPackagesReporterTest.php:28

24) Composer\Test\Installer\SuggestedPackagesReporterTest::testOutput
Function ReflectionType::__toString() is deprecated

/home/travis/build/composer/composer/tests/Composer/Test/Installer/SuggestedPackagesReporterTest.php:28

25) Composer\Test\Installer\SuggestedPackagesReporterTest::testOutputWithNoSuggestedPackage
Function ReflectionType::__toString() is deprecated

/home/travis/build/composer/composer/tests/Composer/Test/Installer/SuggestedPackagesReporterTest.php:28

26) Composer\Test\Installer\SuggestedPackagesReporterTest::testOutputIgnoresFormatting
Function ReflectionType::__toString() is deprecated

/home/travis/build/composer/composer/tests/Composer/Test/Installer/SuggestedPackagesReporterTest.php:28

27) Composer\Test\Installer\SuggestedPackagesReporterTest::testOutputMultiplePackages
Function ReflectionType::__toString() is deprecated

/home/travis/build/composer/composer/tests/Composer/Test/Installer/SuggestedPackagesReporterTest.php:28

28) Composer\Test\Installer\SuggestedPackagesReporterTest::testOutputSkipInstalledPackages
Function ReflectionType::__toString() is deprecated

/home/travis/build/composer/composer/tests/Composer/Test/Installer/SuggestedPackagesReporterTest.php:28

29) Composer\Test\Installer\SuggestedPackagesReporterTest::testOutputNotGettingInstalledPackagesWhenNoSuggestions
Function ReflectionType::__toString() is deprecated

/home/travis/build/composer/composer/tests/Composer/Test/Installer/SuggestedPackagesReporterTest.php:28

[37;41mFAILURES![0m
[37;41mTests: 29[0m[37;41m, Assertions: 0[0m[37;41m, Errors: 29[0m[37;41m, Skipped: 3[0m[37;41m.[0m
[41mFAILED[0m tests/Composer/Test/Installer
PHP Deprecated:  The each() function is deprecated. This message will be suppressed on further calls in /home/travis/build/composer/composer/vendor/phpunit/phpunit/src/Util/Getopt.php on line 38
Running tests/Composer/Test/InstallerTest.php tests

Deprecated: The each() function is deprecated. This message will be suppressed on further calls in /home/travis/build/composer/composer/vendor/phpunit/phpunit/src/Util/Getopt.php on line 38
PHPUnit 4.8.36 by Sebastian Bergmann and contributors.

[31;1mE[0m[31;1mE[0m[31;1mE[0m[31;1mE[0m[31;1mE[0m[31;1mE[0m[31;1mE[0m[31;1mE[0m[31;1mE[0m[31;1mE[0m[31;1mE[0m[31;1mE[0m[31;1mE[0m[31;1mE[0m[31;1mE[0m[31;1mE[0m[31;1mE[0m[31;1mE[0m[31;1mE[0m[31;1mE[0m[31;1mE[0m[31;1mE[0m[31;1mE[0m[31;1mE[0m.[31;1mE[0m[31;1mE[0m[31;1mE[0m[31;1mE[0m[31;1mE[0m[31;1mE[0m[31;1mE[0m[31;1mE[0m[31;1mE[0m[31;1mE[0m[31;1mE[0m[31;1mE[0m[31;1mE[0m[31;1mE[0m[31;1mE[0m[31;1mE[0m[31;1mE[0m[31;1mE[0m[31;1mE[0m[31;1mE[0m[31;1mE[0m[31;1mE[0m[31;1mE[0m[31;1mE[0m[31;1mE[0m[31;1mE[0m[31;1mE[0m[31;1mE[0m[31;1mE[0m[31;1mE[0m[31;1mE[0m[31;1mE[0m[31;1mE[0m[31;1mE[0m[31;1mE[0m[31;1mE[0m[31;1mE[0m[31;1mE[0m[31;1mE[0m[31;1mE[0m 65 / 78 ( 83%)
[31;1mE[0m[31;1mE[0m[31;1mE[0m[31;1mE[0m[31;1mE[0m[31;1mE[0m[31;1mE[0m[31;1mE[0m[31;1mE[0m[31;1mE[0m[31;1mE[0m[31;1mE[0m[31;1mE[0m

Time: 1.48 seconds, Memory: 12.00MB

There were 77 errors:

1) Composer\Test\InstallerTest::testInstaller with data set #0 (Composer\Package\RootPackage Object (...), Composer\Repository\ArrayRepository Object (...), array(array(Composer\Package\Package Object (...))))
Function ReflectionType::__toString() is deprecated

/home/travis/build/composer/composer/tests/Composer/Test/InstallerTest.php:60

2) Composer\Test\InstallerTest::testInstaller with data set #1 (Composer\Package\RootPackage Object (...), Composer\Repository\ArrayRepository Object (...), array(array(Composer\Package\Package Object (...))))
Function ReflectionType::__toString() is deprecated

/home/travis/build/composer/composer/tests/Composer/Test/InstallerTest.php:60

3) Composer\Test\InstallerTest::testIntegration with data set "disjunctive-multi-constraints.test" ('disjunctive-multi-constraints.test', 'Disjunctive multi constraints work', null, array(array(array('package', array(array('foo', '1.1.0'), array('foo', '1.0.0'), array('bar', '1.1.0', array('1.0.*'))))), array('1.*', '1.0.*|1.1.*')), array(), array(), 'install', array(), null, 'Installing foo (1.0.0)\nInstal....1.0)\n', 0)
Function ReflectionType::__toString() is deprecated

/home/travis/build/composer/composer/tests/Composer/Test/InstallerTest.php:172

4) Composer\Test\InstallerTest::testIntegration with data set "replace-priorities.test" ('replace-priorities.test', 'Replace takes precedence only...quired', null, array(array(array('package', array(array('forked', '1.1.0', array('1.1.0')))), array('package', array(array('package', '1.0.0'), array('package2', '1.0.0'), array('package3', '1.0.0', array('*')), array('hijacker', '1.1.0', array('1.1.0'))))), array('1.*', '1.*', '1.*')), array(), array(), 'install', array(), null, 'Installing package (1.0.0)\nIn....0.0)\n', 0)
Function ReflectionType::__toString() is deprecated

/home/travis/build/composer/composer/tests/Composer/Test/InstallerTest.php:172

5) Composer\Test\InstallerTest::testIntegration with data set "update-ignore-platform-package-requirements.test" ('update-ignore-platform-packag...s.test', 'Update in ignore-platform-reqs mode', null, array(array(array('package', array(array('a/a', '1.0.1', array('*'))))), array('1.0.*', '99.9', '9')), array(), array(array('a/a', '1.0.0')), 'update --ignore-platform-reqs', array(), null, 'Updating a/a (1.0.0) to a/a (1.0.1)\n', 0)
Function ReflectionType::__toString() is deprecated

/home/travis/build/composer/composer/tests/Composer/Test/InstallerTest.php:172

6) Composer\Test\InstallerTest::testIntegration with data set "install-dev.test" ('install-dev.test', 'Installs a package in dev env', null, array(array(array('package', array(array('a/a', '1.0.0'), array('a/b', '1.0.0')))), array('1.0.0'), array('1.0.0')), array(), array(), 'install', array(), null, 'Installing a/a (1.0.0)\nInstal....0.0)\n', 0)
Function ReflectionType::__toString() is deprecated

/home/travis/build/composer/composer/tests/Composer/Test/InstallerTest.php:172

7) Composer\Test\InstallerTest::testIntegration with data set "partial-update-downgrades-non-whitelisted-unstable.test" ('partial-update-downgrades-non...e.test', 'Partial update from lock file...listed', null, array(array(array('package', array(array('a/old', '1.0.0'), array('a/old', '2.0.0'), array('b/unstable', '1.0.0'), array('b/unstable', '1.1.0-alpha'), array('c/uptodate', '1.0.0'), array('d/removed', '1.0.0')))), array('*', '*', '*')), array(array(array('a/old', '1.0.0'), array('b/unstable', '1.1.0-alpha'), array('c/uptodate', '1.0.0'), array('d/removed', '1.0.0')), array(), array(), 'stable', array(15), false, false, array(), array(), 'a1ef5a86d0a6f1851c03dc25941dd620'), array(array('a/old', '0.9.0'), array('b/unstable', '1.1.0-alpha'), array('c/uptodate', '2.0.0')), 'update c/uptodate', array(array(array('a/old', '1.0.0', 'library'), array('b/unstable', '1.0.0', 'library'), array('c/uptodate', '2.0.0', 'library'), array('d/removed', '1.0.0', 'library')), array(), array(), 'stable', array(), false, false, array(), array()), null, 'Updating b/unstable (1.1.0-al....0.0)\n', 0)
Function ReflectionType::__toString() is deprecated

/home/travis/build/composer/composer/tests/Composer/Test/InstallerTest.php:172

8) Composer\Test\InstallerTest::testIntegration with data set "suggest-uninstalled.test" ('suggest-uninstalled.test', 'Suggestions are displayed', null, array(array(array('package', array(array('a/a', '1.0.0', array('an obscure reason'))))), array('1.0.0')), array(), array(), 'install', array(), 'Loading composer repositories... files', 'Installing a/a (1.0.0)\n', 0)
Function ReflectionType::__toString() is deprecated

/home/travis/build/composer/composer/tests/Composer/Test/InstallerTest.php:172

9) Composer\Test\InstallerTest::testIntegration with data set "update-whitelist-locked-require.test" ('update-whitelist-locked-require.test', 'Update with a package whiteli...r.json', null, array(array(array('package', array(array('whitelisted', '1.1.0', array('1.1.0', '1.*')), array('whitelisted', '1.0.0', array('1.0.0', '1.*')), array('dependency', '1.1.0'), array('dependency', '1.0.0'), array('fixed-dependency', '1.1.0', array('1.*')), array('fixed-dependency', '1.0.0', array('1.*')), array('fixed-sub-dependency', '1.1.0'), array('fixed-sub-dependency', '1.0.0')))), array('1.*', '1.*')), array(), array(array('whitelisted', '1.0.0', array('1.0.0', '1.*')), array('dependency', '1.0.0'), array('fixed-dependency', '1.0.0', array('1.*')), array('fixed-sub-dependency', '1.0.0')), 'update whitelisted dependency', array(), null, 'Updating dependency (1.0.0) t....1.0)\n', 0)
Function ReflectionType::__toString() is deprecated

/home/travis/build/composer/composer/tests/Composer/Test/InstallerTest.php:172

10) Composer\Test\InstallerTest::testIntegration with data set "updating-dev-from-lock-removes-old-deps.test" ('updating-dev-from-lock-remove...s.test', 'Installing locked dev package...encies', null, array(array('dev-master'), 'dev'), array(array(array('a/devpackage', 'dev-master', array('newref', '', 'git'), array())), null, array(), 'dev', array(), false, false, '3623df5f6efb923f1d6fe3f729771f73'), array(array('a/devpackage', 'dev-master', array('oldref', '', 'git'), array('*')), array('a/dependency', 'dev-master', array('ref', '', 'git'), array())), 'install', array(), null, 'Uninstalling a/dependency (de...wref)\n', 0)
Function ReflectionType::__toString() is deprecated

/home/travis/build/composer/composer/tests/Composer/Test/InstallerTest.php:172

11) Composer\Test\InstallerTest::testIntegration with data set "install-dev-using-dist.test" ('install-dev-using-dist.test', 'Installs a dev package from l...g dist', null, array(array(array('package', array(array('a/a', 'dev-master', '9999999-dev', array('zip', 'http://www.example.com/dist.zip', '459720ff3b74ee0c0d159277c6f2f...d8a4f6'))))), array('dev-master'), 'dev'), array(), array(), 'install --prefer-dist', array(array(array('a/a', 'dev-master', array('zip', 'http://www.example.com/dist.zip', '459720ff3b74ee0c0d159277c6f2f...d8a4f6'), 'library')), array(), array(), 'dev', array(20), false, false, array(), array()), null, 'Installing a/a (dev-master)\n', 0)
Function ReflectionType::__toString() is deprecated

/home/travis/build/composer/composer/tests/Composer/Test/InstallerTest.php:172

12) Composer\Test\InstallerTest::testIntegration with data set "partial-update-from-lock.test" ('partial-update-from-lock.test', 'Partial update from lock file...ckages', null, array(array(array('package', array(array('a/old', '1.0.0'), array('a/old', '2.0.0'), array('b/unstable', '1.0.0', array('1.*')), array('b/unstable', '1.1.0-alpha', array('1.*')), array('c/uptodate', '1.0.0'), array('d/removed', '1.0.0'), array('e/newreq', '1.0.0'), array('f/dependency', '1.1.0'), array('f/dependency', '1.0.0')))), array('*', '*', '*')), array(array(array('a/old', '1.0.0'), array('b/unstable', '1.1.0-alpha', array('1.*')), array('c/uptodate', '1.0.0'), array('d/removed', '1.0.0'), array('e/newreq', '1.0.0'), array('f/dependency', '1.0.0')), array(), array(), 'stable', array(15), false, false, array(), array(), 'c18b0f018984f9501a4ce51fd0ce8ee6'), array(array('a/old', '0.9.0'), array('b/unstable', '1.1.0-alpha', array('1.*')), array('c/uptodate', '2.0.0'), array('f/dependency', '1.0.0')), 'update b/unstable', array(array(array('a/old', '1.0.0', 'library'), array('b/unstable', '1.0.0', 'library', array('1.*')), array('c/uptodate', '1.0.0', 'library'), array('d/removed', '1.0.0', 'library'), array('e/newreq', '1.0.0', 'library'), array('f/dependency', '1.0.0', 'library')), array(), array(), 'stable', array(), false, false, array(), array()), null, 'Updating b/unstable (1.1.0-al....0.0)\n', 0)
Function ReflectionType::__toString() is deprecated

/home/travis/build/composer/composer/tests/Composer/Test/InstallerTest.php:172

13) Composer\Test\InstallerTest::testIntegration with data set "root-requirements-do-not-affect-locked-versions.test" ('root-requirements-do-not-affe...s.test', 'The locked version will not g...nstall', null, array(array(array('package', array(array('foo/bar', '1.0.0'), array('foo/baz', '1.0.0'), array('foo/baz', '2.0.0')))), array('2.0.0', '2.0.0')), array(array(array('foo/bar', '1.0.0'), array('foo/baz', '2.0.0')), null, array(), 'stable', array(), false, false, 'd149e8e2e2ec4c80840f18c6118988eb'), array(array('foo/bar', '1.0.0'), array('foo/baz', '1.0.0')), 'install', array(), null, 'Updating foo/baz (1.0.0) to f....0.0)\n', 0)
Function ReflectionType::__toString() is deprecated

/home/travis/build/composer/composer/tests/Composer/Test/InstallerTest.php:172

14) Composer\Test\InstallerTest::testIntegration with data set "update-whitelist-patterns.test" ('update-whitelist-patterns.test', 'Update with a package whiteli...attern', null, array(array(array('package', array(array('vendor/Test-Package', '2.0'), array('vendor/NotMe', '2.0'), array('exact/Test-Package', '2.0'), array('notexact/TestPackage', '2.0'), array('all/Package1', '2.0'), array('all/Package2', '2.0'), array('another/another', '2.0'), array('no/regexp', '2.0')))), array('*.*', '*.*', '*.*', '*.*', '*.*', '*.*', '*.*', '*.*')), array(), array(array('vendor/Test-Package', '1.0'), array('vendor/NotMe', '1.0'), array('exact/Test-Package', '1.0'), array('notexact/TestPackage', '1.0'), array('all/Package1', '1.0'), array('all/Package2', '1.0'), array('another/another', '1.0'), array('no/regexp', '1.0')), 'update vendor/Test* exact/Tes...reg?xp', array(), null, 'Updating vendor/Test-Package ...(2.0)\n', 0)
Function ReflectionType::__toString() is deprecated

/home/travis/build/composer/composer/tests/Composer/Test/InstallerTest.php:172

15) Composer\Test\InstallerTest::testIntegration with data set "github-issues-4795-2.test" ('github-issues-4795-2.test', '\nSee Github issue #4795 ( git...isted.', null, array(array(array('package', array(array('a/a', '1.0.0'), array('a/a', '1.1.0'), array('b/b', '1.0.0', array('~1.0')), array('b/b', '1.1.0', array('~1.1'))))), array('~1.0', '~1.0')), array(), array(array('a/a', '1.0.0'), array('b/b', '1.0.0', array('~1.0'))), 'update a/a b/b --with-dependencies', array(), 'Loading composer repositories... files', 'Updating a/a (1.0.0) to a/a (....1.0)\n', 0)
Function ReflectionType::__toString() is deprecated

/home/travis/build/composer/composer/tests/Composer/Test/InstallerTest.php:172

16) Composer\Test\InstallerTest::testIntegration with data set "partial-update-installs-from-lock-even-missing.test" ('partial-update-installs-from-...g.test', 'Partial update installs from ...nymore', null, array(array(array('package', array(array('a/a', 'dev-master', array(array('2.3.x-dev')), array('newmaster-a2', 'git', '')), array('b/b', 'dev-master', array(array('2.3.x-dev')), array('newmaster-b2', 'git', ''), array('dev-master'))))), array('~2.1', '~2.1'), 'dev'), array(array(array('a/a', 'dev-master', array(array('2.2.x-dev')), array('newmaster-a', 'git', ''), 'library'), array('b/b', 'dev-master', array(array('2.1.x-dev')), array('oldmaster-b', 'git', ''), array('dev-master'), 'library')), array(), array(), 'dev', array(), false, false, array(), array(), 'eda728f20c3a762f1fa57045bd6fc27b'), array(array('a/a', 'dev-master', '9999999-dev', array(array('2.1.x-dev')), array('oldmaster-a', 'git', ''), 'library'), array('b/b', 'dev-master', '9999999-dev', array(array('2.1.x-dev')), array('oldmaster-b', 'git', ''), array('dev-master'), 'library')), 'update b/b', array(array(array('a/a', 'dev-master', array(array('2.2.x-dev')), array('newmaster-a', 'git', ''), 'library'), array('b/b', 'dev-master', array(array('2.3.x-dev')), array('newmaster-b2', 'git', ''), array('dev-master'), 'library')), array(), array(), 'dev', array(), false, false, array(), array()), null, 'Updating a/a (dev-master oldm...er-a)\n', 0)
Function ReflectionType::__toString() is deprecated

/home/travis/build/composer/composer/tests/Composer/Test/InstallerTest.php:172

17) Composer\Test\InstallerTest::testIntegration with data set "install-package-and-its-provider-skips-original.test" ('install-package-and-its-provi...l.test', 'Install package and it's repl...iginal', null, array(array(array('package', array(array('ext-foo', '1.0.0'), array('ext-foo/fork', '0.5.0', array('1.0.*'))))), array('1.0.0', '0.5.*')), array(), array(), 'install', array(), null, 'Installing ext-foo/fork (0.5.0)\n', 0)
Function ReflectionType::__toString() is deprecated

/home/travis/build/composer/composer/tests/Composer/Test/InstallerTest.php:172

18) Composer\Test\InstallerTest::testIntegration with data set "replaced-packages-should-not-be-installed.test" ('replaced-packages-should-not-...d.test', 'Requiring a replaced package ...nflict', null, array(array(array('package', array(array('foo/original', '1.0.0', array('1.0.0')), array('foo/replaced', '1.0.0'), array('foo/replaced', '2.0.0')))), array('1.0.0', '2.0.0')), array(), array(), 'install', array(), null, '', 2)
Function ReflectionType::__toString() is deprecated

/home/travis/build/composer/composer/tests/Composer/Test/InstallerTest.php:172

19) Composer\Test\InstallerTest::testIntegration with data set "install-simple.test" ('install-simple.test', 'Installs a simple package wit...rement', null, array(array(array('package', array(array('a/a', '1.0.0')))), array('1.0.0')), array(), array(), 'install', array(), null, 'Installing a/a (1.0.0)', 0)
Function ReflectionType::__toString() is deprecated

/home/travis/build/composer/composer/tests/Composer/Test/InstallerTest.php:172

20) Composer\Test\InstallerTest::testIntegration with data set "update-alias-lock.test" ('update-alias-lock.test', 'Update aliased package does n...k file', null, array(array(array('package', array(array('a/a', 'dev-master', array(array('1.0.x-dev')), array('master', 'git', '')))), array('package', array(array('a/a', 'dev-master', array(array('1.0.x-dev')), array('lowpriomaster', 'git', ''))))), array('1.*'), 'dev'), array('outdated lock file, should no...update', array(array('a/a', 'dev-master', '1234'), array('a/a', 'dev-master', '1.0.x-dev', '1.0.9999999.9999999-dev')), null, array(), 'dev', array(), false, false, '101266320ba23f203d83903edd99c168'), array(array('a/a', 'dev-master', array(array('1.0.x-dev')), array('1234', 'git', ''))), 'update', array(array(array('a/a', 'dev-master', array(array('1.0.x-dev')), array('master', 'git', ''), 'library')), array(), array(), 'dev', array(), false, false, array(), array()), null, 'Updating a/a (dev-master 1234...ster)\n', 0)
Function ReflectionType::__toString() is deprecated

/home/travis/build/composer/composer/tests/Composer/Test/InstallerTest.php:172

21) Composer\Test\InstallerTest::testIntegration with data set "install-overridden-platform-packages.test" ('install-overridden-platform-p...s.test', 'Install overridden platform r... works', null, array(array(array('package', array(array('a/a', '1.0.0', array('1.*'))))), array('*', '~1.0', '1.0'), array(array('1.0.0', '1.2.3', '1.2.3'))), array(), array(), 'install', array(), null, 'Installing a/a (1.0.0)\n', 0)
Function ReflectionType::__toString() is deprecated

/home/travis/build/composer/composer/tests/Composer/Test/InstallerTest.php:172

22) Composer\Test\InstallerTest::testIntegration with data set "install-from-empty-lock.test" ('install-from-empty-lock.test', 'Requirements from the compose...resent', null, array(array(array('package', array(array('required', '1.0.0'), array('newly-required', '1.0.0')))), array('1.0.0', '1.0.0')), array(array(array('required', '1.0.0')), null, array(), 'stable', array(), false, false, 'aec448c7ab28f70b2b294451d7419cd5'), array(), 'install', array(), null, 'Installing required (1.0.0)', 0)
Function ReflectionType::__toString() is deprecated

/home/travis/build/composer/composer/tests/Composer/Test/InstallerTest.php:172

23) Composer\Test\InstallerTest::testIntegration with data set "install-missing-alias-from-lock.test" ('install-missing-alias-from-lock.test', 'Installing an old alias that ...ssible', null, array(array(array('package', array(array('a/a', 'dev-master', array(array('2.2.x-dev')), array('master', 'git', ''))))), array('2.1.*'), 'dev'), array(array(array('a/a', 'dev-master', '9999999-dev', array(array('2.1.x-dev')), array('oldmaster', 'git', ''), 'library')), null, array(), 'dev', array(), false, false, '9cbb2de69f0ebc350cc1c4ab8694fcf0'), array(), 'install', array(), null, 'Installing a/a (dev-master ol...ster)\n', 0)
Function ReflectionType::__toString() is deprecated

/home/travis/build/composer/composer/tests/Composer/Test/InstallerTest.php:172

24) Composer\Test\InstallerTest::testIntegration with data set "update-whitelist-with-dependencies.test" ('update-whitelist-with-depende...s.test', 'Update with a package whiteli...uments', null, array(array(array('package', array(array('fixed', '1.1.0'), array('fixed', '1.0.0'), array('whitelisted', '1.1.0', array('1.1.0')), array('whitelisted', '1.0.0', array('1.0.0')), array('dependency', '1.1.0'), array('dependency', '1.0.0'), array('unrelated', '1.1.0', array('1.*')), array('unrelated', '1.0.0', array('1.*')), array('unrelated-dependency', '1.1.0'), array('unrelated-dependency', '1.0.0')))), array('1.*', '1.*', '1.*')), array(), array(array('fixed', '1.0.0'), array('whitelisted', '1.0.0', array('1.0.0')), array('dependency', '1.0.0'), array('unrelated', '1.0.0', array('1.*')), array('unrelated-dependency', '1.0.0')), 'update whitelisted --with-dependencies', array(), null, 'Updating dependency (1.0.0) t....1.0)\n', 0)
Function ReflectionType::__toString() is deprecated

/home/travis/build/composer/composer/tests/Composer/Test/InstallerTest.php:172

25) Composer\Test\InstallerTest::testIntegration with data set "update-dev-to-new-ref-picks-up-changes.test" ('update-dev-to-new-ref-picks-u...s.test', 'Updating a dev package to its...encies', null, array(array(array('package', array(array('a/devpackage', 'dev-master', array('newref', '', 'git'), array('*')), array('a/dependency', 'dev-master', array('ref', '', 'git'), array())))), array('dev-master'), 'dev'), array(), array(array('a/devpackage', 'dev-master', array('oldref', '', 'git'), array())), 'update', array(), null, 'Installing a/dependency (dev-...wref)\n', 0)
Function ReflectionType::__toString() is deprecated

/home/travis/build/composer/composer/tests/Composer/Test/InstallerTest.php:172

26) Composer\Test\InstallerTest::testIntegration with data set "update-all.test" ('update-all.test', 'Updates updateable packages', null, array(array(array('package', array(array('a/a', '1.0.0'), array('a/a', '1.0.1'), array('a/a', '1.1.0'), array('a/b', '1.0.0'), array('a/b', '1.0.1'), array('a/b', '2.0.0'), array('a/c', '1.0.0'), array('a/c', '2.0.0')))), array('1.0.*', '1.*'), array('*')), array(), array(array('a/a', '1.0.0'), array('a/c', '1.0.0'), array('a/b', '1.0.0')), 'update', array(), null, 'Updating a/a (1.0.0) to a/a (....0.0)\n', 0)
Function ReflectionType::__toString() is deprecated

/home/travis/build/composer/composer/tests/Composer/Test/InstallerTest.php:172

27) Composer\Test\InstallerTest::testIntegration with data set "update-requiring-decision-reverts-and-learning-positive-literals.test" ('update-requiring-decision-rev...s.test', 'Update a project which requir...iteral', null, array(array(array('package', array(array('spryker-feature/product', array('1.0.0', '>=1.0.0', '1.0.0'), '1.0.0'), array('spryker-feature/spryker-core', '1.0.0', array('1.0.0')), array('spryker/store', '1.0.0', array('<=2.0.0')), array('spryker-shop/product-search-widget', '1.0.0', array('1.0.0')), array('spryker-shop/product-search-widget', '2.0.0', array('1.0.0', '>=1.0.0')), array('spryker/product-category-filter-gui', '1.0.0', array('>=1.0.0')), array('spryker/catalog', '1.0.0', array()), array('spryker/catalog', '2.0.0', array()), array('spryker/kernel', '1.0.0', array()), array('spryker/kernel', '2.0.0', array()), array('spryker/kernel', '3.0.0', array())))), array('1.0.0')), array(), array(), 'update', array(), null, 'Installing spryker/catalog (1...0.0)\n\n', 0)
Function ReflectionType::__toString() is deprecated

/home/travis/build/composer/composer/tests/Composer/Test/InstallerTest.php:172

28) Composer\Test\InstallerTest::testIntegration with data set "update-with-all-dependencies.test" ('update-with-all-dependencies.test', '\nSee Github issue #6661 ( git...ement.', null, array(array(array('package', array(array('a/a', '1.0.0'), array('a/a', '1.1.0'), array('b/b', '1.0.0', array('~1.0')), array('b/b', '1.1.0', array('~1.1'))))), array('~1.0', '~1.0')), array(), array(array('a/a', '1.0.0'), array('b/b', '1.0.0', array('~1.0'))), 'update b/b --with-all-dependencies', array(), 'Loading composer repositories... files', 'Updating a/a (1.0.0) to a/a (....1.0)\n', 0)
Function ReflectionType::__toString() is deprecated

/home/travis/build/composer/composer/tests/Composer/Test/InstallerTest.php:172

29) Composer\Test\InstallerTest::testIntegration with data set "update-installed-reference.test" ('update-installed-reference.test', 'Updating a dev package forcin...ed one', null, array(array(array('package', array(array('a/a', 'dev-master', array('abc123', '', 'git'))))), array('dev-master#def000')), array(), array(array('a/a', 'dev-master', array('def000', '', 'git'), array('def000', '', 'zip', ''))), 'update', array(), null, '', 0)
Function ReflectionType::__toString() is deprecated

/home/travis/build/composer/composer/tests/Composer/Test/InstallerTest.php:172

30) Composer\Test\InstallerTest::testIntegration with data set "update-picks-up-change-of-vcs-type.test" ('update-picks-up-change-of-vcs...e.test', 'Converting from one VCS type ... file.', null, array(array(array('package', array(array('a/a', '1.0.0', array('new-git-ref', 'git', 'new-git-url'))))), array('1.0.0')), array(array(array('a/a', '1.0.0', array('old-hg-ref', 'hg', 'old-hg-url'))), '1ccf9b9911f0949043d3a644fb9f51b0'), array(array('a/a', '1.0.0', array('old-hg-ref', 'hg', 'old-hg-url'))), 'update', array(array(array('a/a', '1.0.0', array('new-git-ref', 'git', 'new-git-url'), 'library')), array(), array(), 'stable', array(), false, false, array(), array()), null, '\n', 0)
Function ReflectionType::__toString() is deprecated

/home/travis/build/composer/composer/tests/Composer/Test/InstallerTest.php:172

31) Composer\Test\InstallerTest::testIntegration with data set "install-reference.test" ('install-reference.test', 'Installs a dev package forcin...erence', null, array(array(array('package', array(array('a/a', 'dev-master', array('abc123', '', 'git'))))), array('dev-master#def000')), array(), array(), 'install', array(), null, 'Installing a/a (dev-master def000)\n', 0)
Function ReflectionType::__toString() is deprecated

/home/travis/build/composer/composer/tests/Composer/Test/InstallerTest.php:172

32) Composer\Test\InstallerTest::testIntegration with data set "update-alias.test" ('update-alias.test', 'Update aliased package to non...ersion', null, array(array(array('package', array(array('a/a', 'dev-master', array(array('1.0.x-dev')), array('master', 'git', '')), array('a/a', 'dev-foo', array('foo', 'git', ''))))), array('dev-foo')), array(), array(array('a/a', 'dev-master', array(array('1.0.x-dev')), array('master', 'git', ''))), 'update', array(), null, 'Updating a/a (dev-master mast...aster)', 0)
Function ReflectionType::__toString() is deprecated

/home/travis/build/composer/composer/tests/Composer/Test/InstallerTest.php:172

33) Composer\Test\InstallerTest::testIntegration with data set "replaced-packages-should-not-be-installed-when-installing-from-lock.test" ('replaced-packages-should-not-...k.test', 'Requiring a replaced package ...m lock', null, array(array(array('package', array(array('foo/original', '1.0.0', array('1.0.0')), array('foo/replaced', '1.0.0'), array('foo/replaced', '2.0.0')))), array('1.0.0', '2.0.0')), array(array(array('foo/original', '1.0.0', array('1.0.0'), 'library'), array('foo/replaced', '2.0.0', 'library')), array(), array(), 'stable', array(), false, false, array(), array(), 'ec402674e765d46f750470b33ae10d65'), array(), 'install', array(), null, '', 2)
Function ReflectionType::__toString() is deprecated

/home/travis/build/composer/composer/tests/Composer/Test/InstallerTest.php:172

34) Composer\Test\InstallerTest::testIntegration with data set "solver-problems.test" ('solver-problems.test', 'Test the error output of solv...blems.', null, array(array(array('package', array(array('unstable/package', '2.0.0-alpha'), array('unstable/package', '1.0.0'), array('requirer/pkg', '1.0.0', array('1.0.0')), array('dependency/pkg', '2.0.0'), array('dependency/pkg', '1.0.0'), array('stable-requiree-excluded/pkg', '1.0.1'), array('stable-requiree-excluded/pkg', '1.0.0')))), array('2.*', '1.*', '1.*', '2.*', '1.0.1')), array(), array(array('stable-requiree-excluded/pkg', '1.0.0')), 'update unstable/package requi...cy/pkg', array(), 'Loading composer repositories...blems.', '\n', 2)
Function ReflectionType::__toString() is deprecated

/home/travis/build/composer/composer/tests/Composer/Test/InstallerTest.php:172

35) Composer\Test\InstallerTest::testIntegration with data set "partial-update-forces-dev-reference-from-lock-for-non-updated-packages.test" ('partial-update-forces-dev-ref...s.test', 'Partial update forces updates...ckages', null, array(array(array('package', array(array('a/a', 'dev-master', array(array('2.1.x-dev')), array('newmaster-a2', 'git', '')), array('b/b', 'dev-master', array(array('2.1.x-dev')), array('newmaster-b2', 'git', ''))))), array('~2.1', '~2.1'), 'dev'), array(array(array('a/a', 'dev-master', array(array('2.1.x-dev')), array('newmaster-a', 'git', ''), 'library'), array('b/b', 'dev-master', array(array('2.1.x-dev')), array('oldmaster-b', 'git', ''), 'library')), array(), array(), 'dev', array(), false, false, array(), array(), '0e8acaf89d16ffe751f713f0c0a0ccef'), array(array('a/a', 'dev-master', '9999999-dev', array(array('2.1.x-dev')), array('oldmaster-a', 'git', ''), 'library'), array('b/b', 'dev-master', '9999999-dev', array(array('2.1.x-dev')), array('oldmaster-b', 'git', ''), 'library')), 'update b/b', array(array(array('a/a', 'dev-master', array(array('2.1.x-dev')), array('newmaster-a', 'git', ''), 'library'), array('b/b', 'dev-master', array(array('2.1.x-dev')), array('newmaster-b2', 'git', ''), 'library')), array(), array(), 'dev', array(), false, false, array(), array()), null, 'Updating a/a (dev-master oldm...r-b2)\n', 0)
Function ReflectionType::__toString() is deprecated

/home/travis/build/composer/composer/tests/Composer/Test/InstallerTest.php:172

36) Composer\Test\InstallerTest::testIntegration with data set "update-reference.test" ('update-reference.test', 'Updates a dev package forcing...erence', null, array(array(array('package', array(array('a/a', 'dev-master', array('abc123', '', 'git'))))), array('dev-master#def000')), array(), array(array('a/a', 'dev-master', array('abc123', '', 'git'))), 'install', array(), null, 'Updating a/a (dev-master abc1...f000)\n', 0)
Function ReflectionType::__toString() is deprecated

/home/travis/build/composer/composer/tests/Composer/Test/InstallerTest.php:172

37) Composer\Test\InstallerTest::testIntegration with data set "updating-dev-updates-url-and-reference.test" ('updating-dev-updates-url-and-...e.test', 'Updating a dev package for ne...erence', null, array(array(array('package', array(array('a/a', 'dev-master', array('newref', 'newurl', 'git'), array('newref', 'newurl', 'zip', ''))))), 'dev', array('dev-master')), array(array(array('a/a', 'dev-master', array('oldref', 'oldurl', 'git'), array('oldref', 'oldurl', 'zip', ''))), null, array(), 'dev', array(20), false, false, '55028825b2f4578970255da741113646'), array(array('a/a', 'dev-master', array('oldref', 'oldurl', 'git'), array('oldref', 'oldurl', 'zip', ''))), 'update', array(array(array('a/a', 'dev-master', 'library', array('newref', 'newurl', 'git'), array('newref', 'newurl', 'zip', ''))), array(), array(), 'dev', array(20), false, false, array(), array()), null, 'Updating a/a (dev-master oldr...wref)\n', 0)
Function ReflectionType::__toString() is deprecated

/home/travis/build/composer/composer/tests/Composer/Test/InstallerTest.php:172

38) Composer\Test\InstallerTest::testIntegration with data set "update-whitelist-reads-lock.test" ('update-whitelist-reads-lock.test', 'Limited update takes rules fr...r.json', null, array(array(array('package', array(array('toupdate/installed', '1.1.0'), array('toupdate/installed', '1.0.0'), array('toupdate/notinstalled', '1.1.0'), array('toupdate/notinstalled', '1.0.0'), array('old/installed', '0.9.0'), array('old/installed', '1.0.0')))), array('1.*', '1.*', '*')), array(array(array('old/installed', '1.0.0'), array('toupdate/installed', '1.0.0'), array('toupdate/notinstalled', '1.0.0')), null, array(), 'stable', array(), false, false, 'ff6b3054b62c0519c28f9a4d70dbcbca'), array(array('toupdate/installed', '1.0.0'), array('old/installed', '0.9.0')), 'update toupdate/installed', array(), null, 'Updating toupdate/installed (....0.0)\n', 0)
Function ReflectionType::__toString() is deprecated

/home/travis/build/composer/composer/tests/Composer/Test/InstallerTest.php:172

39) Composer\Test\InstallerTest::testIntegration with data set "circular-dependency2.test" ('circular-dependency2.test', 'Circular dependencies are pos...ckages', null, array('root', 'dev-master', array('1.0.0', '1.0.0'), array(array('package', array(array('require/itself', '1.0.0', array('some.branch', 'git', ''), array('1.0.0')), array('regular/pkg', '1.0.0', array('some.branch', 'git', '')))))), array(), array(), 'update -v', array(), null, 'Installing require/itself (1.....0.0)\n', 0)
Function ReflectionType::__toString() is deprecated

/home/travis/build/composer/composer/tests/Composer/Test/InstallerTest.php:172

40) Composer\Test\InstallerTest::testIntegration with data set "aliased-priority-conflicting.test" ('aliased-priority-conflicting.test', 'Aliases take precedence over ...lected', null, array(array(array('package', array(array('a/req', 'dev-feature-foo', array('feat.f', 'git', '')), array('a/req', 'dev-master', array(array('1.0.x-dev')), array('forked', 'git', '')))), array('package', array(array('a/a', 'dev-master', array('dev-master')), array('a/b', 'dev-master', array('dev-master')), array('a/req', 'dev-master', array(array('1.0.x-dev')), array('master', 'git', ''))))), array('dev-master', 'dev-master', 'dev-feature-foo as dev-master'), 'dev'), array(), array(), 'install', array(), null, 'Installing a/req (dev-feature...ster)\n', 0)
Function ReflectionType::__toString() is deprecated

/home/travis/build/composer/composer/tests/Composer/Test/InstallerTest.php:172

41) Composer\Test\InstallerTest::testIntegration with data set "update-dev-packages-updates-repo-url.test" ('update-dev-packages-updates-r...l.test', 'Updating dev packages where n...change', null, array(array(array('package', array(array('a/a', 'dev-master', array(array('2.1.x-dev')), array('newmaster', 'git', 'newurl')), array('b/b', 'dev-master', array(array('2.1.x-dev')), array('master', 'git', 'newurl'))))), array('~2.1', '~2.1'), 'dev'), array(array(array('a/a', 'dev-master', array(array('2.1.x-dev')), array('newmaster', 'git', 'oldurl'), 'library'), array('b/b', 'dev-master', array(array('2.1.x-dev')), array('master', 'git', 'oldurl'), 'library')), array(), array(), 'dev', array(), false, false, array(), array(), 'bd9907e3a092b5d98d1c6200e3f4154f'), array(array('a/a', 'dev-master', '9999999-dev', array(array('2.1.x-dev')), array('oldmaster', 'git', 'oldurl'), 'library'), array('b/b', 'dev-master', '9999999-dev', array(array('2.1.x-dev')), array('master', 'git', 'oldurl'), 'library')), 'update', array(array(array('a/a', 'dev-master', array(array('2.1.x-dev')), array('newmaster', 'git', 'newurl'), 'library'), array('b/b', 'dev-master', array(array('2.1.x-dev')), array('master', 'git', 'newurl'), 'library')), array(), array(), 'dev', array(), false, false, array(), array()), null, 'Updating a/a (dev-master oldm...ster)\n', 0)
Function ReflectionType::__toString() is deprecated

/home/travis/build/composer/composer/tests/Composer/Test/InstallerTest.php:172

42) Composer\Test\InstallerTest::testIntegration with data set "replace-root-require.test" ('replace-root-require.test', 'Ensure a transiently required...ements', null, array(array(array('package', array(array('a/a', '1.0.0'), array('b/b', '1.0.0', array('1.*')), array('c/c', '1.0.0', array('1.0.0'))))), array('1.*', '1.*')), array(), array(), 'install', array(), null, 'Installing c/c (1.0.0)\nInstal....0.0)\n', 0)
Function ReflectionType::__toString() is deprecated

/home/travis/build/composer/composer/tests/Composer/Test/InstallerTest.php:172

43) Composer\Test\InstallerTest::testIntegration with data set "install-branch-alias-composer-repo.test" ('install-branch-alias-composer...o.test', 'Installing branch aliased pac...itory.', null, array(array(array('composer', 'file:///home/travis/build/com...r-repo')), array('3.2.*@dev')), array(), array(), 'install', array(), null, 'Installing a/a (dev-foobar ab...def0)\n', 0)
Function ReflectionType::__toString() is deprecated

/home/travis/build/composer/composer/tests/Composer/Test/InstallerTest.php:172

44) Composer\Test\InstallerTest::testIntegration with data set "github-issues-4795.test" ('github-issues-4795.test', '\nSee Github issue #4795 ( git...pdate.', null, array(array(array('package', array(array('a/a', '1.0.0'), array('a/a', '1.1.0'), array('b/b', '1.0.0', array('~1.0')), array('b/b', '1.1.0', array('~1.1'))))), array('~1.0', '~1.0')), array(), array(array('a/a', '1.0.0'), array('b/b', '1.0.0', array('~1.0'))), 'update b/b --with-dependencies', array(), '<warning>Dependency "a/a" is ... files', '', 0)
Function ReflectionType::__toString() is deprecated

/home/travis/build/composer/composer/tests/Composer/Test/InstallerTest.php:172

45) Composer\Test\InstallerTest::testIntegration with data set "suggest-replaced.test" ('suggest-replaced.test', 'Suggestions are not displayed...placed', null, array(array(array('package', array(array('a/a', '1.0.0', array('an obscure reason'), array('*')), array('c/c', '1.0.0', array('1.0.0'))))), array('1.0.0', '1.0.0')), array(), array(), 'install', array(), 'Loading composer repositories... files', 'Installing c/c (1.0.0)\nInstal....0.0)\n', 0)
Function ReflectionType::__toString() is deprecated

/home/travis/build/composer/composer/tests/Composer/Test/InstallerTest.php:172

46) Composer\Test\InstallerTest::testIntegration with data set "update-downgrades-unstable-packages.test" ('update-downgrades-unstable-pa...s.test', 'Downgrading from unstable to ...talled', null, array(array(array('package', array(array('a/a', 'dev-master', array('abcd', '', 'git')), array('a/a', '1.0.0', array('1.0.0', '', 'git'), array('1.0.0', '', 'zip', '')), array('b/b', 'dev-master', array('abcd', '', 'git')), array('b/b', '1.0.0', array('1.0.0', '', 'git'), array('1.0.0', '', 'zip', ''))))), array('*', '*@dev')), array(), array(array('a/a', 'dev-master', array('abcd', '', 'git')), array('b/b', 'dev-master', array('abcd', '', 'git'))), 'update', array(), null, 'Updating a/a (dev-master abcd....0.0)\n', 0)
Function ReflectionType::__toString() is deprecated

/home/travis/build/composer/composer/tests/Composer/Test/InstallerTest.php:172

47) Composer\Test\InstallerTest::testIntegration with data set "update-whitelist-with-dependency-conflict.test" ('update-whitelist-with-depende...t.test', 'Update with a package whiteli...flicts', null, array(array(array('package', array(array('fixed', '1.1.0'), array('fixed', '1.0.0'), array('whitelisted', '1.1.0', array('1.1.0')), array('whitelisted', '1.0.0', array('1.0.0')), array('dependency', '1.1.0'), array('dependency', '1.0.0'), array('unrelated', '1.1.0', array('1.*')), array('unrelated', '1.0.0', array('1.*')), array('unrelated-dependency', '1.1.0'), array('unrelated-dependency', '1.0.0')))), array('1.*', '1.*', '1.*')), array(), array(array('fixed', '1.0.0'), array('whitelisted', '1.0.0', array('1.0.0')), array('dependency', '1.0.0'), array('unrelated', '1.0.0', array('1.*')), array('unrelated-dependency', '1.0.0')), 'update whitelisted', array(), null, '', 0)
Function ReflectionType::__toString() is deprecated

/home/travis/build/composer/composer/tests/Composer/Test/InstallerTest.php:172

48) Composer\Test\InstallerTest::testIntegration with data set "update-whitelist-patterns-without-dependencies.test" ('update-whitelist-patterns-wit...s.test', 'Update with a package whiteli...attern', null, array(array(array('package', array(array('fixed', '1.1.0'), array('fixed', '1.0.0'), array('whitelisted-component1', '1.1.0'), array('whitelisted-component1', '1.0.0'), array('whitelisted-component2', '1.1.0', array('1.*')), array('whitelisted-component2', '1.0.0', array('1.*')), array('dependency', '1.1.0'), array('dependency', '1.0.0'), array('unrelated', '1.1.0', array('1.*')), array('unrelated', '1.0.0', array('1.*')), array('unrelated-dependency', '1.1.0'), array('unrelated-dependency', '1.0.0')))), array('1.*', '1.*', '1.*', '1.*')), array(), array(array('fixed', '1.0.0'), array('whitelisted-component1', '1.0.0'), array('whitelisted-component2', '1.0.0', array('1.0.0')), array('dependency', '1.0.0'), array('unrelated', '1.0.0', array('1.*')), array('unrelated-dependency', '1.0.0')), 'update whitelisted-*', array(), null, 'Updating whitelisted-componen....1.0)\n', 0)
Function ReflectionType::__toString() is deprecated

/home/travis/build/composer/composer/tests/Composer/Test/InstallerTest.php:172

49) Composer\Test\InstallerTest::testIntegration with data set "update-all-dry-run.test" ('update-all-dry-run.test', 'Updates updateable packages i...n mode', null, array(array(array('package', array(array('a/a', '1.0.0'), array('a/a', '1.0.1'), array('a/a', '1.1.0'), array('a/b', '1.0.0'), array('a/b', '1.0.1'), array('a/b', '2.0.0'), array('a/c', '1.0.0'), array('a/c', '2.0.0')))), array('1.0.*', '1.*'), array('*')), array(), array(array('a/a', '1.0.0'), array('a/c', '1.0.0'), array('a/b', '1.0.0')), 'update --dry-run', array(), null, 'Updating a/a (1.0.0) to a/a (....0.0)\n', 0)
Function ReflectionType::__toString() is deprecated

/home/travis/build/composer/composer/tests/Composer/Test/InstallerTest.php:172

50) Composer\Test\InstallerTest::testIntegration with data set "update-syncs-outdated.test" ('update-syncs-outdated.test', 'Update updates the outdated s...ckages', null, array(array(array('package', array(array('a/a', '1.0.0', 'replacement')))), array('1.0.0')), array(), array(array('a/a', '1.0.0')), 'update', array(array(array('a/a', '1.0.0', 'library', 'replacement')), array(), array(), 'stable', array(), false, false, array(), array()), null, '', 0)
Function ReflectionType::__toString() is deprecated

/home/travis/build/composer/composer/tests/Composer/Test/InstallerTest.php:172

51) Composer\Test\InstallerTest::testIntegration with data set "update-whitelist-patterns-with-root-dependencies.test" ('update-whitelist-patterns-wit...s.test', 'Update with a package whiteli...attern', null, array(array(array('package', array(array('fixed', '1.1.0'), array('fixed', '1.0.0'), array('whitelisted-component1', '1.1.0', array('1.1.0')), array('whitelisted-component1', '1.0.0', array('1.0.0')), array('whitelisted-component2', '1.1.0', array('1.1.0', '1.0.0')), array('whitelisted-component2', '1.0.0', array('1.0.0')), array('whitelisted-component3', '1.1.0', array('1.1.0')), array('whitelisted-component3', '1.0.0', array('1.0.0')), array('whitelisted-component4', '1.1.0'), array('whitelisted-component4', '1.0.0'), array('whitelisted-component5', '1.1.0'), array('whitelisted-component5', '1.0.0'), array('dependency', '1.1.0'), array('dependency', '1.0.0'), array('unrelated', '1.1.0', array('1.*')), array('unrelated', '1.0.0', array('1.*')), array('unrelated-dependency', '1.1.0'), array('unrelated-dependency', '1.0.0')))), array('1.*', '1.*', '1.*', '1.0.0', '1.*')), array(), array(array('fixed', '1.0.0'), array('whitelisted-component1', '1.0.0', array('1.0.0')), array('whitelisted-component2', '1.0.0', array('1.0.0')), array('whitelisted-component3', '1.0.0', array('1.0.0')), array('whitelisted-component4', '1.0.0'), array('whitelisted-component5', '1.0.0'), array('dependency', '1.0.0'), array('unrelated', '1.0.0', array('1.*')), array('unrelated-dependency', '1.0.0')), 'update whitelisted-* --with-d...encies', array(), null, 'Updating dependency (1.0.0) t....1.0)\n', 0)
Function ReflectionType::__toString() is deprecated

/home/travis/build/composer/composer/tests/Composer/Test/InstallerTest.php:172

52) Composer\Test\InstallerTest::testIntegration with data set "suggest-prod.test" ('suggest-prod.test', 'Suggestions are not displayed...v mode', null, array(array(array('package', array(array('a/a', '1.0.0', array('an obscure reason'))))), array('1.0.0')), array(), array(), 'install --no-dev', array(), 'Loading composer repositories... files', 'Installing a/a (1.0.0)\n', 0)
Function ReflectionType::__toString() is deprecated

/home/travis/build/composer/composer/tests/Composer/Test/InstallerTest.php:172

53) Composer\Test\InstallerTest::testIntegration with data set "alias-with-reference.test" ('alias-with-reference.test', 'Aliases of referenced packages work', null, array(array(array('package', array(array('a/aliased', 'dev-master', array('orig', 'git', '')), array('b/requirer', '1.0.0', array('1.0.0'), array('1.0.0', 'git', ''))))), array('dev-master#abcd as 1.0.0', '*')), array(), array(), 'install', array(), null, 'Installing a/aliased (dev-mas....0.0)\n', 0)
Function ReflectionType::__toString() is deprecated

/home/travis/build/composer/composer/tests/Composer/Test/InstallerTest.php:172

54) Composer\Test\InstallerTest::testIntegration with data set "circular-dependency.test" ('circular-dependency.test', 'Circular dependencies are pos...ckages', null, array('root/package', 'library', 'dev', 'dev-master', array('1.0'), array('self.version'), array(array('2.0-dev')), array(array('package', array(array('required/package', '1.0', 'library', array('some.branch', 'git', ''), array('2.*')))), array('package', array(array('root/package', '2.0-dev', 'library', array('other.branch', 'git', ''), array('self.version')))))), array(), array(), 'update', array(), null, 'Installing required/package (1.0)\n', 0)
Function ReflectionType::__toString() is deprecated

/home/travis/build/composer/composer/tests/Composer/Test/InstallerTest.php:172

55) Composer\Test\InstallerTest::testIntegration with data set "update-whitelist.test" ('update-whitelist.test', 'Update with a package whiteli...uments', null, array(array(array('package', array(array('fixed', '1.1.0'), array('fixed', '1.0.0'), array('whitelisted', '1.1.0', array('1.*')), array('whitelisted', '1.0.0', array('1.*')), array('dependency', '1.1.0'), array('dependency', '1.0.0'), array('unrelated', '1.1.0', array('1.*')), array('unrelated', '1.0.0', array('1.*')), array('unrelated-dependency', '1.1.0'), array('unrelated-dependency', '1.0.0')))), array('1.*', '1.*', '1.*')), array(), array(array('fixed', '1.0.0'), array('whitelisted', '1.0.0', array('1.*')), array('dependency', '1.0.0'), array('unrelated', '1.0.0', array('1.*')), array('unrelated-dependency', '1.0.0')), 'update whitelisted', array(), null, 'Updating whitelisted (1.0.0) ....1.0)\n', 0)
Function ReflectionType::__toString() is deprecated

/home/travis/build/composer/composer/tests/Composer/Test/InstallerTest.php:172

56) Composer\Test\InstallerTest::testIntegration with data set "update-whitelist-patterns-with-all-dependencies.test" ('update-whitelist-patterns-wit...s.test', 'Update with a package whiteli...attern', null, array(array(array('package', array(array('fixed', '1.1.0'), array('fixed', '1.0.0'), array('whitelisted-component1', '1.1.0'), array('whitelisted-component1', '1.0.0'), array('whitelisted-component2', '1.1.0', array('1.*')), array('whitelisted-component2', '1.0.0', array('1.*')), array('dependency', '1.1.0'), array('dependency', '1.0.0'), array('unrelated', '1.1.0', array('1.*')), array('unrelated', '1.0.0', array('1.*')), array('unrelated-dependency', '1.1.0'), array('unrelated-dependency', '1.0.0')))), array('1.*', '1.*', '1.*', '1.*', '1.*')), array(), array(array('fixed', '1.0.0'), array('whitelisted-component1', '1.0.0'), array('whitelisted-component2', '1.0.0', array('1.0.0')), array('dependency', '1.0.0'), array('unrelated', '1.0.0', array('1.*')), array('unrelated-dependency', '1.0.0')), 'update whitelisted-* --with-a...encies', array(), null, 'Updating whitelisted-componen....1.0)\n', 0)
Function ReflectionType::__toString() is deprecated

/home/travis/build/composer/composer/tests/Composer/Test/InstallerTest.php:172

57) Composer\Test\InstallerTest::testIntegration with data set "suggest-installed.test" ('suggest-installed.test', 'Suggestions are not displayed...ckages', null, array(array(array('package', array(array('a/a', '1.0.0', array('an obscure reason')), array('b/b', '1.0.0')))), array('1.0.0', '1.0.0')), array(), array(), 'install', array(), 'Loading composer repositories... files', 'Installing a/a (1.0.0)\nInstal....0.0)\n', 0)
Function ReflectionType::__toString() is deprecated

/home/travis/build/composer/composer/tests/Composer/Test/InstallerTest.php:172

58) Composer\Test\InstallerTest::testIntegration with data set "update-whitelist-removes-unused.test" ('update-whitelist-removes-unused.test', 'Update with a package whiteli...ckages', null, array(array(array('package', array(array('whitelisted', '1.1.0'), array('whitelisted', '1.0.0', array('1.0.0', '1.0.0')), array('fixed-dependency', '1.1.0'), array('fixed-dependency', '1.0.0'), array('old-dependency', '1.0.0')))), array('1.*', '1.*')), array(), array(array('whitelisted', '1.0.0', array('1.0.0', '1.0.0')), array('fixed-dependency', '1.0.0'), array('old-dependency', '1.0.0')), 'update --with-dependencies whitelisted', array(), null, 'Uninstalling old-dependency (....1.0)\n', 0)
Function ReflectionType::__toString() is deprecated

/home/travis/build/composer/composer/tests/Composer/Test/InstallerTest.php:172

59) Composer\Test\InstallerTest::testIntegration with data set "update-installed-reference-dry-run.test" ('update-installed-reference-dr...n.test', 'Updating a dev package forcin...ed one', null, array(array(array('package', array(array('a/a', 'dev-master', array('abc123', '', 'git'))))), array('dev-master#def000')), array(), array(array('a/a', 'dev-master', array('def000', '', 'git'), array('def000', '', 'zip', ''))), 'update --dry-run', array(), null, '', 0)
Function ReflectionType::__toString() is deprecated

/home/travis/build/composer/composer/tests/Composer/Test/InstallerTest.php:172

60) Composer\Test\InstallerTest::testIntegration with data set "update-changes-url.test" ('update-changes-url.test', 'Update updates URLs for updat...ew ref', null, array(array(array('package', array(array('a/a', 'dev-master', array('22222222222222222222222222222...222222', 'https://github.com/a/newa', 'git'), array('22222222222222222222222222222...222222', 'https://api.github.com/repos/...222222', 'zip')), array('b/b', '2.0.3', array('22222222222222222222222222222...222222', 'https://github.com/b/newb', 'git'), array('22222222222222222222222222222...222222', 'https://api.github.com/repos/...222222', 'zip')), array('c/c', '1.0.0', array('22222222222222222222222222222...222222', 'https://github.com/c/newc', 'git'), array('22222222222222222222222222222...222222', 'https://api.github.com/repos/...222222', 'zip')), array('d/d', 'dev-master', array('22222222222222222222222222222...222222', 'https://github.com/d/newd', 'git'), array('22222222222222222222222222222...222222', 'https://api.github.com/repos/...222222', 'zip')), array('e/e', 'dev-master', array('22222222222222222222222222222...222222', 'https://github.com/e/newe', 'git'), array('22222222222222222222222222222...222222', 'https://api.github.com/repos/...222222', 'zip')), array('f/f', 'dev-master', array('22222222222222222222222222222...222222', 'https://github.com/f/newf', 'git'), array('22222222222222222222222222222...222222', 'https://api.github.com/repos/...222222', 'zip')), array('g/g', 'dev-master', array('22222222222222222222222222222...222222', 'https://github.com/g/newg', 'git'), array('22222222222222222222222222222...222222', 'https://api.github.com/repos/...222222', 'zip'))))), array('dev-master', '2.0.3', '1.0.0', 'dev-master#111111111111111111...111111', 'dev-master#111111111111111111...111111', 'dev-master', 'dev-master#111111111111111111...111111')), array(), array(array('a/a', 'dev-master', array('11111111111111111111111111111...111111', 'https://github.com/a/a', 'git'), array('11111111111111111111111111111...111111', 'https://api.github.com/repos/...111111', 'zip')), array('b/b', '2.0.3', array('11111111111111111111111111111...111111', 'https://github.com/b/b', 'git'), array('11111111111111111111111111111...111111', 'https://api.github.com/repos/...111111', 'zip')), array('c/c', '1.0.0', array('11111111111111111111111111111...111111', 'https://github.com/c/c', 'git'), array('11111111111111111111111111111...111111', 'https://api.github.com/repos/...111111', 'zip')), array('d/d', 'dev-master', array('11111111111111111111111111111...111111', 'https://github.com/d/d', 'git'), array('11111111111111111111111111111...111111', 'https://api.github.com/repos/...111111', 'zip')), array('f/f', 'dev-master', array('11111111111111111111111111111...111111', 'https://github.com/f/f', 'git'), array('11111111111111111111111111111...111111', 'https://api.github.com/repos/...111111', 'zip')), array('g/g', 'dev-master', array('00000000000000000000000000000...000000', 'https://github.com/g/g', 'git'), array('00000000000000000000000000000...000000', 'https://api.github.com/repos/...000000', 'zip'))), 'update a/a b/b d/d g/g', array(array(array('a/a', 'dev-master', array('22222222222222222222222222222...222222', 'https://github.com/a/newa', 'git'), array('22222222222222222222222222222...222222', 'https://api.github.com/repos/...222222', 'zip'), 'library'), array('b/b', '2.0.3', array('22222222222222222222222222222...222222', 'https://github.com/b/newb', 'git'), array('22222222222222222222222222222...222222', 'https://api.github.com/repos/...222222', 'zip'), 'library'), array('c/c', '1.0.0', array('11111111111111111111111111111...111111', 'https://github.com/c/newc', 'git'), array('11111111111111111111111111111...111111', 'https://api.github.com/repos/...111111', 'zip'), 'library'), array('d/d', 'dev-master', array('11111111111111111111111111111...111111', 'https://github.com/d/newd', 'git'), array('11111111111111111111111111111...111111', 'https://api.github.com/repos/...111111', 'zip'), 'library'), array('e/e', 'dev-master', array('11111111111111111111111111111...111111', 'https://github.com/e/newe', 'git'), array('11111111111111111111111111111...111111', 'https://api.github.com/repos/...111111', 'zip'), 'library'), array('f/f', 'dev-master', array('11111111111111111111111111111...111111', 'https://github.com/f/newf', 'git'), array('11111111111111111111111111111...111111', 'https://api.github.com/repos/...111111', 'zip'), 'library'), array('g/g', 'dev-master', array('11111111111111111111111111111...111111', 'https://github.com/g/newg', 'git'), array('11111111111111111111111111111...111111', 'https://api.github.com/repos/...111111', 'zip'), 'library')), array(), array(), 'stable', array(20, 20, 20, 20, 20), false, false, array(), array()), null, 'Installing e/e (dev-master 11...1111)\n', 0)
Function ReflectionType::__toString() is deprecated

/home/travis/build/composer/composer/tests/Composer/Test/InstallerTest.php:172

61) Composer\Test\InstallerTest::testIntegration with data set "broken-deps-do-not-replace.test" ('broken-deps-do-not-replace.test', 'Broken dependencies should no...y name', null, array(array(array('package', array(array('a/a', '1.0.0'), array('b/b', '1.0.0', array('1.*')), array('c/c', '1.0.0', array('1.0.0'), array('1.0')), array('d/d', '1.0.0', array('1.0.0', '1.0.0'))))), array('1.*', '1.*')), array(), array(), 'install', array(), 'Loading composer repositories...blems.', '', 2)
Function ReflectionType::__toString() is deprecated

/home/travis/build/composer/composer/tests/Composer/Test/InstallerTest.php:172

62) Composer\Test\InstallerTest::testIntegration with data set "partial-update-without-lock.test" ('partial-update-without-lock.test', 'Partial update without lock f...ckages', null, array(array(array('package', array(array('a/old', '1.0.0'), array('a/old', '2.0.0'), array('b/unstable', '1.0.0'), array('b/unstable', '1.1.0-alpha'), array('c/uptodate', '1.0.0'), array('d/removed', '1.0.0')))), array('*', '*', '*')), array(), array(array('a/old', '1.0.0'), array('b/unstable', '1.1.0-alpha'), array('c/uptodate', '1.0.0'), array('d/removed', '1.0.0')), 'update b/unstable', array(array(array('a/old', '1.0.0', 'library'), array('b/unstable', '1.0.0', 'library'), array('c/uptodate', '1.0.0', 'library'), array('d/removed', '1.0.0', 'library')), array(), array(), 'stable', array(), false, false, array(), array()), null, 'Updating b/unstable (1.1.0-al....0.0)\n', 0)
Function ReflectionType::__toString() is deprecated

/home/travis/build/composer/composer/tests/Composer/Test/InstallerTest.php:172

63) Composer\Test\InstallerTest::testIntegration with data set "update-installed-alias-dry-run.test" ('update-installed-alias-dry-run.test', 'Updates installed alias packa...n mode', null, array(array(array('package', array(array('a/a', 'dev-master', array('2.0.*'), array('abcdef', '', 'git'), array(array('1.0.x-dev'))), array('b/b', 'dev-master', array('123456', '', 'git'), array(array('2.0.x-dev')))))), array('~1.0@dev', '@dev')), array(), array(array('a/a', 'dev-master', array('2.0.*'), array('abcdef', '', 'git'), array(array('1.0.x-dev'))), array('b/b', 'dev-master', array('123456', '', 'git'), array(array('2.0.x-dev')))), 'update --dry-run', array(), null, '', 0)
Function ReflectionType::__toString() is deprecated

/home/travis/build/composer/composer/tests/Composer/Test/InstallerTest.php:172

64) Composer\Test\InstallerTest::testIntegration with data set "plugins-are-installed-first.test" ('plugins-are-installed-first.test', 'Composer installers and their... first', null, array(array(array('package', array(array('pkg', '1.0.0'), array('pkg2', '1.0.0'), array('inst', '1.0.0', 'composer-plugin'), array('inst-with-req', '1.0.0', 'composer-plugin', array('>=5', '*', '*')), array('inst-with-req2', '1.0.0', 'composer-plugin', array('*'))))), array('1.0.0', '1.0.0', '1.0.0', '1.0.0')), array(), array(), 'install', array(), null, 'Installing inst (1.0.0)\nInsta....0.0)\n', 0)
Function ReflectionType::__toString() is deprecated

/home/travis/build/composer/composer/tests/Composer/Test/InstallerTest.php:172

65) Composer\Test\InstallerTest::testIntegration with data set "install-prefers-repos-over-package-versions.test" ('install-prefers-repos-over-pa...s.test', 'Install prefers higher priori...rsions', null, array(array(array('package', array(array('a/a', '1.0.0'))), array('package', array(array('a/a', '1.1.0'), array('b/b', '1.1.0'), array('b/b', '1.0.0')))), array('*', '*')), array(), array(), 'install', array(), null, 'Installing a/a (1.0.0)\nInstal....1.0)\n', 0)
Function ReflectionType::__toString() is deprecated

/home/travis/build/composer/composer/tests/Composer/Test/InstallerTest.php:172

66) Composer\Test\InstallerTest::testIntegration with data set "install-aliased-alias.test" ('install-aliased-alias.test', 'Installing double aliased package', null, array(array(array('package', array(array('a/a', 'dev-master', array('file', ''), array('dev-master')), array('b/b', 'dev-foo', array(array('1.0.x-dev')), array('file', ''))))), array('dev-master', '1.0.x-dev as dev-master'), 'dev'), array(), array(), 'install', array(), null, 'Installing b/b (dev-foo)\nMark...-foo)\n', 0)
Function ReflectionType::__toString() is deprecated

/home/travis/build/composer/composer/tests/Composer/Test/InstallerTest.php:172

67) Composer\Test\InstallerTest::testIntegration with data set "update-no-dev-still-resolves-dev.test" ('update-no-dev-still-resolves-dev.test', 'Updates with --no-dev but we ...v deps', null, array(array(array('package', array(array('a/a', '1.0.0'), array('a/a', '1.0.1'), array('a/a', '1.1.0'), array('a/b', '1.0.0'), array('a/b', '1.0.1'), array('a/b', '2.0.0'), array('a/c', '1.0.0'), array('a/c', '2.0.0'), array('dev/pkg', 'dev-master', array(array('1.1.x-dev')), array('git', '', 'new')), array('dev/pkg', '1.0.0')))), array('1.0.*', '1.*', '^1.0@dev'), array('*')), array(), array(array('a/a', '1.0.0'), array('a/b', '1.0.0'), array('dev/pkg', 'dev-master', array(array('1.0.x-dev')), array('git', '', 'old'))), 'update --no-dev', array(array(array('a/a', '1.0.1', 'library'), array('a/c', '1.0.0', 'library'), array('dev/pkg', 'dev-master', array(array('1.1.x-dev')), array('git', '', 'new'), 'library')), array(array('a/b', '2.0.0', 'library')), array(), 'stable', array(20), false, false, array(), array()), null, 'Uninstalling a/b (1.0.0)\nUpda... old)\n', 0)
Function ReflectionType::__toString() is deprecated

/home/travis/build/composer/composer/tests/Composer/Test/InstallerTest.php:172

68) Composer\Test\InstallerTest::testIntegration with data set "update-prefer-lowest-stable.test" ('update-prefer-lowest-stable.test', 'Updates packages to their low...ersion', null, array(array(array('package', array(array('a/a', '1.0.0-rc1'), array('a/a', '1.0.1'), array('a/a', '1.1.0'), array('a/b', '1.0.0'), array('a/b', '1.0.1'), array('a/b', '2.0.0'), array('a/c', '1.0.0'), array('a/c', '2.0.0')))), array('~1.0@dev', '2.*'), array('*')), array(), array(array('a/a', '1.0.0-rc1'), array('a/c', '2.0.0'), array('a/b', '1.0.1')), 'update --prefer-lowest --prefer-stable', array(), null, 'Updating a/a (1.0.0-rc1) to a....0.0)\n', 0)
Function ReflectionType::__toString() is deprecated

/home/travis/build/composer/composer/tests/Composer/Test/InstallerTest.php:172

69) Composer\Test\InstallerTest::testIntegration with data set "install-from-lock-removes-package.test" ('install-from-lock-removes-package.test', 'Install from a lock file that...ackage', null, array(array(array('package', array(array('whitelisted', '1.1.0'), array('whitelisted', '1.0.0', array('1.0.0', '1.0.0')), array('fixed-dependency', '1.1.0'), array('fixed-dependency', '1.0.0'), array('old-dependency', '1.0.0')))), array('1.*', '1.*')), array(array(array('whitelisted', '1.1.0'), array('fixed-dependency', '1.0.0')), null, array(), 'dev', array(), false, 'e2fa03d06bdff13178bf120275ea92ae'), array(array('whitelisted', '1.0.0', array('1.0.0', '1.0.0')), array('fixed-dependency', '1.0.0'), array('old-dependency', '1.0.0')), 'install', array(), null, 'Uninstalling old-dependency (....1.0)\n', 0)
Function ReflectionType::__toString() is deprecated

/home/travis/build/composer/composer/tests/Composer/Test/InstallerTest.php:172

70) Composer\Test\InstallerTest::testIntegration with data set "aliased-priority.test" ('aliased-priority.test', 'Aliases take precedence over ...ackage', null, array(array(array('package', array(array('a/c', 'dev-feature-foo', array('feat.f', 'git', '')), array('a/b', 'dev-master', array(array('1.0.x-dev')), array('forked', 'git', '')))), array('package', array(array('a/a', 'dev-master', array(array('1.0.x-dev')), array('master', 'git', ''), array('dev-master', 'dev-master')), array('a/b', 'dev-master', array(array('1.0.x-dev')), array('master', 'git', '')), array('a/c', 'dev-master')))), array('1.*', '1.*', 'dev-feature-foo as dev-master'), 'dev'), array(), array(), 'install', array(), null, 'Installing a/c (dev-feature-f...rked)\n', 0)
Function ReflectionType::__toString() is deprecated

/home/travis/build/composer/composer/tests/Composer/Test/InstallerTest.php:172

71) Composer\Test\InstallerTest::testIntegration with data set "install-ignore-platform-package-requirements.test" ('install-ignore-platform-packa...s.test', 'Install in ignore-platform-reqs mode', null, array(array(array('package', array(array('a/a', '1.0.0', array('*', '98'))))), array('1.0.0', '99.9', '3')), array(), array(), 'install --ignore-platform-reqs', array(), null, 'Installing a/a (1.0.0)\n', 0)
Function ReflectionType::__toString() is deprecated

/home/travis/build/composer/composer/tests/Composer/Test/InstallerTest.php:172

72) Composer\Test\InstallerTest::testIntegration with data set "update-dev-ignores-providers.test" ('update-dev-ignores-providers.test', 'Updating a dev package select...viders', null, array(array(array('package', array(array('a/replacer', 'dev-master', array('wrong', '', 'git'), array('dev-master')), array('a/installed', 'dev-master', array('newref', '', 'git'))))), array('dev-master'), 'dev'), array(), array(array('a/installed', 'dev-master', array('oldref', '', 'git'))), 'update', array(), null, 'Updating a/installed (dev-mas...wref)\n', 0)
Function ReflectionType::__toString() is deprecated

/home/travis/build/composer/composer/tests/Composer/Test/InstallerTest.php:172

73) Composer\Test\InstallerTest::testIntegration with data set "abandoned-listed.test" ('abandoned-listed.test', 'Abandoned packages are flagged', null, array(array(array('package', array(array('a/a', '1.0.0', true))), array('package', array(array('c/c', '1.0.0', 'b/b')))), array('1.0.0', '1.0.0')), array(), array(), 'install', array(), 'Loading composer repositories... files', 'Installing a/a (1.0.0)\nInstal....0.0)\n', 0)
Function ReflectionType::__toString() is deprecated

/home/travis/build/composer/composer/tests/Composer/Test/InstallerTest.php:172

74) Composer\Test\InstallerTest::testIntegration with data set "update-installed-alias.test" ('update-installed-alias.test', 'Updates installed alias packages', null, array(array(array('package', array(array('a/a', 'dev-master', array('2.0.*'), array('abcdef', '', 'git'), array(array('1.0.x-dev'))), array('b/b', 'dev-master', array('123456', '', 'git'), array(array('2.0.x-dev')))))), array('~1.0@dev', '@dev')), array(), array(array('a/a', 'dev-master', array('2.0.*'), array('abcdef', '', 'git'), array(array('1.0.x-dev'))), array('b/b', 'dev-master', array('123456', '', 'git'), array(array('2.0.x-dev')))), 'update', array(), null, '', 0)
Function ReflectionType::__toString() is deprecated

/home/travis/build/composer/composer/tests/Composer/Test/InstallerTest.php:172

75) Composer\Test\InstallerTest::testIntegration with data set "replace-alias.test" ('replace-alias.test', 'Ensure a replacer package dea...liases', null, array(array(array('package', array(array('a/a', 'dev-master', array('self.version'), array(array('1.0.x-dev'))), array('b/b', '1.0.0', array('1.*')), array('c/c', 'dev-master', array(array('1.0.x-dev')))))), array('dev-master', '1.*')), array(), array(), 'install', array(), null, 'Installing a/a (dev-master)\nM....0.0)\n', 0)
Function ReflectionType::__toString() is deprecated

/home/travis/build/composer/composer/tests/Composer/Test/InstallerTest.php:172

76) Composer\Test\InstallerTest::testIntegration with data set "github-issues-4319.test" ('github-issues-4319.test', '\nSee Github issue #4319 ( git... rule.', '!defined('HHVM_VERSION')', array(array(array('package', array(array('a/a', '1.0.0', array('5.5'))))), array('~1.0'), array(array('5.3'))), array(), array(), 'install', array(), 'Loading composer repositories...ement.', '', 2)
Function ReflectionType::__toString() is deprecated

/home/travis/build/composer/composer/tests/Composer/Test/InstallerTest.php:172

77) Composer\Test\InstallerTest::testIntegration with data set "update-whitelist-patterns-with-dependencies.test" ('update-whitelist-patterns-wit...s.test', 'Update with a package whiteli...ackage', null, array(array(array('package', array(array('fixed', '1.1.0'), array('fixed', '1.0.0'), array('whitelisted-component1', '1.1.0'), array('whitelisted-component1', '1.0.0'), array('whitelisted-component2', '1.1.0', array('1.*', '1.*')), array('whitelisted-component2', '1.0.0', array('1.*', '1.*')), array('dependency', '1.1.0'), array('dependency', '1.0.0'), array('root-dependency', '1.1.0'), array('root-dependency', '1.0.0'), array('unrelated', '1.1.0', array('1.*')), array('unrelated', '1.0.0', array('1.*')), array('unrelated-dependency', '1.1.0'), array('unrelated-dependency', '1.0.0')))), array('1.*', '1.*', '1.*', '1.*', '1.*')), array(), array(array('fixed', '1.0.0'), array('whitelisted-component1', '1.0.0'), array('whitelisted-component2', '1.0.0', array('1.0.0')), array('root-dependency', '1.0.0'), array('dependency', '1.0.0'), array('unrelated', '1.0.0', array('1.*')), array('unrelated-dependency', '1.0.0')), 'update whitelisted-* --with-d...encies', array(), null, 'Updating whitelisted-componen....1.0)\n', 0)
Function ReflectionType::__toString() is deprecated

/home/travis/build/composer/composer/tests/Composer/Test/InstallerTest.php:172

[37;41mFAILURES![0m
[37;41mTests: 78[0m[37;41m, Assertions: 2[0m[37;41m, Errors: 77[0m[37;41m.[0m
[41mFAILED[0m tests/Composer/Test/InstallerTest.php
PHP Deprecated:  The each() function is deprecated. This message will be suppressed on further calls in /home/travis/build/composer/composer/vendor/phpunit/phpunit/src/Util/Getopt.php on line 38
Running tests/Composer/Test/IO tests

Deprecated: The each() function is deprecated. This message will be suppressed on further calls in /home/travis/build/composer/composer/vendor/phpunit/phpunit/src/Util/Getopt.php on line 38
PHPUnit 4.8.36 by Sebastian Bergmann and contributors.

.[31;1mE[0m[31;1mE[0m[31;1mE[0m[31;1mE[0m[31;1mE[0m[31;1mE[0m[31;1mE[0m[31;1mE[0m[31;1mE[0m[31;1mE[0m[31;1mE[0m[31;1mE[0m........

Time: 54 ms, Memory: 6.00MB

There were 12 errors:

1) Composer\Test\IO\ConsoleIOTest::testIsInteractive
Function ReflectionType::__toString() is deprecated

/home/travis/build/composer/composer/tests/Composer/Test/IO/ConsoleIOTest.php:23

2) Composer\Test\IO\ConsoleIOTest::testWrite
Function ReflectionType::__toString() is deprecated

/home/travis/build/composer/composer/tests/Composer/Test/IO/ConsoleIOTest.php:42

3) Composer\Test\IO\ConsoleIOTest::testWriteError
Function ReflectionType::__toString() is deprecated

/home/travis/build/composer/composer/tests/Composer/Test/IO/ConsoleIOTest.php:58

4) Composer\Test\IO\ConsoleIOTest::testWriteWithMultipleLineStringWhenDebugging
Function ReflectionType::__toString() is deprecated

/home/travis/build/composer/composer/tests/Composer/Test/IO/ConsoleIOTest.php:77

5) Composer\Test\IO\ConsoleIOTest::testOverwrite
Function ReflectionType::__toString() is deprecated

/home/travis/build/composer/composer/tests/Composer/Test/IO/ConsoleIOTest.php:105

6) Composer\Test\IO\ConsoleIOTest::testAsk
Function ReflectionType::__toString() is deprecated

/home/travis/build/composer/composer/tests/Composer/Test/IO/ConsoleIOTest.php:143

7) Composer\Test\IO\ConsoleIOTest::testAskConfirmation
Function ReflectionType::__toString() is deprecated

/home/travis/build/composer/composer/tests/Composer/Test/IO/ConsoleIOTest.php:171

8) Composer\Test\IO\ConsoleIOTest::testAskAndValidate
Function ReflectionType::__toString() is deprecated

/home/travis/build/composer/composer/tests/Composer/Test/IO/ConsoleIOTest.php:199

9) Composer\Test\IO\ConsoleIOTest::testSelect
Function ReflectionType::__toString() is deprecated

/home/travis/build/composer/composer/tests/Composer/Test/IO/ConsoleIOTest.php:230

10) Composer\Test\IO\ConsoleIOTest::testSetAndgetAuthentication
Function ReflectionType::__toString() is deprecated

/home/travis/build/composer/composer/tests/Composer/Test/IO/ConsoleIOTest.php:259

11) Composer\Test\IO\ConsoleIOTest::testGetAuthenticationWhenDidNotSet
Function ReflectionType::__toString() is deprecated

/home/travis/build/composer/composer/tests/Composer/Test/IO/ConsoleIOTest.php:274

12) Composer\Test\IO\ConsoleIOTest::testHasAuthentication
Function ReflectionType::__toString() is deprecated

/home/travis/build/composer/composer/tests/Composer/Test/IO/ConsoleIOTest.php:288

[37;41mFAILURES![0m
[37;41mTests: 21[0m[37;41m, Assertions: 12[0m[37;41m, Errors: 12[0m[37;41m.[0m
[41mFAILED[0m tests/Composer/Test/IO
PHP Deprecated:  The each() function is deprecated. This message will be suppressed on further calls in /home/travis/build/composer/composer/vendor/phpunit/phpunit/src/Util/Getopt.php on line 38
Running tests/Composer/Test/Json tests

Deprecated: The each() function is deprecated. This message will be suppressed on further calls in /home/travis/build/composer/composer/vendor/phpunit/phpunit/src/Util/Getopt.php on line 38
PHPUnit 4.8.36 by Sebastian Bergmann and contributors.

................................................................. 65 / 93 ( 69%)
............................

Time: 116 ms, Memory: 10.00MB

[30;42mOK (93 tests, 180 assertions)[0m
PHP Deprecated:  The each() function is deprecated. This message will be suppressed on further calls in /home/travis/build/composer/composer/vendor/phpunit/phpunit/src/Util/Getopt.php on line 38
Running tests/Composer/Test/Mock tests

Deprecated: The each() function is deprecated. This message will be suppressed on further calls in /home/travis/build/composer/composer/vendor/phpunit/phpunit/src/Util/Getopt.php on line 38
PHPUnit 4.8.36 by Sebastian Bergmann and contributors.



Time: 38 ms, Memory: 4.00MB

[30;43mNo tests executed![0m
PHP Deprecated:  The each() function is deprecated. This message will be suppressed on further calls in /home/travis/build/composer/composer/vendor/phpunit/phpunit/src/Util/Getopt.php on line 38
Running tests/Composer/Test/Package tests

Deprecated: The each() function is deprecated. This message will be suppressed on further calls in /home/travis/build/composer/composer/vendor/phpunit/phpunit/src/Util/Getopt.php on line 38
PHPUnit 4.8.36 by Sebastian Bergmann and contributors.

.................[31;1mE[0m[31;1mE[0m....................[31;1mE[0m[31;1mE[0m[31;1mE[0m[31;1mE[0m[31;1mE[0m[31;1mE[0m[31;1mE[0m[31;1mE[0m[31;1mE[0m[31;1mE[0m[31;1mE[0m[31;1mE[0m[31;1mE[0m[31;1mE[0m[31;1mE[0m[31;1mE[0m[31;1mE[0m[31;1mE[0m[31;1mE[0m[31;1mE[0m[31;1mE[0m[31;1mE[0m[31;1mE[0m[31;1mE[0m  63 / 198 ( 31%)
[31;1mE[0m[31;1mE[0m[31;1mE[0m[31;1mE[0m..........................[31;1mE[0m[31;1mE[0m.[31;1mE[0m[31;1mE[0m[31;1mE[0m[31;1mE[0m[31;1mE[0m[31;1mE[0m[31;1mE[0m[31;1mE[0m[31;1mE[0m[31;1mE[0m[31;1mE[0m[31;1mE[0m[31;1mE[0m[31;1mE[0m[31;1mE[0m[31;1mE[0m[31;1mE[0m[31;1mE[0m[31;1mE[0m[31;1mE[0m[31;1mE[0m[31;1mE[0m[31;1mE[0m[31;1mE[0m[31;1mE[0m[31;1mE[0m[31;1mE[0m... 126 / 198 ( 63%)
..[31;1mE[0m[31;1mE[0m[31;1mE[0m[31;1mE[0m[31;1mE[0m[31;1mE[0m[31;1mE[0m[31;1mE[0m[31;1mE[0m[31;1mE[0m............................[31;1mE[0m[31;1mE[0m[31;1mE[0m[31;1mE[0m[31;1mE[0m[31;1mE[0m[31;1mE[0m[31;1mE[0m[31;1mE[0m[31;1mE[0m[31;1mE[0m[31;1mE[0m[31;1mE[0m[31;1mE[0m[31;1mE[0m[31;1mE[0m[31;1mE[0m[31;1mE[0m[31;1mE[0m[31;1mE[0m[31;1mE[0m[31;1mE[0m[31;1mE[0m 189 / 198 ( 95%)
[31;1mE[0m[31;1mE[0m[31;1mE[0m[31;1mE[0m[31;1mE[0m[31;1mE[0m[31;1mE[0m[31;1mE[0m[31;1mE[0m

Time: 943 ms, Memory: 14.00MB

There were 101 errors:

1) Composer\Test\Package\BasePackageTest::testSetSameRepository
Function ReflectionType::__toString() is deprecated

/home/travis/build/composer/composer/tests/Composer/Test/Package/BasePackageTest.php:23

2) Composer\Test\Package\BasePackageTest::testSetAnotherRepository
Function ReflectionType::__toString() is deprecated

/home/travis/build/composer/composer/tests/Composer/Test/Package/BasePackageTest.php:40

3) Composer\Test\Package\Dumper\ArrayDumperTest::testRequiredInformation
Function ReflectionType::__toString() is deprecated

/home/travis/build/composer/composer/tests/Composer/Test/Package/Dumper/ArrayDumperTest.php:34

4) Composer\Test\Package\Dumper\ArrayDumperTest::testRootPackage
Function ReflectionType::__toString() is deprecated

/home/travis/build/composer/composer/tests/Composer/Test/Package/Dumper/ArrayDumperTest.php:34

5) Composer\Test\Package\Dumper\ArrayDumperTest::testDumpAbandoned
Function ReflectionType::__toString() is deprecated

/home/travis/build/composer/composer/tests/Composer/Test/Package/Dumper/ArrayDumperTest.php:34

6) Composer\Test\Package\Dumper\ArrayDumperTest::testDumpAbandonedReplacement
Function ReflectionType::__toString() is deprecated

/home/travis/build/composer/composer/tests/Composer/Test/Package/Dumper/ArrayDumperTest.php:34

7) Composer\Test\Package\Dumper\ArrayDumperTest::testKeys with data set #0 ('type', 'library')
Function ReflectionType::__toString() is deprecated

/home/travis/build/composer/composer/tests/Composer/Test/Package/Dumper/ArrayDumperTest.php:34

8) Composer\Test\Package\Dumper\ArrayDumperTest::testKeys with data set #1 ('time', DateTime Object (), 'ReleaseDate', '2012-02-01T00:00:00+00:00')
Function ReflectionType::__toString() is deprecated

/home/travis/build/composer/composer/tests/Composer/Test/Package/Dumper/ArrayDumperTest.php:34

9) Composer\Test\Package\Dumper\ArrayDumperTest::testKeys with data set #2 ('authors', array('Nils Adermann <naderman@naderman.de>', 'Jordi Boggiano <j.boggiano@seld.be>'))
Function ReflectionType::__toString() is deprecated

/home/travis/build/composer/composer/tests/Composer/Test/Package/Dumper/ArrayDumperTest.php:34

10) Composer\Test\Package\Dumper\ArrayDumperTest::testKeys with data set #3 ('homepage', 'https://getcomposer.org')
Function ReflectionType::__toString() is deprecated

/home/travis/build/composer/composer/tests/Composer/Test/Package/Dumper/ArrayDumperTest.php:34

11) Composer\Test\Package\Dumper\ArrayDumperTest::testKeys with data set #4 ('description', 'Dependency Manager')
Function ReflectionType::__toString() is deprecated

/home/travis/build/composer/composer/tests/Composer/Test/Package/Dumper/ArrayDumperTest.php:34

12) Composer\Test\Package\Dumper\ArrayDumperTest::testKeys with data set #5 ('keywords', array('package', 'dependency', 'autoload'), null, array('autoload', 'dependency', 'package'))
Function ReflectionType::__toString() is deprecated

/home/travis/build/composer/composer/tests/Composer/Test/Package/Dumper/ArrayDumperTest.php:34

13) Composer\Test\Package\Dumper\ArrayDumperTest::testKeys with data set #6 ('bin', array('bin/composer'), 'binaries')
Function ReflectionType::__toString() is deprecated

/home/travis/build/composer/composer/tests/Composer/Test/Package/Dumper/ArrayDumperTest.php:34

14) Composer\Test\Package\Dumper\ArrayDumperTest::testKeys with data set #7 ('license', array('MIT'))
Function ReflectionType::__toString() is deprecated

/home/travis/build/composer/composer/tests/Composer/Test/Package/Dumper/ArrayDumperTest.php:34

15) Composer\Test\Package\Dumper\ArrayDumperTest::testKeys with data set #8 ('autoload', array(array('src/')))
Function ReflectionType::__toString() is deprecated

/home/travis/build/composer/composer/tests/Composer/Test/Package/Dumper/ArrayDumperTest.php:34

16) Composer\Test\Package\Dumper\ArrayDumperTest::testKeys with data set #9 ('repositories', array(false))
Function ReflectionType::__toString() is deprecated

/home/travis/build/composer/composer/tests/Composer/Test/Package/Dumper/ArrayDumperTest.php:34

17) Composer\Test\Package\Dumper\ArrayDumperTest::testKeys with data set #10 ('scripts', array('MyVendor\MyClass::postUpdate'))
Function ReflectionType::__toString() is deprecated

/home/travis/build/composer/composer/tests/Composer/Test/Package/Dumper/ArrayDumperTest.php:34

18) Composer\Test\Package\Dumper\ArrayDumperTest::testKeys with data set #11 ('extra', array('MyVendor\Installer'))
Function ReflectionType::__toString() is deprecated

/home/travis/build/composer/composer/tests/Composer/Test/Package/Dumper/ArrayDumperTest.php:34

19) Composer\Test\Package\Dumper\ArrayDumperTest::testKeys with data set #12 ('archive', array('/foo/bar', 'baz', '!/foo/bar/baz'), 'archiveExcludes', array(array('/foo/bar', 'baz', '!/foo/bar/baz')))
Function ReflectionType::__toString() is deprecated

/home/travis/build/composer/composer/tests/Composer/Test/Package/Dumper/ArrayDumperTest.php:34

20) Composer\Test\Package\Dumper\ArrayDumperTest::testKeys with data set #13 ('require', array(Composer\Package\Link Object (...)), 'requires', array('1.0.0'))
Function ReflectionType::__toString() is deprecated

/home/travis/build/composer/composer/tests/Composer/Test/Package/Dumper/ArrayDumperTest.php:34

21) Composer\Test\Package\Dumper\ArrayDumperTest::testKeys with data set #14 ('require-dev', array(Composer\Package\Link Object (...)), 'devRequires', array('1.0.0'))
Function ReflectionType::__toString() is deprecated

/home/travis/build/composer/composer/tests/Composer/Test/Package/Dumper/ArrayDumperTest.php:34

22) Composer\Test\Package\Dumper\ArrayDumperTest::testKeys with data set #15 ('suggest', array('very useful package'), 'suggests')
Function ReflectionType::__toString() is deprecated

/home/travis/build/composer/composer/tests/Composer/Test/Package/Dumper/ArrayDumperTest.php:34

23) Composer\Test\Package\Dumper\ArrayDumperTest::testKeys with data set #16 ('support', array('bar'))
Function ReflectionType::__toString() is deprecated

/home/travis/build/composer/composer/tests/Composer/Test/Package/Dumper/ArrayDumperTest.php:34

24) Composer\Test\Package\Dumper\ArrayDumperTest::testKeys with data set #17 ('require', array(Composer\Package\Link Object (...), Composer\Package\Link Object (...)), 'requires', array('1.0.0', '1.0.0'))
Function ReflectionType::__toString() is deprecated

/home/travis/build/composer/composer/tests/Composer/Test/Package/Dumper/ArrayDumperTest.php:34

25) Composer\Test\Package\Dumper\ArrayDumperTest::testKeys with data set #18 ('require-dev', array(Composer\Package\Link Object (...), Composer\Package\Link Object (...)), 'devRequires', array('1.0.0', '1.0.0'))
Function ReflectionType::__toString() is deprecated

/home/travis/build/composer/composer/tests/Composer/Test/Package/Dumper/ArrayDumperTest.php:34

26) Composer\Test\Package\Dumper\ArrayDumperTest::testKeys with data set #19 ('suggest', array('very useful package', 'another useful package'), 'suggests', array('another useful package', 'very useful package'))
Function ReflectionType::__toString() is deprecated

/home/travis/build/composer/composer/tests/Composer/Test/Package/Dumper/ArrayDumperTest.php:34

27) Composer\Test\Package\Dumper\ArrayDumperTest::testKeys with data set #20 ('provide', array(Composer\Package\Link Object (...), Composer\Package\Link Object (...)), 'provides', array('1.0.0', '1.0.0'))
Function ReflectionType::__toString() is deprecated

/home/travis/build/composer/composer/tests/Composer/Test/Package/Dumper/ArrayDumperTest.php:34

28) Composer\Test\Package\Dumper\ArrayDumperTest::testKeys with data set #21 ('replace', array(Composer\Package\Link Object (...), Composer\Package\Link Object (...)), 'replaces', array('1.0.0', '1.0.0'))
Function ReflectionType::__toString() is deprecated

/home/travis/build/composer/composer/tests/Composer/Test/Package/Dumper/ArrayDumperTest.php:34

29) Composer\Test\Package\Dumper\ArrayDumperTest::testKeys with data set #22 ('conflict', array(Composer\Package\Link Object (...), Composer\Package\Link Object (...)), 'conflicts', array('1.0.0', '1.0.0'))
Function ReflectionType::__toString() is deprecated

/home/travis/build/composer/composer/tests/Composer/Test/Package/Dumper/ArrayDumperTest.php:34

30) Composer\Test\Package\Dumper\ArrayDumperTest::testKeys with data set #23 ('transport-options', array(array('/opt/certs/test.pem')), 'transportOptions')
Function ReflectionType::__toString() is deprecated

/home/travis/build/composer/composer/tests/Composer/Test/Package/Dumper/ArrayDumperTest.php:34

31) Composer\Test\Package\Loader\RootPackageLoaderTest::testStabilityFlagsParsing
Function ReflectionType::__toString() is deprecated

/home/travis/build/composer/composer/tests/Composer/Test/Package/Loader/RootPackageLoaderTest.php:29
/home/travis/build/composer/composer/tests/Composer/Test/Package/Loader/RootPackageLoaderTest.php:43

32) Composer\Test\Package\Loader\RootPackageLoaderTest::testNoVersionIsVisibleInPrettyVersion
Function ReflectionType::__toString() is deprecated

/home/travis/build/composer/composer/tests/Composer/Test/Package/Loader/RootPackageLoaderTest.php:71

33) Composer\Test\Package\Loader\RootPackageLoaderTest::testFeatureBranchPrettyVersion
Function ReflectionType::__toString() is deprecated

/home/travis/build/composer/composer/tests/Composer/Test/Package/Loader/RootPackageLoaderTest.php:124

34) Composer\Test\Package\Loader\RootPackageLoaderTest::testNonFeatureBranchPrettyVersion
Function ReflectionType::__toString() is deprecated

/home/travis/build/composer/composer/tests/Composer/Test/Package/Loader/RootPackageLoaderTest.php:174

35) Composer\Test\Package\Loader\ValidatingArrayLoaderTest::testLoadSuccess with data set #0 (array('foo/bar'))
Function ReflectionType::__toString() is deprecated

/home/travis/build/composer/composer/tests/Composer/Test/Package/Loader/ValidatingArrayLoaderTest.php:26

36) Composer\Test\Package\Loader\ValidatingArrayLoaderTest::testLoadSuccess with data set #1 (array('foo/bar', 'Foo bar', '1.0.0', 'library', array('a', 'b_c', 'D E', 'éîüø', '微信'), 'https://foo.com', '2010-10-10T10:10:10+00:00', 'MIT', array(array('Alice', 'alice@example.org', 'Lead', 'http://example.org'), array('Bob', '')), array('mail@example.org', 'http://example.org/', 'http://example.org/', 'http://example.org/', 'http://example.org/', 'irc://example.org/example', 'http://example.org/rss', 'http://example.org/chat'), array('1.*', '~2', '>2.0-dev,<2.4-dev'), array('1.*', '*', '>2.0-dev,<2.4-dev'), array('1.*', '>2.7', '>2.0-dev,<2.4-dev'), array('1.*', '>2.0-dev,<2.4-dev'), array('1.*', '>2.0-dev,<2.4-dev'), array('Foo bar is very useful'), array(array('src/', 'fallback/libs/'), array('dir/', 'dir2/file.php'), array('functions.php')), array('lib/'), 'Foo/Bar', 'dev', array(array('composer', 'https://repo.packagist.org/')), array('bin', 'vendor', 10000), array(array('/foo/bar', 'baz', '!/foo/bar/baz')), array('Foo\Bar\Baz::doSomething', array('Foo\Bar\Baz::doSomething')), array(array(array('nested')), array('2.0-dev', '1.0.x-dev', '3.1.x-dev')), array('bin/foo', 'bin/bar'), array(array('/opt/certs/test.pem'))))
Function ReflectionType::__toString() is deprecated

/home/travis/build/composer/composer/tests/Composer/Test/Package/Loader/ValidatingArrayLoaderTest.php:26

37) Composer\Test\Package\Loader\ValidatingArrayLoaderTest::testLoadSuccess with data set #2 (array('foo/bar', array('MIT', 'WTFPL')))
Function ReflectionType::__toString() is deprecated

/home/travis/build/composer/composer/tests/Composer/Test/Package/Loader/ValidatingArrayLoaderTest.php:26

38) Composer\Test\Package\Loader\ValidatingArrayLoaderTest::testLoadSuccess with data set #3 (array('foo/bar', 'bin1'))
Function ReflectionType::__toString() is deprecated

/home/travis/build/composer/composer/tests/Composer/Test/Package/Loader/ValidatingArrayLoaderTest.php:26

39) Composer\Test\Package\Loader\ValidatingArrayLoaderTest::testLoadFailureThrowsException with data set #0 (array('foo'), array('name : invalid value (foo), m...9_.-]*'))
Function ReflectionType::__toString() is deprecated

/home/travis/build/composer/composer/tests/Composer/Test/Package/Loader/ValidatingArrayLoaderTest.php:175

40) Composer\Test\Package\Loader\ValidatingArrayLoaderTest::testLoadFailureThrowsException with data set #1 (array('foo/bar', 43), array('homepage : should be a string... given'))
Function ReflectionType::__toString() is deprecated

/home/travis/build/composer/composer/tests/Composer/Test/Package/Loader/ValidatingArrayLoaderTest.php:175

41) Composer\Test\Package\Loader\ValidatingArrayLoaderTest::testLoadFailureThrowsException with data set #2 (array('foo/bar', array(array())), array('support.source : invalid valu...string'))
Function ReflectionType::__toString() is deprecated

/home/travis/build/composer/composer/tests/Composer/Test/Package/Loader/ValidatingArrayLoaderTest.php:175

42) Composer\Test\Package\Loader\ValidatingArrayLoaderTest::testLoadFailureThrowsException with data set #3 (array('foo/bar', 'strings'), array('autoload : should be an array... given'))
Function ReflectionType::__toString() is deprecated

/home/travis/build/composer/composer/tests/Composer/Test/Package/Loader/ValidatingArrayLoaderTest.php:175

43) Composer\Test\Package\Loader\ValidatingArrayLoaderTest::testLoadFailureThrowsException with data set #4 (array('foo/bar', array(array('src'))), array('autoload : invalid value (psr...assmap'))
Function ReflectionType::__toString() is deprecated

/home/travis/build/composer/composer/tests/Composer/Test/Package/Loader/ValidatingArrayLoaderTest.php:175

44) Composer\Test\Package\Loader\ValidatingArrayLoaderTest::testLoadFailureThrowsException with data set #5 (array('foo/bar', 'test'), array('transport-options : should be... given'))
Function ReflectionType::__toString() is deprecated

/home/travis/build/composer/composer/tests/Composer/Test/Package/Loader/ValidatingArrayLoaderTest.php:175

45) Composer\Test\Package\Loader\ValidatingArrayLoaderTest::testLoadWarnings with data set #0 (array('foo/bar', 'foo:bar'), array('homepage : invalid value (foo...ps URL'))
Function ReflectionType::__toString() is deprecated

/home/travis/build/composer/composer/tests/Composer/Test/Package/Loader/ValidatingArrayLoaderTest.php:193

46) Composer\Test\Package\Loader\ValidatingArrayLoaderTest::testLoadWarnings with data set #1 (array('foo/bar.json'), array('Deprecation warning: Your pac...error.'))
Function ReflectionType::__toString() is deprecated

/home/travis/build/composer/composer/tests/Composer/Test/Package/Loader/ValidatingArrayLoaderTest.php:193

47) Composer\Test\Package\Loader\ValidatingArrayLoaderTest::testLoadWarnings with data set #2 (array('com1/foo'), array('Deprecation warning: Your pac...error.'))
Function ReflectionType::__toString() is deprecated

/home/travis/build/composer/composer/tests/Composer/Test/Package/Loader/ValidatingArrayLoaderTest.php:193

48) Composer\Test\Package\Loader\ValidatingArrayLoaderTest::testLoadWarnings with data set #3 (array('Foo/Bar'), array('Deprecation warning: Your pac...error.'))
Function ReflectionType::__toString() is deprecated

/home/travis/build/composer/composer/tests/Composer/Test/Package/Loader/ValidatingArrayLoaderTest.php:193

49) Composer\Test\Package\Loader\ValidatingArrayLoaderTest::testLoadWarnings with data set #4 (array('foo/bar', array('foo:bar', 'foo:bar', 'foo:bar', 'foo:bar', 'foo:bar')), array('support.source : invalid valu...ps URL', 'support.forum : invalid value...ps URL', 'support.issues : invalid valu...ps URL', 'support.wiki : invalid value ...ps URL', 'support.chat : invalid value ...ps URL'))
Function ReflectionType::__toString() is deprecated

/home/travis/build/composer/composer/tests/Composer/Test/Package/Loader/ValidatingArrayLoaderTest.php:193

50) Composer\Test\Package\Loader\ValidatingArrayLoaderTest::testLoadWarnings with data set #5 (array('foo/bar', array('*', '>=1.0', 'dev-master', '@stable', '1.0.0')), array('require.foo/baz : unbound ver...voided', 'require.bar/baz : unbound ver...voided', 'require.bar/foo : unbound ver...voided', 'require.bar/hacked : unbound ...voided', 'require.bar/woo : exact versi...ioning'), false)
Function ReflectionType::__toString() is deprecated

/home/travis/build/composer/composer/tests/Composer/Test/Package/Loader/ValidatingArrayLoaderTest.php:193

51) Composer\Test\Package\Loader\ValidatingArrayLoaderTest::testLoadWarnings with data set #6 (array('foo/bar', array('^1.0')), array('Deprecation warning: require....error.'), false)
Function ReflectionType::__toString() is deprecated

/home/travis/build/composer/composer/tests/Composer/Test/Package/Loader/ValidatingArrayLoaderTest.php:193

52) Composer\Test\Package\Loader\ValidatingArrayLoaderTest::testLoadWarnings with data set #7 (array('foo/bar', array('0.3.0')), array(), false)
Function ReflectionType::__toString() is deprecated

/home/travis/build/composer/composer/tests/Composer/Test/Package/Loader/ValidatingArrayLoaderTest.php:193

53) Composer\Test\Package\Loader\ValidatingArrayLoaderTest::testLoadWarnings with data set #8 (array('foo/bar', array(array('3.1.x-dev'))), array('extra.branch-alias.5.x-dev : ...ersion'), false)
Function ReflectionType::__toString() is deprecated

/home/travis/build/composer/composer/tests/Composer/Test/Package/Loader/ValidatingArrayLoaderTest.php:193

54) Composer\Test\Package\Loader\ValidatingArrayLoaderTest::testLoadWarnings with data set #9 (array('foo/bar', array(array('3.1-dev'))), array('extra.branch-alias.5.x-dev : ...ersion'), false)
Function ReflectionType::__toString() is deprecated

/home/travis/build/composer/composer/tests/Composer/Test/Package/Loader/ValidatingArrayLoaderTest.php:193

55) Composer\Test\Package\Loader\ValidatingArrayLoaderTest::testLoadSkipsWarningDataWhenIgnoringErrors with data set #0 (array('foo/bar', 'foo:bar'), array('homepage : invalid value (foo...ps URL'))
Function ReflectionType::__toString() is deprecated

/home/travis/build/composer/composer/tests/Composer/Test/Package/Loader/ValidatingArrayLoaderTest.php:213

56) Composer\Test\Package\Loader\ValidatingArrayLoaderTest::testLoadSkipsWarningDataWhenIgnoringErrors with data set #1 (array('foo/bar.json'), array('Deprecation warning: Your pac...error.'))
Function ReflectionType::__toString() is deprecated

/home/travis/build/composer/composer/tests/Composer/Test/Package/Loader/ValidatingArrayLoaderTest.php:213

57) Composer\Test\Package\Loader\ValidatingArrayLoaderTest::testLoadSkipsWarningDataWhenIgnoringErrors with data set #2 (array('com1/foo'), array('Deprecation warning: Your pac...error.'))
Function ReflectionType::__toString() is deprecated

/home/travis/build/composer/composer/tests/Composer/Test/Package/Loader/ValidatingArrayLoaderTest.php:213

58) Composer\Test\Package\Loader\ValidatingArrayLoaderTest::testLoadSkipsWarningDataWhenIgnoringErrors with data set #3 (array('Foo/Bar'), array('Deprecation warning: Your pac...error.'))
Function ReflectionType::__toString() is deprecated

/home/travis/build/composer/composer/tests/Composer/Test/Package/Loader/ValidatingArrayLoaderTest.php:213

59) Composer\Test\Package\Loader\ValidatingArrayLoaderTest::testLoadSkipsWarningDataWhenIgnoringErrors with data set #4 (array('foo/bar', array('foo:bar', 'foo:bar', 'foo:bar', 'foo:bar', 'foo:bar')), array('support.source : invalid valu...ps URL', 'support.forum : invalid value...ps URL', 'support.issues : invalid valu...ps URL', 'support.wiki : invalid value ...ps URL', 'support.chat : invalid value ...ps URL'))
Function ReflectionType::__toString() is deprecated

/home/travis/build/composer/composer/tests/Composer/Test/Package/Loader/ValidatingArrayLoaderTest.php:213

60) Composer\Test\Package\LockerTest::testIsLocked
Function ReflectionType::__toString() is deprecated

/home/travis/build/composer/composer/tests/Composer/Test/Package/LockerTest.php:270
/home/travis/build/composer/composer/tests/Composer/Test/Package/LockerTest.php:23

61) Composer\Test\Package\LockerTest::testGetNotLockedPackages
Function ReflectionType::__toString() is deprecated

/home/travis/build/composer/composer/tests/Composer/Test/Package/LockerTest.php:270
/home/travis/build/composer/composer/tests/Composer/Test/Package/LockerTest.php:46

62) Composer\Test\Package\LockerTest::testGetLockedPackages
Function ReflectionType::__toString() is deprecated

/home/travis/build/composer/composer/tests/Composer/Test/Package/LockerTest.php:270
/home/travis/build/composer/composer/tests/Composer/Test/Package/LockerTest.php:64

63) Composer\Test\Package\LockerTest::testSetLockData
Function ReflectionType::__toString() is deprecated

/home/travis/build/composer/composer/tests/Composer/Test/Package/LockerTest.php:270
/home/travis/build/composer/composer/tests/Composer/Test/Package/LockerTest.php:91

64) Composer\Test\Package\LockerTest::testLockBadPackages
Function ReflectionType::__toString() is deprecated

/home/travis/build/composer/composer/tests/Composer/Test/Package/LockerTest.php:270
/home/travis/build/composer/composer/tests/Composer/Test/Package/LockerTest.php:164

65) Composer\Test\Package\LockerTest::testIsFresh
Function ReflectionType::__toString() is deprecated

/home/travis/build/composer/composer/tests/Composer/Test/Package/LockerTest.php:270
/home/travis/build/composer/composer/tests/Composer/Test/Package/LockerTest.php:183

66) Composer\Test\Package\LockerTest::testIsFreshFalse
Function ReflectionType::__toString() is deprecated

/home/travis/build/composer/composer/tests/Composer/Test/Package/LockerTest.php:270
/home/travis/build/composer/composer/tests/Composer/Test/Package/LockerTest.php:200

67) Composer\Test\Package\LockerTest::testIsFreshWithContentHash
Function ReflectionType::__toString() is deprecated

/home/travis/build/composer/composer/tests/Composer/Test/Package/LockerTest.php:270
/home/travis/build/composer/composer/tests/Composer/Test/Package/LockerTest.php:216

68) Composer\Test\Package\LockerTest::testIsFreshWithContentHashAndNoHash
Function ReflectionType::__toString() is deprecated

/home/travis/build/composer/composer/tests/Composer/Test/Package/LockerTest.php:270
/home/travis/build/composer/composer/tests/Composer/Test/Package/LockerTest.php:233

69) Composer\Test\Package\LockerTest::testIsFreshFalseWithContentHash
Function ReflectionType::__toString() is deprecated

/home/travis/build/composer/composer/tests/Composer/Test/Package/LockerTest.php:270
/home/travis/build/composer/composer/tests/Composer/Test/Package/LockerTest.php:250

70) Composer\Test\Package\Version\VersionSelectorTest::testLatestVersionIsReturned
Function ReflectionType::__toString() is deprecated

/home/travis/build/composer/composer/tests/Composer/Test/Package/Version/VersionSelectorTest.php:278
/home/travis/build/composer/composer/tests/Composer/Test/Package/Version/VersionSelectorTest.php:36

71) Composer\Test\Package\Version\VersionSelectorTest::testLatestVersionIsReturnedThatMatchesPhpRequirement
Function ReflectionType::__toString() is deprecated

/home/travis/build/composer/composer/tests/Composer/Test/Package/Version/VersionSelectorTest.php:278
/home/travis/build/composer/composer/tests/Composer/Test/Package/Version/VersionSelectorTest.php:60

72) Composer\Test\Package\Version\VersionSelectorTest::testMostStableVersionIsReturned
Function ReflectionType::__toString() is deprecated

/home/travis/build/composer/composer/tests/Composer/Test/Package/Version/VersionSelectorTest.php:278
/home/travis/build/composer/composer/tests/Composer/Test/Package/Version/VersionSelectorTest.php:80

73) Composer\Test\Package\Version\VersionSelectorTest::testMostStableVersionIsReturnedRegardlessOfOrder
Function ReflectionType::__toString() is deprecated

/home/travis/build/composer/composer/tests/Composer/Test/Package/Version/VersionSelectorTest.php:278
/home/travis/build/composer/composer/tests/Composer/Test/Package/Version/VersionSelectorTest.php:100

74) Composer\Test\Package\Version\VersionSelectorTest::testHighestVersionIsReturned
Function ReflectionType::__toString() is deprecated

/home/travis/build/composer/composer/tests/Composer/Test/Package/Version/VersionSelectorTest.php:278
/home/travis/build/composer/composer/tests/Composer/Test/Package/Version/VersionSelectorTest.php:127

75) Composer\Test\Package\Version\VersionSelectorTest::testHighestVersionMatchingStabilityIsReturned
Function ReflectionType::__toString() is deprecated

/home/travis/build/composer/composer/tests/Composer/Test/Package/Version/VersionSelectorTest.php:278
/home/travis/build/composer/composer/tests/Composer/Test/Package/Version/VersionSelectorTest.php:148

76) Composer\Test\Package\Version\VersionSelectorTest::testMostStableUnstableVersionIsReturned
Function ReflectionType::__toString() is deprecated

/home/travis/build/composer/composer/tests/Composer/Test/Package/Version/VersionSelectorTest.php:278
/home/travis/build/composer/composer/tests/Composer/Test/Package/Version/VersionSelectorTest.php:168

77) Composer\Test\Package\Version\VersionSelectorTest::testFalseReturnedOnNoPackages
Function ReflectionType::__toString() is deprecated

/home/travis/build/composer/composer/tests/Composer/Test/Package/Version/VersionSelectorTest.php:278
/home/travis/build/composer/composer/tests/Composer/Test/Package/Version/VersionSelectorTest.php:182

78) Composer\Test\Package\Version\VersionSelectorTest::testFindRecommendedRequireVersion with data set #0 ('1.2.1', false, 'stable', '^1.2')
Function ReflectionType::__toString() is deprecated

/home/travis/build/composer/composer/tests/Composer/Test/Package/Version/VersionSelectorTest.php:278
/home/travis/build/composer/composer/tests/Composer/Test/Package/Version/VersionSelectorTest.php:197

79) Composer\Test\Package\Version\VersionSelectorTest::testFindRecommendedRequireVersion with data set #1 ('1.2', false, 'stable', '^1.2')
Function ReflectionType::__toString() is deprecated

/home/travis/build/composer/composer/tests/Composer/Test/Package/Version/VersionSelectorTest.php:278
/home/travis/build/composer/composer/tests/Composer/Test/Package/Version/VersionSelectorTest.php:197

80) Composer\Test\Package\Version\VersionSelectorTest::testFindRecommendedRequireVersion with data set #2 ('v1.2.1', false, 'stable', '^1.2')
Function ReflectionType::__toString() is deprecated

/home/travis/build/composer/composer/tests/Composer/Test/Package/Version/VersionSelectorTest.php:278
/home/travis/build/composer/composer/tests/Composer/Test/Package/Version/VersionSelectorTest.php:197

81) Composer\Test\Package\Version\VersionSelectorTest::testFindRecommendedRequireVersion with data set #3 ('3.1.2-pl2', false, 'stable', '^3.1')
Function ReflectionType::__toString() is deprecated

/home/travis/build/composer/composer/tests/Composer/Test/Package/Version/VersionSelectorTest.php:278
/home/travis/build/composer/composer/tests/Composer/Test/Package/Version/VersionSelectorTest.php:197

82) Composer\Test\Package\Version\VersionSelectorTest::testFindRecommendedRequireVersion with data set #4 ('3.1.2-patch', false, 'stable', '^3.1')
Function ReflectionType::__toString() is deprecated

/home/travis/build/composer/composer/tests/Composer/Test/Package/Version/VersionSelectorTest.php:278
/home/travis/build/composer/composer/tests/Composer/Test/Package/Version/VersionSelectorTest.php:197

83) Composer\Test\Package\Version\VersionSelectorTest::testFindRecommendedRequireVersion with data set #5 ('2.0-beta.1', false, 'beta', '^2.0@beta')
Function ReflectionType::__toString() is deprecated

/home/travis/build/composer/composer/tests/Composer/Test/Package/Version/VersionSelectorTest.php:278
/home/travis/build/composer/composer/tests/Composer/Test/Package/Version/VersionSelectorTest.php:197

84) Composer\Test\Package\Version\VersionSelectorTest::testFindRecommendedRequireVersion with data set #6 ('3.1.2-alpha5', false, 'alpha', '^3.1@alpha')
Function ReflectionType::__toString() is deprecated

/home/travis/build/composer/composer/tests/Composer/Test/Package/Version/VersionSelectorTest.php:278
/home/travis/build/composer/composer/tests/Composer/Test/Package/Version/VersionSelectorTest.php:197

85) Composer\Test\Package\Version\VersionSelectorTest::testFindRecommendedRequireVersion with data set #7 ('3.0-RC2', false, 'RC', '^3.0@RC')
Function ReflectionType::__toString() is deprecated

/home/travis/build/composer/composer/tests/Composer/Test/Package/Version/VersionSelectorTest.php:278
/home/travis/build/composer/composer/tests/Composer/Test/Package/Version/VersionSelectorTest.php:197

86) Composer\Test\Package\Version\VersionSelectorTest::testFindRecommendedRequireVersion with data set #8 ('0.1.0', false, 'stable', '^0.1.0')
Function ReflectionType::__toString() is deprecated

/home/travis/build/composer/composer/tests/Composer/Test/Package/Version/VersionSelectorTest.php:278
/home/travis/build/composer/composer/tests/Composer/Test/Package/Version/VersionSelectorTest.php:197

87) Composer\Test\Package\Version\VersionSelectorTest::testFindRecommendedRequireVersion with data set #9 ('0.1.3', false, 'stable', '^0.1.3')
Function ReflectionType::__toString() is deprecated

/home/travis/build/composer/composer/tests/Composer/Test/Package/Version/VersionSelectorTest.php:278
/home/travis/build/composer/composer/tests/Composer/Test/Package/Version/VersionSelectorTest.php:197

88) Composer\Test\Package\Version\VersionSelectorTest::testFindRecommendedRequireVersion with data set #10 ('0.0.3', false, 'stable', '^0.0.3')
Function ReflectionType::__toString() is deprecated

/home/travis/build/composer/composer/tests/Composer/Test/Package/Version/VersionSelectorTest.php:278
/home/travis/build/composer/composer/tests/Composer/Test/Package/Version/VersionSelectorTest.php:197

89) Composer\Test\Package\Version\VersionSelectorTest::testFindRecommendedRequireVersion with data set #11 ('0.0.3-alpha', false, 'alpha', '^0.0.3@alpha')
Function ReflectionType::__toString() is deprecated

/home/travis/build/composer/composer/tests/Composer/Test/Package/Version/VersionSelectorTest.php:278
/home/travis/build/composer/composer/tests/Composer/Test/Package/Version/VersionSelectorTest.php:197

90) Composer\Test\Package\Version\VersionSelectorTest::testFindRecommendedRequireVersion with data set #12 ('v20121020', false, 'stable', 'v20121020')
Function ReflectionType::__toString() is deprecated

/home/travis/build/composer/composer/tests/Composer/Test/Package/Version/VersionSelectorTest.php:278
/home/travis/build/composer/composer/tests/Composer/Test/Package/Version/VersionSelectorTest.php:197

91) Composer\Test\Package\Version\VersionSelectorTest::testFindRecommendedRequireVersion with data set #13 ('v20121020.2', false, 'stable', 'v20121020.2')
Function ReflectionType::__toString() is deprecated

/home/travis/build/composer/composer/tests/Composer/Test/Package/Version/VersionSelectorTest.php:278
/home/travis/build/composer/composer/tests/Composer/Test/Package/Version/VersionSelectorTest.php:197

92) Composer\Test\Package\Version\VersionSelectorTest::testFindRecommendedRequireVersion with data set #14 ('dev-master', true, 'dev', 'dev-master')
Function ReflectionType::__toString() is deprecated

/home/travis/build/composer/composer/tests/Composer/Test/Package/Version/VersionSelectorTest.php:278
/home/travis/build/composer/composer/tests/Composer/Test/Package/Version/VersionSelectorTest.php:197

93) Composer\Test\Package\Version\VersionSelectorTest::testFindRecommendedRequireVersion with data set #15 ('3.1.2-dev', true, 'dev', '3.1.2-dev')
Function ReflectionType::__toString() is deprecated

/home/travis/build/composer/composer/tests/Composer/Test/Package/Version/VersionSelectorTest.php:278
/home/travis/build/composer/composer/tests/Composer/Test/Package/Version/VersionSelectorTest.php:197

94) Composer\Test\Package\Version\VersionSelectorTest::testFindRecommendedRequireVersion with data set #16 ('dev-master', true, 'dev', '^2.1@dev', '2.1.x-dev')
Function ReflectionType::__toString() is deprecated

/home/travis/build/composer/composer/tests/Composer/Test/Package/Version/VersionSelectorTest.php:278
/home/travis/build/composer/composer/tests/Composer/Test/Package/Version/VersionSelectorTest.php:197

95) Composer\Test\Package\Version\VersionSelectorTest::testFindRecommendedRequireVersion with data set #17 ('dev-master', true, 'dev', '^2.1@dev', '2.1-dev')
Function ReflectionType::__toString() is deprecated

/home/travis/build/composer/composer/tests/Composer/Test/Package/Version/VersionSelectorTest.php:278
/home/travis/build/composer/composer/tests/Composer/Test/Package/Version/VersionSelectorTest.php:197

96) Composer\Test\Package\Version\VersionSelectorTest::testFindRecommendedRequireVersion with data set #18 ('dev-master', true, 'dev', '^2.1@dev', '2.1.3.x-dev')
Function ReflectionType::__toString() is deprecated

/home/travis/build/composer/composer/tests/Composer/Test/Package/Version/VersionSelectorTest.php:278
/home/travis/build/composer/composer/tests/Composer/Test/Package/Version/VersionSelectorTest.php:197

97) Composer\Test\Package\Version\VersionSelectorTest::testFindRecommendedRequireVersion with data set #19 ('dev-master', true, 'dev', '^2.0@dev', '2.x-dev')
Function ReflectionType::__toString() is deprecated

/home/travis/build/composer/composer/tests/Composer/Test/Package/Version/VersionSelectorTest.php:278
/home/travis/build/composer/composer/tests/Composer/Test/Package/Version/VersionSelectorTest.php:197

98) Composer\Test\Package\Version\VersionSelectorTest::testFindRecommendedRequireVersion with data set #20 ('dev-master', true, 'dev', '^0.3.0@dev', '0.3.x-dev')
Function ReflectionType::__toString() is deprecated

/home/travis/build/composer/composer/tests/Composer/Test/Package/Version/VersionSelectorTest.php:278
/home/travis/build/composer/composer/tests/Composer/Test/Package/Version/VersionSelectorTest.php:197

99) Composer\Test\Package\Version\VersionSelectorTest::testFindRecommendedRequireVersion with data set #21 ('dev-master', true, 'dev', '^0.0.3@dev', '0.0.3.x-dev')
Function ReflectionType::__toString() is deprecated

/home/travis/build/composer/composer/tests/Composer/Test/Package/Version/VersionSelectorTest.php:278
/home/travis/build/composer/composer/tests/Composer/Test/Package/Version/VersionSelectorTest.php:197

100) Composer\Test\Package\Version\VersionSelectorTest::testFindRecommendedRequireVersion with data set #22 ('3.x-dev', true, 'dev', '^3.0@dev', '3.0.x-dev')
Function ReflectionType::__toString() is deprecated

/home/travis/build/composer/composer/tests/Composer/Test/Package/Version/VersionSelectorTest.php:278
/home/travis/build/composer/composer/tests/Composer/Test/Package/Version/VersionSelectorTest.php:197

101) Composer\Test\Package\Version\VersionSelectorTest::testFindRecommendedRequireVersion with data set #23 ('3.x-dev', true, 'dev', '^3.0@dev', '3.0-dev')
Function ReflectionType::__toString() is deprecated

/home/travis/build/composer/composer/tests/Composer/Test/Package/Version/VersionSelectorTest.php:278
/home/travis/build/composer/composer/tests/Composer/Test/Package/Version/VersionSelectorTest.php:197

[37;41mFAILURES![0m
[37;41mTests: 198[0m[37;41m, Assertions: 218[0m[37;41m, Errors: 101[0m[37;41m.[0m
[41mFAILED[0m tests/Composer/Test/Package
PHP Deprecated:  The each() function is deprecated. This message will be suppressed on further calls in /home/travis/build/composer/composer/vendor/phpunit/phpunit/src/Util/Getopt.php on line 38
Running tests/Composer/Test/Plugin tests

Deprecated: The each() function is deprecated. This message will be suppressed on further calls in /home/travis/build/composer/composer/vendor/phpunit/phpunit/src/Util/Getopt.php on line 38
PHPUnit 4.8.36 by Sebastian Bergmann and contributors.

[31;1mE[0m[31;1mE[0m[31;1mE[0m[31;1mE[0m[31;1mE[0m[31;1mE[0m[31;1mE[0m[31;1mE[0m[31;1mE[0m[31;1mE[0m[31;1mE[0m[31;1mE[0m[31;1mE[0m[31;1mE[0m[31;1mE[0m[31;1mE[0m[31;1mE[0m[31;1mE[0m[31;1mE[0m[31;1mE[0m[31;1mE[0m[31;1mE[0m

Time: 143 ms, Memory: 6.00MB

There were 22 errors:

1) Composer\Test\Plugin\PluginInstallerTest::testInstallNewPlugin
Function ReflectionType::__toString() is deprecated

/home/travis/build/composer/composer/tests/Composer/Test/Plugin/PluginInstallerTest.php:81

2) Composer\Test\Plugin\PluginInstallerTest::testInstallMultiplePlugins
Function ReflectionType::__toString() is deprecated

/home/travis/build/composer/composer/tests/Composer/Test/Plugin/PluginInstallerTest.php:81

3) Composer\Test\Plugin\PluginInstallerTest::testUpgradeWithNewClassName
Function ReflectionType::__toString() is deprecated

/home/travis/build/composer/composer/tests/Composer/Test/Plugin/PluginInstallerTest.php:81

4) Composer\Test\Plugin\PluginInstallerTest::testUpgradeWithSameClassName
Function ReflectionType::__toString() is deprecated

/home/travis/build/composer/composer/tests/Composer/Test/Plugin/PluginInstallerTest.php:81

5) Composer\Test\Plugin\PluginInstallerTest::testRegisterPluginOnlyOneTime
Function ReflectionType::__toString() is deprecated

/home/travis/build/composer/composer/tests/Composer/Test/Plugin/PluginInstallerTest.php:81

6) Composer\Test\Plugin\PluginInstallerTest::testStarPluginVersionWorksWithAnyAPIVersion
Function ReflectionType::__toString() is deprecated

/home/travis/build/composer/composer/tests/Composer/Test/Plugin/PluginInstallerTest.php:81

7) Composer\Test\Plugin\PluginInstallerTest::testPluginConstraintWorksOnlyWithCertainAPIVersion
Function ReflectionType::__toString() is deprecated

/home/travis/build/composer/composer/tests/Composer/Test/Plugin/PluginInstallerTest.php:81

8) Composer\Test\Plugin\PluginInstallerTest::testPluginRangeConstraintsWorkOnlyWithCertainAPIVersion
Function ReflectionType::__toString() is deprecated

/home/travis/build/composer/composer/tests/Composer/Test/Plugin/PluginInstallerTest.php:81

9) Composer\Test\Plugin\PluginInstallerTest::testCommandProviderCapability
Function ReflectionType::__toString() is deprecated

/home/travis/build/composer/composer/tests/Composer/Test/Plugin/PluginInstallerTest.php:81

10) Composer\Test\Plugin\PluginInstallerTest::testIncapablePluginIsCorrectlyDetected
Function ReflectionType::__toString() is deprecated

/home/travis/build/composer/composer/tests/Composer/Test/Plugin/PluginInstallerTest.php:81

11) Composer\Test\Plugin\PluginInstallerTest::testCapabilityImplementsComposerPluginApiClassAndIsConstructedWithArgs
Function ReflectionType::__toString() is deprecated

/home/travis/build/composer/composer/tests/Composer/Test/Plugin/PluginInstallerTest.php:81

12) Composer\Test\Plugin\PluginInstallerTest::testQueryingWithInvalidCapabilityClassNameThrows with data set #0 (null)
Function ReflectionType::__toString() is deprecated

/home/travis/build/composer/composer/tests/Composer/Test/Plugin/PluginInstallerTest.php:81

13) Composer\Test\Plugin\PluginInstallerTest::testQueryingWithInvalidCapabilityClassNameThrows with data set #1 ('')
Function ReflectionType::__toString() is deprecated

/home/travis/build/composer/composer/tests/Composer/Test/Plugin/PluginInstallerTest.php:81

14) Composer\Test\Plugin\PluginInstallerTest::testQueryingWithInvalidCapabilityClassNameThrows with data set #2 (0)
Function ReflectionType::__toString() is deprecated

/home/travis/build/composer/composer/tests/Composer/Test/Plugin/PluginInstallerTest.php:81

15) Composer\Test\Plugin\PluginInstallerTest::testQueryingWithInvalidCapabilityClassNameThrows with data set #3 (1000)
Function ReflectionType::__toString() is deprecated

/home/travis/build/composer/composer/tests/Composer/Test/Plugin/PluginInstallerTest.php:81

16) Composer\Test\Plugin\PluginInstallerTest::testQueryingWithInvalidCapabilityClassNameThrows with data set #4 ('   ')
Function ReflectionType::__toString() is deprecated

/home/travis/build/composer/composer/tests/Composer/Test/Plugin/PluginInstallerTest.php:81

17) Composer\Test\Plugin\PluginInstallerTest::testQueryingWithInvalidCapabilityClassNameThrows with data set #5 (array(1))
Function ReflectionType::__toString() is deprecated

/home/travis/build/composer/composer/tests/Composer/Test/Plugin/PluginInstallerTest.php:81

18) Composer\Test\Plugin\PluginInstallerTest::testQueryingWithInvalidCapabilityClassNameThrows with data set #6 (array())
Function ReflectionType::__toString() is deprecated

/home/travis/build/composer/composer/tests/Composer/Test/Plugin/PluginInstallerTest.php:81

19) Composer\Test\Plugin\PluginInstallerTest::testQueryingWithInvalidCapabilityClassNameThrows with data set #7 (stdClass Object ())
Function ReflectionType::__toString() is deprecated

/home/travis/build/composer/composer/tests/Composer/Test/Plugin/PluginInstallerTest.php:81

20) Composer\Test\Plugin\PluginInstallerTest::testQueryingNonProvidedCapabilityReturnsNullSafely
Function ReflectionType::__toString() is deprecated

/home/travis/build/composer/composer/tests/Composer/Test/Plugin/PluginInstallerTest.php:81

21) Composer\Test\Plugin\PluginInstallerTest::testQueryingWithNonExistingOrWrongCapabilityClassTypesThrows with data set #0 ('\stdClass')
Function ReflectionType::__toString() is deprecated

/home/travis/build/composer/composer/tests/Composer/Test/Plugin/PluginInstallerTest.php:81

22) Composer\Test\Plugin\PluginInstallerTest::testQueryingWithNonExistingOrWrongCapabilityClassTypesThrows with data set #1 ('NonExistentClassLikeMiddleClass')
Function ReflectionType::__toString() is deprecated

/home/travis/build/composer/composer/tests/Composer/Test/Plugin/PluginInstallerTest.php:81

[37;41mFAILURES![0m
[37;41mTests: 22[0m[37;41m, Assertions: 0[0m[37;41m, Errors: 22[0m[37;41m.[0m
[41mFAILED[0m tests/Composer/Test/Plugin
PHP Deprecated:  The each() function is deprecated. This message will be suppressed on further calls in /home/travis/build/composer/composer/vendor/phpunit/phpunit/src/Util/Getopt.php on line 38
Running tests/Composer/Test/Question tests

Deprecated: The each() function is deprecated. This message will be suppressed on further calls in /home/travis/build/composer/composer/vendor/phpunit/phpunit/src/Util/Getopt.php on line 38
PHPUnit 4.8.36 by Sebastian Bergmann and contributors.

...........

Time: 32 ms, Memory: 4.00MB

[30;42mOK (11 tests, 16 assertions)[0m
PHP Deprecated:  The each() function is deprecated. This message will be suppressed on further calls in /home/travis/build/composer/composer/vendor/phpunit/phpunit/src/Util/Getopt.php on line 38
Running tests/Composer/Test/Repository tests

Deprecated: The each() function is deprecated. This message will be suppressed on further calls in /home/travis/build/composer/composer/vendor/phpunit/phpunit/src/Util/Getopt.php on line 38
PHPUnit 4.8.36 by Sebastian Bergmann and contributors.

..........[31;1mE[0m[31;1mE[0m[31;1mE[0m[31;1mE[0m..............[31;1mE[0m[31;1mE[0m[31;1mE[0m[31;1mE[0m[31;1mE[0m[31;1mE[0m[31;1mE[0m[31;1mE[0m..[31;1mE[0m.........[36;1mS[0m[36;1mS[0m[31;1mE[0m[31;1mE[0m[31;1mE[0m[31;1mE[0m[31;1mE[0m[31;1mE[0m[31;1mE[0m[31;1mE[0m[31;1mE[0m[31;1mE[0m[31;1mE[0m[31;1mE[0m[31;1mE[0m  63 / 127 ( 49%)
[31;1mE[0m[31;1mE[0m[31;1mE[0m[36;1mS[0m[31;1mE[0m[31;1mE[0m[31;1mE[0m[31;1mE[0m[31;1mE[0m......................................[31;1mE[0m[31;1mE[0m[31;1mE[0m[31;1mE[0m[31;1mE[0m[31;1mE[0m[31;1mE[0m[36;1mS[0m[36;1mS[0m[31;1mE[0m[31;1mE[0m[31;1mE[0m[31;1mE[0m[31;1mE[0m[31;1mE[0m[31;1mE[0m 126 / 127 ( 99%)
[36;1mS[0m

Time: 327 ms, Memory: 12.00MB

There were 48 errors:

1) Composer\Test\Repository\ComposerRepositoryTest::testLoadData with data set #0 (array(array('foo/bar', '1.0.0')), array(array('foo/bar', array(array('foo/bar', '1.0.0')))))
Function ReflectionType::__toString() is deprecated

/home/travis/build/composer/composer/tests/Composer/Test/Repository/ComposerRepositoryTest.php:41

2) Composer\Test\Repository\ComposerRepositoryTest::testLoadData with data set #1 (array(array('bar/foo', '3.14'), array('bar/foo', '3.145')), array(array(array(array('bar/foo', '3.14'), array('bar/foo', '3.145')))))
Function ReflectionType::__toString() is deprecated

/home/travis/build/composer/composer/tests/Composer/Test/Repository/ComposerRepositoryTest.php:41

3) Composer\Test\Repository\ComposerRepositoryTest::testWhatProvides
Function ReflectionType::__toString() is deprecated

/home/travis/build/composer/composer/tests/Composer/Test/Repository/ComposerRepositoryTest.php:145

4) Composer\Test\Repository\ComposerRepositoryTest::testSearchWithType
Function ReflectionType::__toString() is deprecated

/home/travis/build/composer/composer/tests/Composer/Test/Repository/ComposerRepositoryTest.php:184

5) Composer\Test\Repository\FilesystemRepositoryTest::testRepositoryRead
Function ReflectionType::__toString() is deprecated

/home/travis/build/composer/composer/tests/Composer/Test/Repository/FilesystemRepositoryTest.php:109
/home/travis/build/composer/composer/tests/Composer/Test/Repository/FilesystemRepositoryTest.php:22

6) Composer\Test\Repository\FilesystemRepositoryTest::testCorruptedRepositoryFile
Function ReflectionType::__toString() is deprecated

/home/travis/build/composer/composer/tests/Composer/Test/Repository/FilesystemRepositoryTest.php:109
/home/travis/build/composer/composer/tests/Composer/Test/Repository/FilesystemRepositoryTest.php:50

7) Composer\Test\Repository\FilesystemRepositoryTest::testUnexistentRepositoryFile
Function ReflectionType::__toString() is deprecated

/home/travis/build/composer/composer/tests/Composer/Test/Repository/FilesystemRepositoryTest.php:109
/home/travis/build/composer/composer/tests/Composer/Test/Repository/FilesystemRepositoryTest.php:68

8) Composer\Test\Repository\FilesystemRepositoryTest::testRepositoryWrite
Function ReflectionType::__toString() is deprecated

/home/travis/build/composer/composer/tests/Composer/Test/Repository/FilesystemRepositoryTest.php:109
/home/travis/build/composer/composer/tests/Composer/Test/Repository/FilesystemRepositoryTest.php:82

9) Composer\Test\Repository\PathRepositoryTest::testLoadPackageFromFileSystemWithVersion
Function ReflectionType::__toString() is deprecated

/home/travis/build/composer/composer/tests/Composer/Test/Repository/PathRepositoryTest.php:25

10) Composer\Test\Repository\PathRepositoryTest::testLoadPackageFromFileSystemWithoutVersion
Function ReflectionType::__toString() is deprecated

/home/travis/build/composer/composer/tests/Composer/Test/Repository/PathRepositoryTest.php:41

11) Composer\Test\Repository\PathRepositoryTest::testLoadPackageFromFileSystemWithWildcard
Function ReflectionType::__toString() is deprecated

/home/travis/build/composer/composer/tests/Composer/Test/Repository/PathRepositoryTest.php:62

12) Composer\Test\Repository\PathRepositoryTest::testUrlRemainsRelative
Function ReflectionType::__toString() is deprecated

/home/travis/build/composer/composer/tests/Composer/Test/Repository/PathRepositoryTest.php:90

13) Composer\Test\Repository\Pear\ChannelReaderTest::testShouldCreatePackages
Function ReflectionType::__toString() is deprecated

/home/travis/build/composer/composer/tests/Composer/Test/Repository/Pear/ChannelReaderTest.php:73

14) Composer\Test\Repository\RepositoryFactoryTest::testManagerWithAllRepositoryTypes
Function ReflectionType::__toString() is deprecated

/home/travis/build/composer/composer/tests/Composer/Test/Repository/RepositoryFactoryTest.php:23

15) Composer\Test\Repository\RepositoryManagerTest::testPrepend
Function ReflectionType::__toString() is deprecated

/home/travis/build/composer/composer/tests/Composer/Test/Repository/RepositoryManagerTest.php:39

16) Composer\Test\Repository\RepositoryManagerTest::testRepoCreation with data set #0 ('composer', array('http://example.org'))
Function ReflectionType::__toString() is deprecated

/home/travis/build/composer/composer/tests/Composer/Test/Repository/RepositoryManagerTest.php:62

17) Composer\Test\Repository\RepositoryManagerTest::testRepoCreation with data set #1 ('vcs', array('http://github.com/foo/bar'))
Function ReflectionType::__toString() is deprecated

/home/travis/build/composer/composer/tests/Composer/Test/Repository/RepositoryManagerTest.php:62

18) Composer\Test\Repository\RepositoryManagerTest::testRepoCreation with data set #2 ('git', array('http://github.com/foo/bar'))
Function ReflectionType::__toString() is deprecated

/home/travis/build/composer/composer/tests/Composer/Test/Repository/RepositoryManagerTest.php:62

19) Composer\Test\Repository\RepositoryManagerTest::testRepoCreation with data set #3 ('git', array('git@example.org:foo/bar.git'))
Function ReflectionType::__toString() is deprecated

/home/travis/build/composer/composer/tests/Composer/Test/Repository/RepositoryManagerTest.php:62

20) Composer\Test\Repository\RepositoryManagerTest::testRepoCreation with data set #4 ('svn', array('svn://example.org/foo/bar'))
Function ReflectionType::__toString() is deprecated

/home/travis/build/composer/composer/tests/Composer/Test/Repository/RepositoryManagerTest.php:62

21) Composer\Test\Repository\RepositoryManagerTest::testRepoCreation with data set #5 ('pear', array('http://pear.example.org/foo'))
Function ReflectionType::__toString() is deprecated

/home/travis/build/composer/composer/tests/Composer/Test/Repository/RepositoryManagerTest.php:62

22) Composer\Test\Repository\RepositoryManagerTest::testRepoCreation with data set #6 ('package', array(array()))
Function ReflectionType::__toString() is deprecated

/home/travis/build/composer/composer/tests/Composer/Test/Repository/RepositoryManagerTest.php:62

23) Composer\Test\Repository\RepositoryManagerTest::testRepoCreation with data set #7 ('invalid', array(), 'InvalidArgumentException')
Function ReflectionType::__toString() is deprecated

/home/travis/build/composer/composer/tests/Composer/Test/Repository/RepositoryManagerTest.php:62

24) Composer\Test\Repository\RepositoryManagerTest::testRepoCreation with data set #8 ('artifact', array('/path/to/zips'))
Function ReflectionType::__toString() is deprecated

/home/travis/build/composer/composer/tests/Composer/Test/Repository/RepositoryManagerTest.php:62

25) Composer\Test\Repository\Vcs\FossilDriverTest::testSupport with data set #0 ('http://fossil.kd2.org/kd2fw/', true)
Function ReflectionType::__toString() is deprecated

/home/travis/build/composer/composer/tests/Composer/Test/Repository/Vcs/FossilDriverTest.php:67

26) Composer\Test\Repository\Vcs\FossilDriverTest::testSupport with data set #1 ('https://chiselapp.com/user/rk.../index', true)
Function ReflectionType::__toString() is deprecated

/home/travis/build/composer/composer/tests/Composer/Test/Repository/Vcs/FossilDriverTest.php:67

27) Composer\Test\Repository\Vcs\FossilDriverTest::testSupport with data set #2 ('ssh://fossil.kd2.org/kd2fw.fossil', true)
Function ReflectionType::__toString() is deprecated

/home/travis/build/composer/composer/tests/Composer/Test/Repository/Vcs/FossilDriverTest.php:67

28) Composer\Test\Repository\Vcs\GitBitbucketDriverTest::testGetRootIdentifierWrongScmType
Function ReflectionType::__toString() is deprecated

/home/travis/build/composer/composer/tests/Composer/Test/Repository/Vcs/GitBitbucketDriverTest.php:38

29) Composer\Test\Repository\Vcs\GitBitbucketDriverTest::testDriver
Function ReflectionType::__toString() is deprecated

/home/travis/build/composer/composer/tests/Composer/Test/Repository/Vcs/GitBitbucketDriverTest.php:38

30) Composer\Test\Repository\Vcs\GitBitbucketDriverTest::testSupports
Function ReflectionType::__toString() is deprecated

/home/travis/build/composer/composer/tests/Composer/Test/Repository/Vcs/GitBitbucketDriverTest.php:38

31) Composer\Test\Repository\Vcs\GitHubDriverTest::testPrivateRepository
Function ReflectionType::__toString() is deprecated

/home/travis/build/composer/composer/tests/Composer/Test/Repository/Vcs/GitHubDriverTest.php:51

32) Composer\Test\Repository\Vcs\GitHubDriverTest::testPublicRepository
Function ReflectionType::__toString() is deprecated

/home/travis/build/composer/composer/tests/Composer/Test/Repository/Vcs/GitHubDriverTest.php:122

33) Composer\Test\Repository\Vcs\GitHubDriverTest::testPublicRepository2
Function ReflectionType::__toString() is deprecated

/home/travis/build/composer/composer/tests/Composer/Test/Repository/Vcs/GitHubDriverTest.php:165

34) Composer\Test\Repository\Vcs\GitHubDriverTest::testPrivateRepositoryNoInteraction
Function ReflectionType::__toString() is deprecated

/home/travis/build/composer/composer/tests/Composer/Test/Repository/Vcs/GitHubDriverTest.php:225

35) Composer\Test\Repository\Vcs\HgDriverTest::testSupports with data set #0 ('ssh://bitbucket.org/user/repo')
Function ReflectionType::__toString() is deprecated

/home/travis/build/composer/composer/tests/Composer/Test/Repository/Vcs/HgDriverTest.php:31

36) Composer\Test\Repository\Vcs\HgDriverTest::testSupports with data set #1 ('ssh://hg@bitbucket.org/user/repo')
Function ReflectionType::__toString() is deprecated

/home/travis/build/composer/composer/tests/Composer/Test/Repository/Vcs/HgDriverTest.php:31

37) Composer\Test\Repository\Vcs\HgDriverTest::testSupports with data set #2 ('ssh://user@bitbucket.org/user/repo')
Function ReflectionType::__toString() is deprecated

/home/travis/build/composer/composer/tests/Composer/Test/Repository/Vcs/HgDriverTest.php:31

38) Composer\Test\Repository\Vcs\HgDriverTest::testSupports with data set #3 ('https://bitbucket.org/user/repo')
Function ReflectionType::__toString() is deprecated

/home/travis/build/composer/composer/tests/Composer/Test/Repository/Vcs/HgDriverTest.php:31

39) Composer\Test\Repository\Vcs\HgDriverTest::testSupports with data set #4 ('https://user@bitbucket.org/user/repo')
Function ReflectionType::__toString() is deprecated

/home/travis/build/composer/composer/tests/Composer/Test/Repository/Vcs/HgDriverTest.php:31

40) Composer\Test\Repository\Vcs\PerforceDriverTest::testInitializeCapturesVariablesFromRepoConfig
Function ReflectionType::__toString() is deprecated

/home/travis/build/composer/composer/tests/Composer/Test/Repository/Vcs/PerforceDriverTest.php:94
/home/travis/build/composer/composer/tests/Composer/Test/Repository/Vcs/PerforceDriverTest.php:44

41) Composer\Test\Repository\Vcs\PerforceDriverTest::testInitializeLogsInAndConnectsClient
Function ReflectionType::__toString() is deprecated

/home/travis/build/composer/composer/tests/Composer/Test/Repository/Vcs/PerforceDriverTest.php:94
/home/travis/build/composer/composer/tests/Composer/Test/Repository/Vcs/PerforceDriverTest.php:44

42) Composer\Test\Repository\Vcs\PerforceDriverTest::testSupportsReturnsFalseNoDeepCheck
Function ReflectionType::__toString() is deprecated

/home/travis/build/composer/composer/tests/Composer/Test/Repository/Vcs/PerforceDriverTest.php:94
/home/travis/build/composer/composer/tests/Composer/Test/Repository/Vcs/PerforceDriverTest.php:44

43) Composer\Test\Repository\Vcs\PerforceDriverTest::testCleanup
Function ReflectionType::__toString() is deprecated

/home/travis/build/composer/composer/tests/Composer/Test/Repository/Vcs/PerforceDriverTest.php:94
/home/travis/build/composer/composer/tests/Composer/Test/Repository/Vcs/PerforceDriverTest.php:44

44) Composer\Test\Repository\Vcs\SvnDriverTest::testWrongCredentialsInUrl
Function ReflectionType::__toString() is deprecated

/home/travis/build/composer/composer/tests/Composer/Test/Repository/Vcs/SvnDriverTest.php:48

45) Composer\Test\Repository\Vcs\SvnDriverTest::testSupport with data set #0 ('http://svn.apache.org', true)
Function ReflectionType::__toString() is deprecated

/home/travis/build/composer/composer/tests/Composer/Test/Repository/Vcs/SvnDriverTest.php:98

46) Composer\Test\Repository\Vcs\SvnDriverTest::testSupport with data set #1 ('https://svn.sf.net', true)
Function ReflectionType::__toString() is deprecated

/home/travis/build/composer/composer/tests/Composer/Test/Repository/Vcs/SvnDriverTest.php:98

47) Composer\Test\Repository\Vcs\SvnDriverTest::testSupport with data set #2 ('svn://example.org', true)
Function ReflectionType::__toString() is deprecated

/home/travis/build/composer/composer/tests/Composer/Test/Repository/Vcs/SvnDriverTest.php:98

48) Composer\Test\Repository\Vcs\SvnDriverTest::testSupport with data set #3 ('svn+ssh://example.org', true)
Function ReflectionType::__toString() is deprecated

/home/travis/build/composer/composer/tests/Composer/Test/Repository/Vcs/SvnDriverTest.php:98

[37;41mFAILURES![0m
[37;41mTests: 124[0m[37;41m, Assertions: 207[0m[37;41m, Errors: 48[0m[37;41m, Skipped: 6[0m[37;41m.[0m
[41mFAILED[0m tests/Composer/Test/Repository
PHP Deprecated:  The each() function is deprecated. This message will be suppressed on further calls in /home/travis/build/composer/composer/vendor/phpunit/phpunit/src/Util/Getopt.php on line 38
Running tests/Composer/Test/Util tests

Deprecated: The each() function is deprecated. This message will be suppressed on further calls in /home/travis/build/composer/composer/vendor/phpunit/phpunit/src/Util/Getopt.php on line 38
PHPUnit 4.8.36 by Sebastian Bergmann and contributors.

[31;1mE[0m[31;1mE[0m[31;1mE[0m[31;1mE[0m[31;1mE[0m..........................................................  63 / 242 ( 26%)
............................................................... 126 / 242 ( 52%)
.................................................[31;1mE[0m[31;1mE[0m............ 189 / 242 ( 78%)
.....................................................

Time: 1.39 seconds, Memory: 10.00MB

There were 7 errors:

1) Composer\Test\Util\BitbucketTest::testRequestAccessTokenWithValidOAuthConsumer
Function ReflectionType::__toString() is deprecated

/home/travis/build/composer/composer/tests/Composer/Test/Util/BitbucketTest.php:47

2) Composer\Test\Util\BitbucketTest::testRequestAccessTokenWithValidOAuthConsumerAndValidStoredAccessToken
Function ReflectionType::__toString() is deprecated

/home/travis/build/composer/composer/tests/Composer/Test/Util/BitbucketTest.php:47

3) Composer\Test\Util\BitbucketTest::testRequestAccessTokenWithValidOAuthConsumerAndExpiredAccessToken
Function ReflectionType::__toString() is deprecated

/home/travis/build/composer/composer/tests/Composer/Test/Util/BitbucketTest.php:47

4) Composer\Test\Util\BitbucketTest::testRequestAccessTokenWithUsernameAndPassword
Function ReflectionType::__toString() is deprecated

/home/travis/build/composer/composer/tests/Composer/Test/Util/BitbucketTest.php:47

5) Composer\Test\Util\BitbucketTest::testUsernamePasswordAuthenticationFlow
Function ReflectionType::__toString() is deprecated

/home/travis/build/composer/composer/tests/Composer/Test/Util/BitbucketTest.php:47

6) Composer\Test\Util\RemoteFilesystemTest::testGetOptionsForUrlWithStreamOptions
ErrorException: Trying to access array offset on value of type null

/home/travis/build/composer/composer/src/Composer/Util/RemoteFilesystem.php:829
/home/travis/build/composer/composer/tests/Composer/Test/Util/RemoteFilesystemTest.php:289
/home/travis/build/composer/composer/tests/Composer/Test/Util/RemoteFilesystemTest.php:71

7) Composer\Test\Util\RemoteFilesystemTest::testGetOptionsForUrlWithCallOptionsKeepsHeader
ErrorException: Trying to access array offset on value of type null

/home/travis/build/composer/composer/src/Composer/Util/RemoteFilesystem.php:829
/home/travis/build/composer/composer/tests/Composer/Test/Util/RemoteFilesystemTest.php:289
/home/travis/build/composer/composer/tests/Composer/Test/Util/RemoteFilesystemTest.php:88

[37;41mFAILURES![0m
[37;41mTests: 242[0m[37;41m, Assertions: 390[0m[37;41m, Errors: 7[0m[37;41m.[0m
[41mFAILED[0m tests/Composer/Test/Util
PHP Deprecated:  The each() function is deprecated. This message will be suppressed on further calls in /home/travis/build/composer/composer/vendor/phpunit/phpunit/src/Util/Getopt.php on line 38
travis_time:end:2d5d0888:start=1563107340965765937,finish=1563107361604131974,duration=20638366037[0K[31;1mThe command "ls -d tests/Composer/Test/* | grep -v TestCase.php | parallel --gnu --keep-order 'echo "Running {} tests"; ./vendor/bin/phpunit -c tests/complete.phpunit.xml --colors=always {} || (echo -e "[41mFAILED[0m {}" && exit 1);'" exited with 15.[0m

travis_fold:start:cache.2[0Kstore build cache
travis_time:start:007136f1[0Ktravis_time:end:007136f1:start=1563107361609010851,finish=1563107361612089263,duration=3078412[0Ktravis_time:start:08dee516[0K[32;1mchanges detected, packing new archive[0m
[32;1muploading PR.8225/cache-linux-trusty-e3b0c44298fc1c149afbf4c8996fb92427ae41e4649b934ca495991b7852b855--php-7.4snapshot.tgz[0m
[32;1mcache uploaded[0m
travis_time:end:08dee516:start=1563107361615978375,finish=1563107362898620976,duration=1282642601[0Ktravis_fold:end:cache.2[0K

Done. Your build exited with 1.
