travis_fold:start:worker_info[0K[33;1mWorker information[0m
hostname: 8dd58551-57a0-4a41-9288-8435dee5d448@1.production-1-worker-org-gce-ptn6
version: v6.2.0 https://github.com/travis-ci/worker/tree/5e5476e01646095f48eec13196fdb3faf8f5cbf7
instance: travis-job-3ae22b96-6a91-4988-94cc-d4732a8a6f73 travis-ci-sardonyx-xenial-1553530528-f909ac5 (via amqp)
startup: 7.604127561s
travis_fold:end:worker_info[0Ktravis_fold:start:system_info[0K[33;1mBuild system information[0m
Build language: java
Build group: stable
Build dist: xenial
Build id: 561008032
Job id: 561008033
Runtime kernel version: 4.15.0-1028-gcp
travis-build version: 24c88d12b
[34m[1mBuild image provisioning date and time[0m
Mon Mar 25 16:43:24 UTC 2019
[34m[1mOperating System Details[0m
Distributor ID:	Ubuntu
Description:	Ubuntu 16.04.6 LTS
Release:	16.04
Codename:	xenial
[34m[1mSystemd Version[0m
systemd 229
[34m[1mCookbooks Version[0m
42e42e4 https://github.com/travis-ci/travis-cookbooks/tree/42e42e4
[34m[1mgit version[0m
git version 2.21.0
[34m[1mbash version[0m
GNU bash, version 4.3.48(1)-release (x86_64-pc-linux-gnu)
[34m[1mgcc version[0m
gcc (Ubuntu 5.4.0-6ubuntu1~16.04.11) 5.4.0 20160609
[34m[1mdocker version[0m
Client:
 Version:           18.06.0-ce
 API version:       1.38
 Go version:        go1.10.3
 Git commit:        0ffa825
 Built:             Wed Jul 18 19:11:02 2018
 OS/Arch:           linux/amd64
 Experimental:      false

Server:
 Engine:
  Version:          18.06.0-ce
  API version:      1.38 (minimum version 1.12)
  Go version:       go1.10.3
  Git commit:       0ffa825
  Built:            Wed Jul 18 19:09:05 2018
  OS/Arch:          linux/amd64
  Experimental:     false
[34m[1mclang version[0m
clang version 7.0.0 (tags/RELEASE_700/final)
[34m[1mjq version[0m
jq-1.5
[34m[1mbats version[0m
Bats 0.4.0
[34m[1mshellcheck version[0m
0.6.0
[34m[1mshfmt version[0m
v2.6.3
[34m[1mccache version[0m
3.2.4
[34m[1mcmake version[0m
cmake version 3.12.4
[34m[1mheroku version[0m
heroku/7.22.7 linux-x64 node-v11.10.1
[34m[1mimagemagick version[0m
Version: ImageMagick 6.8.9-9 Q16 x86_64 2018-09-28 http://www.imagemagick.org
[34m[1mmd5deep version[0m
4.4
[34m[1mmercurial version[0m
version 4.8
[34m[1mmysql version[0m
mysql  Ver 14.14 Distrib 5.7.25, for Linux (x86_64) using  EditLine wrapper
[34m[1mopenssl version[0m
OpenSSL 1.0.2g  1 Mar 2016
[34m[1mpacker version[0m
1.3.3
[34m[1mpostgresql client version[0m
psql (PostgreSQL) 10.7 (Ubuntu 10.7-1.pgdg16.04+1)
[34m[1mragel version[0m
Ragel State Machine Compiler version 6.8 Feb 2013
[34m[1msudo version[0m
1.8.16
[34m[1mgzip version[0m
gzip 1.6
[34m[1mzip version[0m
Zip 3.0
[34m[1mvim version[0m
VIM - Vi IMproved 7.4 (2013 Aug 10, compiled Nov 24 2016 16:44:48)
[34m[1miptables version[0m
iptables v1.6.0
[34m[1mcurl version[0m
curl 7.47.0 (x86_64-pc-linux-gnu) libcurl/7.47.0 GnuTLS/3.4.10 zlib/1.2.8 libidn/1.32 librtmp/2.3
[34m[1mwget version[0m
GNU Wget 1.17.1 built on linux-gnu.
[34m[1mrsync version[0m
rsync  version 3.1.1  protocol version 31
[34m[1mgimme version[0m
v1.5.3
[34m[1mnvm version[0m
0.34.0
[34m[1mperlbrew version[0m
/home/travis/perl5/perlbrew/bin/perlbrew  - App::perlbrew/0.86
[34m[1mphpenv version[0m
rbenv 1.1.2
[34m[1mrvm version[0m
rvm 1.29.7 (latest) by Michal Papis, Piotr Kuczynski, Wayne E. Seguin [https://rvm.io]
[34m[1mdefault ruby version[0m
ruby 2.5.3p105 (2018-10-18 revision 65156) [x86_64-linux]
[34m[1mCouchDB version[0m
couchdb 1.6.1
[34m[1mElasticSearch version[0m
5.5.0
[34m[1mInstalled Firefox version[0m
firefox 63.0.1
[34m[1mMongoDB version[0m
MongoDB 4.0.7
[34m[1mPhantomJS version[0m
2.1.1
[34m[1mPre-installed PostgreSQL versions[0m
9.4.21
9.5.16
9.6.12
[34m[1mRedis version[0m
redis-server 5.0.4
[34m[1mPre-installed Go versions[0m
1.11.1
[34m[1mmvn version[0m
Apache Maven 3.6.0 (97c98ec64a1fdfee7767ce5ffb20918da4f719f3; 2018-10-24T18:41:47Z)
[34m[1mgradle version[0m
Gradle 4.10.2!
[34m[1mlein version[0m
Leiningen 2.9.1 on Java 11.0.2 OpenJDK 64-Bit Server VM
[34m[1mPre-installed Node.js versions[0m
v10.15.3
v11.0.0
v4.9.1
v6.17.0
v8.12.0
v8.15.1
v8.9
[34m[1mphpenv versions[0m
  system
  5.6
  5.6.40
  7.1
  7.1.27
  7.2
* 7.2.15 (set by /home/travis/.phpenv/version)
  hhvm
  hhvm-stable
[34m[1mcomposer --version[0m
Composer version 1.8.4 2019-02-11 10:52:10
[34m[1mPre-installed Ruby versions[0m
ruby-2.3.8
ruby-2.4.5
ruby-2.5.3
travis_fold:end:system_info[0K
travis_fold:start:docker_mtu[0Ktravis_fold:end:docker_mtu[0Ktravis_fold:start:resolvconf[0Ktravis_fold:end:resolvconf[0K
travis_fold:start:install_jdk[0K[33;1mInstalling openjdk8[0m
travis_fold:end:install_jdk[0K
travis_fold:start:git.checkout[0Ktravis_time:start:077578c4[0K$ git clone --depth=50 --branch=3.x https://github.com/ReactiveX/RxJava.git ReactiveX/RxJava
Cloning into 'ReactiveX/RxJava'...
travis_time:end:077578c4:start=1563542143522937533,finish=1563542145953488211,duration=2430550678[0K$ cd ReactiveX/RxJava
$ git checkout -qf e4eee64bf7b1e78a75b712130bdec12f340bb443
travis_fold:end:git.checkout[0K

[33;1mSetting environment variables from repository settings[0m
$ export GITHUB_TOKEN=[secure]

[33;1mSetting environment variables from .travis.yml[0m
$ export sonatypePassword=[secure]
$ export bintrayUser=[secure]
$ export sonatypeUsername=[secure]
$ export bintrayKey=[secure]

$ export TERM=dumb
travis_fold:start:cache.1[0KSetting up build cache
$ export CASHER_DIR=${TRAVIS_HOME}/.casher
travis_time:start:135a0740[0K$ Installing caching utilities
travis_time:end:135a0740:start=1563542147214205930,finish=1563542147493428010,duration=279222080[0Ktravis_time:start:19c10de4[0Ktravis_time:end:19c10de4:start=1563542147501480548,finish=1563542147505444168,duration=3963620[0Ktravis_time:start:0da5b348[0Kattempting to download cache archive[0m
[32;1mfetching 3.x/cache-linux-xenial-e3b0c44298fc1c149afbf4c8996fb92427ae41e4649b934ca495991b7852b855--jdk-openjdk8.tgz[0m
[32;1mfound cache[0m
travis_time:end:0da5b348:start=1563542147510358267,finish=1563542150197681962,duration=2687323695[0Ktravis_time:start:17e888d8[0Ktravis_time:end:17e888d8:start=1563542150205652094,finish=1563542150210592494,duration=4940400[0Ktravis_time:start:1d42c9fd[0Kadding /home/travis/.m2 to cache[0m
adding /home/travis/.gradle to cache[0m
creating directory /home/travis/.gradle[0m
travis_time:end:1d42c9fd:start=1563542150219955087,finish=1563542153723291984,duration=3503336897[0Ktravis_fold:end:cache.1[0K
$ java -Xmx32m -version
openjdk version "1.8.0_191"
OpenJDK Runtime Environment (build 1.8.0_191-8u191-b12-2ubuntu0.16.04.1-b12)
OpenJDK 64-Bit Server VM (build 25.191-b12, mixed mode)
$ javac -J-Xmx32m -version
javac 1.8.0_191
travis_fold:start:install[0Ktravis_time:start:0ad29c20[0K$ true
travis_time:end:0ad29c20:start=1563542154574581934,finish=1563542154578320343,duration=3738409[0Ktravis_fold:end:install[0Ktravis_time:start:00c9becb[0K$ gradle/buildViaTravis.sh
Build Branch with Snapshot => Branch [3.x]
Starting a Gradle Daemon, 1 incompatible and 2 stopped Daemons could not be reused, use --status for details
JMH: [.*me.champeau.gradle.JMHPluginExtension_Decorated@56bfbe6.*]
ReleaseMode: branch
:compileJavawarning: [options] bootstrap class path not set in conjunction with -source 1.6
1 warning

:processResources NO-SOURCE
:classes
:osgiClasses
:jar
:javadoc/home/travis/build/ReactiveX/RxJava/src/main/java/io/reactivex/Maybe.java:778: warning - Tag @link: reference not found: io.reactivex base reactive classes
/home/travis/build/ReactiveX/RxJava/src/main/java/io/reactivex/Maybe.java:918: warning - Tag @link: reference not found: io.reactivex base reactive classes
/home/travis/build/ReactiveX/RxJava/src/main/java/io/reactivex/processors/package-info.java:39: warning - Tag @see: reference not found: io.reactivex.subjects
/home/travis/build/ReactiveX/RxJava/src/main/java/io/reactivex/subjects/package-info.java:58: warning - Tag @see: reference not found: io.reactivex.processors

4 warnings
:javadocCleanup
Cleaning up: /home/travis/build/ReactiveX/RxJava/build/docs/javadoc/io/reactivex/Flowable.html
Cleaning up: /home/travis/build/ReactiveX/RxJava/build/docs/javadoc/io/reactivex/Observable.html
Cleaning up: /home/travis/build/ReactiveX/RxJava/build/docs/javadoc/io/reactivex/Single.html
Cleaning up: /home/travis/build/ReactiveX/RxJava/build/docs/javadoc/io/reactivex/Maybe.html
Cleaning up: /home/travis/build/ReactiveX/RxJava/build/docs/javadoc/io/reactivex/Completable.html
Cleaning up: /home/travis/build/ReactiveX/RxJava/build/docs/javadoc/io/reactivex/flowables/ConnectableFlowable.html
Cleaning up: /home/travis/build/ReactiveX/RxJava/build/docs/javadoc/io/reactivex/observables/ConnectableObservable.html
Cleaning up: /home/travis/build/ReactiveX/RxJava/build/docs/javadoc/io/reactivex/subjects/ReplaySubject.html
Cleaning up: /home/travis/build/ReactiveX/RxJava/build/docs/javadoc/io/reactivex/processors/ReplayProcessor.html
Cleaning up: /home/travis/build/ReactiveX/RxJava/build/docs/javadoc/io/reactivex/plugins/RxJavaPlugins.html
Cleaning up: /home/travis/build/ReactiveX/RxJava/build/docs/javadoc/io/reactivex/parallel/ParallelFlowable.html
:javadocJar
:sourcesJar
:assemble
:compileJmhJavawarning: [options] bootstrap class path not set in conjunction with -source 1.6
1 warning

:processJmhResources NO-SOURCE
:jmhClasses
:animalsnifferJmh
:animalsnifferMain
:compileTestJavawarning: [options] bootstrap class path not set in conjunction with -source 1.6
1 warning

:processTestResources NO-SOURCE
:testClasses
:animalsnifferTest
:checkstyleJmh
:checkstyleMain
:checkstyleTest
:licenseJmh UP-TO-DATE
:licenseMain UP-TO-DATE
:licenseTest UP-TO-DATE
:license UP-TO-DATE
:test

io.reactivex.subscribers.SafeSubscriberTest > onErrorFailureWithUnsubscribeFailure SKIPPED

io.reactivex.subscribers.SafeSubscriberTest > onErrorSuccessWithUnsubscribeFailure SKIPPED

io.reactivex.subscribers.SafeSubscriberTest > onCompletedThrows SKIPPED

io.reactivex.subscribers.SafeSubscriberTest > onErrorFailureSafe SKIPPED

io.reactivex.subscribers.SafeSubscriberTest > onNextOnErrorFailureSafe SKIPPED

io.reactivex.subscribers.SafeSubscriberTest > onCompleteSuccessWithUnsubscribeFailure SKIPPED

io.reactivex.subscribers.SafeSubscriberTest > onErrorNotImplementedFailureSafe SKIPPED

io.reactivex.subscribers.SafeSubscriberTest > onErrorNotImplementedFailureWithUnsubscribeFailure SKIPPED

io.reactivex.subscribers.SerializedSubscriberTest > threadStarvation SKIPPED

io.reactivex.subscribers.SerializedSubscriberTest > serializeReentrantNullAndError SKIPPED

io.reactivex.subscribers.SerializedSubscriberTest > notificationDelay SKIPPED

io.reactivex.subscribers.SerializedSubscriberTest > serializeReentrantNullAndComplete SKIPPED

io.reactivex.subscribers.SerializedSubscriberTest > serializeAllowsOnError SKIPPED

io.reactivex.subscribers.SerializedSubscriberTest > serializeDrainPhaseThrows SKIPPED

io.reactivex.subscribers.SerializedSubscriberTest > serializeNull SKIPPED

io.reactivex.subscribers.SafeSubscriberWithPluginTest > pluginException SKIPPED

io.reactivex.subscribers.SafeSubscriberWithPluginTest > pluginExceptionWhenUnsubscribing2 SKIPPED

io.reactivex.subscribers.SafeSubscriberWithPluginTest > pluginErrorHandlerReceivesExceptionFromFailingUnsubscribeAfterCompletionThrows SKIPPED

io.reactivex.subscribers.SafeSubscriberWithPluginTest > pluginExceptionWhileOnErrorThrowsAndUnsubscribeThrows SKIPPED

io.reactivex.subscribers.SafeSubscriberWithPluginTest > onCompletedThrows SKIPPED

io.reactivex.subscribers.SafeSubscriberWithPluginTest > pluginExceptionWhileOnErrorThrowsNotImplAndUnsubscribeThrows SKIPPED

io.reactivex.subscribers.SafeSubscriberWithPluginTest > pluginExceptionWhileOnErrorThrows SKIPPED

io.reactivex.subscribers.SafeSubscriberWithPluginTest > pluginExceptionWhileOnErrorUnsubscribeThrows SKIPPED

io.reactivex.subscribers.SafeSubscriberWithPluginTest > pluginErrorHandlerReceivesExceptionWhenUnsubscribeAfterCompletionThrows SKIPPED

io.reactivex.observers.SerializedObserverTest > threadStarvation SKIPPED

io.reactivex.observers.SerializedObserverTest > serializeReentrantNullAndError SKIPPED

io.reactivex.observers.SerializedObserverTest > notificationDelay SKIPPED

io.reactivex.observers.SerializedObserverTest > serializeReentrantNullAndComplete SKIPPED

io.reactivex.observers.SerializedObserverTest > serializeAllowsOnError SKIPPED

io.reactivex.observers.SerializedObserverTest > serializeDrainPhaseThrows SKIPPED

io.reactivex.observers.SerializedObserverTest > serializeNull SKIPPED

io.reactivex.observers.SafeObserverTest > onErrorFailureWithUnsubscribeFailure SKIPPED

io.reactivex.observers.SafeObserverTest > onErrorSuccessWithUnsubscribeFailure SKIPPED

io.reactivex.observers.SafeObserverTest > onCompletedThrows SKIPPED

io.reactivex.observers.SafeObserverTest > onErrorFailureSafe SKIPPED

io.reactivex.observers.SafeObserverTest > onNextOnErrorFailureSafe SKIPPED

io.reactivex.observers.SafeObserverTest > onCompleteSuccessWithUnsubscribeFailure SKIPPED

io.reactivex.observers.SafeObserverTest > onErrorNotImplementedFailureSafe SKIPPED

io.reactivex.observers.SafeObserverTest > onErrorNotImplementedFailureWithUnsubscribeFailure SKIPPED

io.reactivex.observable.ObservableCombineLatestTests > nullEmitting SKIPPED

io.reactivex.observable.ObservableNullTests > flatMapNotificationOnErrorReturnsNull SKIPPED

io.reactivex.observable.ObservableTest > onSubscribeFails SKIPPED

io.reactivex.observable.ObservableTest > errorThrownWithoutErrorHandlerAsynchronous SKIPPED

io.reactivex.observable.ObservableTest > containsWithNull SKIPPED

io.reactivex.observable.ObservableTest > errorThrownWithoutErrorHandlerSynchronous SKIPPED

io.reactivex.observable.ObservableTest > containsWithNullObservable SKIPPED

io.reactivex.plugins.RxJavaPluginsTest > onXLift SKIPPED

io.reactivex.plugins.RxJavaPluginsTest > onPluginsXError SKIPPED

io.reactivex.plugins.RxJavaPluginsTest > clear SKIPPED

io.reactivex.plugins.RxJavaPluginsTest > onPluginsXLift SKIPPED

io.reactivex.plugins.RxJavaPluginsTest > assemblyTrackingObservable SKIPPED

io.reactivex.plugins.RxJavaPluginsTest > assemblyTrackingSingle SKIPPED

io.reactivex.plugins.RxJavaPluginsTest > assemblyTrackingCompletable SKIPPED

io.reactivex.plugins.RxJavaPluginsTest > onXError SKIPPED

io.reactivex.plugins.RxJavaPluginsTest > observableReturn SKIPPED

io.reactivex.plugins.RxJavaPluginsTest > singleReturn SKIPPED

io.reactivex.schedulers.ComputationSchedulerTests > unhandledErrorIsDeliveredToThreadHandler SKIPPED

io.reactivex.schedulers.ExecutorSchedulerInterruptibleTest > unhandledErrorIsDeliveredToThreadHandler SKIPPED

io.reactivex.schedulers.NewThreadSchedulerTest > unhandledErrorIsDeliveredToThreadHandler SKIPPED

io.reactivex.schedulers.CachedThreadSchedulerTest > unhandledErrorIsDeliveredToThreadHandler SKIPPED

io.reactivex.schedulers.ExecutorSchedulerTest > unhandledErrorIsDeliveredToThreadHandler SKIPPED

io.reactivex.internal.util.BackpressureHelperTest > constructorShouldBePrivate SKIPPED

io.reactivex.internal.operators.observable.ObservableOnErrorResumeWithTest > resumeNextWithFailureOnSubscribeAsync SKIPPED

io.reactivex.internal.operators.observable.ObservableOnErrorResumeWithTest > resumeNextWithFailureOnSubscribe SKIPPED

io.reactivex.internal.operators.observable.ObservableMergeTest > thrownErrorHandling SKIPPED

io.reactivex.internal.operators.observable.ObservableMergeTest > mergeWithNullValues SKIPPED

io.reactivex.internal.operators.observable.ObservableMergeTest > mergeWithTerminalEventAfterUnsubscribe SKIPPED

io.reactivex.internal.operators.observable.ObservableMergeTest > mergingNullObservable SKIPPED

io.reactivex.internal.operators.observable.ObservableCacheTest > unsafeChildThrows SKIPPED

io.reactivex.internal.operators.observable.ObservableSequenceEqualTest > withNull1Observable SKIPPED

io.reactivex.internal.operators.observable.ObservableSequenceEqualTest > withNull1 SKIPPED

io.reactivex.internal.operators.observable.ObservableSequenceEqualTest > withNull2 SKIPPED

io.reactivex.internal.operators.observable.ObservableSequenceEqualTest > withNull2Observable SKIPPED

io.reactivex.internal.operators.observable.ObservableWithLatestFromTest > backpressureWithSignal SKIPPED

io.reactivex.internal.operators.observable.ObservableWithLatestFromTest > backpressureNoSignal SKIPPED

io.reactivex.internal.operators.observable.ObservableTakeLastTest > takeLastWithNull SKIPPED

io.reactivex.internal.operators.observable.ObservableSkipLastTest > skipLastWithNull SKIPPED

io.reactivex.internal.operators.observable.ObservableDefaultIfEmptyTest > emptyButClientThrows SKIPPED

io.reactivex.internal.operators.observable.ObservableConcatMapEagerTest > backpressure SKIPPED

io.reactivex.internal.operators.observable.ObservableConcatMapEagerTest > normalBackpressured SKIPPED

io.reactivex.internal.operators.observable.ObservableConcatMapEagerTest > innerNull SKIPPED

io.reactivex.internal.operators.observable.ObservableConcatMapEagerTest > maxConcurrent5 SKIPPED

io.reactivex.internal.operators.observable.ObservableConcatMapEagerTest > prefetchIsBounded SKIPPED

io.reactivex.internal.operators.observable.ObservableConcatMapEagerTest > many SKIPPED

io.reactivex.internal.operators.observable.ObservableConcatMapEagerTest > normalDelayEndBackpressured SKIPPED

io.reactivex.internal.operators.observable.ObservableConcatMapEagerTest > normalDelayBoundaryBackpressured SKIPPED

io.reactivex.internal.operators.observable.ObservableDetachTest > backpressured SKIPPED

io.reactivex.internal.operators.observable.ObservableDetachTest > deferredUpstreamProducer SKIPPED

io.reactivex.internal.operators.observable.ObservableTimeoutTests > shouldUnsubscribeFromUnderlyingSubscriptionOnImmediatelyComplete SKIPPED

io.reactivex.internal.operators.observable.ObservableTimeoutTests > shouldUnsubscribeFromUnderlyingSubscriptionOnImmediatelyErrored SKIPPED

io.reactivex.internal.operators.observable.BlockingObservableToIteratorTest > exceptionThrownFromOnSubscribe SKIPPED

io.reactivex.internal.operators.observable.ObservableDistinctUntilChangedTest > distinctUntilChangedOfSourceWithExceptionsFromKeySelector SKIPPED

io.reactivex.internal.operators.observable.ObservableDistinctUntilChangedTest > distinctUntilChangedOfSourceWithNulls SKIPPED

io.reactivex.internal.operators.observable.ObservableReplayTest > unsafeChildThrows SKIPPED

io.reactivex.internal.operators.observable.ObservableTakeTest > takeZeroDoesntLeakError SKIPPED

io.reactivex.internal.operators.observable.BlockingObservableToFutureTest > constructorShouldBePrivate SKIPPED

io.reactivex.internal.operators.observable.BlockingObservableToFutureTest > getWithASingleNullItem SKIPPED

io.reactivex.internal.operators.observable.ObservableDistinctTest > distinctOfSourceWithExceptionsFromKeySelector SKIPPED

io.reactivex.internal.operators.observable.ObservableDistinctTest > distinctOfSourceWithNulls SKIPPED

io.reactivex.internal.operators.observable.ObservableConcatMapSchedulerTest > startWith SKIPPED

io.reactivex.internal.operators.observable.ObservableConcatMapSchedulerTest > concatMany SKIPPED

io.reactivex.internal.operators.observable.ObservableZipTest > emitNull SKIPPED

io.reactivex.internal.operators.observable.ObservableToListTest > listWithNullValueObservable SKIPPED

io.reactivex.internal.operators.observable.ObservableToListTest > listWithNullValue SKIPPED

io.reactivex.internal.operators.observable.ObservableMergeDelayErrorTest > mergeSourceWhichDoesntPropagateExceptionBack SKIPPED

io.reactivex.internal.operators.observable.ObservableSubscribeOnTest > thrownErrorHandling SKIPPED

io.reactivex.internal.operators.observable.ObservableUsingTest > usingWithObservableFactoryErrorInOnSubscribe SKIPPED

io.reactivex.internal.operators.observable.ObservableUsingTest > usingWithObservableFactoryErrorInOnSubscribeDisposeEagerly SKIPPED

io.reactivex.internal.operators.observable.ObservableDoOnEachTest > fusedAsyncConditional2 SKIPPED

io.reactivex.internal.operators.observable.ObservableDoOnEachTest > fusedAsyncConditional SKIPPED

io.reactivex.internal.operators.observable.ObservableDoOnEachTest > fused SKIPPED

io.reactivex.internal.operators.observable.ObservableDoOnEachTest > fusedOnErrorCrash SKIPPED

io.reactivex.internal.operators.observable.ObservableDoOnEachTest > fusedOnErrorCrashConditional SKIPPED

io.reactivex.internal.operators.observable.ObservableDoOnEachTest > fusedConditional SKIPPED

io.reactivex.internal.operators.observable.ObservableDoOnEachTest > fusedAsync SKIPPED

io.reactivex.internal.operators.observable.ObservableReplayEagerTruncateTest > unsafeChildThrows SKIPPED

io.reactivex.internal.operators.observable.ObservableOnErrorResumeNextTest > onErrorResumeReceivesErrorFromPreviousNonProtectedOperatorOnNext SKIPPED

io.reactivex.internal.operators.observable.ObservableOnErrorResumeNextTest > onErrorResumeReceivesErrorFromPreviousNonProtectedOperator SKIPPED

io.reactivex.internal.operators.observable.ObservableFlatMapTest > flatMapRangeAsyncLoop SKIPPED

io.reactivex.internal.operators.observable.ObservableRefCountTest > publishNoLeak FAILED
    java.lang.AssertionError: 13,928,704 -> 113,907,376
        at org.junit.Assert.fail(Assert.java:88)
        at org.junit.Assert.assertTrue(Assert.java:41)
        at io.reactivex.internal.operators.observable.ObservableRefCountTest.publishNoLeak(ObservableRefCountTest.java:731)

io.reactivex.internal.operators.flowable.FlowablePublishTest > subscriberSwap SKIPPED

io.reactivex.internal.operators.flowable.FlowableAmbTest > ambMany SKIPPED

io.reactivex.internal.operators.flowable.FlowableAmbTest > ambManyComplete SKIPPED

io.reactivex.internal.operators.flowable.FlowableAmbTest > ambManyError SKIPPED

io.reactivex.internal.operators.flowable.FlowableTakeTest > takeZeroDoesntLeakError SKIPPED

io.reactivex.internal.operators.flowable.FlowableToListTest > listWithNullValue SKIPPED

io.reactivex.internal.operators.flowable.FlowableToListTest > asyncRequestedFlowable SKIPPED

io.reactivex.internal.operators.flowable.FlowableToListTest > listWithNullValueFlowable SKIPPED

io.reactivex.internal.operators.flowable.FlowableToListTest > backpressureHonored SKIPPED

io.reactivex.internal.operators.flowable.FlowableToListTest > asyncRequested SKIPPED

io.reactivex.internal.operators.flowable.FlowableDistinctUntilChangedTest > distinctUntilChangedOfSourceWithExceptionsFromKeySelector SKIPPED

io.reactivex.internal.operators.flowable.FlowableDistinctUntilChangedTest > distinctUntilChangedOfSourceWithNulls SKIPPED

io.reactivex.internal.operators.flowable.FlowableScanTest > initialValueEmittedNoProducer SKIPPED

io.reactivex.internal.operators.flowable.FlowableScanTest > initialValueEmittedWithProducer SKIPPED

io.reactivex.internal.operators.flowable.FlowableMapTest > shouldNotSwallowOnErrorNotImplementedException SKIPPED

io.reactivex.internal.operators.flowable.FlowableMapTest > verifyExceptionIsThrownIfThereIsNoExceptionHandler SKIPPED

io.reactivex.internal.operators.flowable.FlowableSubscribeOnTest > thrownErrorHandling SKIPPED

io.reactivex.internal.operators.flowable.FlowableDistinctTest > distinctOfSourceWithExceptionsFromKeySelector SKIPPED

io.reactivex.internal.operators.flowable.FlowableDistinctTest > distinctOfSourceWithNulls SKIPPED

io.reactivex.internal.operators.flowable.BlockingFlowableMostRecentTest > constructorshouldbeprivate SKIPPED

io.reactivex.internal.operators.flowable.FlowableAnyTest > backpressureIfNoneRequestedNoneShouldBeDelivered SKIPPED

io.reactivex.internal.operators.flowable.FlowableAllTest > backpressureIfNoneRequestedNoneShouldBeDelivered SKIPPED

io.reactivex.internal.operators.flowable.FlowableConcatMapEagerTest > innerNull SKIPPED

io.reactivex.internal.operators.flowable.FlowableConcatMapEagerTest > many SKIPPED

io.reactivex.internal.operators.flowable.FlowableDefaultIfEmptyTest > emptyButClientThrows SKIPPED

io.reactivex.internal.operators.flowable.FlowableTimeoutTests > shouldUnsubscribeFromUnderlyingSubscriptionOnImmediatelyComplete SKIPPED

io.reactivex.internal.operators.flowable.FlowableTimeoutTests > shouldUnsubscribeFromUnderlyingSubscriptionOnImmediatelyErrored SKIPPED

io.reactivex.internal.operators.flowable.BlockingFlowableLatestTest > constructorshouldbeprivate SKIPPED

io.reactivex.internal.operators.flowable.BlockingFlowableNextTest > constructorshouldbeprivate SKIPPED

io.reactivex.internal.operators.flowable.BlockingFlowableToIteratorTest > constructorShouldBePrivate SKIPPED

io.reactivex.internal.operators.flowable.BlockingFlowableToIteratorTest > exceptionThrownFromOnSubscribe SKIPPED

io.reactivex.internal.operators.flowable.FlowableTakeLastTest > takeLastWithNull SKIPPED

io.reactivex.internal.operators.flowable.FlowableSequenceEqualTest > withNull2Flowable SKIPPED

io.reactivex.internal.operators.flowable.FlowableSequenceEqualTest > withNull1 SKIPPED

io.reactivex.internal.operators.flowable.FlowableSequenceEqualTest > withNull2 SKIPPED

io.reactivex.internal.operators.flowable.FlowableSequenceEqualTest > withNull1Flowable SKIPPED

io.reactivex.internal.operators.flowable.FlowableOnErrorResumeNextViaFlowableTest > resumeNextWithFailureOnSubscribeAsync SKIPPED

io.reactivex.internal.operators.flowable.FlowableOnErrorResumeNextViaFlowableTest > resumeNextWithFailureOnSubscribe SKIPPED

io.reactivex.internal.operators.flowable.FlowableToSortedListTest > asyncRequestedFlowable SKIPPED

io.reactivex.internal.operators.flowable.FlowableToSortedListTest > backpressureHonored SKIPPED

io.reactivex.internal.operators.flowable.FlowableToSortedListTest > asyncRequested SKIPPED

io.reactivex.internal.operators.flowable.FlowableFilterTest > fatalError SKIPPED

io.reactivex.internal.operators.flowable.FlowableConcatTest > startWith SKIPPED

io.reactivex.internal.operators.flowable.FlowableConcatTest > concatMany SKIPPED

io.reactivex.internal.operators.flowable.FlowableDoOnEachTest > fatalError SKIPPED

io.reactivex.internal.operators.flowable.BlockingFlowableToFutureTest > constructorShouldBePrivate SKIPPED

io.reactivex.internal.operators.flowable.BlockingFlowableToFutureTest > getWithASingleNullItem SKIPPED

io.reactivex.internal.operators.flowable.FlowableUsingTest > usingWithFlowableFactoryErrorInOnSubscribeDisposeEagerly SKIPPED

io.reactivex.internal.operators.flowable.FlowableUsingTest > usingWithFlowableFactoryErrorInOnSubscribe SKIPPED

io.reactivex.internal.operators.flowable.FlowableMergeTest > thrownErrorHandling SKIPPED

io.reactivex.internal.operators.flowable.FlowableMergeTest > mergeJustNull SKIPPED

io.reactivex.internal.operators.flowable.FlowableMergeTest > mergeWithNullValues SKIPPED

io.reactivex.internal.operators.flowable.FlowableMergeTest > mergeWithTerminalEventAfterUnsubscribe SKIPPED

io.reactivex.internal.operators.flowable.FlowableMergeTest > mergingNullFlowable SKIPPED

io.reactivex.internal.operators.flowable.FlowableMergeTest > mergeMany SKIPPED

io.reactivex.internal.operators.flowable.FlowableSwitchTest > secondaryRequestsAdditivelyAreMoreThanLongMaxValueInducesMaxValueRequestFromUpstream SKIPPED

io.reactivex.internal.operators.flowable.FlowableConcatMapSchedulerTest > startWith SKIPPED

io.reactivex.internal.operators.flowable.FlowableConcatMapSchedulerTest > concatMany SKIPPED

io.reactivex.internal.operators.flowable.FlowableSkipLastTest > skipLastWithNull SKIPPED

io.reactivex.internal.operators.flowable.FlowableOnErrorResumeNextViaFunctionTest > onErrorResumeReceivesErrorFromPreviousNonProtectedOperatorOnNext SKIPPED

io.reactivex.internal.operators.flowable.FlowableOnErrorResumeNextViaFunctionTest > onErrorResumeReceivesErrorFromPreviousNonProtectedOperator SKIPPED

io.reactivex.internal.operators.flowable.FlowableCacheTest > unsafeChildThrows SKIPPED

io.reactivex.internal.operators.flowable.FlowableFlatMapTest > flatMapRangeAsyncLoop SKIPPED

io.reactivex.internal.operators.flowable.FlowableCombineLatestTest > combineManyNulls SKIPPED

io.reactivex.internal.operators.flowable.FlowableMergeDelayErrorTest > mergeSourceWhichDoesntPropagateExceptionBack SKIPPED

io.reactivex.internal.operators.flowable.FlowableMergeDelayErrorTest > mergeMany SKIPPED

io.reactivex.internal.operators.flowable.FlowableMergeDelayErrorTest > mergeManyError SKIPPED

io.reactivex.internal.operators.flowable.FlowableZipTest > emitNull SKIPPED

io.reactivex.internal.operators.flowable.FlowableDoOnRequestTest > dontRequestIfDownstreamRequestsLate SKIPPED

io.reactivex.flowable.FlowableBackpressureTests > flatMapAsync SKIPPED

io.reactivex.flowable.FlowableNullTests > flatMapNotificationOnErrorReturnsNull SKIPPED

io.reactivex.flowable.FlowableCombineLatestTests > nullEmitting SKIPPED

io.reactivex.flowable.FlowableNotificationTest > onErrorNullNotificationDoesNotEqualIntegerNotification SKIPPED

io.reactivex.flowable.FlowableNotificationTest > onErrorIntegerNotificationDoesNotEqualNullNotification SKIPPED

io.reactivex.flowable.FlowableSubscriberTest > negativeRequestThrowsIllegalArgumentException SKIPPED

io.reactivex.flowable.FlowableTests > onSubscribeFails SKIPPED

io.reactivex.flowable.FlowableTests > errorThrownWithoutErrorHandlerAsynchronous SKIPPED

io.reactivex.flowable.FlowableTests > containsWithNull SKIPPED

io.reactivex.flowable.FlowableTests > errorThrownWithoutErrorHandlerSynchronous SKIPPED

io.reactivex.flowable.FlowableTests > containsWithNullFlowable SKIPPED

io.reactivex.exceptions.ExceptionsNullTest > onErrorThrowableFrom SKIPPED

io.reactivex.exceptions.ExceptionsNullTest > onCompleteFailedExceptionMessageAndNull SKIPPED

io.reactivex.exceptions.ExceptionsNullTest > onErrorNotImplementedExceptionMessageAndNull SKIPPED

io.reactivex.exceptions.ExceptionsNullTest > onErrorFailedExceptionNull SKIPPED

io.reactivex.exceptions.ExceptionsNullTest > onCompleteFailedExceptionNull SKIPPED

io.reactivex.exceptions.ExceptionsNullTest > onErrorNotImplementedExceptionNull SKIPPED

io.reactivex.exceptions.ExceptionsNullTest > onErrorFailedExceptionMessageAndNull SKIPPED

io.reactivex.exceptions.ExceptionsNullTest > unsubscribeFailedExceptionNull SKIPPED

io.reactivex.exceptions.ExceptionsNullTest > unsubscribeFailedExceptionMessageAndNull SKIPPED

io.reactivex.exceptions.ExceptionsNullTest > onErrorThrowableAddValueAsLastCause SKIPPED

io.reactivex.exceptions.OnNextValueTest > renderFloat SKIPPED

io.reactivex.exceptions.OnNextValueTest > renderShort SKIPPED

io.reactivex.exceptions.OnNextValueTest > addOnNextValueExceptionNotAddedWithBadString SKIPPED

io.reactivex.exceptions.OnNextValueTest > renderBoolean SKIPPED

io.reactivex.exceptions.OnNextValueTest > addOnNextValueExceptionAdded SKIPPED

io.reactivex.exceptions.OnNextValueTest > renderCharacter SKIPPED

io.reactivex.exceptions.OnNextValueTest > renderDouble SKIPPED

io.reactivex.exceptions.OnNextValueTest > renderInteger SKIPPED

io.reactivex.exceptions.OnNextValueTest > renderByte SKIPPED

io.reactivex.exceptions.OnNextValueTest > renderLong SKIPPED

io.reactivex.exceptions.OnNextValueTest > renderVoid SKIPPED

io.reactivex.exceptions.ExceptionsTest > onErrorExceptionIsThrownFromOnNext SKIPPED

io.reactivex.exceptions.ExceptionsTest > constructorShouldBePrivate SKIPPED

io.reactivex.exceptions.ExceptionsTest > onErrorExceptionIsThrown SKIPPED

io.reactivex.exceptions.ExceptionsTest > onErrorExceptionIsThrownFromGroupBy SKIPPED

io.reactivex.exceptions.ExceptionsTest > onErrorExceptionIsThrownFromSingleDoOnSuccess SKIPPED

io.reactivex.exceptions.ExceptionsTest > onErrorExceptionIsThrownFromSingleSubscribe SKIPPED

io.reactivex.exceptions.ExceptionsTest > onErrorExceptionIsThrownFromUnsafeSubscribe SKIPPED

io.reactivex.exceptions.ExceptionsTest > onCompletedExceptionIsThrown SKIPPED

io.reactivex.exceptions.ExceptionsTest > onErrorExceptionIsThrownFromSingleUnsafeSubscribe SKIPPED

io.reactivex.exceptions.ExceptionsTest > onErrorExceptionIsThrownFromSubscribe SKIPPED

io.reactivex.completable.CompletableTest > safeOnErrorThrowsRegularSubscriber SKIPPED

io.reactivex.completable.CompletableTest > safeOnErrorThrows SKIPPED

io.reactivex.completable.CompletableTest > hookUnsafeSubscribeStart SKIPPED

io.reactivex.completable.CompletableTest > safeOnCompleteThrows SKIPPED

io.reactivex.completable.CompletableTest > safeOnCompleteThrowsRegularSubscriber SKIPPED

io.reactivex.completable.CompletableTest > onStartCalledUnsafeSafe SKIPPED

io.reactivex.processors.AsyncProcessorTest > nullValues SKIPPED

io.reactivex.subjects.PublishSubjectTest > backpressureOverflow SKIPPED

io.reactivex.subjects.PublishSubjectTest > requestValidation SKIPPED

io.reactivex.subjects.AsyncSubjectTest > nullValues SKIPPED

11169 tests completed, 1 failed, 240 skipped
:test FAILED

FAILURE: Build failed with an exception.

* What went wrong:
Execution failed for task ':test'.
> There were failing tests. See the report at: file:///home/travis/build/ReactiveX/RxJava/build/reports/tests/test/index.html

* Try:
Run with --info or --debug option to get more log output.

* Exception is:
org.gradle.api.tasks.TaskExecutionException: Execution failed for task ':test'.
	at org.gradle.api.internal.tasks.execution.ExecuteActionsTaskExecuter.executeActions(ExecuteActionsTaskExecuter.java:100)
	at org.gradle.api.internal.tasks.execution.ExecuteActionsTaskExecuter.execute(ExecuteActionsTaskExecuter.java:70)
	at org.gradle.api.internal.tasks.execution.OutputDirectoryCreatingTaskExecuter.execute(OutputDirectoryCreatingTaskExecuter.java:51)
	at org.gradle.api.internal.tasks.execution.SkipUpToDateTaskExecuter.execute(SkipUpToDateTaskExecuter.java:62)
	at org.gradle.api.internal.tasks.execution.ResolveTaskOutputCachingStateExecuter.execute(ResolveTaskOutputCachingStateExecuter.java:54)
	at org.gradle.api.internal.tasks.execution.ValidatingTaskExecuter.execute(ValidatingTaskExecuter.java:60)
	at org.gradle.api.internal.tasks.execution.SkipEmptySourceFilesTaskExecuter.execute(SkipEmptySourceFilesTaskExecuter.java:97)
	at org.gradle.api.internal.tasks.execution.CleanupStaleOutputsExecuter.execute(CleanupStaleOutputsExecuter.java:87)
	at org.gradle.api.internal.tasks.execution.ResolveTaskArtifactStateTaskExecuter.execute(ResolveTaskArtifactStateTaskExecuter.java:52)
	at org.gradle.api.internal.tasks.execution.SkipTaskWithNoActionsExecuter.execute(SkipTaskWithNoActionsExecuter.java:52)
	at org.gradle.api.internal.tasks.execution.SkipOnlyIfTaskExecuter.execute(SkipOnlyIfTaskExecuter.java:54)
	at org.gradle.api.internal.tasks.execution.ExecuteAtMostOnceTaskExecuter.execute(ExecuteAtMostOnceTaskExecuter.java:43)
	at org.gradle.api.internal.tasks.execution.CatchExceptionTaskExecuter.execute(CatchExceptionTaskExecuter.java:34)
	at org.gradle.execution.taskgraph.DefaultTaskGraphExecuter$EventFiringTaskWorker$1.run(DefaultTaskGraphExecuter.java:248)
	at org.gradle.internal.progress.DefaultBuildOperationExecutor$RunnableBuildOperationWorker.execute(DefaultBuildOperationExecutor.java:336)
	at org.gradle.internal.progress.DefaultBuildOperationExecutor$RunnableBuildOperationWorker.execute(DefaultBuildOperationExecutor.java:328)
	at org.gradle.internal.progress.DefaultBuildOperationExecutor.execute(DefaultBuildOperationExecutor.java:199)
	at org.gradle.internal.progress.DefaultBuildOperationExecutor.run(DefaultBuildOperationExecutor.java:110)
	at org.gradle.execution.taskgraph.DefaultTaskGraphExecuter$EventFiringTaskWorker.execute(DefaultTaskGraphExecuter.java:241)
	at org.gradle.execution.taskgraph.DefaultTaskGraphExecuter$EventFiringTaskWorker.execute(DefaultTaskGraphExecuter.java:230)
	at org.gradle.execution.taskgraph.DefaultTaskPlanExecutor$TaskExecutorWorker.processTask(DefaultTaskPlanExecutor.java:123)
	at org.gradle.execution.taskgraph.DefaultTaskPlanExecutor$TaskExecutorWorker.access$200(DefaultTaskPlanExecutor.java:79)
	at org.gradle.execution.taskgraph.DefaultTaskPlanExecutor$TaskExecutorWorker$1.execute(DefaultTaskPlanExecutor.java:104)
	at org.gradle.execution.taskgraph.DefaultTaskPlanExecutor$TaskExecutorWorker$1.execute(DefaultTaskPlanExecutor.java:98)
	at org.gradle.execution.taskgraph.DefaultTaskExecutionPlan.execute(DefaultTaskExecutionPlan.java:626)
	at org.gradle.execution.taskgraph.DefaultTaskExecutionPlan.executeWithTask(DefaultTaskExecutionPlan.java:581)
	at org.gradle.execution.taskgraph.DefaultTaskPlanExecutor$TaskExecutorWorker.run(DefaultTaskPlanExecutor.java:98)
	at org.gradle.internal.concurrent.ExecutorPolicy$CatchAndRecordFailures.onExecute(ExecutorPolicy.java:63)
	at org.gradle.internal.concurrent.ManagedExecutorImpl$1.run(ManagedExecutorImpl.java:46)
	at org.gradle.internal.concurrent.ThreadFactoryImpl$ManagedThreadRunnable.run(ThreadFactoryImpl.java:55)
Caused by: org.gradle.api.GradleException: There were failing tests. See the report at: file:///home/travis/build/ReactiveX/RxJava/build/reports/tests/test/index.html
	at org.gradle.api.tasks.testing.Test.handleTestFailures(Test.java:1446)
	at org.gradle.api.tasks.testing.Test.executeTests(Test.java:721)
	at org.gradle.internal.reflect.JavaMethod.invoke(JavaMethod.java:73)
	at org.gradle.api.internal.project.taskfactory.StandardTaskAction.doExecute(StandardTaskAction.java:46)
	at org.gradle.api.internal.project.taskfactory.StandardTaskAction.execute(StandardTaskAction.java:39)
	at org.gradle.api.internal.project.taskfactory.StandardTaskAction.execute(StandardTaskAction.java:26)
	at org.gradle.api.internal.AbstractTask$TaskActionWrapper.execute(AbstractTask.java:784)
	at org.gradle.api.internal.AbstractTask$TaskActionWrapper.execute(AbstractTask.java:751)
	at org.gradle.api.internal.tasks.execution.ExecuteActionsTaskExecuter$1.run(ExecuteActionsTaskExecuter.java:121)
	at org.gradle.internal.progress.DefaultBuildOperationExecutor$RunnableBuildOperationWorker.execute(DefaultBuildOperationExecutor.java:336)
	at org.gradle.internal.progress.DefaultBuildOperationExecutor$RunnableBuildOperationWorker.execute(DefaultBuildOperationExecutor.java:328)
	at org.gradle.internal.progress.DefaultBuildOperationExecutor.execute(DefaultBuildOperationExecutor.java:199)
	at org.gradle.internal.progress.DefaultBuildOperationExecutor.run(DefaultBuildOperationExecutor.java:110)
	at org.gradle.api.internal.tasks.execution.ExecuteActionsTaskExecuter.executeAction(ExecuteActionsTaskExecuter.java:110)
	at org.gradle.api.internal.tasks.execution.ExecuteActionsTaskExecuter.executeActions(ExecuteActionsTaskExecuter.java:92)
	... 29 more


* Get more help at https://help.gradle.org

BUILD FAILED in 11m 38s
19 actionable tasks: 16 executed, 3 up-to-date
travis_time:end:00c9becb:start=1563542154584264974,finish=1563542854294055086,duration=699709790112[0K[31;1mThe command "gradle/buildViaTravis.sh" exited with 1.[0m

travis_fold:start:cache.2[0Kstore build cache
travis_time:start:280eb400[0Ktravis_time:end:280eb400:start=1563542854303398185,finish=1563542854310348466,duration=6950281[0Ktravis_time:start:0226a780[0K[32;1mchanges detected (content changed, file is created, or file is deleted):\n/home/travis/.gradle/caches/4.3.1/fileHashes/fileHashes.bin
/home/travis/.gradle/caches/4.3.1/fileHashes/fileHashes.lock
/home/travis/.gradle/caches/modules-2/modules-2.lock
/home/travis/.gradle/daemon/4.3.1/daemon-4325.out.log
/home/travis/.gradle/daemon/4.3.1/registry.bin
/home/travis/.gradle/daemon/4.3.1/registry.bin.lock\n[0m
[32;1mchanges detected, packing new archive[0m
[32;1muploading 3.x/cache-linux-xenial-e3b0c44298fc1c149afbf4c8996fb92427ae41e4649b934ca495991b7852b855--jdk-openjdk8.tgz[0m
[32;1mcache uploaded[0m
travis_time:end:0226a780:start=1563542854318316832,finish=1563542865795924832,duration=11477608000[0Ktravis_fold:end:cache.2[0K

Done. Your build exited with 1.
