<?xml version="1.0" encoding="utf-8" ?>
<AnalysisProgramOfRegionAnalysisSessionString xmlns:xsd="http://www.w3.org/2001/XMLSchema" xmlns:xsi="http://www.w3.org/2001/XMLSchema-instance">
  <SaveName>BuildFailureReason/PHP/composer@composer</SaveName>
  <LearningData>
    <InputPaths>
      <string>PHP/composer@composer/failed/547576002.log</string>
      <string>PHP/composer@composer/failed/547593737.log</string>
      <string>PHP/composer@composer/failed/547594407.log</string>
      <string>PHP/composer@composer/failed/551282890.log</string>
      <string>PHP/composer@composer/failed/558512461.log</string>
      <string>PHP/composer@composer/failed/566643668.log</string>
      <string>PHP/composer@composer/failed/566904372.log</string>
      <string>PHP/composer@composer/failed/566982103.log</string>
      <string>PHP/composer@composer/failed/567101801.log</string>
      <string>PHP/composer@composer/failed/565348117.log</string>
    </InputPaths>
    <Examples>
      <ExampleDataOfString>
        <InputPath>PHP/composer@composer/failed/547576002.log</InputPath>
        <Keywords>failure, 1), FAILURE</Keywords>
        <Category>0</Category>
        <Output>1) Composer\Test\DependencyResolver\SolverTest::testUnsatisfiableRequires
Failed asserting that two strings are equal.
--- Expected
+++ Actual
@@ @@
  - It's a private package and you forgot to add a custom repository to find it
+ - It's a private package and you forgot to configure the required authentication credentials
 
 Read &lt;https://getcomposer.org/doc/articles/troubleshooting.md> for further common problems.'

/home/travis/build/composer/composer/tests/Composer/Test/DependencyResolver/SolverTest.php:717</Output>
      </ExampleDataOfString>
      <ExampleDataOfString>
        <InputPath>PHP/composer@composer/failed/547593737.log</InputPath>
        <Keywords>failure, 1), FAILURE</Keywords>
        <Category>0</Category>
        <Output>1) Composer\Test\InstallerTest::testIntegration with data set "solver-problems.test" ('solver-problems.test', 'Test the error output of solv...blems.', null, array(array(array('package', array(array('unstable/package', '2.0.0-alpha'), array('unstable/package', '1.0.0'), array('requirer/pkg', '1.0.0', array('1.0.0')), array('dependency/pkg', '2.0.0'), array('dependency/pkg', '1.0.0'), array('stable-requiree-excluded/pkg', '1.0.1'), array('stable-requiree-excluded/pkg', '1.0.0')))), array('2.*', '1.*', '1.*', '2.*', '1.0.1')), array(), array(array('stable-requiree-excluded/pkg', '1.0.0')), 'update unstable/package requi...cy/pkg', array(), 'Loading composer repositories...blems.', '\n', 2)
Failed asserting that format description matches text.
--- Expected
+++ Actual
@@ @@
  - It's a private package and you forgot to add a custom repository to find it
+ - It's a private package and you forgot to configure the required authentication credentials
 
 Read &lt;https://getcomposer.org/doc/articles/troubleshooting.md> for further common problems.

/home/travis/build/composer/composer/tests/Composer/Test/InstallerTest.php:269

2) Composer\Test\InstallerTest::testIntegration with data set "broken-deps-do-not-replace.test" ('broken-deps-do-not-replace.test', 'Broken dependencies should no...y name', null, array(array(array('package', array(array('a/a', '1.0.0'), array('b/b', '1.0.0', array('1.*')), array('c/c', '1.0.0', array('1.0.0'), array('1.0')), array('d/d', '1.0.0', array('1.0.0', '1.0.0'))))), array('1.*', '1.*')), array(), array(), 'install', array(), 'Loading composer repositories...blems.', '', 2)
Failed asserting that format description matches text.
--- Expected
+++ Actual
@@ @@
  - It's a private package and you forgot to add a custom repository to find it
+ - It's a private package and you forgot to configure the required authentication credentials
 
 Read &lt;https://getcomposer.org/doc/articles/troubleshooting.md> for further common problems.

/home/travis/build/composer/composer/tests/Composer/Test/InstallerTest.php:269</Output>
      </ExampleDataOfString>
      <ExampleDataOfString>
        <InputPath>PHP/composer@composer/failed/547594407.log</InputPath>
        <Keywords>failure, 1), FAILURE</Keywords>
        <Category>0</Category>
        <Output>1) Composer\Test\InstallerTest::testIntegration with data set "solver-problems.test" ('solver-problems.test', 'Test the error output of solv...blems.', null, array(array(array('package', array(array('unstable/package', '2.0.0-alpha'), array('unstable/package', '1.0.0'), array('requirer/pkg', '1.0.0', array('1.0.0')), array('dependency/pkg', '2.0.0'), array('dependency/pkg', '1.0.0'), array('stable-requiree-excluded/pkg', '1.0.1'), array('stable-requiree-excluded/pkg', '1.0.0')))), array('2.*', '1.*', '1.*', '2.*', '1.0.1')), array(), array(array('stable-requiree-excluded/pkg', '1.0.0')), 'update unstable/package requi...cy/pkg', array(), 'Loading composer repositories...blems.', '\n', 2)
Failed asserting that format description matches text.
--- Expected
+++ Actual
@@ @@
  - It's a private package and you forgot to add a custom repository to find it
+ - It's a private package and you forgot to configure the required authentication credentials
 
 Read &lt;https://getcomposer.org/doc/articles/troubleshooting.md> for further common problems.

/home/travis/build/composer/composer/tests/Composer/Test/InstallerTest.php:269</Output>
      </ExampleDataOfString>
      <ExampleDataOfString>
        <InputPath>PHP/composer@composer/failed/551282890.log</InputPath>
        <Keywords>error, 1), FAILURE</Keywords>
        <Category>0</Category>
        <Output>1) Composer\Test\Repository\ComposerRepositoryTest::testCanonicalizeUrl with data set #0 ('https://example.org/path/to/file', '/path/to/file', 'https://example.org')
Argument 4 passed to Composer\Repository\ComposerRepository::__construct() must be an instance of Composer\Util\HttpDownloader, none given, called in /home/travis/build/composer/composer/tests/Composer/Test/Repository/ComposerRepositoryTest.php on line 231 and defined

/home/travis/build/composer/composer/src/Composer/Repository/ComposerRepository.php:71
/home/travis/build/composer/composer/tests/Composer/Test/Repository/ComposerRepositoryTest.php:231

2) Composer\Test\Repository\ComposerRepositoryTest::testCanonicalizeUrl with data set #1 ('https://example.org/canonic_url', 'https://example.org/canonic_url', 'https://should-not-see-me.test')
Argument 4 passed to Composer\Repository\ComposerRepository::__construct() must be an instance of Composer\Util\HttpDownloader, none given, called in /home/travis/build/composer/composer/tests/Composer/Test/Repository/ComposerRepositoryTest.php on line 231 and defined

/home/travis/build/composer/composer/src/Composer/Repository/ComposerRepository.php:71
/home/travis/build/composer/composer/tests/Composer/Test/Repository/ComposerRepositoryTest.php:231

3) Composer\Test\Repository\ComposerRepositoryTest::testCanonicalizeUrl with data set #2 ('file:///path/to/repository/file', '/path/to/repository/file', 'file:///path/to/repository')
Argument 4 passed to Composer\Repository\ComposerRepository::__construct() must be an instance of Composer\Util\HttpDownloader, none given, called in /home/travis/build/composer/composer/tests/Composer/Test/Repository/ComposerRepositoryTest.php on line 231 and defined

/home/travis/build/composer/composer/src/Composer/Repository/ComposerRepository.php:71
/home/travis/build/composer/composer/tests/Composer/Test/Repository/ComposerRepositoryTest.php:231

4) Composer\Test\Repository\ComposerRepositoryTest::testCanonicalizeUrl with data set #3 ('invalid_repo_url', '/path/to/file', 'invalid_repo_url')
Argument 4 passed to Composer\Repository\ComposerRepository::__construct() must be an instance of Composer\Util\HttpDownloader, none given, called in /home/travis/build/composer/composer/tests/Composer/Test/Repository/ComposerRepositoryTest.php on line 231 and defined

/home/travis/build/composer/composer/src/Composer/Repository/ComposerRepository.php:71
/home/travis/build/composer/composer/tests/Composer/Test/Repository/ComposerRepositoryTest.php:231

5) Composer\Test\Repository\ComposerRepositoryTest::testCanonicalizeUrl with data set #4 ('https://example.org/path/to/u...lename', '/path/to/unusual_$0_filename', 'https://example.org')
Argument 4 passed to Composer\Repository\ComposerRepository::__construct() must be an instance of Composer\Util\HttpDownloader, none given, called in /home/travis/build/composer/composer/tests/Composer/Test/Repository/ComposerRepositoryTest.php on line 231 and defined

/home/travis/build/composer/composer/src/Composer/Repository/ComposerRepository.php:71
/home/travis/build/composer/composer/tests/Composer/Test/Repository/ComposerRepositoryTest.php:231</Output>
      </ExampleDataOfString>
      <ExampleDataOfString>
        <InputPath>PHP/composer@composer/failed/558512461.log</InputPath>
        <Keywords>error, 1), FAILURE</Keywords>
        <Category>0</Category>
        <Output>1) Composer\Test\ApplicationTest::testDevWarning
Function ReflectionType::__toString() is deprecated

/home/travis/build/composer/composer/tests/Composer/Test/ApplicationTest.php:25

2) Composer\Test\ApplicationTest::testDevWarningPrevented
Function ReflectionType::__toString() is deprecated

/home/travis/build/composer/composer/tests/Composer/Test/ApplicationTest.php:83
/home/travis/build/composer/composer/tests/Composer/Test/ApplicationTest.php:118

3) Composer\Test\ApplicationTest::testDevWarningPreventedAlias
Function ReflectionType::__toString() is deprecated

/home/travis/build/composer/composer/tests/Composer/Test/ApplicationTest.php:83
/home/travis/build/composer/composer/tests/Composer/Test/ApplicationTest.php:123</Output>
      </ExampleDataOfString>
      <ExampleDataOfString>
        <InputPath>PHP/composer@composer/failed/566643668.log</InputPath>
        <Keywords>failure, 1), FAILURE</Keywords>
        <Category>0</Category>
        <Output>1) Composer\Test\Util\StreamContextFactoryTest::testHttpsProxyOverride
Failed asserting that two arrays are equal.
--- Expected
+++ Actual
@@ @@
 Array (
     'http' => Array (
-        'proxy' => 'ssl://woopproxy.net:443'
+        'proxy' => 'tcp://woopproxy.net:443'
         'request_fulluri' => true
         'method' => 'GET'
         'max_redirects' => 20
         'follow_location' => 1
         'header' => Array (...)
     )
     'ssl' => Array (...)
 )

/home/travis/build/composer/composer/tests/Composer/Test/Util/StreamContextFactoryTest.php:189

2) Composer\Test\Util\StreamContextFactoryTest::testSSLProxy with data set #0 ('ssl://proxyserver:443', 'https://proxyserver/')
Failed asserting that two arrays are equal.
--- Expected
+++ Actual
@@ @@
 Array (
     'http' => Array (
-        'proxy' => 'ssl://proxyserver:443'
+        'proxy' => 'tcp://proxyserver:443'
         'request_fulluri' => true
         'max_redirects' => 20
         'follow_location' => 1
         'header' => Array (...)
     )
 )

/home/travis/build/composer/composer/tests/Composer/Test/Util/StreamContextFactoryTest.php:209

3) Composer\Test\Util\StreamContextFactoryTest::testSSLProxy with data set #1 ('ssl://proxyserver:8443', 'https://proxyserver:8443')
Failed asserting that two arrays are equal.
--- Expected
+++ Actual
@@ @@
 Array (
     'http' => Array (
-        'proxy' => 'ssl://proxyserver:8443'
+        'proxy' => 'tcp://proxyserver:8443'
         'request_fulluri' => true
         'max_redirects' => 20
         'follow_location' => 1
         'header' => Array (...)
     )
 )

/home/travis/build/composer/composer/tests/Composer/Test/Util/StreamContextFactoryTest.php:209</Output>
      </ExampleDataOfString>
      <ExampleDataOfString>
        <InputPath>PHP/composer@composer/failed/566904372.log</InputPath>
        <Keywords>ERROR, error, --------------------------------------------------------------</Keywords>
        <Category>1</Category>
        <Output>Line   src/Composer/Installer.php                                    
 ------ -------------------------------------------------------------- 
  1174   Method Composer\Installer::updatePackageUrl() invoked with 8  
         parameters, 7 required.</Output>
      </ExampleDataOfString>
      <ExampleDataOfString>
        <InputPath>PHP/composer@composer/failed/566982103.log</InputPath>
        <Keywords>ERROR, error, --------------------------------------------------------------</Keywords>
        <Category>1</Category>
        <Output>Error                                                                                                            
 ----------------------------------------------------------------------------------------------------------------- 
  Ignored error pattern ~^Anonymous function has an unused use \$fileName\.$~ was not matched in reported errors.</Output>
      </ExampleDataOfString>
      <ExampleDataOfString>
        <InputPath>PHP/composer@composer/failed/567101801.log</InputPath>
        <Keywords>error, , </Keywords>
        <Category>2</Category>
        <Output>PHP Fatal error:  Class 'Composer\Util\Response' not found in /home/travis/build/composer/composer/src/Composer/Util/RemoteFilesystem.php on line 286</Output>
      </ExampleDataOfString>
      <ExampleDataOfString>
        <InputPath>PHP/composer@composer/failed/565348117.log</InputPath>
        <Keywords>error, 1), FAILURE</Keywords>
        <Category>2</Category>
          <Output>1) Composer\Test\AllFunctionalTest::testIntegration with data set #0 (Symfony\Component\Finder\SplFileInfo Object (...))</Output>
      </ExampleDataOfString>
    </Examples>
  </LearningData>
  <LogKind>
    <Language>java</Language>
    <BuildTool>android</BuildTool>
  </LogKind>
  <Target>BuildFailureReason</Target>
</AnalysisProgramOfRegionAnalysisSessionString>