travis_fold:start:worker_info[0K[33;1mWorker information[0m
hostname: 872c2c1f-26aa-4bac-8015-366b09ea843c@1.worker-org-b6c9dcb4d-qwgcv.gce-production-1
version: v6.2.1 https://github.com/travis-ci/worker/tree/4e3246c044eb4915c2378ffacd0b3d3ed0136bba
instance: travis-job-362c64ce-e26e-4c35-8c33-06131db6ff8e travis-ci-sardonyx-xenial-1553530528-f909ac5 (via amqp)
startup: 6.15848874s
travis_fold:end:worker_info[0Ktravis_fold:start:system_info[0K[33;1mBuild system information[0m
Build language: node_js
Build group: stable
Build dist: xenial
Build id: 566160487
Job id: 566160489
Runtime kernel version: 4.15.0-1028-gcp
travis-build version: 65949ed1e
[34m[1mBuild image provisioning date and time[0m
Mon Mar 25 16:43:24 UTC 2019
[34m[1mOperating System Details[0m
Distributor ID:	Ubuntu
Description:	Ubuntu 16.04.6 LTS
Release:	16.04
Codename:	xenial
[34m[1mSystemd Version[0m
systemd 229
[34m[1mCookbooks Version[0m
42e42e4 https://github.com/travis-ci/travis-cookbooks/tree/42e42e4
[34m[1mgit version[0m
git version 2.21.0
[34m[1mbash version[0m
GNU bash, version 4.3.48(1)-release (x86_64-pc-linux-gnu)
[34m[1mgcc version[0m
gcc (Ubuntu 5.4.0-6ubuntu1~16.04.11) 5.4.0 20160609
[34m[1mdocker version[0m
Client:
 Version:           18.06.0-ce
 API version:       1.38
 Go version:        go1.10.3
 Git commit:        0ffa825
 Built:             Wed Jul 18 19:11:02 2018
 OS/Arch:           linux/amd64
 Experimental:      false

Server:
 Engine:
  Version:          18.06.0-ce
  API version:      1.38 (minimum version 1.12)
  Go version:       go1.10.3
  Git commit:       0ffa825
  Built:            Wed Jul 18 19:09:05 2018
  OS/Arch:          linux/amd64
  Experimental:     false
[34m[1mclang version[0m
clang version 7.0.0 (tags/RELEASE_700/final)
[34m[1mjq version[0m
jq-1.5
[34m[1mbats version[0m
Bats 0.4.0
[34m[1mshellcheck version[0m
0.6.0
[34m[1mshfmt version[0m
v2.6.3
[34m[1mccache version[0m
3.2.4
[34m[1mcmake version[0m
cmake version 3.12.4
[34m[1mheroku version[0m
heroku/7.22.7 linux-x64 node-v11.10.1
[34m[1mimagemagick version[0m
Version: ImageMagick 6.8.9-9 Q16 x86_64 2018-09-28 http://www.imagemagick.org
[34m[1mmd5deep version[0m
4.4
[34m[1mmercurial version[0m
version 4.8
[34m[1mmysql version[0m
mysql  Ver 14.14 Distrib 5.7.25, for Linux (x86_64) using  EditLine wrapper
[34m[1mopenssl version[0m
OpenSSL 1.0.2g  1 Mar 2016
[34m[1mpacker version[0m
1.3.3
[34m[1mpostgresql client version[0m
psql (PostgreSQL) 10.7 (Ubuntu 10.7-1.pgdg16.04+1)
[34m[1mragel version[0m
Ragel State Machine Compiler version 6.8 Feb 2013
[34m[1msudo version[0m
1.8.16
[34m[1mgzip version[0m
gzip 1.6
[34m[1mzip version[0m
Zip 3.0
[34m[1mvim version[0m
VIM - Vi IMproved 7.4 (2013 Aug 10, compiled Nov 24 2016 16:44:48)
[34m[1miptables version[0m
iptables v1.6.0
[34m[1mcurl version[0m
curl 7.47.0 (x86_64-pc-linux-gnu) libcurl/7.47.0 GnuTLS/3.4.10 zlib/1.2.8 libidn/1.32 librtmp/2.3
[34m[1mwget version[0m
GNU Wget 1.17.1 built on linux-gnu.
[34m[1mrsync version[0m
rsync  version 3.1.1  protocol version 31
[34m[1mgimme version[0m
v1.5.3
[34m[1mnvm version[0m
0.34.0
[34m[1mperlbrew version[0m
/home/travis/perl5/perlbrew/bin/perlbrew  - App::perlbrew/0.86
[34m[1mphpenv version[0m
rbenv 1.1.2
[34m[1mrvm version[0m
rvm 1.29.7 (latest) by Michal Papis, Piotr Kuczynski, Wayne E. Seguin [https://rvm.io]
[34m[1mdefault ruby version[0m
ruby 2.5.3p105 (2018-10-18 revision 65156) [x86_64-linux]
[34m[1mCouchDB version[0m
couchdb 1.6.1
[34m[1mElasticSearch version[0m
5.5.0
[34m[1mInstalled Firefox version[0m
firefox 63.0.1
[34m[1mMongoDB version[0m
MongoDB 4.0.7
[34m[1mPhantomJS version[0m
2.1.1
[34m[1mPre-installed PostgreSQL versions[0m
9.4.21
9.5.16
9.6.12
[34m[1mRedis version[0m
redis-server 5.0.4
[34m[1mPre-installed Go versions[0m
1.11.1
[34m[1mmvn version[0m
Apache Maven 3.6.0 (97c98ec64a1fdfee7767ce5ffb20918da4f719f3; 2018-10-24T18:41:47Z)
[34m[1mgradle version[0m
Gradle 4.10.2!
[34m[1mlein version[0m
Leiningen 2.9.1 on Java 11.0.2 OpenJDK 64-Bit Server VM
[34m[1mPre-installed Node.js versions[0m
v10.15.3
v11.0.0
v4.9.1
v6.17.0
v8.12.0
v8.15.1
v8.9
[34m[1mphpenv versions[0m
  system
  5.6
  5.6.40
  7.1
  7.1.27
  7.2
* 7.2.15 (set by /home/travis/.phpenv/version)
  hhvm
  hhvm-stable
[34m[1mcomposer --version[0m
Composer version 1.8.4 2019-02-11 10:52:10
[34m[1mPre-installed Ruby versions[0m
ruby-2.3.8
ruby-2.4.5
ruby-2.5.3
travis_fold:end:system_info[0K
travis_fold:start:docker_mtu[0Ktravis_fold:end:docker_mtu[0Ktravis_fold:start:resolvconf[0Ktravis_fold:end:resolvconf[0Ktravis_fold:start:install_chrome[0K$ export CHROME_SOURCE_URL=https://dl.google.com/dl/linux/direct/google-chrome-stable_current_amd64.deb
[33;1mInstalling Google Chrome stable[0m
travis_time:start:09b2b444[0K$ wget --no-verbose -O /tmp/$(basename $CHROME_SOURCE_URL) $CHROME_SOURCE_URL
2019-07-31 20:17:37 URL:https://dl.google.com/dl/linux/direct/google-chrome-stable_current_amd64.deb [59355402/59355402] -> "/tmp/google-chrome-stable_current_amd64.deb" [1]
travis_time:end:09b2b444:start=1564604255932201064,finish=1564604257199025243,duration=1266824179[0K(Reading database ... 124189 files and directories currently installed.)
Preparing to unpack .../google-chrome-stable_current_amd64.deb ...
Unpacking google-chrome-stable (76.0.3809.87-1) over (73.0.3683.86-1) ...
Setting up google-chrome-stable (76.0.3809.87-1) ...
Processing triggers for mime-support (3.59ubuntu1) ...
Processing triggers for man-db (2.7.5-1) ...
travis_fold:end:install_chrome[0K
travis_fold:start:git.checkout[0Ktravis_time:start:09456448[0K$ git clone --depth=3 --branch=master-jo-jquery-docs https://github.com/twbs/bootstrap.git twbs/bootstrap
Cloning into 'twbs/bootstrap'...
travis_time:end:09456448:start=1564604267886066596,finish=1564604269279222910,duration=1393156314[0K$ cd twbs/bootstrap
$ git checkout -qf 08827d042c37b77e26f0196c0babc2cbd02169e7
travis_fold:end:git.checkout[0K

[33;1mSetting environment variables from repository settings[0m
$ export BROWSER_STACK_USERNAME=[secure]
$ export BROWSER_STACK_ACCESS_KEY=[secure]
$ export BUNDLESIZE_GITHUB_TOKEN=[secure]

travis_fold:start:nvm.install[0Ktravis_time:start:0301a1a0[0K$ nvm install 10
Downloading and installing node v10.16.1...
Downloading https://nodejs.org/dist/v10.16.1/node-v10.16.1-linux-x64.tar.xz...
Computing checksum with sha256sum
Checksums matched!
Now using node v10.16.1 (npm v6.9.0)
travis_time:end:0301a1a0:start=1564604270517579978,finish=1564604274064986856,duration=3547406878[0Ktravis_fold:end:nvm.install[0K
travis_fold:start:cache.1[0KSetting up build cache
$ export CASHER_DIR=${TRAVIS_HOME}/.casher
travis_time:start:018c2c0c[0K$ Installing caching utilities
travis_time:end:018c2c0c:start=1564604275474549719,finish=1564604275754962333,duration=280412614[0Ktravis_time:start:01136b20[0Ktravis_time:end:01136b20:start=1564604275762446813,finish=1564604275766235564,duration=3788751[0Ktravis_time:start:1b8d9696[0Kattempting to download cache archive[0m
[32;1mfetching master-jo-jquery-docs/cache-linux-xenial-e3b0c44298fc1c149afbf4c8996fb92427ae41e4649b934ca495991b7852b855--node-10.tgz[0m
[32;1mfetching master-jo-jquery-docs/cache--node-10.tgz[0m
[32;1mfetching master/cache-linux-xenial-e3b0c44298fc1c149afbf4c8996fb92427ae41e4649b934ca495991b7852b855--node-10.tgz[0m
[32;1mfound cache[0m
travis_time:end:1b8d9696:start=1564604275773016503,finish=1564604277947282867,duration=2174266364[0Ktravis_fold:end:cache.1[0K
travis_fold:start:cache.npm[0K
travis_time:start:01932fba[0Ktravis_time:end:01932fba:start=1564604278165254842,finish=1564604278169256040,duration=4001198[0Ktravis_time:start:003cef98[0Kadding /home/travis/.npm to cache[0m
travis_time:end:003cef98:start=1564604278174366631,finish=1564604280620092677,duration=2445726046[0Ktravis_fold:end:cache.npm[0K$ node --version
v10.16.1
$ npm --version
6.9.0
$ nvm --version
0.34.0

travis_fold:start:install.npm[0Ktravis_time:start:1c9c556a[0K$ npm ci 

> fsevents@1.2.9 install /home/travis/build/twbs/bootstrap/node_modules/fsevents
> node install


> core-js@2.6.9 postinstall /home/travis/build/twbs/bootstrap/node_modules/babel-runtime/node_modules/core-js
> node scripts/postinstall || echo "ignore"


> nodemon@1.19.1 postinstall /home/travis/build/twbs/bootstrap/node_modules/nodemon
> node bin/postinstall || exit 0

[32mLove nodemon? You can now support the project via the open collective:[22m[39m
 > [96m[1mhttps://opencollective.com/nodemon/donate[0m


> node-sass@4.12.0 install /home/travis/build/twbs/bootstrap/node_modules/node-sass
> node scripts/install.js

Downloading binary from https://github.com/sass/node-sass/releases/download/v4.12.0/linux-x64-64_binding.node
Download complete
Binary saved to /home/travis/build/twbs/bootstrap/node_modules/node-sass/vendor/linux-x64-64/binding.node

> node-sass@4.12.0 postinstall /home/travis/build/twbs/bootstrap/node_modules/node-sass
> node scripts/build.js

Binary found at /home/travis/build/twbs/bootstrap/node_modules/node-sass/vendor/linux-x64-64/binding.node
Testing binary
Binary is fine

> core-js@3.1.4 postinstall /home/travis/build/twbs/bootstrap/node_modules/core-js
> node scripts/postinstall || echo "ignore"


> hugo-bin@0.44.1 postinstall /home/travis/build/twbs/bootstrap/node_modules/hugo-bin
> rimraf vendor && node lib/install

âœ”  success   Hugo binary installed successfully!

> iltorb@2.4.3 install /home/travis/build/twbs/bootstrap/node_modules/iltorb
> node ./scripts/install.js || node-gyp rebuild

info looking for cached prebuild @ /home/travis/.npm/_prebuilds/54245c-iltorb-v2.4.3-node-v64-linux-x64.tar.gz
info found cached prebuild 
info unpacking @ /home/travis/.npm/_prebuilds/54245c-iltorb-v2.4.3-node-v64-linux-x64.tar.gz
info unpack resolved to /home/travis/build/twbs/bootstrap/node_modules/iltorb/build/bindings/iltorb.node
info unpack required /home/travis/build/twbs/bootstrap/node_modules/iltorb/build/bindings/iltorb.node successfully
info install Successfully installed iltorb binary!

> core-js-pure@3.1.4 postinstall /home/travis/build/twbs/bootstrap/node_modules/core-js-pure
> node scripts/postinstall || echo "ignore"

added 1313 packages in 12.221s
travis_time:end:1c9c556a:start=1564604281691906573,finish=1564604294427671377,duration=12735764804[0Ktravis_fold:end:install.npm[0K
travis_fold:start:before_script[0Ktravis_time:start:080a8162[0K$ google-chrome-stable --product-version
76.0.3809.87
travis_time:end:080a8162:start=1564604294435620864,finish=1564604294726578975,duration=290958111[0Ktravis_fold:end:before_script[0Ktravis_time:start:10c3ca28[0K$ npm test || travis_terminate 1

> bootstrap@4.3.1 test /home/travis/build/twbs/bootstrap
> npm-run-all lint dist js-test docs-build docs-lint bundlesize


> bootstrap@4.3.1 lint /home/travis/build/twbs/bootstrap
> npm-run-all --parallel js-lint css-lint


> bootstrap@4.3.1 js-lint /home/travis/build/twbs/bootstrap
> npm-run-all --continue-on-error --parallel js-lint-*


> bootstrap@4.3.1 css-lint /home/travis/build/twbs/bootstrap
> npm-run-all --continue-on-error --parallel css-lint-*


> bootstrap@4.3.1 js-lint-docs /home/travis/build/twbs/bootstrap
> eslint --cache --cache-location .cache/.eslintcache site/


> bootstrap@4.3.1 css-lint-vars /home/travis/build/twbs/bootstrap
> fusv scss/ site/static/


> bootstrap@4.3.1 css-lint-main /home/travis/build/twbs/bootstrap
> stylelint "scss/**/*.scss" --cache --cache-location .cache/.stylelintcache


> bootstrap@4.3.1 js-lint-main /home/travis/build/twbs/bootstrap
> eslint --cache --cache-location .cache/.eslintcache js/src js/tests build/


> bootstrap@4.3.1 css-lint-docs /home/travis/build/twbs/bootstrap
> stylelint "site/static/**/assets/scss/*.scss" "site/content/**/*.css" --cache --cache-location .cache/.stylelintcache

Looking for unused variables
- 
â„¹ Finding unused variables in "/home/travis/build/twbs/bootstrap/scss"...
- 
â„¹ 671 total variables.
- 
- 
â„¹ Finding unused variables in "/home/travis/build/twbs/bootstrap/site/static"...
- 
â„¹ 10 total variables.
- 
- 
âœ” No unused variables found!

/home/travis/build/twbs/bootstrap/js/src/button/button.js
  85:13  warning  Blocks are nested too deeply (5). Maximum allowed is 4  max-depth

âœ– 1 problem (0 errors, 1 warning)


> bootstrap@4.3.1 dist /home/travis/build/twbs/bootstrap
> npm-run-all --parallel css js


> bootstrap@4.3.1 js /home/travis/build/twbs/bootstrap
> npm-run-all js-compile js-minify js-copy


> bootstrap@4.3.1 css /home/travis/build/twbs/bootstrap
> npm-run-all css-compile css-prefix css-minify css-copy


> bootstrap@4.3.1 js-compile /home/travis/build/twbs/bootstrap
> npm-run-all --parallel js-compile-* --sequential js-copy


> bootstrap@4.3.1 css-compile /home/travis/build/twbs/bootstrap
> npm-run-all --parallel css-compile-*


> bootstrap@4.3.1 js-compile-standalone-esm /home/travis/build/twbs/bootstrap
> rollup --environment ESM:true,BUNDLE:false --config build/rollup.config.js --sourcemap


> bootstrap@4.3.1 js-compile-standalone /home/travis/build/twbs/bootstrap
> rollup --environment BUNDLE:false --config build/rollup.config.js --sourcemap


> bootstrap@4.3.1 js-compile-bundle /home/travis/build/twbs/bootstrap
> rollup --environment BUNDLE:true --config build/rollup.config.js --sourcemap


> bootstrap@4.3.1 js-compile-plugins /home/travis/build/twbs/bootstrap
> node build/build-plugins.js


> bootstrap@4.3.1 css-compile-main /home/travis/build/twbs/bootstrap
> node-sass --output-style expanded --source-map true --source-map-contents true --precision 6 scss/ -o dist/css/ && npm run css-copy


> bootstrap@4.3.1 css-compile-docs /home/travis/build/twbs/bootstrap
> cross-env-shell node-sass --output-style expanded --source-map true --source-map-contents true --precision 6 site/static/docs/$npm_package_version_short/assets/scss/docs.scss site/static/docs/$npm_package_version_short/assets/css/docs.min.css

Building Data plugin...
Building EventHandler plugin...
Building Manipulator plugin...
Building Polyfill plugin...
Building SelectorEngine plugin...
Building Alert plugin...
Building Button plugin...
Building Carousel plugin...
Building Collapse plugin...
Building Dropdown plugin...
Building Modal plugin...
Building Popover plugin...
Building ScrollSpy plugin...
Building Tab plugin...
Building Toast plugin...
Building Tooltip plugin...

/home/travis/build/twbs/bootstrap/js/index.umd.js â†’ dist/js/bootstrap.js...

/home/travis/build/twbs/bootstrap/js/index.esm.js â†’ dist/js/bootstrap.esm.js...

/home/travis/build/twbs/bootstrap/js/index.umd.js â†’ dist/js/bootstrap.bundle.js...
Rendering Complete, saving .css file...
Wrote CSS to /home/travis/build/twbs/bootstrap/site/static/docs/4.3/assets/css/docs.min.css
Wrote Source Map to /home/travis/build/twbs/bootstrap/site/static/docs/4.3/assets/css/docs.min.css.map
Rendering Complete, saving .css file...
Wrote CSS to /home/travis/build/twbs/bootstrap/dist/css/bootstrap-grid.css
Wrote Source Map to /home/travis/build/twbs/bootstrap/dist/css/bootstrap-grid.css.map
Rendering Complete, saving .css file...
Wrote CSS to /home/travis/build/twbs/bootstrap/dist/css/bootstrap-reboot.css
Wrote Source Map to /home/travis/build/twbs/bootstrap/dist/css/bootstrap-reboot.css.map
Rendering Complete, saving .css file...
Wrote CSS to /home/travis/build/twbs/bootstrap/dist/css/bootstrap-utilities.css
Wrote Source Map to /home/travis/build/twbs/bootstrap/dist/css/bootstrap-utilities.css.map
Rendering Complete, saving .css file...
Wrote CSS to /home/travis/build/twbs/bootstrap/dist/css/bootstrap.css
Wrote Source Map to /home/travis/build/twbs/bootstrap/dist/css/bootstrap.css.map
Wrote 4 CSS files to /home/travis/build/twbs/bootstrap/dist/css/

> bootstrap@4.3.1 css-copy /home/travis/build/twbs/bootstrap
> cross-env-shell shx mkdir -p site/static/docs/$npm_package_version_short/dist/ && cross-env-shell shx cp -r dist/css/ site/static/docs/$npm_package_version_short/dist/


> bootstrap@4.3.1 css-prefix /home/travis/build/twbs/bootstrap
> npm-run-all --parallel css-prefix-*

Building Data plugin... Done!
Building Manipulator plugin... Done!

> bootstrap@4.3.1 css-prefix-main /home/travis/build/twbs/bootstrap
> postcss --config build/postcss.config.js --replace "dist/css/*.css" "!dist/css/*.min.css"


> bootstrap@4.3.1 css-prefix-docs /home/travis/build/twbs/bootstrap
> cross-env-shell postcss --config build/postcss.config.js --replace "site/static/docs/$npm_package_version_short/assets/css/*.css" "site/static/docs/$npm_package_version_short/assets/css/*.css"

created dist/js/bootstrap.esm.js in 12.2s

> bootstrap@4.3.1 css-prefix-docs-examples /home/travis/build/twbs/bootstrap
> postcss --config build/postcss.config.js --replace "site/content/**/*.css" "site/content/**/*.css"

created dist/js/bootstrap.js in 12.4s
created dist/js/bootstrap.bundle.js in 13.1s
Building Polyfill plugin... Done!
Building SelectorEngine plugin... Done!
Building Alert plugin... Done!
Building Button plugin... Done!
Building Popover plugin... Done!
Building Tab plugin... Done!
Building Toast plugin... Done!
Building EventHandler plugin... Done!
Building Collapse plugin... Done!
Building Dropdown plugin... Done!
Building ScrollSpy plugin... Done!
Building Carousel plugin... Done!
Building Modal plugin... Done!
Building Tooltip plugin... Done!

> bootstrap@4.3.1 js-copy /home/travis/build/twbs/bootstrap
> cross-env-shell shx mkdir -p site/static/docs/$npm_package_version_short/dist/ && cross-env-shell shx cp -r dist/js/ site/static/docs/$npm_package_version_short/dist/


> bootstrap@4.3.1 js-minify /home/travis/build/twbs/bootstrap
> npm-run-all --parallel js-minify-main js-minify-docs


> bootstrap@4.3.1 css-minify /home/travis/build/twbs/bootstrap
> npm-run-all --parallel css-minify-*


> bootstrap@4.3.1 js-minify-main /home/travis/build/twbs/bootstrap
> npm-run-all js-minify-standalone* js-minify-bundle


> bootstrap@4.3.1 js-minify-docs /home/travis/build/twbs/bootstrap
> cross-env-shell terser --mangle --comments \"/^!/\" --output site/static/docs/$npm_package_version_short/assets/js/docs.min.js site/static/docs/$npm_package_version_short/assets/js/vendor/anchor.min.js site/static/docs/$npm_package_version_short/assets/js/vendor/clipboard.min.js site/static/docs/$npm_package_version_short/assets/js/vendor/bs-custom-file-input.min.js "site/static/docs/$npm_package_version_short/assets/js/src/*.js"


> bootstrap@4.3.1 css-minify-docs /home/travis/build/twbs/bootstrap
> cross-env-shell cleancss --level 1 --format breakWith=lf --source-map --source-map-inline-sources --output site/static/docs/$npm_package_version_short/assets/css/docs.min.css site/static/docs/$npm_package_version_short/assets/css/docs.min.css


> bootstrap@4.3.1 css-minify-main /home/travis/build/twbs/bootstrap
> cleancss --level 1 --format breakWith=lf --source-map --source-map-inline-sources --output dist/css/bootstrap.min.css dist/css/bootstrap.css && cleancss --level 1 --format breakWith=lf --source-map --source-map-inline-sources --output dist/css/bootstrap-grid.min.css dist/css/bootstrap-grid.css && cleancss --level 1 --format breakWith=lf --source-map --source-map-inline-sources --output dist/css/bootstrap-utilities.min.css dist/css/bootstrap-utilities.css && cleancss --level 1 --format breakWith=lf --source-map --source-map-inline-sources --output dist/css/bootstrap-reboot.min.css dist/css/bootstrap-reboot.css


> bootstrap@4.3.1 js-minify-standalone /home/travis/build/twbs/bootstrap
> terser --compress typeofs=false --mangle --comments "/^!/" --source-map "content=dist/js/bootstrap.js.map,includeSources,url=bootstrap.min.js.map" --output dist/js/bootstrap.min.js dist/js/bootstrap.js


> bootstrap@4.3.1 js-minify-standalone-esm /home/travis/build/twbs/bootstrap
> terser --compress --mangle --comments "/^!/" --source-map "content=dist/js/bootstrap.esm.js.map,includeSources,url=bootstrap.esm.min.js.map" --output dist/js/bootstrap.esm.min.js dist/js/bootstrap.esm.js


> bootstrap@4.3.1 css-copy /home/travis/build/twbs/bootstrap
> cross-env-shell shx mkdir -p site/static/docs/$npm_package_version_short/dist/ && cross-env-shell shx cp -r dist/css/ site/static/docs/$npm_package_version_short/dist/


> bootstrap@4.3.1 js-minify-bundle /home/travis/build/twbs/bootstrap
> terser --compress typeofs=false --mangle --comments "/^!/" --source-map "content=dist/js/bootstrap.bundle.js.map,includeSources,url=bootstrap.bundle.min.js.map" --output dist/js/bootstrap.bundle.min.js dist/js/bootstrap.bundle.js


> bootstrap@4.3.1 js-copy /home/travis/build/twbs/bootstrap
> cross-env-shell shx mkdir -p site/static/docs/$npm_package_version_short/dist/ && cross-env-shell shx cp -r dist/js/ site/static/docs/$npm_package_version_short/dist/


> bootstrap@4.3.1 js-test /home/travis/build/twbs/bootstrap
> npm-run-all --parallel js-test-karma js-test-integration


> bootstrap@4.3.1 js-test-karma /home/travis/build/twbs/bootstrap
> karma start js/tests/karma.conf.js


> bootstrap@4.3.1 js-test-integration /home/travis/build/twbs/bootstrap
> rollup --config js/tests/integration/rollup.bundle.js


js/tests/integration/bundle.js â†’ js/coverage/bundle.js...
created js/coverage/bundle.js in 4.5s
................................................................................
................................................................................
................................................................................
................................................................................
................................................................................
.....................................
HeadlessChrome 76.0.3809 (Linux 0.0.0): Executed 437 of 437[32m SUCCESS[39m (4.774 secs / 4.193 secs)
TOTAL: 437 SUCCESS

=============================== Coverage summary ===============================
Statements   : 96.06% ( 1876/1953 )
Branches     : 90.8% ( 1007/1109 )
Functions    : 95.69% ( 333/348 )
Lines        : 96.12% ( 1856/1931 )
================================================================================

> bootstrap@4.3.1 predocs-build /home/travis/build/twbs/bootstrap
> npm-run-all css-copy js-copy


> bootstrap@4.3.1 css-copy /home/travis/build/twbs/bootstrap
> cross-env-shell shx mkdir -p site/static/docs/$npm_package_version_short/dist/ && cross-env-shell shx cp -r dist/css/ site/static/docs/$npm_package_version_short/dist/


> bootstrap@4.3.1 js-copy /home/travis/build/twbs/bootstrap
> cross-env-shell shx mkdir -p site/static/docs/$npm_package_version_short/dist/ && cross-env-shell shx cp -r dist/js/ site/static/docs/$npm_package_version_short/dist/


> bootstrap@4.3.1 docs-build /home/travis/build/twbs/bootstrap
> hugo --cleanDestinationDir

Building sites â€¦ 
                   | EN   
+------------------+-----+
  Pages            | 105  
  Paginator pages  |   0  
  Non-page files   |  20  
  Static files     | 124  
  Processed images |   0  
  Aliases          |  16  
  Sitemaps         |   1  
  Cleaned          |   0  

Total in 1007 ms

> bootstrap@4.3.1 docs-lint /home/travis/build/twbs/bootstrap
> npm-run-all --parallel docs-vnu docs-linkinator


> bootstrap@4.3.1 docs-vnu /home/travis/build/twbs/bootstrap
> node build/vnu-jar.js


> bootstrap@4.3.1 docs-linkinator /home/travis/build/twbs/bootstrap
> linkinator _gh_pages --recurse --silent --skip "^(?!http://localhost)"



ðŸ¤– Successfully scanned 588 links in 5.618 seconds.

> bootstrap@4.3.1 bundlesize /home/travis/build/twbs/bootstrap
> bundlesize

{ Error: Request failed with status code 500
    at createError (/home/travis/build/twbs/bootstrap/node_modules/axios/lib/core/createError.js:16:15)
    at settle (/home/travis/build/twbs/bootstrap/node_modules/axios/lib/core/settle.js:17:12)
    at IncomingMessage.handleStreamEnd (/home/travis/build/twbs/bootstrap/node_modules/axios/lib/adapters/http.js:237:11)
    at IncomingMessage.emit (events.js:203:15)
    at endReadableNT (_stream_readable.js:1145:12)
    at process._tickCallback (internal/process/next_tick.js:63:19)
  config:
   { url:
      'https://bundlesize-store.now.sh/values?repo=twbs/bootstrap&token=[secure]',
     method: 'get',
     headers:
      { Accept: 'application/json, text/plain, */*',
        'User-Agent': 'axios/0.19.0' },
     transformRequest: [ [Function: transformRequest] ],
     transformResponse: [ [Function: transformResponse] ],
     timeout: 0,
     adapter: [Function: httpAdapter],
     xsrfCookieName: 'XSRF-TOKEN',
     xsrfHeaderName: 'X-XSRF-TOKEN',
     maxContentLength: -1,
     validateStatus: [Function: validateStatus],
     data: undefined },
  request:
   ClientRequest {
     _events:
      [Object: null prototype] {
        socket: [Function],
        abort: [Function],
        aborted: [Function],
        error: [Function],
        timeout: [Function],
        prefinish: [Function: requestOnPrefinish] },
     _eventsCount: 6,
     _maxListeners: undefined,
     output: [],
     outputEncodings: [],
     outputCallbacks: [],
     outputSize: 0,
     writable: true,
     _last: true,
     chunkedEncoding: false,
     shouldKeepAlive: false,
     useChunkedEncodingByDefault: false,
     sendDate: false,
     _removedConnection: false,
     _removedContLen: false,
     _removedTE: false,
     _contentLength: 0,
     _hasBody: true,
     _trailer: '',
     finished: true,
     _headerSent: true,
     socket:
      TLSSocket {
        _tlsOptions: [Object],
        _secureEstablished: true,
        _securePending: false,
        _newSessionPending: false,
        _controlReleased: true,
        _SNICallback: null,
        servername: 'bundlesize-store.now.sh',
        alpnProtocol: false,
        authorized: true,
        authorizationError: null,
        encrypted: true,
        _events: [Object],
        _eventsCount: 8,
        connecting: false,
        _hadError: false,
        _handle: [TLSWrap],
        _parent: null,
        _host: 'bundlesize-store.now.sh',
        _readableState: [ReadableState],
        readable: true,
        _maxListeners: undefined,
        _writableState: [WritableState],
        writable: false,
        allowHalfOpen: false,
        _sockname: null,
        _pendingData: null,
        _pendingEncoding: '',
        server: undefined,
        _server: null,
        ssl: [TLSWrap],
        _requestCert: true,
        _rejectUnauthorized: true,
        parser: null,
        _httpMessage: [Circular],
        [Symbol(res)]: [TLSWrap],
        [Symbol(asyncId)]: 25,
        [Symbol(lastWriteQueueSize)]: 0,
        [Symbol(timeout)]: null,
        [Symbol(kBytesRead)]: 0,
        [Symbol(kBytesWritten)]: 0,
        [Symbol(connect-options)]: [Object] },
     connection:
      TLSSocket {
        _tlsOptions: [Object],
        _secureEstablished: true,
        _securePending: false,
        _newSessionPending: false,
        _controlReleased: true,
        _SNICallback: null,
        servername: 'bundlesize-store.now.sh',
        alpnProtocol: false,
        authorized: true,
        authorizationError: null,
        encrypted: true,
        _events: [Object],
        _eventsCount: 8,
        connecting: false,
        _hadError: false,
        _handle: [TLSWrap],
        _parent: null,
        _host: 'bundlesize-store.now.sh',
        _readableState: [ReadableState],
        readable: true,
        _maxListeners: undefined,
        _writableState: [WritableState],
        writable: false,
        allowHalfOpen: false,
        _sockname: null,
        _pendingData: null,
        _pendingEncoding: '',
        server: undefined,
        _server: null,
        ssl: [TLSWrap],
        _requestCert: true,
        _rejectUnauthorized: true,
        parser: null,
        _httpMessage: [Circular],
        [Symbol(res)]: [TLSWrap],
        [Symbol(asyncId)]: 25,
        [Symbol(lastWriteQueueSize)]: 0,
        [Symbol(timeout)]: null,
        [Symbol(kBytesRead)]: 0,
        [Symbol(kBytesWritten)]: 0,
        [Symbol(connect-options)]: [Object] },
     _header:
      'GET /values?repo=twbs/bootstrap&token=[secure] HTTP/1.1\r\nAccept: application/json, text/plain, */*\r\nUser-Agent: axios/0.19.0\r\nHost: bundlesize-store.now.sh\r\nConnection: close\r\n\r\n',
     _onPendingData: [Function: noopPendingOutput],
     agent:
      Agent {
        _events: [Object],
        _eventsCount: 1,
        _maxListeners: undefined,
        defaultPort: 443,
        protocol: 'https:',
        options: [Object],
        requests: {},
        sockets: [Object],
        freeSockets: {},
        keepAliveMsecs: 1000,
        keepAlive: false,
        maxSockets: Infinity,
        maxFreeSockets: 256,
        maxCachedSessions: 100,
        _sessionCache: [Object] },
     socketPath: undefined,
     timeout: undefined,
     method: 'GET',
     path:
      '/values?repo=twbs/bootstrap&token=[secure]',
     _ended: true,
     res:
      IncomingMessage {
        _readableState: [ReadableState],
        readable: false,
        _events: [Object],
        _eventsCount: 3,
        _maxListeners: undefined,
        socket: [TLSSocket],
        connection: [TLSSocket],
        httpVersionMajor: 1,
        httpVersionMinor: 1,
        httpVersion: '1.1',
        complete: true,
        headers: [Object],
        rawHeaders: [Array],
        trailers: {},
        rawTrailers: [],
        aborted: false,
        upgrade: false,
        url: '',
        method: null,
        statusCode: 500,
        statusMessage: 'Internal Server Error',
        client: [TLSSocket],
        _consuming: false,
        _dumped: false,
        req: [Circular],
        responseUrl:
         'https://bundlesize-store.now.sh/values?repo=twbs/bootstrap&token=[secure]',
        redirects: [] },
     aborted: undefined,
     timeoutCb: null,
     upgradeOrConnect: false,
     parser: null,
     maxHeadersCount: null,
     _redirectable:
      Writable {
        _writableState: [WritableState],
        writable: true,
        _events: [Object],
        _eventsCount: 2,
        _maxListeners: undefined,
        _options: [Object],
        _redirectCount: 0,
        _redirects: [],
        _requestBodyLength: 0,
        _requestBodyBuffers: [],
        _onNativeResponse: [Function],
        _currentRequest: [Circular],
        _currentUrl:
         'https://bundlesize-store.now.sh/values?repo=twbs/bootstrap&token=[secure]' },
     [Symbol(isCorked)]: false,
     [Symbol(outHeadersKey)]:
      [Object: null prototype] { accept: [Array], 'user-agent': [Array], host: [Array] } },
  response:
   { status: 500,
     statusText: 'Internal Server Error',
     headers:
      { 'content-type': 'text/html; charset=utf-8',
        connection: 'close',
        'x-powered-by': 'Express',
        'content-security-policy': 'default-src \'none\'',
        'content-length': '148',
        date: 'Wed, 31 Jul 2019 20:20:00 GMT',
        'x-content-type-options': 'nosniff',
        'cache-control': 'public, max-age=0, must-revalidate',
        'x-now-cache': 'MISS',
        'x-now-trace': 'cle1',
        server: 'now',
        'x-now-id': 'cle1:bom1:jn89g-1564604399550-124c0e6e54f7',
        'strict-transport-security': 'max-age=63072000' },
     config:
      { url:
         'https://bundlesize-store.now.sh/values?repo=twbs/bootstrap&token=[secure]',
        method: 'get',
        headers: [Object],
        transformRequest: [Array],
        transformResponse: [Array],
        timeout: 0,
        adapter: [Function: httpAdapter],
        xsrfCookieName: 'XSRF-TOKEN',
        xsrfHeaderName: 'X-XSRF-TOKEN',
        maxContentLength: -1,
        validateStatus: [Function: validateStatus],
        data: undefined },
     request:
      ClientRequest {
        _events: [Object],
        _eventsCount: 6,
        _maxListeners: undefined,
        output: [],
        outputEncodings: [],
        outputCallbacks: [],
        outputSize: 0,
        writable: true,
        _last: true,
        chunkedEncoding: false,
        shouldKeepAlive: false,
        useChunkedEncodingByDefault: false,
        sendDate: false,
        _removedConnection: false,
        _removedContLen: false,
        _removedTE: false,
        _contentLength: 0,
        _hasBody: true,
        _trailer: '',
        finished: true,
        _headerSent: true,
        socket: [TLSSocket],
        connection: [TLSSocket],
        _header:
         'GET /values?repo=twbs/bootstrap&token=[secure] HTTP/1.1\r\nAccept: application/json, text/plain, */*\r\nUser-Agent: axios/0.19.0\r\nHost: bundlesize-store.now.sh\r\nConnection: close\r\n\r\n',
        _onPendingData: [Function: noopPendingOutput],
        agent: [Agent],
        socketPath: undefined,
        timeout: undefined,
        method: 'GET',
        path:
         '/values?repo=twbs/bootstrap&token=[secure]',
        _ended: true,
        res: [IncomingMessage],
        aborted: undefined,
        timeoutCb: null,
        upgradeOrConnect: false,
        parser: null,
        maxHeadersCount: null,
        _redirectable: [Writable],
        [Symbol(isCorked)]: false,
        [Symbol(outHeadersKey)]: [Object] },
     data:
      '<!DOCTYPE html>\n<html lang="en">\n<head>\n<meta charset="utf-8">\n<title>Error</title>\n</head>\n<body>\n<pre>Internal Server Error</pre>\n</body>\n</html>\n' },
  isAxiosError: true,
  toJSON: [Function] }
 PASS  ./dist/css/bootstrap-grid.css: 7.59KB < maxSize 8KB (gzip) 

 PASS  ./dist/css/bootstrap-grid.min.css: 6.89KB < maxSize 7.2KB (gzip) 

 PASS  ./dist/css/bootstrap-reboot.css: 1.72KB < maxSize 2KB (gzip) 

 PASS  ./dist/css/bootstrap-reboot.min.css: 1.62KB < maxSize 2KB (gzip) 

 PASS  ./dist/css/bootstrap-utilities.css: 6.6KB < maxSize 8KB (gzip) 

 PASS  ./dist/css/bootstrap-utilities.min.css: 6KB < maxSize 7KB (gzip) 

 PASS  ./dist/css/bootstrap.css: 22.07KB < maxSize 25KB (gzip) 

 PASS  ./dist/css/bootstrap.min.css: 20.57KB < maxSize 23KB (gzip) 

 PASS  ./dist/js/bootstrap.bundle.js: 50.15KB < maxSize 51KB (gzip) 

 PASS  ./dist/js/bootstrap.bundle.min.js: 23.54KB < maxSize 24KB (gzip) 

 PASS  ./dist/js/bootstrap.esm.js: 27.12KB < maxSize 28KB (gzip) 

 PASS  ./dist/js/bootstrap.esm.min.js: 18.46KB < maxSize 19KB (gzip) 

 PASS  ./dist/js/bootstrap.js: 27.78KB < maxSize 29KB (gzip) 

 PASS  ./dist/js/bootstrap.min.js: 17.03KB < maxSize 17.5KB (gzip) 

travis_time:end:10c3ca28:start=1564604294733688430,finish=1564604400903662647,duration=106169974217[0K[32;1mThe command "npm test || travis_terminate 1" exited with 0.[0m

travis_time:start:009693c6[0K$ if [[ "$TRAVIS_NODE_VERSION" = "10" && "$TRAVIS_EVENT_TYPE" = "push" && ! `git log --format=%B --no-merges -n 1 | grep '\[skip browser\]'` ]]; then npm run js-test-cloud; fi

> bootstrap@4.3.1 js-test-cloud /home/travis/build/twbs/bootstrap
> cross-env BROWSER=true npm run js-test-karma


> bootstrap@4.3.1 js-test-karma /home/travis/build/twbs/bootstrap
> karma start js/tests/karma.conf.js

BrowserStackTunnel: binary not present
BrowserStackTunnel: download binary for linux-x64 ...
BrowserStackTunnel: download complete
BrowserStackTunnel: chmod 0755 binary
................................................................................
................................................................................
................................................................................
................................................................................
................................................................................
................................................................................
................................................................................
................................................................................
................................................................................
................................................................................
................................................................................
................................................................................
................................................................................
................................................................................
................................................................................
................................................................................
................................................................................
................................................................................
................................................................................
...........................
Firefox 68.0.0 (Mac OS X 10.13.0): Executed 437 of 437[32m SUCCESS[39m (9.751 secs / 8.339 secs)
..................................................
Safari 11.1.2 (Mac OS X 10.13.6): Executed 437 of 437[32m SUCCESS[39m (9.43 secs / 4.687 secs)
................................................................................
..........................................................
IE 11.0.0 (Windows 10.0.0): Executed 437 of 437[32m SUCCESS[39m (12.688 secs / 8.612 secs)
................................................................................
................................................................................
................................................................................
................................................................................
...
Mobile Safari 11.0.0 (iOS 11.0.1): Executed 437 of 437[32m SUCCESS[39m (4.298 secs / 3.661 secs)
................................................................................
...............................................
Firefox 68.0.0 (Windows 10.0.0): Executed 437 of 437[32m SUCCESS[39m (7.523 secs / 6.072 secs)
................................................................................
................................................................................
................................................................................
................................................................................
................................................................................
................................................................................
................................................................................
................................................................................
................................................................................
................................................................................
................................................................................
................................................................................
.
Chrome Mobile 74.0.3729 (Android 8.0.0): Executed 437 of 437[32m SUCCESS[39m (6.688 secs / 5.187 secs)
................................................................................
................................................................................
................................................................................
................................................................................
.............................
Edge 18.18362.0 (Windows 10.0.0): Executed 437 of 437[32m SUCCESS[39m (12.83 secs / 9.803 secs)
.
Chrome 75.0.3770 (Windows 10.0.0): Executed 437 of 437[32m SUCCESS[39m (9.441 secs / 7.308 secs)
[31mChrome 75.0.3770 (Mac OS X 10.13.6) ERROR[39m
  Disconnected, because no message in 30000 ms.
Chrome 75.0.3770 (Mac OS X 10.13.6) ERROR
  Disconnected, because no message in 30000 ms.
Chrome 75.0.3770 (Mac OS X 10.13.6): Executed 0 of 0[31m DISCONNECTED[39m (30.002 secs / 0 secs)
[91m31 07 2019 20:21:24.471:ERROR [reporter.browserlabs]: [39mâœ– Test Disconnected
npm ERR! code ELIFECYCLE
npm ERR! errno 1
npm ERR! bootstrap@4.3.1 js-test-karma: `karma start js/tests/karma.conf.js`
npm ERR! Exit status 1
npm ERR! 
npm ERR! Failed at the bootstrap@4.3.1 js-test-karma script.
npm ERR! This is probably not a problem with npm. There is likely additional logging output above.

npm ERR! A complete log of this run can be found in:
npm ERR!     /home/travis/.npm/_logs/2019-07-31T20_21_37_429Z-debug.log
npm ERR! code ELIFECYCLE
npm ERR! errno 1
npm ERR! bootstrap@4.3.1 js-test-cloud: `cross-env BROWSER=true npm run js-test-karma`
npm ERR! Exit status 1
npm ERR! 
npm ERR! Failed at the bootstrap@4.3.1 js-test-cloud script.
npm ERR! This is probably not a problem with npm. There is likely additional logging output above.

npm ERR! A complete log of this run can be found in:
npm ERR!     /home/travis/.npm/_logs/2019-07-31T20_21_37_449Z-debug.log
travis_time:end:009693c6:start=1564604400909901845,finish=1564604497466692399,duration=96556790554[0K[31;1mThe command "if [[ "$TRAVIS_NODE_VERSION" = "10" && "$TRAVIS_EVENT_TYPE" = "push" && ! `git log --format=%B --no-merges -n 1 | grep '\[skip browser\]'` ]]; then npm run js-test-cloud; fi" exited with 1.[0m

travis_fold:start:cache.2[0Kstore build cache
travis_time:start:053f2500[0Ktravis_time:end:053f2500:start=1564604497475410320,finish=1564604497480427523,duration=5017203[0Ktravis_time:start:34232f94[0K[32;1mchanges detected (content changed, file is created, or file is deleted):\n/home/travis/.npm/_logs/2019-07-31T20_21_37_429Z-debug.log
/home/travis/.npm/_logs/2019-07-31T20_21_37_449Z-debug.log\n[0m
[32;1mchanges detected, packing new archive[0m
[32;1muploading master-jo-jquery-docs/cache-linux-xenial-e3b0c44298fc1c149afbf4c8996fb92427ae41e4649b934ca495991b7852b855--node-10.tgz[0m
[32;1mcache uploaded[0m
travis_time:end:34232f94:start=1564604497488643005,finish=1564604502429374727,duration=4940731722[0Ktravis_fold:end:cache.2[0K

Done. Your build exited with 1.
