travis_fold:start:worker_info[0K[33;1mWorker information[0m
hostname: 2a5b2bf0-46a6-4e73-890d-3fa7d8d2c6b9@1.worker-org-5dcc948c89-8dph9.gce-production-2
version: v6.2.1 https://github.com/travis-ci/worker/tree/4e3246c044eb4915c2378ffacd0b3d3ed0136bba
instance: travis-job-78cb30f5-4d50-4826-9663-ade49aba625a travis-ci-sardonyx-xenial-1553530528-f909ac5 (via amqp)
startup: 7.026079821s
travis_fold:end:worker_info[0Ktravis_fold:start:system_info[0K[33;1mBuild system information[0m
Build language: node_js
Build group: stable
Build dist: xenial
Build id: 566522647
Job id: 566522648
Runtime kernel version: 4.15.0-1028-gcp
travis-build version: 65949ed1e
[34m[1mBuild image provisioning date and time[0m
Mon Mar 25 16:43:24 UTC 2019
[34m[1mOperating System Details[0m
Distributor ID:	Ubuntu
Description:	Ubuntu 16.04.6 LTS
Release:	16.04
Codename:	xenial
[34m[1mSystemd Version[0m
systemd 229
[34m[1mCookbooks Version[0m
42e42e4 https://github.com/travis-ci/travis-cookbooks/tree/42e42e4
[34m[1mgit version[0m
git version 2.21.0
[34m[1mbash version[0m
GNU bash, version 4.3.48(1)-release (x86_64-pc-linux-gnu)
[34m[1mgcc version[0m
gcc (Ubuntu 5.4.0-6ubuntu1~16.04.11) 5.4.0 20160609
[34m[1mdocker version[0m
Client:
 Version:           18.06.0-ce
 API version:       1.38
 Go version:        go1.10.3
 Git commit:        0ffa825
 Built:             Wed Jul 18 19:11:02 2018
 OS/Arch:           linux/amd64
 Experimental:      false

Server:
 Engine:
  Version:          18.06.0-ce
  API version:      1.38 (minimum version 1.12)
  Go version:       go1.10.3
  Git commit:       0ffa825
  Built:            Wed Jul 18 19:09:05 2018
  OS/Arch:          linux/amd64
  Experimental:     false
[34m[1mclang version[0m
clang version 7.0.0 (tags/RELEASE_700/final)
[34m[1mjq version[0m
jq-1.5
[34m[1mbats version[0m
Bats 0.4.0
[34m[1mshellcheck version[0m
0.6.0
[34m[1mshfmt version[0m
v2.6.3
[34m[1mccache version[0m
3.2.4
[34m[1mcmake version[0m
cmake version 3.12.4
[34m[1mheroku version[0m
heroku/7.22.7 linux-x64 node-v11.10.1
[34m[1mimagemagick version[0m
Version: ImageMagick 6.8.9-9 Q16 x86_64 2018-09-28 http://www.imagemagick.org
[34m[1mmd5deep version[0m
4.4
[34m[1mmercurial version[0m
version 4.8
[34m[1mmysql version[0m
mysql  Ver 14.14 Distrib 5.7.25, for Linux (x86_64) using  EditLine wrapper
[34m[1mopenssl version[0m
OpenSSL 1.0.2g  1 Mar 2016
[34m[1mpacker version[0m
1.3.3
[34m[1mpostgresql client version[0m
psql (PostgreSQL) 10.7 (Ubuntu 10.7-1.pgdg16.04+1)
[34m[1mragel version[0m
Ragel State Machine Compiler version 6.8 Feb 2013
[34m[1msudo version[0m
1.8.16
[34m[1mgzip version[0m
gzip 1.6
[34m[1mzip version[0m
Zip 3.0
[34m[1mvim version[0m
VIM - Vi IMproved 7.4 (2013 Aug 10, compiled Nov 24 2016 16:44:48)
[34m[1miptables version[0m
iptables v1.6.0
[34m[1mcurl version[0m
curl 7.47.0 (x86_64-pc-linux-gnu) libcurl/7.47.0 GnuTLS/3.4.10 zlib/1.2.8 libidn/1.32 librtmp/2.3
[34m[1mwget version[0m
GNU Wget 1.17.1 built on linux-gnu.
[34m[1mrsync version[0m
rsync  version 3.1.1  protocol version 31
[34m[1mgimme version[0m
v1.5.3
[34m[1mnvm version[0m
0.34.0
[34m[1mperlbrew version[0m
/home/travis/perl5/perlbrew/bin/perlbrew  - App::perlbrew/0.86
[34m[1mphpenv version[0m
rbenv 1.1.2
[34m[1mrvm version[0m
rvm 1.29.7 (latest) by Michal Papis, Piotr Kuczynski, Wayne E. Seguin [https://rvm.io]
[34m[1mdefault ruby version[0m
ruby 2.5.3p105 (2018-10-18 revision 65156) [x86_64-linux]
[34m[1mCouchDB version[0m
couchdb 1.6.1
[34m[1mElasticSearch version[0m
5.5.0
[34m[1mInstalled Firefox version[0m
firefox 63.0.1
[34m[1mMongoDB version[0m
MongoDB 4.0.7
[34m[1mPhantomJS version[0m
2.1.1
[34m[1mPre-installed PostgreSQL versions[0m
9.4.21
9.5.16
9.6.12
[34m[1mRedis version[0m
redis-server 5.0.4
[34m[1mPre-installed Go versions[0m
1.11.1
[34m[1mmvn version[0m
Apache Maven 3.6.0 (97c98ec64a1fdfee7767ce5ffb20918da4f719f3; 2018-10-24T18:41:47Z)
[34m[1mgradle version[0m
Gradle 4.10.2!
[34m[1mlein version[0m
Leiningen 2.9.1 on Java 11.0.2 OpenJDK 64-Bit Server VM
[34m[1mPre-installed Node.js versions[0m
v10.15.3
v11.0.0
v4.9.1
v6.17.0
v8.12.0
v8.15.1
v8.9
[34m[1mphpenv versions[0m
  system
  5.6
  5.6.40
  7.1
  7.1.27
  7.2
* 7.2.15 (set by /home/travis/.phpenv/version)
  hhvm
  hhvm-stable
[34m[1mcomposer --version[0m
Composer version 1.8.4 2019-02-11 10:52:10
[34m[1mPre-installed Ruby versions[0m
ruby-2.3.8
ruby-2.4.5
ruby-2.5.3
travis_fold:end:system_info[0K
travis_fold:start:docker_mtu[0Ktravis_fold:end:docker_mtu[0Ktravis_fold:start:resolvconf[0Ktravis_fold:end:resolvconf[0Ktravis_fold:start:install_chrome[0K$ export CHROME_SOURCE_URL=https://dl.google.com/dl/linux/direct/google-chrome-stable_current_amd64.deb
[33;1mInstalling Google Chrome stable[0m
travis_time:start:1681028a[0K$ wget --no-verbose -O /tmp/$(basename $CHROME_SOURCE_URL) $CHROME_SOURCE_URL
2019-08-01 15:10:40 URL:https://dl.google.com/dl/linux/direct/google-chrome-stable_current_amd64.deb [59355402/59355402] -> "/tmp/google-chrome-stable_current_amd64.deb" [1]
travis_time:end:1681028a:start=1564672239307827113,finish=1564672240619189328,duration=1311362215[0K(Reading database ... 124189 files and directories currently installed.)
Preparing to unpack .../google-chrome-stable_current_amd64.deb ...
Unpacking google-chrome-stable (76.0.3809.87-1) over (73.0.3683.86-1) ...
Setting up google-chrome-stable (76.0.3809.87-1) ...
Processing triggers for mime-support (3.59ubuntu1) ...
Processing triggers for man-db (2.7.5-1) ...
travis_fold:end:install_chrome[0K
travis_fold:start:git.checkout[0Ktravis_time:start:08b8aa80[0K$ git clone --depth=3 --branch=master-xmr-hugo-3 https://github.com/twbs/bootstrap.git twbs/bootstrap
Cloning into 'twbs/bootstrap'...
travis_time:end:08b8aa80:start=1564672250014746698,finish=1564672252689895548,duration=2675148850[0K$ cd twbs/bootstrap
$ git checkout -qf ff5713802d3d87229854fc32114e5c1b6bb081a4
travis_fold:end:git.checkout[0K

[33;1mSetting environment variables from repository settings[0m
$ export BROWSER_STACK_USERNAME=[secure]
$ export BROWSER_STACK_ACCESS_KEY=[secure]
$ export BUNDLESIZE_GITHUB_TOKEN=[secure]

travis_fold:start:nvm.install[0Ktravis_time:start:21ed1751[0K$ nvm install 8
Downloading and installing node v8.16.0...
Downloading https://nodejs.org/dist/v8.16.0/node-v8.16.0-linux-x64.tar.xz...
Computing checksum with sha256sum
Checksums matched!
Now using node v8.16.0 (npm v6.4.1)
travis_time:end:21ed1751:start=1564672254285897681,finish=1564672258162312417,duration=3876414736[0Ktravis_fold:end:nvm.install[0K
travis_fold:start:cache.1[0KSetting up build cache
$ export CASHER_DIR=${TRAVIS_HOME}/.casher
travis_time:start:06438e19[0K$ Installing caching utilities
travis_time:end:06438e19:start=1564672259549480695,finish=1564672259906955656,duration=357474961[0Ktravis_time:start:0b7c68d3[0Ktravis_time:end:0b7c68d3:start=1564672259914869604,finish=1564672259918325684,duration=3456080[0Ktravis_time:start:0c537f38[0Kattempting to download cache archive[0m
[32;1mfetching master-xmr-hugo-3/cache-linux-xenial-e3b0c44298fc1c149afbf4c8996fb92427ae41e4649b934ca495991b7852b855--node-8.tgz[0m
[32;1mfetching master-xmr-hugo-3/cache--node-8.tgz[0m
[32;1mfetching master/cache-linux-xenial-e3b0c44298fc1c149afbf4c8996fb92427ae41e4649b934ca495991b7852b855--node-8.tgz[0m
[32;1mfound cache[0m
travis_time:end:0c537f38:start=1564672259922882881,finish=1564672262400238798,duration=2477355917[0Ktravis_fold:end:cache.1[0K
travis_fold:start:cache.npm[0K
travis_time:start:0019c47c[0Ktravis_time:end:0019c47c:start=1564672262675147953,finish=1564672262679053682,duration=3905729[0Ktravis_time:start:0dbd3c00[0Kadding /home/travis/.npm to cache[0m
travis_time:end:0dbd3c00:start=1564672262683710329,finish=1564672265231991947,duration=2548281618[0Ktravis_fold:end:cache.npm[0K$ node --version
v8.16.0
$ npm --version
6.4.1
$ nvm --version
0.34.0

travis_fold:start:install.npm[0Ktravis_time:start:1851dc84[0K$ npm ci 

> fsevents@1.2.9 install /home/travis/build/twbs/bootstrap/node_modules/fsevents
> node install


> core-js@2.6.9 postinstall /home/travis/build/twbs/bootstrap/node_modules/babel-runtime/node_modules/core-js
> node scripts/postinstall || echo "ignore"


> nodemon@1.19.1 postinstall /home/travis/build/twbs/bootstrap/node_modules/nodemon
> node bin/postinstall || exit 0

[32mLove nodemon? You can now support the project via the open collective:[22m[39m
 > [96m[1mhttps://opencollective.com/nodemon/donate[0m


> node-sass@4.12.0 install /home/travis/build/twbs/bootstrap/node_modules/node-sass
> node scripts/install.js

Cached binary found at /home/travis/.npm/node-sass/4.12.0/linux-x64-57_binding.node

> node-sass@4.12.0 postinstall /home/travis/build/twbs/bootstrap/node_modules/node-sass
> node scripts/build.js

Binary found at /home/travis/build/twbs/bootstrap/node_modules/node-sass/vendor/linux-x64-57/binding.node
Testing binary
Binary is fine

> core-js@3.1.4 postinstall /home/travis/build/twbs/bootstrap/node_modules/core-js
> node scripts/postinstall || echo "ignore"


> hugo-bin@0.44.3 postinstall /home/travis/build/twbs/bootstrap/node_modules/hugo-bin
> rimraf vendor && node lib/install

âœ”  success   Hugo binary installed successfully!

> iltorb@2.4.3 install /home/travis/build/twbs/bootstrap/node_modules/iltorb
> node ./scripts/install.js || node-gyp rebuild

info looking for cached prebuild @ /home/travis/.npm/_prebuilds/95f620-iltorb-v2.4.3-node-v57-linux-x64.tar.gz
info found cached prebuild 
info unpacking @ /home/travis/.npm/_prebuilds/95f620-iltorb-v2.4.3-node-v57-linux-x64.tar.gz
info unpack resolved to /home/travis/build/twbs/bootstrap/node_modules/iltorb/build/bindings/iltorb.node
info unpack required /home/travis/build/twbs/bootstrap/node_modules/iltorb/build/bindings/iltorb.node successfully
info install Successfully installed iltorb binary!

> core-js-pure@3.1.4 postinstall /home/travis/build/twbs/bootstrap/node_modules/core-js-pure
> node scripts/postinstall || echo "ignore"

added 1313 packages in 11.931s
travis_time:end:1851dc84:start=1564672266277396964,finish=1564672278553546423,duration=12276149459[0Ktravis_fold:end:install.npm[0K
travis_fold:start:before_script[0Ktravis_time:start:33d04091[0K$ google-chrome-stable --product-version
76.0.3809.87
travis_time:end:33d04091:start=1564672278560101569,finish=1564672278881674082,duration=321572513[0Ktravis_fold:end:before_script[0Ktravis_time:start:20de5068[0K$ npm test || travis_terminate 1

> bootstrap@4.3.1 test /home/travis/build/twbs/bootstrap
> npm-run-all lint dist js-test docs-build docs-lint bundlesize


> bootstrap@4.3.1 lint /home/travis/build/twbs/bootstrap
> npm-run-all --parallel js-lint css-lint


> bootstrap@4.3.1 js-lint /home/travis/build/twbs/bootstrap
> npm-run-all --continue-on-error --parallel js-lint-*


> bootstrap@4.3.1 css-lint /home/travis/build/twbs/bootstrap
> npm-run-all --continue-on-error --parallel css-lint-*


> bootstrap@4.3.1 js-lint-docs /home/travis/build/twbs/bootstrap
> eslint --cache --cache-location .cache/.eslintcache site/


> bootstrap@4.3.1 js-lint-main /home/travis/build/twbs/bootstrap
> eslint --cache --cache-location .cache/.eslintcache js/src js/tests build/


> bootstrap@4.3.1 css-lint-main /home/travis/build/twbs/bootstrap
> stylelint "scss/**/*.scss" --cache --cache-location .cache/.stylelintcache


> bootstrap@4.3.1 css-lint-docs /home/travis/build/twbs/bootstrap
> stylelint "site/static/assets/scss/*.scss" "site/content/**/*.css" --cache --cache-location .cache/.stylelintcache


> bootstrap@4.3.1 css-lint-vars /home/travis/build/twbs/bootstrap
> fusv scss/ site/static/assets/scss/

Looking for unused variables
- 
â„¹ Finding unused variables in "/home/travis/build/twbs/bootstrap/scss"...
- 
â„¹ 671 total variables.
- 
- 
â„¹ Finding unused variables in "/home/travis/build/twbs/bootstrap/site/static/assets/scss"...
- 
â„¹ 10 total variables.
- 
- 
âœ” No unused variables found!

/home/travis/build/twbs/bootstrap/js/src/button/button.js
  85:13  warning  Blocks are nested too deeply (5). Maximum allowed is 4  max-depth

âœ– 1 problem (0 errors, 1 warning)


> bootstrap@4.3.1 dist /home/travis/build/twbs/bootstrap
> npm-run-all --parallel css js


> bootstrap@4.3.1 css /home/travis/build/twbs/bootstrap
> npm-run-all css-compile css-prefix css-minify


> bootstrap@4.3.1 js /home/travis/build/twbs/bootstrap
> npm-run-all js-compile js-minify


> bootstrap@4.3.1 css-compile /home/travis/build/twbs/bootstrap
> npm-run-all --parallel css-compile-*


> bootstrap@4.3.1 js-compile /home/travis/build/twbs/bootstrap
> npm-run-all --parallel js-compile-*


> bootstrap@4.3.1 js-compile-standalone /home/travis/build/twbs/bootstrap
> rollup --environment BUNDLE:false --config build/rollup.config.js --sourcemap


> bootstrap@4.3.1 css-compile-main /home/travis/build/twbs/bootstrap
> node-sass --output-style expanded --source-map true --source-map-contents true --precision 6 scss/ -o dist/css/


> bootstrap@4.3.1 css-compile-docs /home/travis/build/twbs/bootstrap
> node-sass --output-style expanded --source-map true --source-map-contents true --precision 6 site/static/assets/scss/docs.scss site/static/assets/css/docs.min.css


> bootstrap@4.3.1 js-compile-standalone-esm /home/travis/build/twbs/bootstrap
> rollup --environment ESM:true,BUNDLE:false --config build/rollup.config.js --sourcemap


> bootstrap@4.3.1 js-compile-plugins /home/travis/build/twbs/bootstrap
> node build/build-plugins.js


> bootstrap@4.3.1 js-compile-bundle /home/travis/build/twbs/bootstrap
> rollup --environment BUNDLE:true --config build/rollup.config.js --sourcemap

Building Data plugin...
Building EventHandler plugin...
Building Manipulator plugin...
Building Polyfill plugin...
Building SelectorEngine plugin...
Building Alert plugin...
Building Button plugin...
Building Carousel plugin...
Building Collapse plugin...
Building Dropdown plugin...
Building Modal plugin...
Building Popover plugin...
Building ScrollSpy plugin...
Building Tab plugin...
Building Toast plugin...
Building Tooltip plugin...

/home/travis/build/twbs/bootstrap/js/index.umd.js â†’ dist/js/bootstrap.js...

/home/travis/build/twbs/bootstrap/js/index.esm.js â†’ dist/js/bootstrap.esm.js...

/home/travis/build/twbs/bootstrap/js/index.umd.js â†’ dist/js/bootstrap.bundle.js...
Rendering Complete, saving .css file...
Wrote CSS to /home/travis/build/twbs/bootstrap/site/static/assets/css/docs.min.css
Wrote Source Map to /home/travis/build/twbs/bootstrap/site/static/assets/css/docs.min.css.map
Rendering Complete, saving .css file...
Wrote Source Map to /home/travis/build/twbs/bootstrap/dist/css/bootstrap-grid.css.map
Wrote CSS to /home/travis/build/twbs/bootstrap/dist/css/bootstrap-grid.css
Rendering Complete, saving .css file...
Wrote CSS to /home/travis/build/twbs/bootstrap/dist/css/bootstrap-reboot.css
Wrote Source Map to /home/travis/build/twbs/bootstrap/dist/css/bootstrap-reboot.css.map
Rendering Complete, saving .css file...
Wrote CSS to /home/travis/build/twbs/bootstrap/dist/css/bootstrap-utilities.css
Wrote Source Map to /home/travis/build/twbs/bootstrap/dist/css/bootstrap-utilities.css.map
Rendering Complete, saving .css file...
Wrote CSS to /home/travis/build/twbs/bootstrap/dist/css/bootstrap.css
Wrote Source Map to /home/travis/build/twbs/bootstrap/dist/css/bootstrap.css.map
Wrote 4 CSS files to /home/travis/build/twbs/bootstrap/dist/css/

> bootstrap@4.3.1 css-prefix /home/travis/build/twbs/bootstrap
> npm-run-all --parallel css-prefix-*


> bootstrap@4.3.1 css-prefix-docs-examples /home/travis/build/twbs/bootstrap
> postcss --config build/postcss.config.js --replace "site/content/**/*.css"


> bootstrap@4.3.1 css-prefix-docs /home/travis/build/twbs/bootstrap
> postcss --config build/postcss.config.js --replace "site/static/assets/css/*.css"


> bootstrap@4.3.1 css-prefix-main /home/travis/build/twbs/bootstrap
> postcss --config build/postcss.config.js --replace "dist/css/*.css" "!dist/css/*.min.css"

Building Data plugin... Done!
Building Manipulator plugin... Done!
created dist/js/bootstrap.esm.js in 14s
created dist/js/bootstrap.js in 14.8s
created dist/js/bootstrap.bundle.js in 15.4s
Building EventHandler plugin... Done!
Building Polyfill plugin... Done!
Building SelectorEngine plugin... Done!
Building Alert plugin... Done!
Building Button plugin... Done!
Building Carousel plugin... Done!
Building Collapse plugin... Done!
Building Dropdown plugin... Done!
Building Modal plugin... Done!
Building Popover plugin... Done!
Building ScrollSpy plugin... Done!
Building Tab plugin... Done!
Building Toast plugin... Done!
Building Tooltip plugin... Done!

> bootstrap@4.3.1 js-minify /home/travis/build/twbs/bootstrap
> npm-run-all --parallel js-minify-main js-minify-docs


> bootstrap@4.3.1 css-minify /home/travis/build/twbs/bootstrap
> npm-run-all --parallel css-minify-*


> bootstrap@4.3.1 js-minify-main /home/travis/build/twbs/bootstrap
> npm-run-all js-minify-standalone* js-minify-bundle


> bootstrap@4.3.1 js-minify-docs /home/travis/build/twbs/bootstrap
> terser --mangle --comments \"/^!/\" --output site/static/assets/js/docs.min.js site/static/assets/js/vendor/anchor.min.js site/static/assets/js/vendor/clipboard.min.js site/static/assets/js/vendor/bs-custom-file-input.min.js "site/static/assets/js/src/*.js"


> bootstrap@4.3.1 css-minify-main /home/travis/build/twbs/bootstrap
> cleancss --level 1 --format breakWith=lf --source-map --source-map-inline-sources --output dist/css/bootstrap.min.css dist/css/bootstrap.css && cleancss --level 1 --format breakWith=lf --source-map --source-map-inline-sources --output dist/css/bootstrap-grid.min.css dist/css/bootstrap-grid.css && cleancss --level 1 --format breakWith=lf --source-map --source-map-inline-sources --output dist/css/bootstrap-utilities.min.css dist/css/bootstrap-utilities.css && cleancss --level 1 --format breakWith=lf --source-map --source-map-inline-sources --output dist/css/bootstrap-reboot.min.css dist/css/bootstrap-reboot.css


> bootstrap@4.3.1 css-minify-docs /home/travis/build/twbs/bootstrap
> cleancss --level 1 --format breakWith=lf --source-map --source-map-inline-sources --output site/static/assets/css/docs.min.css site/static/assets/css/docs.min.css


> bootstrap@4.3.1 js-minify-standalone /home/travis/build/twbs/bootstrap
> terser --compress typeofs=false --mangle --comments "/^!/" --source-map "content=dist/js/bootstrap.js.map,includeSources,url=bootstrap.min.js.map" --output dist/js/bootstrap.min.js dist/js/bootstrap.js


> bootstrap@4.3.1 js-minify-standalone-esm /home/travis/build/twbs/bootstrap
> terser --compress --mangle --comments "/^!/" --source-map "content=dist/js/bootstrap.esm.js.map,includeSources,url=bootstrap.esm.min.js.map" --output dist/js/bootstrap.esm.min.js dist/js/bootstrap.esm.js


> bootstrap@4.3.1 js-minify-bundle /home/travis/build/twbs/bootstrap
> terser --compress typeofs=false --mangle --comments "/^!/" --source-map "content=dist/js/bootstrap.bundle.js.map,includeSources,url=bootstrap.bundle.min.js.map" --output dist/js/bootstrap.bundle.min.js dist/js/bootstrap.bundle.js


> bootstrap@4.3.1 js-test /home/travis/build/twbs/bootstrap
> npm-run-all --parallel js-test-karma js-test-integration


> bootstrap@4.3.1 js-test-karma /home/travis/build/twbs/bootstrap
> karma start js/tests/karma.conf.js


> bootstrap@4.3.1 js-test-integration /home/travis/build/twbs/bootstrap
> rollup --config js/tests/integration/rollup.bundle.js


js/tests/integration/bundle.js â†’ js/coverage/bundle.js...
created js/coverage/bundle.js in 4.9s
................................................................................
................................................................................
................................................................................
................................................................................
................................................................................
.....................................
HeadlessChrome 76.0.3809 (Linux 0.0.0): Executed 437 of 437[32m SUCCESS[39m (4.93 secs / 4.303 secs)
TOTAL: 437 SUCCESS

=============================== Coverage summary ===============================
Statements   : 96.11% ( 1877/1953 )
Branches     : 91.07% ( 1010/1109 )
Functions    : 95.98% ( 334/348 )
Lines        : 96.17% ( 1857/1931 )
================================================================================

> bootstrap@4.3.1 docs-build /home/travis/build/twbs/bootstrap
> hugo --cleanDestinationDir

Building sites â€¦ ERROR 2019/08/01 15:12:45 [en] REF_NOT_FOUND: Ref "/docs/4.3/getting-started/introduction": "/home/travis/build/twbs/bootstrap/site/content/docs/examples/album/index.html:206:95": page not found
ERROR 2019/08/01 15:12:45 [en] REF_NOT_FOUND: Ref "/docs/4.3/layout/overview": "/home/travis/build/twbs/bootstrap/site/content/docs/extend/approach.md:58:54": page not found
ERROR 2019/08/01 15:12:45 [en] REF_NOT_FOUND: Ref "/docs/4.3/getting-started/javascript": "/home/travis/build/twbs/bootstrap/site/content/docs/extend/approach.md:64:228": page not found
ERROR 2019/08/01 15:12:45 [en] REF_NOT_FOUND: Ref "/docs/4.3/components/navbar": "/home/travis/build/twbs/bootstrap/site/content/docs/examples/navbar-bottom/index.html:10:45": page not found
ERROR 2019/08/01 15:12:45 [en] REF_NOT_FOUND: Ref "/docs/4.3/components/buttons": "/home/travis/build/twbs/bootstrap/site/content/docs/components/button-group.md:11:142": page not found
ERROR 2019/08/01 15:12:45 [en] REF_NOT_FOUND: Ref "/docs/4.3/utilities/spacing": "/home/travis/build/twbs/bootstrap/site/content/docs/components/card.md:15:280": page not found
ERROR 2019/08/01 15:12:45 [en] REF_NOT_FOUND: Ref "/docs/4.3/utilities/display": "/home/travis/build/twbs/bootstrap/site/content/docs/components/carousel.md:110:200": page not found
ERROR 2019/08/01 15:12:45 [en] REF_NOT_FOUND: Ref "/docs/4.3/utilities/sizing": "/home/travis/build/twbs/bootstrap/site/content/docs/components/card.md:220:49": page not found
ERROR 2019/08/01 15:12:45 [en] REF_NOT_FOUND: Ref "/docs/4.3/utilities/text": "/home/travis/build/twbs/bootstrap/site/content/docs/components/card.md:256:123": page not found
ERROR 2019/08/01 15:12:45 [en] REF_NOT_FOUND: Ref "/docs/4.3/components/navs": "/home/travis/build/twbs/bootstrap/site/content/docs/components/card.md:286:85": page not found
ERROR 2019/08/01 15:12:45 [en] REF_NOT_FOUND: Ref "/docs/4.3/utilities/colors": "/home/travis/build/twbs/bootstrap/site/content/docs/components/card.md:407:37": page not found
ERROR 2019/08/01 15:12:45 [en] REF_NOT_FOUND: Ref "/docs/4.3/utilities/borders": "/home/travis/build/twbs/bootstrap/site/content/docs/components/card.md:429:24": page not found
ERROR 2019/08/01 15:12:45 [en] REF_NOT_FOUND: Ref "/docs/4.3/components/card": "/home/travis/build/twbs/bootstrap/site/content/docs/components/collapse.md:74:18": page not found
ERROR 2019/08/01 15:12:45 [en] REF_NOT_FOUND: Ref "/docs/4.3/examples/masonry": "/home/travis/build/twbs/bootstrap/site/content/docs/components/card.md:606:393": page not found
ERROR 2019/08/01 15:12:45 [en] REF_NOT_FOUND: Ref "/docs/4.3/getting-started/theming": "/home/travis/build/twbs/bootstrap/site/content/docs/utilities/colors.md:52:141": page not found
ERROR 2019/08/01 15:12:45 [en] REF_NOT_FOUND: Ref "/docs/4.3/layout/grid": "/home/travis/build/twbs/bootstrap/site/content/docs/getting-started/contents.md:81:39": page not found
ERROR 2019/08/01 15:12:45 [en] REF_NOT_FOUND: Ref "/docs/4.3/utilities/flex": "/home/travis/build/twbs/bootstrap/site/content/docs/getting-started/contents.md:84:39": page not found
ERROR 2019/08/01 15:12:45 [en] REF_NOT_FOUND: Ref "/docs/4.3/content/reboot": "/home/travis/build/twbs/bootstrap/site/content/docs/getting-started/contents.md:102:39": page not found
ERROR 2019/08/01 15:12:45 [en] REF_NOT_FOUND: Ref "/docs/4.3/layout/overview": "/home/travis/build/twbs/bootstrap/site/content/docs/utilities/display.md:15:57": page not found
ERROR 2019/08/01 15:12:45 [en] REF_NOT_FOUND: Ref "/docs/4.3/getting-started/contents": "/home/travis/build/twbs/bootstrap/site/content/docs/getting-started/download.md:13:65": page not found
ERROR 2019/08/01 15:12:45 [en] REF_NOT_FOUND: Ref "/docs/4.3/getting-started/build-tools": "/home/travis/build/twbs/bootstrap/site/content/docs/getting-started/download.md:27:34": page not found
ERROR 2019/08/01 15:12:45 [en] REF_NOT_FOUND: Ref "/docs/4.3/utilities/spacing": "/home/travis/build/twbs/bootstrap/site/content/docs/components/dropdowns.md:672:86": page not found
ERROR 2019/08/01 15:12:45 [en] REF_NOT_FOUND: Ref "/docs/4.3/utilities/spacing": "/home/travis/build/twbs/bootstrap/site/content/docs/components/dropdowns.md:687:107": page not found
ERROR 2019/08/01 15:12:45 [en] REF_NOT_FOUND: Ref "/docs/4.3/utilities/text": "/home/travis/build/twbs/bootstrap/site/content/docs/content/figures.md:19:65": page not found
ERROR 2019/08/01 15:12:45 [en] REF_NOT_FOUND: Ref "/docs/4.3/components/navbar": "/home/travis/build/twbs/bootstrap/site/content/docs/examples/navbar-fixed/index.html:36:45": page not found
ERROR 2019/08/01 15:12:46 [en] REF_NOT_FOUND: Ref "/docs/4.3/content/reboot": "/home/travis/build/twbs/bootstrap/site/content/docs/forms/overview.md:29:64": page not found
ERROR 2019/08/01 15:12:46 [en] REF_NOT_FOUND: Ref "/docs/4.3/layout/overview": "/home/travis/build/twbs/bootstrap/site/content/docs/layout/grid.md:44:102": page not found
ERROR 2019/08/01 15:12:46 [en] REF_NOT_FOUND: Ref "/docs/4.3/utilities/display": "/home/travis/build/twbs/bootstrap/site/content/docs/layout/grid.md:154:215": page not found
ERROR 2019/08/01 15:12:46 [en] REF_NOT_FOUND: Ref "/docs/4.3/utilities/spacing": "/home/travis/build/twbs/bootstrap/site/content/docs/layout/grid.md:444:356": page not found
ERROR 2019/08/01 15:12:46 [en] REF_NOT_FOUND: Ref "/docs/4.3/utilities/display": "/home/travis/build/twbs/bootstrap/site/content/docs/layout/grid.md:509:95": page not found
ERROR 2019/08/01 15:12:46 [en] REF_NOT_FOUND: Ref "/docs/4.3/utilities/borders": "/home/travis/build/twbs/bootstrap/site/content/docs/content/images.md:23:46": page not found
ERROR 2019/08/01 15:12:46 [en] REF_NOT_FOUND: Ref "/docs/4.3/utilities/float": "/home/travis/build/twbs/bootstrap/site/content/docs/content/images.md:35:46": page not found
ERROR 2019/08/01 15:12:46 [en] REF_NOT_FOUND: Ref "/docs/4.3/utilities/text": "/home/travis/build/twbs/bootstrap/site/content/docs/content/images.md:35:110": page not found
ERROR 2019/08/01 15:12:46 [en] REF_NOT_FOUND: Ref "/docs/4.3/utilities/spacing": "/home/travis/build/twbs/bootstrap/site/content/docs/content/images.md:35:242": page not found
ERROR 2019/08/01 15:12:46 [en] REF_NOT_FOUND: Ref "/docs/4.3/utilities/spacing": "/home/travis/build/twbs/bootstrap/site/content/docs/layout/grid.md:574:108": page not found
ERROR 2019/08/01 15:12:46 [en] REF_NOT_FOUND: Ref "/docs/4.3/examples/grid": "/home/travis/build/twbs/bootstrap/site/content/docs/layout/grid.md:598:131": page not found
ERROR 2019/08/01 15:12:46 [en] REF_NOT_FOUND: Ref "/docs/4.3/getting-started/download": "/home/travis/build/twbs/bootstrap/site/content/docs/getting-started/introduction.md:15:205": page not found
ERROR 2019/08/01 15:12:46 [en] REF_NOT_FOUND: Ref "/docs/4.3/getting-started/javascript": "/home/travis/build/twbs/bootstrap/site/content/docs/getting-started/introduction.md:34:88": page not found
ERROR 2019/08/01 15:12:46 [en] REF_NOT_FOUND: Ref "/docs/4.3/getting-started/contents": "/home/travis/build/twbs/bootstrap/site/content/docs/getting-started/introduction.md:38:182": page not found
ERROR 2019/08/01 15:12:46 [en] REF_NOT_FOUND: Ref "/docs/4.3/layout/overview": "/home/travis/build/twbs/bootstrap/site/content/docs/getting-started/introduction.md:70:76": page not found
ERROR 2019/08/01 15:12:46 [en] REF_NOT_FOUND: Ref "/docs/4.3/examples": "/home/travis/build/twbs/bootstrap/site/content/docs/getting-started/introduction.md:70:139": page not found
ERROR 2019/08/01 15:12:46 [en] REF_NOT_FOUND: Ref "/docs/4.3/content/reboot": "/home/travis/build/twbs/bootstrap/site/content/docs/getting-started/introduction.md:115:55": page not found
ERROR 2019/08/01 15:12:46 [en] REF_NOT_FOUND: Ref "/docs/4.3/utilities/spacing": "/home/travis/build/twbs/bootstrap/site/content/docs/forms/layout.md:21:20": page not found
ERROR 2019/08/01 15:12:46 [en] REF_NOT_FOUND: Ref "/docs/4.3/utilities/spacing": "/home/travis/build/twbs/bootstrap/site/content/docs/forms/layout.md:324:126": page not found
ERROR 2019/08/01 15:12:46 [en] REF_NOT_FOUND: Ref "/docs/4.3/utilities/flex": "/home/travis/build/twbs/bootstrap/site/content/docs/forms/layout.md:324:178": page not found
ERROR 2019/08/01 15:12:46 [en] REF_NOT_FOUND: Ref "/docs/4.3/utilities/spacing": "/home/travis/build/twbs/bootstrap/site/content/docs/forms/layout.md:328:111": page not found
ERROR 2019/08/01 15:12:46 [en] REF_NOT_FOUND: Ref "/docs/4.3/utilities/flex": "/home/travis/build/twbs/bootstrap/site/content/docs/components/list-group.md:149:111": page not found
ERROR 2019/08/01 15:12:46 [en] REF_NOT_FOUND: Ref "/docs/4.3/utilities/flex": "/home/travis/build/twbs/bootstrap/site/content/docs/components/list-group.md:170:114": page not found
ERROR 2019/08/01 15:12:46 [en] REF_NOT_FOUND: Ref "/docs/4.3/getting-started/browsers-devices": "/home/travis/build/twbs/bootstrap/site/content/docs/components/modal.md:17:132": page not found
ERROR 2019/08/01 15:12:46 [en] REF_NOT_FOUND: Ref "/docs/4.3/components/tooltips": "/home/travis/build/twbs/bootstrap/site/content/docs/components/modal.md:378:12": page not found
ERROR 2019/08/01 15:12:46 [en] REF_NOT_FOUND: Ref "/docs/4.3/components/popovers": "/home/travis/build/twbs/bootstrap/site/content/docs/components/modal.md:378:67": page not found
ERROR 2019/08/01 15:12:46 [en] REF_NOT_FOUND: Ref "/docs/4.3/utilities/spacing": "/home/travis/build/twbs/bootstrap/site/content/docs/components/navbar.md:15:21": page not found
ERROR 2019/08/01 15:12:46 [en] REF_NOT_FOUND: Ref "/docs/4.3/utilities/flex": "/home/travis/build/twbs/bootstrap/site/content/docs/components/navbar.md:15:70": page not found
ERROR 2019/08/01 15:12:46 [en] REF_NOT_FOUND: Ref "/docs/4.3/utilities/colors": "/home/travis/build/twbs/bootstrap/site/content/docs/components/navbar.md:76:27": page not found
ERROR 2019/08/01 15:12:46 [en] REF_NOT_FOUND: Ref "/docs/4.3/utilities/spacing": "/home/travis/build/twbs/bootstrap/site/content/docs/components/navbar.md:76:91": page not found
ERROR 2019/08/01 15:12:46 [en] REF_NOT_FOUND: Ref "/docs/4.3/utilities/flex": "/home/travis/build/twbs/bootstrap/site/content/docs/components/navbar.md:212:138": page not found
ERROR 2019/08/01 15:12:46 [en] REF_NOT_FOUND: Ref "/docs/4.3/examples/navbar-static": "/home/travis/build/twbs/bootstrap/site/content/docs/examples/navbars/index.html:316:248": page not found
ERROR 2019/08/01 15:12:46 [en] REF_NOT_FOUND: Ref "/docs/4.3/examples/navbar-fixed": "/home/travis/build/twbs/bootstrap/site/content/docs/examples/navbars/index.html:316:312": page not found
ERROR 2019/08/01 15:12:46 [en] REF_NOT_FOUND: Ref "/docs/4.3/components/navbar": "/home/travis/build/twbs/bootstrap/site/content/docs/examples/navbars/index.html:319:44": page not found
ERROR 2019/08/01 15:12:46 [en] REF_NOT_FOUND: Ref "/docs/4.3/utilities/position": "/home/travis/build/twbs/bootstrap/site/content/docs/components/navbar.md:417:30": page not found
ERROR 2019/08/01 15:12:46 [en] REF_NOT_FOUND: Ref "/docs/4.3/layout/grid": "/home/travis/build/twbs/bootstrap/site/content/docs/components/navs.md:53:70": page not found
ERROR 2019/08/01 15:12:46 [en] REF_NOT_FOUND: Ref "/docs/4.3/utilities/flex": "/home/travis/build/twbs/bootstrap/site/content/docs/components/navs.md:231:87": page not found
ERROR 2019/08/01 15:12:46 [en] REF_NOT_FOUND: Ref "/docs/4.3/components/dropdowns": "/home/travis/build/twbs/bootstrap/site/content/docs/components/navs.md:250:83": page not found
ERROR 2019/08/01 15:12:46 [en] REF_NOT_FOUND: Ref "/docs/4.3/components/tooltips": "/home/travis/build/twbs/bootstrap/site/content/docs/components/popovers.md:14:41": page not found
ERROR 2019/08/01 15:12:46 [en] REF_NOT_FOUND: Ref "/docs/4.3/getting-started/javascript": "/home/travis/build/twbs/bootstrap/site/content/docs/components/popovers.md:275:20": page not found
ERROR 2019/08/01 15:12:46 [en] REF_NOT_FOUND: Ref "/docs/4.3/utilities/flex": "/home/travis/build/twbs/bootstrap/site/content/docs/components/pagination.md:134:72": page not found
ERROR 2019/08/01 15:12:46 [en] REF_NOT_FOUND: Ref "/docs/4.3/utilities/sizing": "/home/travis/build/twbs/bootstrap/site/content/docs/components/progress.md:38:63": page not found
ERROR 2019/08/01 15:12:46 [en] REF_NOT_FOUND: Ref "/docs/4.3/content/tables": "/home/travis/build/twbs/bootstrap/site/content/docs/content/reboot.md:192:199": page not found
ERROR 2019/08/01 15:12:46 [en] REF_NOT_FOUND: Ref "/docs/4.3/utilities/visibility": "/home/travis/build/twbs/bootstrap/site/content/docs/content/reboot.md:460:174": page not found
ERROR 2019/08/01 15:12:46 [en] REF_NOT_FOUND: Ref "/docs/4.3/components/navs": "/home/travis/build/twbs/bootstrap/site/content/docs/components/scrollspy.md:13:50": page not found
ERROR 2019/08/01 15:12:46 [en] REF_NOT_FOUND: Ref "/docs/4.3/components/list-group": "/home/travis/build/twbs/bootstrap/site/content/docs/components/scrollspy.md:13:102": page not found
ERROR 2019/08/01 15:12:46 [en] REF_NOT_FOUND: Ref "/docs/4.3/examples/sticky-footer": "/home/travis/build/twbs/bootstrap/site/content/docs/examples/sticky-footer-navbar/index.html:42:25": page not found
ERROR 2019/08/01 15:12:46 [en] REF_NOT_FOUND: Ref "/docs/4.3/examples/sticky-footer-navbar": "/home/travis/build/twbs/bootstrap/site/content/docs/examples/sticky-footer/index.html:16:21": page not found
ERROR 2019/08/01 15:12:46 [en] REF_NOT_FOUND: Ref "/docs/4.3/utilities/colors": "/home/travis/build/twbs/bootstrap/site/content/docs/components/spinners.md:171:12": page not found
ERROR 2019/08/01 15:12:46 [en] REF_NOT_FOUND: Ref "/docs/4.3/utilities/display": "/home/travis/build/twbs/bootstrap/site/content/docs/components/spinners.md:172:12": page not found
ERROR 2019/08/01 15:12:46 [en] REF_NOT_FOUND: Ref "/docs/4.3/utilities/flex": "/home/travis/build/twbs/bootstrap/site/content/docs/components/spinners.md:173:12": page not found
ERROR 2019/08/01 15:12:46 [en] REF_NOT_FOUND: Ref "/docs/4.3/utilities/float": "/home/travis/build/twbs/bootstrap/site/content/docs/components/spinners.md:174:12": page not found
ERROR 2019/08/01 15:12:46 [en] REF_NOT_FOUND: Ref "/docs/4.3/utilities/spacing": "/home/travis/build/twbs/bootstrap/site/content/docs/components/spinners.md:175:12": page not found
ERROR 2019/08/01 15:12:46 [en] REF_NOT_FOUND: Ref "/docs/4.3/utilities/sizing": "/home/travis/build/twbs/bootstrap/site/content/docs/components/spinners.md:176:12": page not found
ERROR 2019/08/01 15:12:46 [en] REF_NOT_FOUND: Ref "/docs/4.3/content/typography": "/home/travis/build/twbs/bootstrap/site/content/docs/components/spinners.md:177:12": page not found
ERROR 2019/08/01 15:12:46 [en] REF_NOT_FOUND: Ref "/docs/4.3/utilities/colors": "/home/travis/build/twbs/bootstrap/site/content/docs/content/tables.md:494:126": page not found
ERROR 2019/08/01 15:12:46 [en] REF_NOT_FOUND: Ref "/docs/4.3/utilities/spacing": "/home/travis/build/twbs/bootstrap/site/content/docs/getting-started/theming.md:226:174": page not found
ERROR 2019/08/01 15:12:46 [en] REF_NOT_FOUND: Ref "/docs/4.3/getting-started/accessibility": "/home/travis/build/twbs/bootstrap/site/content/docs/getting-started/theming.md:231:138": page not found
ERROR 2019/08/01 15:12:46 [en] REF_NOT_FOUND: Ref "/docs/4.3/content/typography": "/home/travis/build/twbs/bootstrap/site/content/docs/getting-started/theming.md:235:119": page not found
ERROR 2019/08/01 15:12:46 [en] REF_NOT_FOUND: Ref "/docs/4.3/utilities/colors": "/home/travis/build/twbs/bootstrap/site/content/docs/getting-started/theming.md:265:25": page not found
ERROR 2019/08/01 15:12:46 [en] REF_NOT_FOUND: Ref "/docs/4.3/components/alerts": "/home/travis/build/twbs/bootstrap/site/content/docs/components/toasts.md:187:908": page not found
ERROR 2019/08/01 15:12:46 [en] REF_NOT_FOUND: Ref "/docs/4.3/components/navbar": "/home/travis/build/twbs/bootstrap/site/content/docs/examples/navbar-static/index.html:36:45": page not found
ERROR 2019/08/01 15:12:46 [en] REF_NOT_FOUND: Ref "/docs/4.3/utilities/text": "/home/travis/build/twbs/bootstrap/site/content/docs/content/typography.md:11:136": page not found
ERROR 2019/08/01 15:12:46 [en] REF_NOT_FOUND: Ref "/docs/4.3/content/reboot": "/home/travis/build/twbs/bootstrap/site/content/docs/content/typography.md:13:29": page not found
ERROR 2019/08/01 15:12:46 [en] REF_NOT_FOUND: Ref "/docs/4.3/getting-started/javascript": "/home/travis/build/twbs/bootstrap/site/content/docs/components/tooltips.md:272:20": page not found
ERROR 2019/08/01 15:12:46 [en] REF_NOT_FOUND: Ref "/docs/4.3/utilities/text": "/home/travis/build/twbs/bootstrap/site/content/docs/content/typography.md:164:86": page not found
ERROR 2019/08/01 15:12:46 [en] REF_NOT_FOUND: Ref "/docs/4.3/utilities/colors": "/home/travis/build/twbs/bootstrap/site/content/docs/content/typography.md:164:143": page not found
ERROR 2019/08/01 15:12:46 [en] REF_NOT_FOUND: Ref "/docs/4.3/utilities/display": "/home/travis/build/twbs/bootstrap/site/content/docs/layout/utilities-for-layout.md:11:29": page not found
ERROR 2019/08/01 15:12:46 [en] REF_NOT_FOUND: Ref "/docs/4.3/components/alerts": "/home/travis/build/twbs/bootstrap/site/content/docs/layout/utilities-for-layout.md:15:223": page not found
ERROR 2019/08/01 15:12:46 [en] REF_NOT_FOUND: Ref "/docs/4.3/utilities/flex": "/home/travis/build/twbs/bootstrap/site/content/docs/layout/utilities-for-layout.md:17:224": page not found
ERROR 2019/08/01 15:12:46 [en] REF_NOT_FOUND: Ref "/docs/4.3/utilities/spacing": "/home/travis/build/twbs/bootstrap/site/content/docs/layout/utilities-for-layout.md:21:52": page not found
ERROR 2019/08/01 15:12:46 [en] REF_NOT_FOUND: Ref "/docs/4.3/utilities/visibility": "/home/travis/build/twbs/bootstrap/site/content/docs/layout/utilities-for-layout.md:25:117": page not found
ERROR 2019/08/01 15:12:46 [en] REF_NOT_FOUND: Ref "/docs/4.3/getting-started/browsers-devices": "/home/travis/build/twbs/bootstrap/site/content/docs/browser-bugs.md:10:205": page not found
ERROR 2019/08/01 15:12:46 [en] REF_NOT_FOUND: Ref "/docs/4.3/getting-started/browsers-devices": "/home/travis/build/twbs/bootstrap/site/content/docs/browser-bugs.md:10:205": page not found
ERROR 2019/08/01 15:12:46 [en] REF_NOT_FOUND: Ref "/docs/4.3/getting-started/download": "/home/travis/build/twbs/bootstrap/site/content/docs/getting-started/webpack.md:11:21": page not found
ERROR 2019/08/01 15:12:46 [en] REF_NOT_FOUND: Ref "/docs/4.3/getting-started/javascript": "/home/travis/build/twbs/bootstrap/site/content/docs/getting-started/webpack.md:15:33": page not found
ERROR 2019/08/01 15:12:46 [en] REF_NOT_FOUND: Ref "/docs/4.3/getting-started/theming": "/home/travis/build/twbs/bootstrap/site/content/docs/getting-started/webpack.md:38:94": page not found
Total in 1326 ms
Error: Error building site: logged 102 error(s)
npm ERR! code ELIFECYCLE
npm ERR! errno 255
npm ERR! bootstrap@4.3.1 docs-build: `hugo --cleanDestinationDir`
npm ERR! Exit status 255
npm ERR! 
npm ERR! Failed at the bootstrap@4.3.1 docs-build script.
npm ERR! This is probably not a problem with npm. There is likely additional logging output above.

npm ERR! A complete log of this run can be found in:
npm ERR!     /home/travis/.npm/_logs/2019-08-01T15_12_46_823Z-debug.log
ERROR: "docs-build" exited with 255.
npm ERR! Test failed.  See above for more details.
