travis_fold:start:worker_info[0K[33;1mWorker information[0m
hostname: e6e08468-8aac-4e01-8025-9fe79410a202@1.worker-org-5dcc948c89-9s9h5.gce-production-2
version: v6.2.1 https://github.com/travis-ci/worker/tree/4e3246c044eb4915c2378ffacd0b3d3ed0136bba
instance: travis-job-89e2b223-0553-433a-bd09-09dcbb6521bb travis-ci-sardonyx-xenial-1553530528-f909ac5 (via amqp)
startup: 6.267495301s
travis_fold:end:worker_info[0Ktravis_fold:start:system_info[0K[33;1mBuild system information[0m
Build language: node_js
Build group: stable
Build dist: xenial
Build id: 567309401
Job id: 567309402
Runtime kernel version: 4.15.0-1028-gcp
travis-build version: 65949ed1e
[34m[1mBuild image provisioning date and time[0m
Mon Mar 25 16:43:24 UTC 2019
[34m[1mOperating System Details[0m
Distributor ID:	Ubuntu
Description:	Ubuntu 16.04.6 LTS
Release:	16.04
Codename:	xenial
[34m[1mSystemd Version[0m
systemd 229
[34m[1mCookbooks Version[0m
42e42e4 https://github.com/travis-ci/travis-cookbooks/tree/42e42e4
[34m[1mgit version[0m
git version 2.21.0
[34m[1mbash version[0m
GNU bash, version 4.3.48(1)-release (x86_64-pc-linux-gnu)
[34m[1mgcc version[0m
gcc (Ubuntu 5.4.0-6ubuntu1~16.04.11) 5.4.0 20160609
[34m[1mdocker version[0m
Client:
 Version:           18.06.0-ce
 API version:       1.38
 Go version:        go1.10.3
 Git commit:        0ffa825
 Built:             Wed Jul 18 19:11:02 2018
 OS/Arch:           linux/amd64
 Experimental:      false

Server:
 Engine:
  Version:          18.06.0-ce
  API version:      1.38 (minimum version 1.12)
  Go version:       go1.10.3
  Git commit:       0ffa825
  Built:            Wed Jul 18 19:09:05 2018
  OS/Arch:          linux/amd64
  Experimental:     false
[34m[1mclang version[0m
clang version 7.0.0 (tags/RELEASE_700/final)
[34m[1mjq version[0m
jq-1.5
[34m[1mbats version[0m
Bats 0.4.0
[34m[1mshellcheck version[0m
0.6.0
[34m[1mshfmt version[0m
v2.6.3
[34m[1mccache version[0m
3.2.4
[34m[1mcmake version[0m
cmake version 3.12.4
[34m[1mheroku version[0m
heroku/7.22.7 linux-x64 node-v11.10.1
[34m[1mimagemagick version[0m
Version: ImageMagick 6.8.9-9 Q16 x86_64 2018-09-28 http://www.imagemagick.org
[34m[1mmd5deep version[0m
4.4
[34m[1mmercurial version[0m
version 4.8
[34m[1mmysql version[0m
mysql  Ver 14.14 Distrib 5.7.25, for Linux (x86_64) using  EditLine wrapper
[34m[1mopenssl version[0m
OpenSSL 1.0.2g  1 Mar 2016
[34m[1mpacker version[0m
1.3.3
[34m[1mpostgresql client version[0m
psql (PostgreSQL) 10.7 (Ubuntu 10.7-1.pgdg16.04+1)
[34m[1mragel version[0m
Ragel State Machine Compiler version 6.8 Feb 2013
[34m[1msudo version[0m
1.8.16
[34m[1mgzip version[0m
gzip 1.6
[34m[1mzip version[0m
Zip 3.0
[34m[1mvim version[0m
VIM - Vi IMproved 7.4 (2013 Aug 10, compiled Nov 24 2016 16:44:48)
[34m[1miptables version[0m
iptables v1.6.0
[34m[1mcurl version[0m
curl 7.47.0 (x86_64-pc-linux-gnu) libcurl/7.47.0 GnuTLS/3.4.10 zlib/1.2.8 libidn/1.32 librtmp/2.3
[34m[1mwget version[0m
GNU Wget 1.17.1 built on linux-gnu.
[34m[1mrsync version[0m
rsync  version 3.1.1  protocol version 31
[34m[1mgimme version[0m
v1.5.3
[34m[1mnvm version[0m
0.34.0
[34m[1mperlbrew version[0m
/home/travis/perl5/perlbrew/bin/perlbrew  - App::perlbrew/0.86
[34m[1mphpenv version[0m
rbenv 1.1.2
[34m[1mrvm version[0m
rvm 1.29.7 (latest) by Michal Papis, Piotr Kuczynski, Wayne E. Seguin [https://rvm.io]
[34m[1mdefault ruby version[0m
ruby 2.5.3p105 (2018-10-18 revision 65156) [x86_64-linux]
[34m[1mCouchDB version[0m
couchdb 1.6.1
[34m[1mElasticSearch version[0m
5.5.0
[34m[1mInstalled Firefox version[0m
firefox 63.0.1
[34m[1mMongoDB version[0m
MongoDB 4.0.7
[34m[1mPhantomJS version[0m
2.1.1
[34m[1mPre-installed PostgreSQL versions[0m
9.4.21
9.5.16
9.6.12
[34m[1mRedis version[0m
redis-server 5.0.4
[34m[1mPre-installed Go versions[0m
1.11.1
[34m[1mmvn version[0m
Apache Maven 3.6.0 (97c98ec64a1fdfee7767ce5ffb20918da4f719f3; 2018-10-24T18:41:47Z)
[34m[1mgradle version[0m
Gradle 4.10.2!
[34m[1mlein version[0m
Leiningen 2.9.1 on Java 11.0.2 OpenJDK 64-Bit Server VM
[34m[1mPre-installed Node.js versions[0m
v10.15.3
v11.0.0
v4.9.1
v6.17.0
v8.12.0
v8.15.1
v8.9
[34m[1mphpenv versions[0m
  system
  5.6
  5.6.40
  7.1
  7.1.27
  7.2
* 7.2.15 (set by /home/travis/.phpenv/version)
  hhvm
  hhvm-stable
[34m[1mcomposer --version[0m
Composer version 1.8.4 2019-02-11 10:52:10
[34m[1mPre-installed Ruby versions[0m
ruby-2.3.8
ruby-2.4.5
ruby-2.5.3
travis_fold:end:system_info[0K
travis_fold:start:docker_mtu[0Ktravis_fold:end:docker_mtu[0Ktravis_fold:start:resolvconf[0Ktravis_fold:end:resolvconf[0Ktravis_fold:start:install_chrome[0K$ export CHROME_SOURCE_URL=https://dl.google.com/dl/linux/direct/google-chrome-stable_current_amd64.deb
[33;1mInstalling Google Chrome stable[0m
travis_time:start:38a9a96e[0K$ wget --no-verbose -O /tmp/$(basename $CHROME_SOURCE_URL) $CHROME_SOURCE_URL
2019-08-03 14:24:34 URL:https://dl.google.com/dl/linux/direct/google-chrome-stable_current_amd64.deb [59355402/59355402] -> "/tmp/google-chrome-stable_current_amd64.deb" [1]
travis_time:end:38a9a96e:start=1564842273563435916,finish=1564842274836614144,duration=1273178228[0K(Reading database ... 124189 files and directories currently installed.)
Preparing to unpack .../google-chrome-stable_current_amd64.deb ...
Unpacking google-chrome-stable (76.0.3809.87-1) over (73.0.3683.86-1) ...
Setting up google-chrome-stable (76.0.3809.87-1) ...
Processing triggers for mime-support (3.59ubuntu1) ...
Processing triggers for man-db (2.7.5-1) ...
travis_fold:end:install_chrome[0K
travis_fold:start:git.checkout[0Ktravis_time:start:07fb465c[0K$ git clone --depth=3 --branch=v5-docs-callouts https://github.com/twbs/bootstrap.git twbs/bootstrap
Cloning into 'twbs/bootstrap'...
travis_time:end:07fb465c:start=1564842284854659245,finish=1564842286258892443,duration=1404233198[0K$ cd twbs/bootstrap
$ git checkout -qf 02bc181bdc1085de6f6ec41eefb0ddd1424cdfac
travis_fold:end:git.checkout[0K

[33;1mSetting environment variables from repository settings[0m
$ export BROWSER_STACK_USERNAME=[secure]
$ export BROWSER_STACK_ACCESS_KEY=[secure]
$ export BUNDLESIZE_GITHUB_TOKEN=[secure]

travis_fold:start:nvm.install[0Ktravis_time:start:2fbf406a[0K$ nvm install 8
Downloading and installing node v8.16.0...
Downloading https://nodejs.org/dist/v8.16.0/node-v8.16.0-linux-x64.tar.xz...
Computing checksum with sha256sum
Checksums matched!
Now using node v8.16.0 (npm v6.4.1)
travis_time:end:2fbf406a:start=1564842287418529768,finish=1564842291876545507,duration=4458015739[0Ktravis_fold:end:nvm.install[0K
travis_fold:start:cache.1[0KSetting up build cache
$ export CASHER_DIR=${TRAVIS_HOME}/.casher
travis_time:start:1fa5c5c0[0K$ Installing caching utilities
travis_time:end:1fa5c5c0:start=1564842293268697415,finish=1564842293538518959,duration=269821544[0Ktravis_time:start:07da6ed7[0Ktravis_time:end:07da6ed7:start=1564842293545631897,finish=1564842293549430729,duration=3798832[0Ktravis_time:start:0a37220a[0Kattempting to download cache archive[0m
[32;1mfetching v5-docs-callouts/cache-linux-xenial-e3b0c44298fc1c149afbf4c8996fb92427ae41e4649b934ca495991b7852b855--node-8.tgz[0m
[32;1mfetching v5-docs-callouts/cache--node-8.tgz[0m
[32;1mfetching master/cache-linux-xenial-e3b0c44298fc1c149afbf4c8996fb92427ae41e4649b934ca495991b7852b855--node-8.tgz[0m
[32;1mfound cache[0m
travis_time:end:0a37220a:start=1564842293553658831,finish=1564842295841345411,duration=2287686580[0Ktravis_fold:end:cache.1[0K
travis_fold:start:cache.npm[0K
travis_time:start:18d13718[0Ktravis_time:end:18d13718:start=1564842296016614702,finish=1564842296020208040,duration=3593338[0Ktravis_time:start:0572925a[0Kadding /home/travis/.npm to cache[0m
travis_time:end:0572925a:start=1564842296026152796,finish=1564842298590454037,duration=2564301241[0Ktravis_fold:end:cache.npm[0K$ node --version
v8.16.0
$ npm --version
6.4.1
$ nvm --version
0.34.0

travis_fold:start:install.npm[0Ktravis_time:start:08c70216[0K$ npm ci 

> fsevents@1.2.9 install /home/travis/build/twbs/bootstrap/node_modules/fsevents
> node install


> core-js@2.6.9 postinstall /home/travis/build/twbs/bootstrap/node_modules/babel-runtime/node_modules/core-js
> node scripts/postinstall || echo "ignore"


> nodemon@1.19.1 postinstall /home/travis/build/twbs/bootstrap/node_modules/nodemon
> node bin/postinstall || exit 0

[32mLove nodemon? You can now support the project via the open collective:[22m[39m
 > [96m[1mhttps://opencollective.com/nodemon/donate[0m


> node-sass@4.12.0 install /home/travis/build/twbs/bootstrap/node_modules/node-sass
> node scripts/install.js

Cached binary found at /home/travis/.npm/node-sass/4.12.0/linux-x64-57_binding.node

> node-sass@4.12.0 postinstall /home/travis/build/twbs/bootstrap/node_modules/node-sass
> node scripts/build.js

Binary found at /home/travis/build/twbs/bootstrap/node_modules/node-sass/vendor/linux-x64-57/binding.node
Testing binary
Binary is fine

> core-js@3.1.4 postinstall /home/travis/build/twbs/bootstrap/node_modules/core-js
> node scripts/postinstall || echo "ignore"


> hugo-bin@0.44.3 postinstall /home/travis/build/twbs/bootstrap/node_modules/hugo-bin
> rimraf vendor && node lib/install

âœ”  success   Hugo binary installed successfully!

> iltorb@2.4.3 install /home/travis/build/twbs/bootstrap/node_modules/iltorb
> node ./scripts/install.js || node-gyp rebuild

info looking for cached prebuild @ /home/travis/.npm/_prebuilds/95f620-iltorb-v2.4.3-node-v57-linux-x64.tar.gz
info found cached prebuild 
info unpacking @ /home/travis/.npm/_prebuilds/95f620-iltorb-v2.4.3-node-v57-linux-x64.tar.gz
info unpack resolved to /home/travis/build/twbs/bootstrap/node_modules/iltorb/build/bindings/iltorb.node
info unpack required /home/travis/build/twbs/bootstrap/node_modules/iltorb/build/bindings/iltorb.node successfully
info install Successfully installed iltorb binary!

> core-js-pure@3.1.4 postinstall /home/travis/build/twbs/bootstrap/node_modules/core-js-pure
> node scripts/postinstall || echo "ignore"

added 1313 packages in 11.085s
travis_time:end:08c70216:start=1564842299722633580,finish=1564842311143424827,duration=11420791247[0Ktravis_fold:end:install.npm[0K
travis_fold:start:before_script[0Ktravis_time:start:011d9048[0K$ google-chrome-stable --product-version
76.0.3809.87
travis_time:end:011d9048:start=1564842311149822244,finish=1564842311595226439,duration=445404195[0Ktravis_fold:end:before_script[0Ktravis_time:start:01b5e77f[0K$ npm test || travis_terminate 1

> bootstrap@4.3.1 test /home/travis/build/twbs/bootstrap
> npm-run-all lint dist js-test docs-build docs-lint bundlesize


> bootstrap@4.3.1 lint /home/travis/build/twbs/bootstrap
> npm-run-all --parallel js-lint css-lint


> bootstrap@4.3.1 js-lint /home/travis/build/twbs/bootstrap
> npm-run-all --continue-on-error --parallel js-lint-*


> bootstrap@4.3.1 css-lint /home/travis/build/twbs/bootstrap
> npm-run-all --continue-on-error --parallel css-lint-*


> bootstrap@4.3.1 css-lint-main /home/travis/build/twbs/bootstrap
> stylelint "scss/**/*.scss" --cache --cache-location .cache/.stylelintcache


> bootstrap@4.3.1 css-lint-vars /home/travis/build/twbs/bootstrap
> fusv scss/ site/static/


> bootstrap@4.3.1 js-lint-docs /home/travis/build/twbs/bootstrap
> eslint --cache --cache-location .cache/.eslintcache site/


> bootstrap@4.3.1 js-lint-main /home/travis/build/twbs/bootstrap
> eslint --cache --cache-location .cache/.eslintcache js/src js/tests build/


> bootstrap@4.3.1 css-lint-docs /home/travis/build/twbs/bootstrap
> stylelint "site/static/**/assets/scss/*.scss" "site/content/**/*.css" --cache --cache-location .cache/.stylelintcache

Looking for unused variables
- 
â„¹ Finding unused variables in "/home/travis/build/twbs/bootstrap/scss"...
- 
â„¹ 673 total variables.
- 
- 
â„¹ Finding unused variables in "/home/travis/build/twbs/bootstrap/site/static"...
- 
â„¹ 10 total variables.
- 
âœ– Variable $bd-warning is not being used!
- 
npm ERR! code ELIFECYCLE
npm ERR! errno 1
npm ERR! bootstrap@4.3.1 css-lint-vars: `fusv scss/ site/static/`
npm ERR! Exit status 1
npm ERR! 
npm ERR! Failed at the bootstrap@4.3.1 css-lint-vars script.
npm ERR! This is probably not a problem with npm. There is likely additional logging output above.

npm ERR! A complete log of this run can be found in:
npm ERR!     /home/travis/.npm/_logs/2019-08-03T14_25_15_262Z-debug.log
ERROR: "css-lint-vars" exited with 1.
npm ERR! code ELIFECYCLE
npm ERR! errno 1
npm ERR! bootstrap@4.3.1 css-lint: `npm-run-all --continue-on-error --parallel css-lint-*`
npm ERR! Exit status 1
npm ERR! 
npm ERR! Failed at the bootstrap@4.3.1 css-lint script.
npm ERR! This is probably not a problem with npm. There is likely additional logging output above.

npm ERR! A complete log of this run can be found in:
npm ERR!     /home/travis/.npm/_logs/2019-08-03T14_25_25_473Z-debug.log
ERROR: "css-lint" exited with 1.
npm ERR! code ELIFECYCLE
npm ERR! errno 1
npm ERR! bootstrap@4.3.1 lint: `npm-run-all --parallel js-lint css-lint`
npm ERR! Exit status 1
npm ERR! 
npm ERR! Failed at the bootstrap@4.3.1 lint script.
npm ERR! This is probably not a problem with npm. There is likely additional logging output above.

npm ERR! A complete log of this run can be found in:
npm ERR!     /home/travis/.npm/_logs/2019-08-03T14_25_25_549Z-debug.log
ERROR: "lint" exited with 1.
npm ERR! Test failed.  See above for more details.
