travis_fold:start:worker_info[0K[33;1mWorker information[0m
hostname: 2ffa46c7-b14a-457d-af1f-4a0e89601fe7@1.worker-org-5dcc948c89-2lp8j.gce-production-2
version: v6.2.1 https://github.com/travis-ci/worker/tree/4e3246c044eb4915c2378ffacd0b3d3ed0136bba
instance: travis-job-5843dea9-474c-442f-916e-19b9b13e3a77 travis-ci-garnet-trusty-1512502259-986baf0 (via amqp)
startup: 6.926358181s
travis_fold:end:worker_info[0Ktravis_fold:start:system_info[0K[33;1mBuild system information[0m
Build language: scala
Build group: stable
Build dist: trusty
Build id: 566723155
Job id: 566723160
Runtime kernel version: 4.4.0-101-generic
travis-build version: 65949ed1e
[34m[1mBuild image provisioning date and time[0m
Tue Dec  5 19:58:13 UTC 2017
[34m[1mOperating System Details[0m
Distributor ID:	Ubuntu
Description:	Ubuntu 14.04.5 LTS
Release:	14.04
Codename:	trusty
[34m[1mCookbooks Version[0m
7c2c6a6 https://github.com/travis-ci/travis-cookbooks/tree/7c2c6a6
[34m[1mgit version[0m
git version 2.15.1
[34m[1mbash version[0m
GNU bash, version 4.3.11(1)-release (x86_64-pc-linux-gnu)
[34m[1mgcc version[0m
gcc (Ubuntu 4.8.4-2ubuntu1~14.04.3) 4.8.4
Copyright (C) 2013 Free Software Foundation, Inc.
This is free software; see the source for copying conditions.  There is NO
warranty; not even for MERCHANTABILITY or FITNESS FOR A PARTICULAR PURPOSE.

[34m[1mdocker version[0m
Client:
 Version:      17.09.0-ce
 API version:  1.32
 Go version:   go1.8.3
 Git commit:   afdb6d4
 Built:        Tue Sep 26 22:42:38 2017
 OS/Arch:      linux/amd64

Server:
 Version:      17.09.0-ce
 API version:  1.32 (minimum version 1.12)
 Go version:   go1.8.3
 Git commit:   afdb6d4
 Built:        Tue Sep 26 22:41:20 2017
 OS/Arch:      linux/amd64
 Experimental: false
[34m[1mclang version[0m
clang version 5.0.0 (tags/RELEASE_500/final)
Target: x86_64-unknown-linux-gnu
Thread model: posix
InstalledDir: /usr/local/clang-5.0.0/bin
[34m[1mjq version[0m
jq-1.5
[34m[1mbats version[0m
Bats 0.4.0
[34m[1mshellcheck version[0m
0.4.6
[34m[1mshfmt version[0m
v2.0.0
[34m[1mccache version[0m
ccache version 3.1.9

Copyright (C) 2002-2007 Andrew Tridgell
Copyright (C) 2009-2011 Joel Rosdahl

This program is free software; you can redistribute it and/or modify it under
the terms of the GNU General Public License as published by the Free Software
Foundation; either version 3 of the License, or (at your option) any later
version.
[34m[1mcmake version[0m
cmake version 3.9.2

CMake suite maintained and supported by Kitware (kitware.com/cmake).
[34m[1mheroku version[0m
heroku-cli/6.14.39-addc925 (linux-x64) node-v9.2.0
[34m[1mimagemagick version[0m
Version: ImageMagick 6.7.7-10 2017-07-31 Q16 http://www.imagemagick.org
[34m[1mmd5deep version[0m
4.2
[34m[1mmercurial version[0m
Mercurial Distributed SCM (version 4.2.2)
(see https://mercurial-scm.org for more information)

Copyright (C) 2005-2017 Matt Mackall and others
This is free software; see the source for copying conditions. There is NO
warranty; not even for MERCHANTABILITY or FITNESS FOR A PARTICULAR PURPOSE.
[34m[1mmysql version[0m
mysql  Ver 14.14 Distrib 5.6.33, for debian-linux-gnu (x86_64) using  EditLine wrapper
[34m[1mopenssl version[0m
OpenSSL 1.0.1f 6 Jan 2014
[34m[1mpacker version[0m
Packer v1.0.2

Your version of Packer is out of date! The latest version
is 1.1.2. You can update by downloading from www.packer.io
[34m[1mpostgresql client version[0m
psql (PostgreSQL) 9.6.6
[34m[1mragel version[0m
Ragel State Machine Compiler version 6.8 Feb 2013
Copyright (c) 2001-2009 by Adrian Thurston
[34m[1msubversion version[0m
svn, version 1.8.8 (r1568071)
   compiled Aug 10 2017, 17:20:39 on x86_64-pc-linux-gnu

Copyright (C) 2013 The Apache Software Foundation.
This software consists of contributions made by many people;
see the NOTICE file for more information.
Subversion is open source software, see http://subversion.apache.org/

The following repository access (RA) modules are available:

* ra_svn : Module for accessing a repository using the svn network protocol.
  - with Cyrus SASL authentication
  - handles 'svn' scheme
* ra_local : Module for accessing a repository on local disk.
  - handles 'file' scheme
* ra_serf : Module for accessing a repository via WebDAV protocol using serf.
  - using serf 1.3.3
  - handles 'http' scheme
  - handles 'https' scheme

[34m[1msudo version[0m
Sudo version 1.8.9p5
Configure options: --prefix=/usr -v --with-all-insults --with-pam --with-fqdn --with-logging=syslog --with-logfac=authpriv --with-env-editor --with-editor=/usr/bin/editor --with-timeout=15 --with-password-timeout=0 --with-passprompt=[sudo] password for %p:  --without-lecture --with-tty-tickets --disable-root-mailer --enable-admin-flag --with-sendmail=/usr/sbin/sendmail --with-timedir=/var/lib/sudo --mandir=/usr/share/man --libexecdir=/usr/lib/sudo --with-sssd --with-sssd-lib=/usr/lib/x86_64-linux-gnu --with-selinux
Sudoers policy plugin version 1.8.9p5
Sudoers file grammar version 43

Sudoers path: /etc/sudoers
Authentication methods: 'pam'
Syslog facility if syslog is being used for logging: authpriv
Syslog priority to use when user authenticates successfully: notice
Syslog priority to use when user authenticates unsuccessfully: alert
Send mail if the user is not in sudoers
Use a separate timestamp for each user/tty combo
Lecture user the first time they run sudo
Root may run sudo
Allow some information gathering to give useful error messages
Require fully-qualified hostnames in the sudoers file
Visudo will honor the EDITOR environment variable
Set the LOGNAME and USER environment variables
Length at which to wrap log file lines (0 for no wrap): 80
Authentication timestamp timeout: 15.0 minutes
Password prompt timeout: 0.0 minutes
Number of tries to enter a password: 3
Umask to use or 0777 to use user's: 022
Path to mail program: /usr/sbin/sendmail
Flags for mail program: -t
Address to send mail to: root
Subject line for mail messages: *** SECURITY information for %h ***
Incorrect password message: Sorry, try again.
Path to authentication timestamp dir: /var/lib/sudo
Default password prompt: [sudo] password for %p: 
Default user to run commands as: root
Value to override user's $PATH with: /usr/local/sbin:/usr/local/bin:/usr/sbin:/usr/bin:/sbin:/bin:/snap/bin
Path to the editor for use by visudo: /usr/bin/editor
When to require a password for 'list' pseudocommand: any
When to require a password for 'verify' pseudocommand: all
File descriptors >= 3 will be closed before executing a command
Environment variables to check for sanity:
	TZ
	TERM
	LINGUAS
	LC_*
	LANGUAGE
	LANG
	COLORTERM
Environment variables to remove:
	RUBYOPT
	RUBYLIB
	PYTHONUSERBASE
	PYTHONINSPECT
	PYTHONPATH
	PYTHONHOME
	TMPPREFIX
	ZDOTDIR
	READNULLCMD
	NULLCMD
	FPATH
	PERL5DB
	PERL5OPT
	PERL5LIB
	PERLLIB
	PERLIO_DEBUG 
	JAVA_TOOL_OPTIONS
	SHELLOPTS
	GLOBIGNORE
	PS4
	BASH_ENV
	ENV
	TERMCAP
	TERMPATH
	TERMINFO_DIRS
	TERMINFO
	_RLD*
	LD_*
	PATH_LOCALE
	NLSPATH
	HOSTALIASES
	RES_OPTIONS
	LOCALDOMAIN
	CDPATH
	IFS
Environment variables to preserve:
	JAVA_HOME
	TRAVIS
	CI
	DEBIAN_FRONTEND
	XAUTHORIZATION
	XAUTHORITY
	PS2
	PS1
	PATH
	LS_COLORS
	KRB5CCNAME
	HOSTNAME
	HOME
	DISPLAY
	COLORS
Locale to use while parsing sudoers: C
Directory in which to store input/output logs: /var/log/sudo-io
File in which to store the input/output log: %{seq}
Add an entry to the utmp/utmpx file when allocating a pty
PAM service name to use
PAM service name to use for login shells
Create a new PAM session for the command to run in
Maximum I/O log sequence number: 0

Local IP address and netmask pairs:
	10.240.0.28/255.255.255.255
	172.17.0.1/255.255.0.0

Sudoers I/O plugin version 1.8.9p5
[34m[1mgzip version[0m
gzip 1.6
Copyright (C) 2007, 2010, 2011 Free Software Foundation, Inc.
Copyright (C) 1993 Jean-loup Gailly.
This is free software.  You may redistribute copies of it under the terms of
the GNU General Public License <http://www.gnu.org/licenses/gpl.html>.
There is NO WARRANTY, to the extent permitted by law.

Written by Jean-loup Gailly.
[34m[1mzip version[0m
Copyright (c) 1990-2008 Info-ZIP - Type 'zip "-L"' for software license.
This is Zip 3.0 (July 5th 2008), by Info-ZIP.
Currently maintained by E. Gordon.  Please send bug reports to
the authors using the web page at www.info-zip.org; see README for details.

Latest sources and executables are at ftp://ftp.info-zip.org/pub/infozip,
as of above date; see http://www.info-zip.org/ for other sites.

Compiled with gcc 4.8.2 for Unix (Linux ELF) on Oct 21 2013.

Zip special compilation options:
	USE_EF_UT_TIME       (store Universal Time)
	BZIP2_SUPPORT        (bzip2 library version 1.0.6, 6-Sept-2010)
	    bzip2 code and library copyright (c) Julian R Seward
	    (See the bzip2 license for terms of use)
	SYMLINK_SUPPORT      (symbolic links supported)
	LARGE_FILE_SUPPORT   (can read and write large files on file system)
	ZIP64_SUPPORT        (use Zip64 to store large files in archives)
	UNICODE_SUPPORT      (store and read UTF-8 Unicode paths)
	STORE_UNIX_UIDs_GIDs (store UID/GID sizes/values using new extra field)
	UIDGID_NOT_16BIT     (old Unix 16-bit UID/GID extra field not used)
	[encryption, version 2.91 of 05 Jan 2007] (modified for Zip 3)

Encryption notice:
	The encryption code of this program is not copyrighted and is
	put in the public domain.  It was originally written in Europe
	and, to the best of our knowledge, can be freely distributed
	in both source and object forms from any country, including
	the USA under License Exception TSU of the U.S. Export
	Administration Regulations (section 740.13(e)) of 6 June 2002.

Zip environment options:
             ZIP:  [none]
          ZIPOPT:  [none]
[34m[1mvim version[0m
VIM - Vi IMproved 7.4 (2013 Aug 10, compiled Nov 24 2016 16:43:18)
Included patches: 1-52
Extra patches: 8.0.0056
Modified by pkg-vim-maintainers@lists.alioth.debian.org
Compiled by buildd@
Huge version without GUI.  Features included (+) or not (-):
+acl             +farsi           +mouse_netterm   +syntax
+arabic          +file_in_path    +mouse_sgr       +tag_binary
+autocmd         +find_in_path    -mouse_sysmouse  +tag_old_static
-balloon_eval    +float           +mouse_urxvt     -tag_any_white
-browse          +folding         +mouse_xterm     -tcl
++builtin_terms  -footer          +multi_byte      +terminfo
+byte_offset     +fork()          +multi_lang      +termresponse
+cindent         +gettext         -mzscheme        +textobjects
-clientserver    -hangul_input    +netbeans_intg   +title
-clipboard       +iconv           +path_extra      -toolbar
+cmdline_compl   +insert_expand   -perl            +user_commands
+cmdline_hist    +jumplist        +persistent_undo +vertsplit
+cmdline_info    +keymap          +postscript      +virtualedit
+comments        +langmap         +printer         +visual
+conceal         +libcall         +profile         +visualextra
+cryptv          +linebreak       +python          +viminfo
+cscope          +lispindent      -python3         +vreplace
+cursorbind      +listcmds        +quickfix        +wildignore
+cursorshape     +localmap        +reltime         +wildmenu
+dialog_con      -lua             +rightleft       +windows
+diff            +menu            -ruby            +writebackup
+digraphs        +mksession       +scrollbind      -X11
-dnd             +modify_fname    +signs           -xfontset
-ebcdic          +mouse           +smartindent     -xim
+emacs_tags      -mouseshape      -sniff           -xsmp
+eval            +mouse_dec       +startuptime     -xterm_clipboard
+ex_extra        +mouse_gpm       +statusline      -xterm_save
+extra_search    -mouse_jsbterm   -sun_workshop    -xpm
   system vimrc file: "$VIM/vimrc"
     user vimrc file: "$HOME/.vimrc"
 2nd user vimrc file: "~/.vim/vimrc"
      user exrc file: "$HOME/.exrc"
  fall-back for $VIM: "/usr/share/vim"
Compilation: gcc -c -I. -Iproto -DHAVE_CONFIG_H     -g -O2 -fstack-protector --param=ssp-buffer-size=4 -Wformat -Werror=format-security -U_FORTIFY_SOURCE -D_FORTIFY_SOURCE=1      
Linking: gcc   -Wl,-Bsymbolic-functions -Wl,-z,relro -Wl,--as-needed -o vim        -lm -ltinfo -lnsl  -lselinux  -lacl -lattr -lgpm -ldl    -L/usr/lib/python2.7/config-x86_64-linux-gnu -lpython2.7 -lpthread -ldl -lutil -lm -Xlinker -export-dynamic -Wl,-O1 -Wl,-Bsymbolic-functions      
[34m[1miptables version[0m
iptables v1.4.21
[34m[1mcurl version[0m
curl 7.35.0 (x86_64-pc-linux-gnu) libcurl/7.35.0 OpenSSL/1.0.1f zlib/1.2.8 libidn/1.28 librtmp/2.3
[34m[1mwget version[0m
GNU Wget 1.15 built on linux-gnu.
[34m[1mrsync version[0m
rsync  version 3.1.0  protocol version 31
[34m[1mgimme version[0m
v1.2.0
[34m[1mnvm version[0m
0.33.6
[34m[1mperlbrew version[0m
/home/travis/perl5/perlbrew/bin/perlbrew  - App::perlbrew/0.80
[34m[1mphpenv version[0m
rbenv 1.1.1-25-g6aa70b6
[34m[1mrvm version[0m
rvm 1.29.3 (latest) by Michal Papis, Piotr Kuczynski, Wayne E. Seguin [https://rvm.io]
[34m[1mdefault ruby version[0m
ruby 2.4.1p111 (2017-03-22 revision 58053) [x86_64-linux]
[34m[1mCouchDB version[0m
couchdb 1.6.1
[34m[1mElasticSearch version[0m
5.5.0
[34m[1mInstalled Firefox version[0m
firefox 56.0.2
[34m[1mMongoDB version[0m
MongoDB 3.4.10
[34m[1mPhantomJS version[0m
2.1.1
[34m[1mPre-installed PostgreSQL versions[0m
9.2.24
9.3.20
9.4.15
9.5.10
9.6.6
[34m[1mRabbitMQ Version[0m
3.6.14
[34m[1mRedis version[0m
redis-server 4.0.6
[34m[1mriak version[0m
2.2.3
[34m[1mPre-installed Go versions[0m
1.7.4
[34m[1mant version[0m
Apache Ant(TM) version 1.9.3 compiled on April 8 2014
[34m[1mmvn version[0m
Apache Maven 3.5.2 (138edd61fd100ec658bfa2d307c43b76940a5d7d; 2017-10-18T07:58:13Z)
Maven home: /usr/local/maven-3.5.2
Java version: 1.8.0_151, vendor: Oracle Corporation
Java home: /usr/lib/jvm/java-8-oracle/jre
Default locale: en_US, platform encoding: UTF-8
OS name: "linux", version: "4.4.0-98-generic", arch: "amd64", family: "unix"
[34m[1mgradle version[0m

------------------------------------------------------------
Gradle 4.0.1
------------------------------------------------------------

Build time:   2017-07-07 14:02:41 UTC
Revision:     38e5dc0f772daecca1d2681885d3d85414eb6826

Groovy:       2.4.11
Ant:          Apache Ant(TM) version 1.9.6 compiled on June 29 2015
JVM:          1.8.0_151 (Oracle Corporation 25.151-b12)
OS:           Linux 4.4.0-98-generic amd64

[34m[1mlein version[0m
Leiningen 2.8.1 on Java 1.8.0_151 Java HotSpot(TM) 64-Bit Server VM
[34m[1mPre-installed Node.js versions[0m
v4.8.6
v6.12.0
v6.12.1
v8.9
v8.9.1
[34m[1mphpenv versions[0m
  system
  5.6
* 5.6.32 (set by /home/travis/.phpenv/version)
  7.0
  7.0.25
  7.1
  7.1.11
  hhvm
  hhvm-stable
[34m[1mcomposer --version[0m
Composer version 1.5.2 2017-09-11 16:59:25
[34m[1mPre-installed Ruby versions[0m
ruby-2.2.7
ruby-2.3.4
ruby-2.4.1
travis_fold:end:system_info[0K
travis_fold:start:docker_mtu[0Kdocker stop/waiting
docker start/running, process 4413
travis_fold:end:docker_mtu[0Ktravis_fold:start:resolvconf[0Kresolvconf stop/waiting
resolvconf start/running
travis_fold:end:resolvconf[0K
travis_fold:start:install_jdk[0K[33;1mInstalling oraclejdk8[0m
$ jdk_switcher use "oraclejdk8"
Switching to Oracle JDK8 (java-8-oracle), JAVA_HOME will be set to /usr/lib/jvm/java-8-oracle
travis_fold:end:install_jdk[0K[32;1mUpdating sbt[0m
travis_fold:start:apt[0Ktravis_fold:end:apt[0K
travis_fold:start:git.checkout[0Ktravis_time:start:013c8fe7[0K$ git clone --depth=3 --branch=develop --quiet https://github.com/twitter/finagle.git twitter/finagle
travis_time:end:013c8fe7:start=1564701613683852769,finish=1564701615146894501,duration=1463041732[0K$ cd twitter/finagle
$ git checkout -qf 6dc05b64c91696838860f8334450a5d9b1b80420
travis_fold:end:git.checkout[0K

[33;1mSetting environment variables from repository settings[0m
$ export encrypted_17cf396fcb4f_key=[secure]
$ export encrypted_17cf396fcb4f_iv=[secure]

[33;1mSetting environment variables from .travis.yml[0m
$ export JAVA_OPTS="-DSKIP_FLAKY=1 -DSKIP_FLAKY_TRAVIS=1 -Dsbt.log.noformat=true"
$ export PROJECT=finagle-exp

$ export JVM_OPTS=@/etc/sbt/jvmopts
$ export SBT_OPTS=@/etc/sbt/sbtopts
travis_fold:start:cache.1[0KSetting up build cache
$ export CASHER_DIR=${TRAVIS_HOME}/.casher
travis_time:start:24d74720[0K$ Installing caching utilities
travis_time:end:24d74720:start=1564701619830142276,finish=1564701619971245847,duration=141103571[0Ktravis_time:start:04347b10[0Ktravis_time:end:04347b10:start=1564701619977603042,finish=1564701619981029490,duration=3426448[0Ktravis_time:start:1ae6d2e0[0Kattempting to download cache archive[0m
[32;1mfetching develop/cache-linux-trusty-f3b4f49f19737aecd4cdd24d532a14048d993c0a2c588395d0ad48a5230560cd--jdk-oraclejdk8--scala-2.11.12.tgz[0m
[32;1mfound cache[0m
travis_time:end:1ae6d2e0:start=1564701619986015761,finish=1564701623238431284,duration=3252415523[0Ktravis_time:start:09670cf8[0Ktravis_time:end:09670cf8:start=1564701623245847162,finish=1564701623251084615,duration=5237453[0Ktravis_time:start:268b586e[0Kadding /home/travis/.ivy2/cache to cache[0m
creating directory /home/travis/.ivy2/cache[0m
adding /home/travis/.ivy2/local/com.twitter to cache[0m
creating directory /home/travis/.ivy2/local/com.twitter[0m
adding /home/travis/.sbt to cache[0m
creating directory /home/travis/.sbt[0m
adding /home/travis/.dodo to cache[0m
creating directory /home/travis/.dodo[0m
travis_time:end:268b586e:start=1564701623257958124,finish=1564701628470749908,duration=5212791784[0Ktravis_fold:end:cache.1[0K
$ java -Xmx32m -version
java version "1.8.0_151"
Java(TM) SE Runtime Environment (build 1.8.0_151-b12)
Java HotSpot(TM) 64-Bit Server VM (build 25.151-b12, mixed mode)
$ javac -J-Xmx32m -version
javac 1.8.0_151
Using Scala 2.11.12
travis_fold:start:before_install[0Ktravis_time:start:02ce8486[0K$ sudo apt-get install -y xmlstarlet
Reading package lists...
Building dependency tree...
Reading state information...
The following NEW packages will be installed:
  xmlstarlet
0 upgraded, 1 newly installed, 0 to remove and 304 not upgraded.
Need to get 290 kB of archives.
After this operation, 525 kB of additional disk space will be used.
Get:1 http://archive.ubuntu.com/ubuntu trusty/universe amd64 xmlstarlet amd64 1.5.0-1 [290 kB]
Fetched 290 kB in 0s (15.8 MB/s)
Selecting previously unselected package xmlstarlet.
(Reading database ... (Reading database ... 5%(Reading database ... 10%(Reading database ... 15%(Reading database ... 20%(Reading database ... 25%(Reading database ... 30%(Reading database ... 35%(Reading database ... 40%(Reading database ... 45%(Reading database ... 50%(Reading database ... 55%(Reading database ... 60%(Reading database ... 65%(Reading database ... 70%(Reading database ... 75%(Reading database ... 80%(Reading database ... 85%(Reading database ... 90%(Reading database ... 95%(Reading database ... 100%(Reading database ... 93695 files and directories currently installed.)
Preparing to unpack .../xmlstarlet_1.5.0-1_amd64.deb ...
Unpacking xmlstarlet (1.5.0-1) ...
Processing triggers for man-db (2.6.7.1-1ubuntu1) ...
Setting up xmlstarlet (1.5.0-1) ...
travis_time:end:02ce8486:start=1564701629208784080,finish=1564701631228215885,duration=2019431805[0Ktravis_fold:end:before_install[0Ktravis_fold:start:before_script.1[0Ktravis_time:start:10b816d2[0K$ unset SBT_OPTS
travis_time:end:10b816d2:start=1564701631234211850,finish=1564701631237325201,duration=3113351[0Ktravis_fold:end:before_script.1[0Ktravis_fold:start:before_script.2[0Ktravis_time:start:046549c9[0K$ curl -s https://raw.githubusercontent.com/twitter/dodo/develop/bin/build | bash -s -- --no-test --scala-version $TRAVIS_SCALA_VERSION finagle
[info] Determining projects...
[info] ------------------------------------------------------------------------
[info] Dodo Build Order:
[info]   util
[info]   scroogecore
[info]  
[info] ------------------------------------------------------------------------
[info] Building util
[info] ------------------------------------------------------------------------
[info]  
[info] --- git-sha @ 0f0bcd44d8a241c8b2e14af568cbe83dec0c7fae ---
[info]  
[info] Using previously built results...
[info]  
[info] --- built-sha @ 0f0bcd44d8a241c8b2e14af568cbe83dec0c7fae ---
[info]  
[info]  
[info] ------------------------------------------------------------------------
[info] Building scroogecore
[info] ------------------------------------------------------------------------
[info]  
[info] --- git-sha @ 14d4b98084551822cda2a50159bab19cd0894338 ---
[info]  
[info] Using previously built results...
[info]  
[info] --- built-sha @ 14d4b98084551822cda2a50159bab19cd0894338 ---
[info]  
[info] ------------------------------------------------------------------------
[info] BUILD SUCCESS
[info] ------------------------------------------------------------------------
[info] Total time: 1 s
[info] Finished at: 2019T23:20:32+0000
[info] Twitter Dodo version v19.7.0
[info] ------------------------------------------------------------------------
travis_time:end:046549c9:start=1564701631243120824,finish=1564701632501719189,duration=1258598365[0Ktravis_fold:end:before_script.2[0Ktravis_fold:start:before_script.3[0Ktravis_time:start:097087ac[0K$ travis_retry ./sbt --error ++$TRAVIS_SCALA_VERSION ci:update finagle-memcached/update
downloading /home/travis/build/twitter/finagle/sbt-launch.jar
[info] Loading settings from build.sbt,unidoc.sbt,plugins.sbt ...
[info] Loading project definition from /home/travis/build/twitter/finagle/project
[info] Updating ProjectRef(uri("file:/home/travis/build/twitter/finagle/project/"), "finagle-build")...
[warn] Choosing local for com.twitter#scrooge-sbt-plugin;19.8.0-SNAPSHOT
[warn] Choosing local for com.twitter#scrooge-generator_2.12;19.8.0-SNAPSHOT
[info] Done updating.
[info] Loading settings from build.sbt ...
[info] Resolving key references (17383 settings) ...
[info] Using Netty SNAPSHOT build mode: false
[info] Netty version: 4.1.38.Final
[info] Netty tcnative version 2.0.25.Final
[info] Set current project to finagle (in build file:/home/travis/build/twitter/finagle/)
[warn] The `-` command is deprecated in favor of `onFailure` and will be removed in a later version
[info] Setting Scala version to 2.11.12 on 30 projects.
[info] Reapplying settings...
[info] Using Netty SNAPSHOT build mode: false
[info] Netty version: 4.1.38.Final
[info] Netty tcnative version 2.0.25.Final
[info] Set current project to finagle (in build file:/home/travis/build/twitter/finagle/)
Downloading https://repo1.maven.org/maven2/org/scalacheck/scalacheck_2.11/1.13.4/scalacheck_2.11-1.13.4.pom
Downloading https://repo1.maven.org/maven2/org/scalatest/scalatest_2.11/3.0.0/scalatest_2.11-3.0.0.pom.sha1
Downloading https://repo1.maven.org/maven2/org/scala-lang/scala-library/2.11.12/scala-library-2.11.12.pom.sha1
Downloading https://repo1.maven.org/maven2/org/scalatest/scalatest_2.11/3.0.0/scalatest_2.11-3.0.0.pom
Downloading https://repo1.maven.org/maven2/org/scala-lang/scala-library/2.11.12/scala-library-2.11.12.pom
Downloading https://repo1.maven.org/maven2/org/scalacheck/scalacheck_2.11/1.13.4/scalacheck_2.11-1.13.4.pom.sha1
Downloaded https://repo1.maven.org/maven2/org/scala-lang/scala-library/2.11.12/scala-library-2.11.12.pom
Downloaded https://repo1.maven.org/maven2/org/scalacheck/scalacheck_2.11/1.13.4/scalacheck_2.11-1.13.4.pom
Downloaded https://repo1.maven.org/maven2/org/scalacheck/scalacheck_2.11/1.13.4/scalacheck_2.11-1.13.4.pom.sha1
Downloading https://repo1.maven.org/maven2/com/novocode/junit-interface/0.11/junit-interface-0.11.pom.sha1
Downloading https://repo1.maven.org/maven2/com/novocode/junit-interface/0.11/junit-interface-0.11.pom
Downloaded https://repo1.maven.org/maven2/org/scalatest/scalatest_2.11/3.0.0/scalatest_2.11-3.0.0.pom.sha1
Downloading https://repo1.maven.org/maven2/org/mockito/mockito-all/1.9.5/mockito-all-1.9.5.pom
Downloaded https://repo1.maven.org/maven2/org/scalatest/scalatest_2.11/3.0.0/scalatest_2.11-3.0.0.pom
Downloaded https://repo1.maven.org/maven2/org/scala-lang/scala-library/2.11.12/scala-library-2.11.12.pom.sha1
Downloading https://repo1.maven.org/maven2/org/mockito/mockito-all/1.9.5/mockito-all-1.9.5.pom.sha1
Downloaded https://repo1.maven.org/maven2/com/novocode/junit-interface/0.11/junit-interface-0.11.pom.sha1
Downloading https://repo1.maven.org/maven2/org/scala-lang/scala-library/2.11.12/
Downloaded https://repo1.maven.org/maven2/com/novocode/junit-interface/0.11/junit-interface-0.11.pom
Downloading https://repo1.maven.org/maven2/org/scalatest/scalatest_2.11/3.0.0/
Downloading https://repo1.maven.org/maven2/com/novocode/junit-interface/0.11/
Downloading https://repo1.maven.org/maven2/org/scalacheck/scalacheck_2.11/1.13.4/
Downloaded https://repo1.maven.org/maven2/org/scala-lang/scala-library/2.11.12/
Downloaded https://repo1.maven.org/maven2/org/mockito/mockito-all/1.9.5/mockito-all-1.9.5.pom.sha1
Downloaded https://repo1.maven.org/maven2/org/scalatest/scalatest_2.11/3.0.0/
Downloaded https://repo1.maven.org/maven2/org/mockito/mockito-all/1.9.5/mockito-all-1.9.5.pom
Downloading https://repo1.maven.org/maven2/org/mockito/mockito-all/1.9.5/
Downloaded https://repo1.maven.org/maven2/com/novocode/junit-interface/0.11/
Downloaded https://repo1.maven.org/maven2/org/scalacheck/scalacheck_2.11/1.13.4/
Downloaded https://repo1.maven.org/maven2/org/mockito/mockito-all/1.9.5/
Downloading https://repo1.maven.org/maven2/org/scala-lang/scala-reflect/2.11.12/scala-reflect-2.11.12.pom
Downloading https://repo1.maven.org/maven2/org/scala-lang/scala-reflect/2.11.12/scala-reflect-2.11.12.pom.sha1
Downloading https://repo1.maven.org/maven2/org/scalactic/scalactic_2.11/3.0.0/scalactic_2.11-3.0.0.pom
Downloading https://repo1.maven.org/maven2/org/scalactic/scalactic_2.11/3.0.0/scalactic_2.11-3.0.0.pom.sha1
Downloaded https://repo1.maven.org/maven2/org/scala-lang/scala-reflect/2.11.12/scala-reflect-2.11.12.pom.sha1
Downloaded https://repo1.maven.org/maven2/org/scalactic/scalactic_2.11/3.0.0/scalactic_2.11-3.0.0.pom
Downloading https://repo1.maven.org/maven2/junit/junit/4.11/junit-4.11.pom
Downloading https://repo1.maven.org/maven2/org/scala-sbt/test-interface/1.0/test-interface-1.0.pom.sha1
Downloading https://repo1.maven.org/maven2/org/scala-sbt/test-interface/1.0/test-interface-1.0.pom
Downloading https://repo1.maven.org/maven2/junit/junit/4.11/junit-4.11.pom.sha1
Downloaded https://repo1.maven.org/maven2/org/scala-lang/scala-reflect/2.11.12/scala-reflect-2.11.12.pom
Downloading https://repo1.maven.org/maven2/org/scala-lang/modules/scala-xml_2.11/1.0.5/scala-xml_2.11-1.0.5.pom
Downloaded https://repo1.maven.org/maven2/org/scala-sbt/test-interface/1.0/test-interface-1.0.pom.sha1
Downloading https://repo1.maven.org/maven2/org/scala-lang/modules/scala-xml_2.11/1.0.5/scala-xml_2.11-1.0.5.pom.sha1
Downloaded https://repo1.maven.org/maven2/org/scala-sbt/test-interface/1.0/test-interface-1.0.pom
Downloading https://repo1.maven.org/maven2/org/scala-lang/scala-reflect/2.11.12/
Downloaded https://repo1.maven.org/maven2/org/scalactic/scalactic_2.11/3.0.0/scalactic_2.11-3.0.0.pom.sha1
Downloading https://repo1.maven.org/maven2/org/scala-lang/modules/scala-parser-combinators_2.11/1.0.4/scala-parser-combinators_2.11-1.0.4.pom
Downloaded https://repo1.maven.org/maven2/junit/junit/4.11/junit-4.11.pom
Downloading https://repo1.maven.org/maven2/org/scala-lang/modules/scala-parser-combinators_2.11/1.0.4/scala-parser-combinators_2.11-1.0.4.pom.sha1
Downloaded https://repo1.maven.org/maven2/org/scala-lang/modules/scala-xml_2.11/1.0.5/scala-xml_2.11-1.0.5.pom.sha1
Downloaded https://repo1.maven.org/maven2/org/scala-lang/scala-reflect/2.11.12/
Downloaded https://repo1.maven.org/maven2/org/scala-lang/modules/scala-xml_2.11/1.0.5/scala-xml_2.11-1.0.5.pom
Downloading https://repo1.maven.org/maven2/org/scalactic/scalactic_2.11/3.0.0/
Downloading https://repo1.maven.org/maven2/org/scala-lang/modules/scala-xml_2.11/1.0.5/
Downloaded https://repo1.maven.org/maven2/org/scala-lang/modules/scala-parser-combinators_2.11/1.0.4/scala-parser-combinators_2.11-1.0.4.pom
Downloading https://repo1.maven.org/maven2/org/scala-sbt/test-interface/1.0/
Downloaded https://repo1.maven.org/maven2/org/scala-lang/modules/scala-xml_2.11/1.0.5/
Downloaded https://repo1.maven.org/maven2/org/scalactic/scalactic_2.11/3.0.0/
Downloaded https://repo1.maven.org/maven2/org/scala-sbt/test-interface/1.0/
Downloaded https://repo1.maven.org/maven2/org/scala-lang/modules/scala-parser-combinators_2.11/1.0.4/scala-parser-combinators_2.11-1.0.4.pom.sha1
Downloading https://repo1.maven.org/maven2/org/scala-lang/modules/scala-parser-combinators_2.11/1.0.4/
Downloaded https://repo1.maven.org/maven2/junit/junit/4.11/junit-4.11.pom.sha1
Downloading https://repo1.maven.org/maven2/junit/junit/4.11/
Downloaded https://repo1.maven.org/maven2/org/scala-lang/modules/scala-parser-combinators_2.11/1.0.4/
Downloaded https://repo1.maven.org/maven2/junit/junit/4.11/
Downloading https://repo1.maven.org/maven2/org/hamcrest/hamcrest-core/1.3/hamcrest-core-1.3.pom.sha1
Downloading https://repo1.maven.org/maven2/org/hamcrest/hamcrest-core/1.3/hamcrest-core-1.3.pom
Downloaded https://repo1.maven.org/maven2/org/hamcrest/hamcrest-core/1.3/hamcrest-core-1.3.pom.sha1
Downloaded https://repo1.maven.org/maven2/org/hamcrest/hamcrest-core/1.3/hamcrest-core-1.3.pom
Downloading https://repo1.maven.org/maven2/org/hamcrest/hamcrest-core/1.3/
Downloaded https://repo1.maven.org/maven2/org/hamcrest/hamcrest-core/1.3/
Downloading https://repo1.maven.org/maven2/org/hamcrest/hamcrest-parent/1.3/hamcrest-parent-1.3.pom
Downloading https://repo1.maven.org/maven2/org/hamcrest/hamcrest-parent/1.3/hamcrest-parent-1.3.pom.sha1
Downloaded https://repo1.maven.org/maven2/org/hamcrest/hamcrest-parent/1.3/hamcrest-parent-1.3.pom.sha1
Downloaded https://repo1.maven.org/maven2/org/hamcrest/hamcrest-parent/1.3/hamcrest-parent-1.3.pom
Downloading https://repo1.maven.org/maven2/org/hamcrest/hamcrest-parent/1.3/
Downloaded https://repo1.maven.org/maven2/org/hamcrest/hamcrest-parent/1.3/
Downloading https://repo1.maven.org/maven2/org/scala-lang/scala-compiler/2.11.12/scala-compiler-2.11.12.pom
Downloading https://repo1.maven.org/maven2/org/scala-lang/scala-compiler/2.11.12/scala-compiler-2.11.12.pom.sha1
Downloaded https://repo1.maven.org/maven2/org/scala-lang/scala-compiler/2.11.12/scala-compiler-2.11.12.pom.sha1
Downloaded https://repo1.maven.org/maven2/org/scala-lang/scala-compiler/2.11.12/scala-compiler-2.11.12.pom
Downloading https://repo1.maven.org/maven2/org/scala-lang/scala-compiler/2.11.12/
Downloaded https://repo1.maven.org/maven2/org/scala-lang/scala-compiler/2.11.12/
Downloading https://repo1.maven.org/maven2/jline/jline/2.14.3/jline-2.14.3.pom
Downloading https://repo1.maven.org/maven2/jline/jline/2.14.3/jline-2.14.3.pom.sha1
Downloaded https://repo1.maven.org/maven2/jline/jline/2.14.3/jline-2.14.3.pom.sha1
Downloaded https://repo1.maven.org/maven2/jline/jline/2.14.3/jline-2.14.3.pom
Downloading https://repo1.maven.org/maven2/jline/jline/2.14.3/
Downloaded https://repo1.maven.org/maven2/jline/jline/2.14.3/
Downloading https://repo1.maven.org/maven2/org/sonatype/oss/oss-parent/9/oss-parent-9.pom.sha1
Downloading https://repo1.maven.org/maven2/org/sonatype/oss/oss-parent/9/oss-parent-9.pom
Downloaded https://repo1.maven.org/maven2/org/sonatype/oss/oss-parent/9/oss-parent-9.pom
Downloaded https://repo1.maven.org/maven2/org/sonatype/oss/oss-parent/9/oss-parent-9.pom.sha1
Downloading https://repo1.maven.org/maven2/org/sonatype/oss/oss-parent/9/
Downloaded https://repo1.maven.org/maven2/org/sonatype/oss/oss-parent/9/
Downloading https://repo1.maven.org/maven2/io/grpc/grpc-context/1.13.2/grpc-context-1.13.2.pom.sha1
Downloading https://repo1.maven.org/maven2/io/grpc/grpc-context/1.13.2/grpc-context-1.13.2.pom
Downloaded https://repo1.maven.org/maven2/io/grpc/grpc-context/1.13.2/grpc-context-1.13.2.pom.sha1
Downloaded https://repo1.maven.org/maven2/io/grpc/grpc-context/1.13.2/grpc-context-1.13.2.pom
Downloading https://repo1.maven.org/maven2/io/grpc/grpc-context/1.13.2/
Downloaded https://repo1.maven.org/maven2/io/grpc/grpc-context/1.13.2/
Downloading https://repo1.maven.org/maven2/com/fasterxml/jackson/core/jackson-databind/2.9.9/jackson-databind-2.9.9.pom.sha1
Downloading https://repo1.maven.org/maven2/com/fasterxml/jackson/core/jackson-core/2.9.9/jackson-core-2.9.9.pom
Downloading https://repo1.maven.org/maven2/com/fasterxml/jackson/core/jackson-core/2.9.9/jackson-core-2.9.9.pom.sha1
Downloading https://repo1.maven.org/maven2/com/fasterxml/jackson/module/jackson-module-scala_2.11/2.9.9/jackson-module-scala_2.11-2.9.9.pom
Downloading https://repo1.maven.org/maven2/com/fasterxml/jackson/module/jackson-module-scala_2.11/2.9.9/jackson-module-scala_2.11-2.9.9.pom.sha1
Downloading https://repo1.maven.org/maven2/com/fasterxml/jackson/core/jackson-databind/2.9.9/jackson-databind-2.9.9.pom
Downloaded https://repo1.maven.org/maven2/com/fasterxml/jackson/module/jackson-module-scala_2.11/2.9.9/jackson-module-scala_2.11-2.9.9.pom.sha1
Downloaded https://repo1.maven.org/maven2/com/fasterxml/jackson/core/jackson-core/2.9.9/jackson-core-2.9.9.pom
Downloaded https://repo1.maven.org/maven2/com/fasterxml/jackson/core/jackson-core/2.9.9/jackson-core-2.9.9.pom.sha1
Downloaded https://repo1.maven.org/maven2/com/fasterxml/jackson/core/jackson-databind/2.9.9/jackson-databind-2.9.9.pom.sha1
Downloading https://repo1.maven.org/maven2/com/fasterxml/jackson/core/jackson-core/2.9.9/
Downloaded https://repo1.maven.org/maven2/com/fasterxml/jackson/module/jackson-module-scala_2.11/2.9.9/jackson-module-scala_2.11-2.9.9.pom
Downloading https://repo1.maven.org/maven2/com/fasterxml/jackson/module/jackson-module-scala_2.11/2.9.9/
Downloaded https://repo1.maven.org/maven2/com/fasterxml/jackson/core/jackson-databind/2.9.9/jackson-databind-2.9.9.pom
Downloading https://repo1.maven.org/maven2/com/fasterxml/jackson/core/jackson-databind/2.9.9/
Downloaded https://repo1.maven.org/maven2/com/fasterxml/jackson/core/jackson-core/2.9.9/
Downloaded https://repo1.maven.org/maven2/com/fasterxml/jackson/module/jackson-module-scala_2.11/2.9.9/
Downloaded https://repo1.maven.org/maven2/com/fasterxml/jackson/core/jackson-databind/2.9.9/
Downloading https://repo1.maven.org/maven2/com/fasterxml/jackson/jackson-base/2.9.9/jackson-base-2.9.9.pom
Downloading https://repo1.maven.org/maven2/com/fasterxml/jackson/jackson-base/2.9.9/jackson-base-2.9.9.pom.sha1
Downloaded https://repo1.maven.org/maven2/com/fasterxml/jackson/jackson-base/2.9.9/jackson-base-2.9.9.pom.sha1
Downloaded https://repo1.maven.org/maven2/com/fasterxml/jackson/jackson-base/2.9.9/jackson-base-2.9.9.pom
Downloading https://repo1.maven.org/maven2/com/fasterxml/jackson/jackson-base/2.9.9/
Downloaded https://repo1.maven.org/maven2/com/fasterxml/jackson/jackson-base/2.9.9/
Downloading https://repo1.maven.org/maven2/com/fasterxml/jackson/jackson-bom/2.9.9/jackson-bom-2.9.9.pom
Downloading https://repo1.maven.org/maven2/com/fasterxml/jackson/jackson-bom/2.9.9/jackson-bom-2.9.9.pom.sha1
Downloaded https://repo1.maven.org/maven2/com/fasterxml/jackson/jackson-bom/2.9.9/jackson-bom-2.9.9.pom.sha1
Downloaded https://repo1.maven.org/maven2/com/fasterxml/jackson/jackson-bom/2.9.9/jackson-bom-2.9.9.pom
Downloading https://repo1.maven.org/maven2/com/fasterxml/jackson/jackson-bom/2.9.9/
Downloaded https://repo1.maven.org/maven2/com/fasterxml/jackson/jackson-bom/2.9.9/
Downloading https://repo1.maven.org/maven2/com/fasterxml/jackson/jackson-parent/2.9.1.2/jackson-parent-2.9.1.2.pom
Downloading https://repo1.maven.org/maven2/com/fasterxml/jackson/jackson-parent/2.9.1.2/jackson-parent-2.9.1.2.pom.sha1
Downloaded https://repo1.maven.org/maven2/com/fasterxml/jackson/jackson-parent/2.9.1.2/jackson-parent-2.9.1.2.pom
Downloaded https://repo1.maven.org/maven2/com/fasterxml/jackson/jackson-parent/2.9.1.2/jackson-parent-2.9.1.2.pom.sha1
Downloading https://repo1.maven.org/maven2/com/fasterxml/jackson/jackson-parent/2.9.1.2/
Downloaded https://repo1.maven.org/maven2/com/fasterxml/jackson/jackson-parent/2.9.1.2/
Downloading https://repo1.maven.org/maven2/com/fasterxml/oss-parent/34/oss-parent-34.pom
Downloading https://repo1.maven.org/maven2/com/fasterxml/oss-parent/34/oss-parent-34.pom.sha1
Downloaded https://repo1.maven.org/maven2/com/fasterxml/oss-parent/34/oss-parent-34.pom.sha1
Downloaded https://repo1.maven.org/maven2/com/fasterxml/oss-parent/34/oss-parent-34.pom
Downloading https://repo1.maven.org/maven2/com/fasterxml/oss-parent/34/
Downloaded https://repo1.maven.org/maven2/com/fasterxml/oss-parent/34/
Downloading https://repo1.maven.org/maven2/com/fasterxml/jackson/module/jackson-module-paranamer/2.9.9/jackson-module-paranamer-2.9.9.pom
Downloading https://repo1.maven.org/maven2/com/fasterxml/jackson/module/jackson-module-paranamer/2.9.9/jackson-module-paranamer-2.9.9.pom.sha1
Downloaded https://repo1.maven.org/maven2/com/fasterxml/jackson/module/jackson-module-paranamer/2.9.9/jackson-module-paranamer-2.9.9.pom.sha1
Downloaded https://repo1.maven.org/maven2/com/fasterxml/jackson/module/jackson-module-paranamer/2.9.9/jackson-module-paranamer-2.9.9.pom
Downloading https://repo1.maven.org/maven2/com/fasterxml/jackson/module/jackson-module-paranamer/2.9.9/
Downloading https://repo1.maven.org/maven2/com/github/ben-manes/caffeine/caffeine/2.3.4/caffeine-2.3.4.pom
Downloading https://repo1.maven.org/maven2/com/github/ben-manes/caffeine/caffeine/2.3.4/caffeine-2.3.4.pom.sha1
Downloading https://repo1.maven.org/maven2/com/fasterxml/jackson/core/jackson-annotations/2.9.9/jackson-annotations-2.9.9.pom.sha1
Downloading https://repo1.maven.org/maven2/com/fasterxml/jackson/core/jackson-annotations/2.9.9/jackson-annotations-2.9.9.pom
Downloading https://repo1.maven.org/maven2/com/google/code/findbugs/jsr305/2.0.1/jsr305-2.0.1.pom
Downloaded https://repo1.maven.org/maven2/com/github/ben-manes/caffeine/caffeine/2.3.4/caffeine-2.3.4.pom
Downloading https://repo1.maven.org/maven2/com/google/code/findbugs/jsr305/2.0.1/jsr305-2.0.1.pom.sha1
Downloaded https://repo1.maven.org/maven2/com/fasterxml/jackson/module/jackson-module-paranamer/2.9.9/
Downloaded https://repo1.maven.org/maven2/com/fasterxml/jackson/core/jackson-annotations/2.9.9/jackson-annotations-2.9.9.pom
Downloaded https://repo1.maven.org/maven2/com/fasterxml/jackson/core/jackson-annotations/2.9.9/jackson-annotations-2.9.9.pom.sha1
Downloaded https://repo1.maven.org/maven2/com/github/ben-manes/caffeine/caffeine/2.3.4/caffeine-2.3.4.pom.sha1
Downloading https://repo1.maven.org/maven2/com/github/ben-manes/caffeine/caffeine/2.3.4/
Downloading https://repo1.maven.org/maven2/com/fasterxml/jackson/core/jackson-annotations/2.9.9/
Downloaded https://repo1.maven.org/maven2/com/google/code/findbugs/jsr305/2.0.1/jsr305-2.0.1.pom.sha1
Downloaded https://repo1.maven.org/maven2/com/github/ben-manes/caffeine/caffeine/2.3.4/
Downloaded https://repo1.maven.org/maven2/com/fasterxml/jackson/core/jackson-annotations/2.9.9/
Downloaded https://repo1.maven.org/maven2/com/google/code/findbugs/jsr305/2.0.1/jsr305-2.0.1.pom
Downloading https://repo1.maven.org/maven2/com/google/code/findbugs/jsr305/2.0.1/
Downloaded https://repo1.maven.org/maven2/com/google/code/findbugs/jsr305/2.0.1/
Downloading https://repo1.maven.org/maven2/com/fasterxml/jackson/module/jackson-modules-base/2.9.9/jackson-modules-base-2.9.9.pom
Downloading https://repo1.maven.org/maven2/com/fasterxml/jackson/module/jackson-modules-base/2.9.9/jackson-modules-base-2.9.9.pom.sha1
Downloaded https://repo1.maven.org/maven2/com/fasterxml/jackson/module/jackson-modules-base/2.9.9/jackson-modules-base-2.9.9.pom
Downloaded https://repo1.maven.org/maven2/com/fasterxml/jackson/module/jackson-modules-base/2.9.9/jackson-modules-base-2.9.9.pom.sha1
Downloading https://repo1.maven.org/maven2/com/fasterxml/jackson/module/jackson-modules-base/2.9.9/
Downloaded https://repo1.maven.org/maven2/com/fasterxml/jackson/module/jackson-modules-base/2.9.9/
Downloading https://repo1.maven.org/maven2/com/thoughtworks/paranamer/paranamer/2.8/paranamer-2.8.pom
Downloading https://repo1.maven.org/maven2/com/thoughtworks/paranamer/paranamer/2.8/paranamer-2.8.pom.sha1
Downloaded https://repo1.maven.org/maven2/com/thoughtworks/paranamer/paranamer/2.8/paranamer-2.8.pom
Downloaded https://repo1.maven.org/maven2/com/thoughtworks/paranamer/paranamer/2.8/paranamer-2.8.pom.sha1
Downloading https://repo1.maven.org/maven2/com/thoughtworks/paranamer/paranamer/2.8/
Downloaded https://repo1.maven.org/maven2/com/thoughtworks/paranamer/paranamer/2.8/
Downloading https://repo1.maven.org/maven2/com/thoughtworks/paranamer/paranamer-parent/2.8/paranamer-parent-2.8.pom
Downloading https://repo1.maven.org/maven2/com/thoughtworks/paranamer/paranamer-parent/2.8/paranamer-parent-2.8.pom.sha1
Downloaded https://repo1.maven.org/maven2/com/thoughtworks/paranamer/paranamer-parent/2.8/paranamer-parent-2.8.pom.sha1
Downloaded https://repo1.maven.org/maven2/com/thoughtworks/paranamer/paranamer-parent/2.8/paranamer-parent-2.8.pom
Downloading https://repo1.maven.org/maven2/com/thoughtworks/paranamer/paranamer-parent/2.8/
Downloaded https://repo1.maven.org/maven2/com/thoughtworks/paranamer/paranamer-parent/2.8/
Downloading https://repo1.maven.org/maven2/org/scala-lang/modules/scala-xml_2.11/1.0.5/scala-xml_2.11-1.0.5.jar
Downloading https://repo1.maven.org/maven2/org/hamcrest/hamcrest-core/1.3/hamcrest-core-1.3.jar
Downloading https://repo1.maven.org/maven2/com/novocode/junit-interface/0.11/junit-interface-0.11.jar
Downloading https://repo1.maven.org/maven2/org/scala-sbt/test-interface/1.0/test-interface-1.0.jar
Downloading https://repo1.maven.org/maven2/org/scala-lang/scala-reflect/2.11.12/scala-reflect-2.11.12.jar
Downloading https://repo1.maven.org/maven2/org/mockito/mockito-all/1.9.5/mockito-all-1.9.5.jar
Downloaded https://repo1.maven.org/maven2/org/scala-sbt/test-interface/1.0/test-interface-1.0.jar
Downloading https://repo1.maven.org/maven2/org/scala-lang/modules/scala-parser-combinators_2.11/1.0.4/scala-parser-combinators_2.11-1.0.4.jar
Downloaded https://repo1.maven.org/maven2/org/hamcrest/hamcrest-core/1.3/hamcrest-core-1.3.jar
Downloading https://repo1.maven.org/maven2/org/scalactic/scalactic_2.11/3.0.0/scalactic_2.11-3.0.0.jar
Downloaded https://repo1.maven.org/maven2/com/novocode/junit-interface/0.11/junit-interface-0.11.jar
Downloading https://repo1.maven.org/maven2/org/scalatest/scalatest_2.11/3.0.0/scalatest_2.11-3.0.0.jar
Downloaded https://repo1.maven.org/maven2/org/scala-lang/modules/scala-parser-combinators_2.11/1.0.4/scala-parser-combinators_2.11-1.0.4.jar
Downloading https://repo1.maven.org/maven2/junit/junit/4.11/junit-4.11.jar
Downloaded https://repo1.maven.org/maven2/org/scala-lang/modules/scala-xml_2.11/1.0.5/scala-xml_2.11-1.0.5.jar
Downloading https://repo1.maven.org/maven2/org/scala-lang/scala-library/2.11.12/scala-library-2.11.12.jar
Downloaded https://repo1.maven.org/maven2/junit/junit/4.11/junit-4.11.jar
Downloading https://repo1.maven.org/maven2/org/scala-lang/scala-compiler/2.11.12/scala-compiler-2.11.12.jar
Downloaded https://repo1.maven.org/maven2/org/scalactic/scalactic_2.11/3.0.0/scalactic_2.11-3.0.0.jar
Downloading https://repo1.maven.org/maven2/jline/jline/2.14.3/jline-2.14.3.jar
Downloaded https://repo1.maven.org/maven2/jline/jline/2.14.3/jline-2.14.3.jar
Downloading https://repo1.maven.org/maven2/org/scalacheck/scalacheck_2.11/1.13.4/scalacheck_2.11-1.13.4.jar
Downloaded https://repo1.maven.org/maven2/org/mockito/mockito-all/1.9.5/mockito-all-1.9.5.jar
Downloaded https://repo1.maven.org/maven2/org/scala-lang/scala-reflect/2.11.12/scala-reflect-2.11.12.jar
Downloaded https://repo1.maven.org/maven2/org/scalacheck/scalacheck_2.11/1.13.4/scalacheck_2.11-1.13.4.jar
Downloaded https://repo1.maven.org/maven2/org/scala-lang/scala-library/2.11.12/scala-library-2.11.12.jar
Downloaded https://repo1.maven.org/maven2/org/scalatest/scalatest_2.11/3.0.0/scalatest_2.11-3.0.0.jar
Downloaded https://repo1.maven.org/maven2/org/scala-lang/scala-compiler/2.11.12/scala-compiler-2.11.12.jar
Downloading https://repo1.maven.org/maven2/io/grpc/grpc-context/1.13.2/grpc-context-1.13.2.jar
Downloaded https://repo1.maven.org/maven2/io/grpc/grpc-context/1.13.2/grpc-context-1.13.2.jar
Downloading https://repo1.maven.org/maven2/com/fasterxml/jackson/module/jackson-module-scala_2.11/2.9.9/jackson-module-scala_2.11-2.9.9.jar
Downloading https://repo1.maven.org/maven2/com/fasterxml/jackson/core/jackson-core/2.9.9/jackson-core-2.9.9.jar
Downloading https://repo1.maven.org/maven2/com/fasterxml/jackson/core/jackson-annotations/2.9.9/jackson-annotations-2.9.9.jar
Downloading https://repo1.maven.org/maven2/com/google/code/findbugs/jsr305/2.0.1/jsr305-2.0.1.jar
Downloading https://repo1.maven.org/maven2/com/github/ben-manes/caffeine/caffeine/2.3.4/caffeine-2.3.4.jar
Downloading https://repo1.maven.org/maven2/com/fasterxml/jackson/core/jackson-databind/2.9.9/jackson-databind-2.9.9.jar
Downloaded https://repo1.maven.org/maven2/com/google/code/findbugs/jsr305/2.0.1/jsr305-2.0.1.jar
Downloading https://repo1.maven.org/maven2/com/fasterxml/jackson/module/jackson-module-paranamer/2.9.9/jackson-module-paranamer-2.9.9.jar
Downloaded https://repo1.maven.org/maven2/com/fasterxml/jackson/core/jackson-annotations/2.9.9/jackson-annotations-2.9.9.jar
Downloading https://repo1.maven.org/maven2/com/thoughtworks/paranamer/paranamer/2.8/paranamer-2.8.jar
Downloaded https://repo1.maven.org/maven2/com/fasterxml/jackson/module/jackson-module-paranamer/2.9.9/jackson-module-paranamer-2.9.9.jar
Downloaded https://repo1.maven.org/maven2/com/thoughtworks/paranamer/paranamer/2.8/paranamer-2.8.jar
Downloaded https://repo1.maven.org/maven2/com/fasterxml/jackson/module/jackson-module-scala_2.11/2.9.9/jackson-module-scala_2.11-2.9.9.jar
Downloaded https://repo1.maven.org/maven2/com/fasterxml/jackson/core/jackson-core/2.9.9/jackson-core-2.9.9.jar
Downloaded https://repo1.maven.org/maven2/com/github/ben-manes/caffeine/caffeine/2.3.4/caffeine-2.3.4.jar
Downloaded https://repo1.maven.org/maven2/com/fasterxml/jackson/core/jackson-databind/2.9.9/jackson-databind-2.9.9.jar
Downloading https://repo1.maven.org/maven2/io/netty/netty-handler/4.1.38.Final/netty-handler-4.1.38.Final.pom.sha1
Downloading https://repo1.maven.org/maven2/io/netty/netty-handler/4.1.38.Final/netty-handler-4.1.38.Final.pom
Downloading https://repo1.maven.org/maven2/io/netty/netty-transport-native-unix-common/4.1.38.Final/netty-transport-native-unix-common-4.1.38.Final.pom
Downloaded https://repo1.maven.org/maven2/io/netty/netty-handler/4.1.38.Final/netty-handler-4.1.38.Final.pom.sha1
Downloading https://repo1.maven.org/maven2/org/hdrhistogram/HdrHistogram/2.1.11/HdrHistogram-2.1.11.pom
Downloaded https://repo1.maven.org/maven2/io/netty/netty-handler/4.1.38.Final/netty-handler-4.1.38.Final.pom
Downloading https://repo1.maven.org/maven2/org/hdrhistogram/HdrHistogram/2.1.11/HdrHistogram-2.1.11.pom.sha1
Downloading https://repo1.maven.org/maven2/io/netty/netty-transport-native-epoll/4.1.38.Final/netty-transport-native-epoll-4.1.38.Final.pom.sha1
Downloading https://repo1.maven.org/maven2/io/netty/netty-transport-native-epoll/4.1.38.Final/netty-transport-native-epoll-4.1.38.Final.pom
Downloading https://repo1.maven.org/maven2/io/netty/netty-transport-native-unix-common/4.1.38.Final/netty-transport-native-unix-common-4.1.38.Final.pom.sha1
Downloaded https://repo1.maven.org/maven2/io/netty/netty-transport-native-unix-common/4.1.38.Final/netty-transport-native-unix-common-4.1.38.Final.pom
Downloaded https://repo1.maven.org/maven2/io/netty/netty-transport-native-unix-common/4.1.38.Final/netty-transport-native-unix-common-4.1.38.Final.pom.sha1
Downloading https://repo1.maven.org/maven2/io/netty/netty-transport/4.1.38.Final/netty-transport-4.1.38.Final.pom.sha1
Downloading https://repo1.maven.org/maven2/io/netty/netty-transport/4.1.38.Final/netty-transport-4.1.38.Final.pom
Downloaded https://repo1.maven.org/maven2/io/netty/netty-transport-native-epoll/4.1.38.Final/netty-transport-native-epoll-4.1.38.Final.pom
Downloading https://repo1.maven.org/maven2/io/netty/netty-handler-proxy/4.1.38.Final/netty-handler-proxy-4.1.38.Final.pom
Downloaded https://repo1.maven.org/maven2/org/hdrhistogram/HdrHistogram/2.1.11/HdrHistogram-2.1.11.pom
Downloading https://repo1.maven.org/maven2/io/netty/netty-handler-proxy/4.1.38.Final/netty-handler-proxy-4.1.38.Final.pom.sha1
Downloaded https://repo1.maven.org/maven2/io/netty/netty-transport-native-epoll/4.1.38.Final/netty-transport-native-epoll-4.1.38.Final.pom.sha1
Downloading https://repo1.maven.org/maven2/io/netty/netty-handler/4.1.38.Final/
Downloaded https://repo1.maven.org/maven2/io/netty/netty-transport/4.1.38.Final/netty-transport-4.1.38.Final.pom.sha1
Downloading https://repo1.maven.org/maven2/io/netty/netty-transport-native-unix-common/4.1.38.Final/
Downloaded https://repo1.maven.org/maven2/io/netty/netty-handler-proxy/4.1.38.Final/netty-handler-proxy-4.1.38.Final.pom
Downloading https://repo1.maven.org/maven2/io/netty/netty-transport-native-epoll/4.1.38.Final/
Downloaded https://repo1.maven.org/maven2/io/netty/netty-transport/4.1.38.Final/netty-transport-4.1.38.Final.pom
Downloaded https://repo1.maven.org/maven2/io/netty/netty-transport-native-unix-common/4.1.38.Final/
Downloading https://repo1.maven.org/maven2/io/netty/netty-transport/4.1.38.Final/
Downloaded https://repo1.maven.org/maven2/io/netty/netty-handler-proxy/4.1.38.Final/netty-handler-proxy-4.1.38.Final.pom.sha1
Downloaded https://repo1.maven.org/maven2/io/netty/netty-handler/4.1.38.Final/
Downloading https://repo1.maven.org/maven2/io/netty/netty-handler-proxy/4.1.38.Final/
Downloaded https://repo1.maven.org/maven2/io/netty/netty-transport-native-epoll/4.1.38.Final/
Downloaded https://repo1.maven.org/maven2/io/netty/netty-handler-proxy/4.1.38.Final/
Downloaded https://repo1.maven.org/maven2/org/hdrhistogram/HdrHistogram/2.1.11/HdrHistogram-2.1.11.pom.sha1
Downloading https://repo1.maven.org/maven2/org/hdrhistogram/HdrHistogram/2.1.11/
Downloaded https://repo1.maven.org/maven2/io/netty/netty-transport/4.1.38.Final/
Downloaded https://repo1.maven.org/maven2/org/hdrhistogram/HdrHistogram/2.1.11/
Downloading https://repo1.maven.org/maven2/io/netty/netty-parent/4.1.38.Final/netty-parent-4.1.38.Final.pom
Downloading https://repo1.maven.org/maven2/io/netty/netty-parent/4.1.38.Final/netty-parent-4.1.38.Final.pom.sha1
Downloaded https://repo1.maven.org/maven2/io/netty/netty-parent/4.1.38.Final/netty-parent-4.1.38.Final.pom.sha1
Downloaded https://repo1.maven.org/maven2/io/netty/netty-parent/4.1.38.Final/netty-parent-4.1.38.Final.pom
Downloading https://repo1.maven.org/maven2/io/netty/netty-parent/4.1.38.Final/
Downloaded https://repo1.maven.org/maven2/io/netty/netty-parent/4.1.38.Final/
Downloading https://repo1.maven.org/maven2/io/netty/netty-resolver/4.1.38.Final/netty-resolver-4.1.38.Final.pom.sha1
Downloading https://repo1.maven.org/maven2/io/netty/netty-resolver/4.1.38.Final/netty-resolver-4.1.38.Final.pom
Downloading https://repo1.maven.org/maven2/io/netty/netty-buffer/4.1.38.Final/netty-buffer-4.1.38.Final.pom
Downloading https://repo1.maven.org/maven2/io/netty/netty-codec/4.1.38.Final/netty-codec-4.1.38.Final.pom
Downloading https://repo1.maven.org/maven2/io/netty/netty-buffer/4.1.38.Final/netty-buffer-4.1.38.Final.pom.sha1
Downloaded https://repo1.maven.org/maven2/io/netty/netty-resolver/4.1.38.Final/netty-resolver-4.1.38.Final.pom
Downloading https://repo1.maven.org/maven2/io/netty/netty-codec/4.1.38.Final/netty-codec-4.1.38.Final.pom.sha1
Downloaded https://repo1.maven.org/maven2/io/netty/netty-buffer/4.1.38.Final/netty-buffer-4.1.38.Final.pom
Downloading https://repo1.maven.org/maven2/io/netty/netty-codec-http/4.1.38.Final/netty-codec-http-4.1.38.Final.pom
Downloaded https://repo1.maven.org/maven2/io/netty/netty-resolver/4.1.38.Final/netty-resolver-4.1.38.Final.pom.sha1
Downloading https://repo1.maven.org/maven2/io/netty/netty-codec-http/4.1.38.Final/netty-codec-http-4.1.38.Final.pom.sha1
Downloaded https://repo1.maven.org/maven2/io/netty/netty-buffer/4.1.38.Final/netty-buffer-4.1.38.Final.pom.sha1
Downloading https://repo1.maven.org/maven2/io/netty/netty-resolver/4.1.38.Final/
Downloaded https://repo1.maven.org/maven2/io/netty/netty-codec/4.1.38.Final/netty-codec-4.1.38.Final.pom
Downloading https://repo1.maven.org/maven2/io/netty/netty-common/4.1.38.Final/netty-common-4.1.38.Final.pom
Downloaded https://repo1.maven.org/maven2/io/netty/netty-codec/4.1.38.Final/netty-codec-4.1.38.Final.pom.sha1
Downloaded https://repo1.maven.org/maven2/io/netty/netty-codec-http/4.1.38.Final/netty-codec-http-4.1.38.Final.pom
Downloading https://repo1.maven.org/maven2/io/netty/netty-common/4.1.38.Final/netty-common-4.1.38.Final.pom.sha1
Downloading https://repo1.maven.org/maven2/io/netty/netty-codec-socks/4.1.38.Final/netty-codec-socks-4.1.38.Final.pom
Downloaded https://repo1.maven.org/maven2/io/netty/netty-codec-http/4.1.38.Final/netty-codec-http-4.1.38.Final.pom.sha1
Downloading https://repo1.maven.org/maven2/io/netty/netty-codec-socks/4.1.38.Final/netty-codec-socks-4.1.38.Final.pom.sha1
Downloaded https://repo1.maven.org/maven2/io/netty/netty-resolver/4.1.38.Final/
Downloading https://repo1.maven.org/maven2/io/netty/netty-buffer/4.1.38.Final/
Downloaded https://repo1.maven.org/maven2/io/netty/netty-common/4.1.38.Final/netty-common-4.1.38.Final.pom
Downloaded https://repo1.maven.org/maven2/io/netty/netty-common/4.1.38.Final/netty-common-4.1.38.Final.pom.sha1
Downloading https://repo1.maven.org/maven2/io/netty/netty-codec-http/4.1.38.Final/
Downloading https://repo1.maven.org/maven2/io/netty/netty-codec/4.1.38.Final/
Downloaded https://repo1.maven.org/maven2/io/netty/netty-codec-socks/4.1.38.Final/netty-codec-socks-4.1.38.Final.pom
Downloading https://repo1.maven.org/maven2/io/netty/netty-common/4.1.38.Final/
Downloaded https://repo1.maven.org/maven2/io/netty/netty-codec-socks/4.1.38.Final/netty-codec-socks-4.1.38.Final.pom.sha1
Downloading https://repo1.maven.org/maven2/io/netty/netty-codec-socks/4.1.38.Final/
Downloaded https://repo1.maven.org/maven2/io/netty/netty-codec-http/4.1.38.Final/
Downloaded https://repo1.maven.org/maven2/io/netty/netty-buffer/4.1.38.Final/
Downloaded https://repo1.maven.org/maven2/io/netty/netty-codec/4.1.38.Final/
Downloaded https://repo1.maven.org/maven2/io/netty/netty-common/4.1.38.Final/
Downloaded https://repo1.maven.org/maven2/io/netty/netty-codec-socks/4.1.38.Final/
Downloading https://repo1.maven.org/maven2/io/netty/netty-transport-native-epoll/4.1.38.Final/netty-transport-native-epoll-4.1.38.Final-linux-x86_64.jar
Downloading https://repo1.maven.org/maven2/io/netty/netty-buffer/4.1.38.Final/netty-buffer-4.1.38.Final.jar
Downloading https://repo1.maven.org/maven2/io/netty/netty-common/4.1.38.Final/netty-common-4.1.38.Final.jar
Downloading https://repo1.maven.org/maven2/io/netty/netty-codec-http/4.1.38.Final/netty-codec-http-4.1.38.Final.jar
Downloading https://repo1.maven.org/maven2/org/hdrhistogram/HdrHistogram/2.1.11/HdrHistogram-2.1.11.jar
Downloading https://repo1.maven.org/maven2/io/netty/netty-transport-native-unix-common/4.1.38.Final/netty-transport-native-unix-common-4.1.38.Final.jar
Downloaded https://repo1.maven.org/maven2/io/netty/netty-transport-native-unix-common/4.1.38.Final/netty-transport-native-unix-common-4.1.38.Final.jar
Downloading https://repo1.maven.org/maven2/io/netty/netty-handler-proxy/4.1.38.Final/netty-handler-proxy-4.1.38.Final.jar
Downloaded https://repo1.maven.org/maven2/io/netty/netty-buffer/4.1.38.Final/netty-buffer-4.1.38.Final.jar
Downloading https://repo1.maven.org/maven2/io/netty/netty-handler/4.1.38.Final/netty-handler-4.1.38.Final.jar
Downloaded https://repo1.maven.org/maven2/io/netty/netty-transport-native-epoll/4.1.38.Final/netty-transport-native-epoll-4.1.38.Final-linux-x86_64.jar
Downloading https://repo1.maven.org/maven2/io/netty/netty-codec/4.1.38.Final/netty-codec-4.1.38.Final.jar
Downloaded https://repo1.maven.org/maven2/io/netty/netty-handler-proxy/4.1.38.Final/netty-handler-proxy-4.1.38.Final.jar
Downloading https://repo1.maven.org/maven2/io/netty/netty-transport/4.1.38.Final/netty-transport-4.1.38.Final.jar
Downloaded https://repo1.maven.org/maven2/io/netty/netty-codec-http/4.1.38.Final/netty-codec-http-4.1.38.Final.jar
Downloading https://repo1.maven.org/maven2/io/netty/netty-resolver/4.1.38.Final/netty-resolver-4.1.38.Final.jar
Downloaded https://repo1.maven.org/maven2/io/netty/netty-common/4.1.38.Final/netty-common-4.1.38.Final.jar
Downloading https://repo1.maven.org/maven2/io/netty/netty-codec-socks/4.1.38.Final/netty-codec-socks-4.1.38.Final.jar
Downloaded https://repo1.maven.org/maven2/io/netty/netty-resolver/4.1.38.Final/netty-resolver-4.1.38.Final.jar
Downloaded https://repo1.maven.org/maven2/io/netty/netty-codec/4.1.38.Final/netty-codec-4.1.38.Final.jar
Downloaded https://repo1.maven.org/maven2/org/hdrhistogram/HdrHistogram/2.1.11/HdrHistogram-2.1.11.jar
Downloaded https://repo1.maven.org/maven2/io/netty/netty-codec-socks/4.1.38.Final/netty-codec-socks-4.1.38.Final.jar
Downloaded https://repo1.maven.org/maven2/io/netty/netty-handler/4.1.38.Final/netty-handler-4.1.38.Final.jar
Downloaded https://repo1.maven.org/maven2/io/netty/netty-transport/4.1.38.Final/netty-transport-4.1.38.Final.jar
Downloading https://repo1.maven.org/maven2/commons-lang/commons-lang/2.6/commons-lang-2.6.pom.sha1
Downloading https://repo1.maven.org/maven2/com/google/code/gson/gson/2.3.1/gson-2.3.1.pom
Downloading https://repo1.maven.org/maven2/com/google/code/gson/gson/2.3.1/gson-2.3.1.pom.sha1
Downloading https://repo1.maven.org/maven2/commons-lang/commons-lang/2.6/commons-lang-2.6.pom
Downloading https://repo1.maven.org/maven2/org/apache/thrift/libthrift/0.10.0/libthrift-0.10.0.pom
Downloading https://repo1.maven.org/maven2/org/apache/thrift/libthrift/0.10.0/libthrift-0.10.0.pom.sha1
Downloaded https://repo1.maven.org/maven2/com/google/code/gson/gson/2.3.1/gson-2.3.1.pom.sha1
Downloading https://repo1.maven.org/maven2/org/apache/zookeeper/zookeeper/3.5.0-alpha/zookeeper-3.5.0-alpha.pom
Downloaded https://repo1.maven.org/maven2/com/google/code/gson/gson/2.3.1/gson-2.3.1.pom
Downloading https://repo1.maven.org/maven2/org/apache/zookeeper/zookeeper/3.5.0-alpha/zookeeper-3.5.0-alpha.pom.sha1
Downloaded https://repo1.maven.org/maven2/org/apache/thrift/libthrift/0.10.0/libthrift-0.10.0.pom
Downloaded https://repo1.maven.org/maven2/commons-lang/commons-lang/2.6/commons-lang-2.6.pom.sha1
Downloaded https://repo1.maven.org/maven2/commons-lang/commons-lang/2.6/commons-lang-2.6.pom
Downloading https://repo1.maven.org/maven2/com/google/code/gson/gson/2.3.1/
Downloading https://repo1.maven.org/maven2/commons-lang/commons-lang/2.6/
Downloaded https://repo1.maven.org/maven2/org/apache/zookeeper/zookeeper/3.5.0-alpha/zookeeper-3.5.0-alpha.pom
Downloaded https://repo1.maven.org/maven2/org/apache/zookeeper/zookeeper/3.5.0-alpha/zookeeper-3.5.0-alpha.pom.sha1
Downloading https://repo1.maven.org/maven2/org/apache/zookeeper/zookeeper/3.5.0-alpha/
Downloaded https://repo1.maven.org/maven2/commons-lang/commons-lang/2.6/
Downloaded https://repo1.maven.org/maven2/org/apache/zookeeper/zookeeper/3.5.0-alpha/
Downloaded https://repo1.maven.org/maven2/com/google/code/gson/gson/2.3.1/
Downloaded https://repo1.maven.org/maven2/org/apache/thrift/libthrift/0.10.0/libthrift-0.10.0.pom.sha1
Downloading https://repo1.maven.org/maven2/org/apache/thrift/libthrift/0.10.0/
Downloaded https://repo1.maven.org/maven2/org/apache/thrift/libthrift/0.10.0/
Downloading https://repo1.maven.org/maven2/org/apache/commons/commons-parent/17/commons-parent-17.pom
Downloading https://repo1.maven.org/maven2/org/apache/commons/commons-parent/17/commons-parent-17.pom.sha1
Downloaded https://repo1.maven.org/maven2/org/apache/commons/commons-parent/17/commons-parent-17.pom
Downloaded https://repo1.maven.org/maven2/org/apache/commons/commons-parent/17/commons-parent-17.pom.sha1
Downloading https://repo1.maven.org/maven2/org/apache/commons/commons-parent/17/
Downloaded https://repo1.maven.org/maven2/org/apache/commons/commons-parent/17/
Downloading https://repo1.maven.org/maven2/org/apache/apache/7/apache-7.pom
Downloading https://repo1.maven.org/maven2/org/apache/apache/7/apache-7.pom.sha1
Downloaded https://repo1.maven.org/maven2/org/apache/apache/7/apache-7.pom.sha1
Downloaded https://repo1.maven.org/maven2/org/apache/apache/7/apache-7.pom
Downloading https://repo1.maven.org/maven2/org/apache/apache/7/
Downloaded https://repo1.maven.org/maven2/org/apache/apache/7/
Downloading https://repo1.maven.org/maven2/net/java/dev/javacc/javacc/5.0/javacc-5.0.pom
Downloading https://repo1.maven.org/maven2/net/java/dev/javacc/javacc/5.0/javacc-5.0.pom.sha1
Downloading https://repo1.maven.org/maven2/log4j/log4j/1.2.16/log4j-1.2.16.pom
Downloading https://repo1.maven.org/maven2/org/slf4j/slf4j-log4j12/1.7.5/slf4j-log4j12-1.7.5.pom.sha1
Downloading https://repo1.maven.org/maven2/org/slf4j/slf4j-log4j12/1.7.5/slf4j-log4j12-1.7.5.pom
Downloading https://repo1.maven.org/maven2/log4j/log4j/1.2.16/log4j-1.2.16.pom.sha1
Downloaded https://repo1.maven.org/maven2/net/java/dev/javacc/javacc/5.0/javacc-5.0.pom
Downloaded https://repo1.maven.org/maven2/net/java/dev/javacc/javacc/5.0/javacc-5.0.pom.sha1
Downloading https://repo1.maven.org/maven2/io/netty/netty/3.7.0.Final/netty-3.7.0.Final.pom.sha1
Downloading https://repo1.maven.org/maven2/io/netty/netty/3.7.0.Final/netty-3.7.0.Final.pom
Downloaded https://repo1.maven.org/maven2/log4j/log4j/1.2.16/log4j-1.2.16.pom
Downloading https://repo1.maven.org/maven2/org/slf4j/slf4j-api/1.7.5/slf4j-api-1.7.5.pom
Downloaded https://repo1.maven.org/maven2/log4j/log4j/1.2.16/log4j-1.2.16.pom.sha1
Downloading https://repo1.maven.org/maven2/org/slf4j/slf4j-api/1.7.5/slf4j-api-1.7.5.pom.sha1
Downloaded https://repo1.maven.org/maven2/org/slf4j/slf4j-log4j12/1.7.5/slf4j-log4j12-1.7.5.pom.sha1
Downloaded https://repo1.maven.org/maven2/io/netty/netty/3.7.0.Final/netty-3.7.0.Final.pom.sha1
Downloading https://repo1.maven.org/maven2/commons-cli/commons-cli/1.2/commons-cli-1.2.pom.sha1
Downloading https://repo1.maven.org/maven2/commons-cli/commons-cli/1.2/commons-cli-1.2.pom
Downloaded https://repo1.maven.org/maven2/org/slf4j/slf4j-api/1.7.5/slf4j-api-1.7.5.pom
Downloaded https://repo1.maven.org/maven2/io/netty/netty/3.7.0.Final/netty-3.7.0.Final.pom
Downloading https://repo1.maven.org/maven2/net/java/dev/javacc/javacc/5.0/
Downloading https://repo1.maven.org/maven2/io/netty/netty/3.7.0.Final/
Downloaded https://repo1.maven.org/maven2/commons-cli/commons-cli/1.2/commons-cli-1.2.pom.sha1
Downloaded https://repo1.maven.org/maven2/org/slf4j/slf4j-api/1.7.5/slf4j-api-1.7.5.pom.sha1
Downloading https://repo1.maven.org/maven2/log4j/log4j/1.2.16/
Downloading https://repo1.maven.org/maven2/org/slf4j/slf4j-api/1.7.5/
Downloaded https://repo1.maven.org/maven2/commons-cli/commons-cli/1.2/commons-cli-1.2.pom
Downloading https://repo1.maven.org/maven2/commons-cli/commons-cli/1.2/
Downloaded https://repo1.maven.org/maven2/io/netty/netty/3.7.0.Final/
Downloaded https://repo1.maven.org/maven2/org/slf4j/slf4j-log4j12/1.7.5/slf4j-log4j12-1.7.5.pom
Downloaded https://repo1.maven.org/maven2/commons-cli/commons-cli/1.2/
Downloaded https://repo1.maven.org/maven2/org/slf4j/slf4j-api/1.7.5/
Downloaded https://repo1.maven.org/maven2/log4j/log4j/1.2.16/
Downloading https://repo1.maven.org/maven2/org/slf4j/slf4j-log4j12/1.7.5/
Downloaded https://repo1.maven.org/maven2/net/java/dev/javacc/javacc/5.0/
Downloaded https://repo1.maven.org/maven2/org/slf4j/slf4j-log4j12/1.7.5/
Downloading https://repo1.maven.org/maven2/org/apache/commons/commons-parent/11/commons-parent-11.pom
Downloading https://repo1.maven.org/maven2/org/apache/commons/commons-parent/11/commons-parent-11.pom.sha1
Downloading https://repo1.maven.org/maven2/org/sonatype/oss/oss-parent/7/oss-parent-7.pom
Downloading https://repo1.maven.org/maven2/org/sonatype/oss/oss-parent/7/oss-parent-7.pom.sha1
Downloading https://repo1.maven.org/maven2/org/slf4j/slf4j-parent/1.7.5/slf4j-parent-1.7.5.pom
Downloaded https://repo1.maven.org/maven2/org/apache/commons/commons-parent/11/commons-parent-11.pom.sha1
Downloading https://repo1.maven.org/maven2/org/slf4j/slf4j-parent/1.7.5/slf4j-parent-1.7.5.pom.sha1
Downloaded https://repo1.maven.org/maven2/org/sonatype/oss/oss-parent/7/oss-parent-7.pom
Downloaded https://repo1.maven.org/maven2/org/apache/commons/commons-parent/11/commons-parent-11.pom
Downloading https://repo1.maven.org/maven2/org/apache/commons/commons-parent/11/
Downloaded https://repo1.maven.org/maven2/org/slf4j/slf4j-parent/1.7.5/slf4j-parent-1.7.5.pom.sha1
Downloaded https://repo1.maven.org/maven2/org/slf4j/slf4j-parent/1.7.5/slf4j-parent-1.7.5.pom
Downloaded https://repo1.maven.org/maven2/org/sonatype/oss/oss-parent/7/oss-parent-7.pom.sha1
Downloading https://repo1.maven.org/maven2/org/sonatype/oss/oss-parent/7/
Downloading https://repo1.maven.org/maven2/org/slf4j/slf4j-parent/1.7.5/
Downloaded https://repo1.maven.org/maven2/org/apache/commons/commons-parent/11/
Downloaded https://repo1.maven.org/maven2/org/sonatype/oss/oss-parent/7/
Downloaded https://repo1.maven.org/maven2/org/slf4j/slf4j-parent/1.7.5/
Downloading https://repo1.maven.org/maven2/org/apache/apache/4/apache-4.pom
Downloading https://repo1.maven.org/maven2/org/apache/apache/4/apache-4.pom.sha1
Downloaded https://repo1.maven.org/maven2/org/apache/apache/4/apache-4.pom.sha1
Downloaded https://repo1.maven.org/maven2/org/apache/apache/4/apache-4.pom
Downloading https://repo1.maven.org/maven2/org/apache/apache/4/
Downloaded https://repo1.maven.org/maven2/org/apache/apache/4/
Downloading https://repo1.maven.org/maven2/log4j/log4j/1.2.17/log4j-1.2.17.pom
Downloading https://repo1.maven.org/maven2/log4j/log4j/1.2.17/log4j-1.2.17.pom.sha1
Downloaded https://repo1.maven.org/maven2/log4j/log4j/1.2.17/log4j-1.2.17.pom.sha1
Downloaded https://repo1.maven.org/maven2/log4j/log4j/1.2.17/log4j-1.2.17.pom
Downloading https://repo1.maven.org/maven2/log4j/log4j/1.2.17/
Downloaded https://repo1.maven.org/maven2/log4j/log4j/1.2.17/
Downloading https://repo1.maven.org/maven2/commons-lang/commons-lang/2.6/commons-lang-2.6.jar
Downloading https://repo1.maven.org/maven2/org/slf4j/slf4j-api/1.7.5/slf4j-api-1.7.5.jar
Downloading https://repo1.maven.org/maven2/net/java/dev/javacc/javacc/5.0/javacc-5.0.jar
Downloading https://repo1.maven.org/maven2/log4j/log4j/1.2.17/log4j-1.2.17.zip
Downloading https://repo1.maven.org/maven2/log4j/log4j/1.2.17/log4j-1.2.17.jar
Downloading https://repo1.maven.org/maven2/log4j/log4j/1.2.17/log4j-1.2.17.tar.gz
Downloaded https://repo1.maven.org/maven2/org/slf4j/slf4j-api/1.7.5/slf4j-api-1.7.5.jar
Downloading https://repo1.maven.org/maven2/org/apache/thrift/libthrift/0.10.0/libthrift-0.10.0.jar
Downloaded https://repo1.maven.org/maven2/org/apache/thrift/libthrift/0.10.0/libthrift-0.10.0.jar
Downloading https://repo1.maven.org/maven2/org/slf4j/slf4j-log4j12/1.7.5/slf4j-log4j12-1.7.5.jar
Downloaded https://repo1.maven.org/maven2/net/java/dev/javacc/javacc/5.0/javacc-5.0.jar
Downloaded https://repo1.maven.org/maven2/commons-lang/commons-lang/2.6/commons-lang-2.6.jar
Downloading https://repo1.maven.org/maven2/commons-cli/commons-cli/1.2/commons-cli-1.2.jar
Downloading https://repo1.maven.org/maven2/org/apache/zookeeper/zookeeper/3.5.0-alpha/zookeeper-3.5.0-alpha.jar
Downloaded https://repo1.maven.org/maven2/org/slf4j/slf4j-log4j12/1.7.5/slf4j-log4j12-1.7.5.jar
Downloading https://repo1.maven.org/maven2/com/google/code/gson/gson/2.3.1/gson-2.3.1.jar
Downloaded https://repo1.maven.org/maven2/log4j/log4j/1.2.17/log4j-1.2.17.jar
Downloading https://repo1.maven.org/maven2/io/netty/netty/3.7.0.Final/netty-3.7.0.Final.jar
Downloaded https://repo1.maven.org/maven2/commons-cli/commons-cli/1.2/commons-cli-1.2.jar
Downloaded https://repo1.maven.org/maven2/com/google/code/gson/gson/2.3.1/gson-2.3.1.jar
Downloaded https://repo1.maven.org/maven2/org/apache/zookeeper/zookeeper/3.5.0-alpha/zookeeper-3.5.0-alpha.jar
Downloaded https://repo1.maven.org/maven2/io/netty/netty/3.7.0.Final/netty-3.7.0.Final.jar
Downloaded https://repo1.maven.org/maven2/log4j/log4j/1.2.17/log4j-1.2.17.tar.gz
Downloaded https://repo1.maven.org/maven2/log4j/log4j/1.2.17/log4j-1.2.17.zip
Downloading https://repo1.maven.org/maven2/com/netflix/concurrency-limits/concurrency-limits-core/0.3.0/concurrency-limits-core-0.3.0.pom
Downloading https://repo1.maven.org/maven2/com/netflix/concurrency-limits/concurrency-limits-core/0.3.0/concurrency-limits-core-0.3.0.pom.sha1
Downloaded https://repo1.maven.org/maven2/com/netflix/concurrency-limits/concurrency-limits-core/0.3.0/concurrency-limits-core-0.3.0.pom
Downloaded https://repo1.maven.org/maven2/com/netflix/concurrency-limits/concurrency-limits-core/0.3.0/concurrency-limits-core-0.3.0.pom.sha1
Downloading https://repo1.maven.org/maven2/com/netflix/concurrency-limits/concurrency-limits-core/0.3.0/
Downloaded https://repo1.maven.org/maven2/com/netflix/concurrency-limits/concurrency-limits-core/0.3.0/
Downloading https://repo1.maven.org/maven2/org/slf4j/slf4j-api/1.7.26/slf4j-api-1.7.26.pom
Downloading https://repo1.maven.org/maven2/org/slf4j/slf4j-api/1.7.26/slf4j-api-1.7.26.pom.sha1
Downloaded https://repo1.maven.org/maven2/org/slf4j/slf4j-api/1.7.26/slf4j-api-1.7.26.pom.sha1
Downloaded https://repo1.maven.org/maven2/org/slf4j/slf4j-api/1.7.26/slf4j-api-1.7.26.pom
Downloading https://repo1.maven.org/maven2/org/slf4j/slf4j-api/1.7.26/
Downloaded https://repo1.maven.org/maven2/org/slf4j/slf4j-api/1.7.26/
Downloading https://repo1.maven.org/maven2/org/slf4j/slf4j-parent/1.7.26/slf4j-parent-1.7.26.pom
Downloading https://repo1.maven.org/maven2/org/slf4j/slf4j-parent/1.7.26/slf4j-parent-1.7.26.pom.sha1
Downloaded https://repo1.maven.org/maven2/org/slf4j/slf4j-parent/1.7.26/slf4j-parent-1.7.26.pom
Downloaded https://repo1.maven.org/maven2/org/slf4j/slf4j-parent/1.7.26/slf4j-parent-1.7.26.pom.sha1
Downloading https://repo1.maven.org/maven2/org/slf4j/slf4j-parent/1.7.26/
Downloaded https://repo1.maven.org/maven2/org/slf4j/slf4j-parent/1.7.26/
Downloading https://repo1.maven.org/maven2/io/netty/netty-tcnative-boringssl-static/2.0.25.Final/netty-tcnative-boringssl-static-2.0.25.Final.pom.sha1
Downloading https://repo1.maven.org/maven2/io/netty/netty-codec-http2/4.1.38.Final/netty-codec-http2-4.1.38.Final.pom
Downloading https://repo1.maven.org/maven2/io/netty/netty-tcnative-boringssl-static/2.0.25.Final/netty-tcnative-boringssl-static-2.0.25.Final.pom
Downloading https://repo1.maven.org/maven2/io/netty/netty-codec-http2/4.1.38.Final/netty-codec-http2-4.1.38.Final.pom.sha1
Downloaded https://repo1.maven.org/maven2/io/netty/netty-codec-http2/4.1.38.Final/netty-codec-http2-4.1.38.Final.pom
Downloaded https://repo1.maven.org/maven2/io/netty/netty-tcnative-boringssl-static/2.0.25.Final/netty-tcnative-boringssl-static-2.0.25.Final.pom.sha1
Downloaded https://repo1.maven.org/maven2/io/netty/netty-tcnative-boringssl-static/2.0.25.Final/netty-tcnative-boringssl-static-2.0.25.Final.pom
Downloading https://repo1.maven.org/maven2/io/netty/netty-tcnative-boringssl-static/2.0.25.Final/
Downloaded https://repo1.maven.org/maven2/io/netty/netty-codec-http2/4.1.38.Final/netty-codec-http2-4.1.38.Final.pom.sha1
Downloading https://repo1.maven.org/maven2/io/netty/netty-codec-http2/4.1.38.Final/
Downloaded https://repo1.maven.org/maven2/io/netty/netty-tcnative-boringssl-static/2.0.25.Final/
Downloaded https://repo1.maven.org/maven2/io/netty/netty-codec-http2/4.1.38.Final/
Downloading https://repo1.maven.org/maven2/io/netty/netty-tcnative-parent/2.0.25.Final/netty-tcnative-parent-2.0.25.Final.pom
Downloading https://repo1.maven.org/maven2/io/netty/netty-tcnative-parent/2.0.25.Final/netty-tcnative-parent-2.0.25.Final.pom.sha1
Downloaded https://repo1.maven.org/maven2/io/netty/netty-tcnative-parent/2.0.25.Final/netty-tcnative-parent-2.0.25.Final.pom
Downloaded https://repo1.maven.org/maven2/io/netty/netty-tcnative-parent/2.0.25.Final/netty-tcnative-parent-2.0.25.Final.pom.sha1
Downloading https://repo1.maven.org/maven2/io/netty/netty-tcnative-parent/2.0.25.Final/
Downloaded https://repo1.maven.org/maven2/io/netty/netty-tcnative-parent/2.0.25.Final/
Downloading https://repo1.maven.org/maven2/io/netty/netty-parent/4.0.29.Final/netty-parent-4.0.29.Final.pom
Downloading https://repo1.maven.org/maven2/io/netty/netty-parent/4.0.29.Final/netty-parent-4.0.29.Final.pom.sha1
Downloaded https://repo1.maven.org/maven2/io/netty/netty-parent/4.0.29.Final/netty-parent-4.0.29.Final.pom
Downloaded https://repo1.maven.org/maven2/io/netty/netty-parent/4.0.29.Final/netty-parent-4.0.29.Final.pom.sha1
Downloading https://repo1.maven.org/maven2/io/netty/netty-parent/4.0.29.Final/
Downloaded https://repo1.maven.org/maven2/io/netty/netty-parent/4.0.29.Final/
Downloading https://repo1.maven.org/maven2/org/slf4j/slf4j-api/1.7.26/slf4j-api-1.7.26.jar
Downloading https://repo1.maven.org/maven2/com/netflix/concurrency-limits/concurrency-limits-core/0.3.0/concurrency-limits-core-0.3.0.jar
Downloaded https://repo1.maven.org/maven2/com/netflix/concurrency-limits/concurrency-limits-core/0.3.0/concurrency-limits-core-0.3.0.jar
Downloaded https://repo1.maven.org/maven2/org/slf4j/slf4j-api/1.7.26/slf4j-api-1.7.26.jar
Downloading https://repo1.maven.org/maven2/io/netty/netty-tcnative-boringssl-static/2.0.25.Final/netty-tcnative-boringssl-static-2.0.25.Final.jar
Downloading https://repo1.maven.org/maven2/io/netty/netty-codec-http2/4.1.38.Final/netty-codec-http2-4.1.38.Final.jar
Downloaded https://repo1.maven.org/maven2/io/netty/netty-codec-http2/4.1.38.Final/netty-codec-http2-4.1.38.Final.jar
Downloaded https://repo1.maven.org/maven2/io/netty/netty-tcnative-boringssl-static/2.0.25.Final/netty-tcnative-boringssl-static-2.0.25.Final.jar
Downloading https://repo1.maven.org/maven2/io/opencensus/opencensus-impl/0.19.1/opencensus-impl-0.19.1.pom
Downloading https://repo1.maven.org/maven2/io/opencensus/opencensus-impl/0.19.1/opencensus-impl-0.19.1.pom.sha1
Downloading https://repo1.maven.org/maven2/io/opencensus/opencensus-api/0.19.1/opencensus-api-0.19.1.pom
Downloading https://repo1.maven.org/maven2/io/opencensus/opencensus-api/0.19.1/opencensus-api-0.19.1.pom.sha1
Downloaded https://repo1.maven.org/maven2/io/opencensus/opencensus-impl/0.19.1/opencensus-impl-0.19.1.pom.sha1
Downloaded https://repo1.maven.org/maven2/io/opencensus/opencensus-impl/0.19.1/opencensus-impl-0.19.1.pom
Downloaded https://repo1.maven.org/maven2/io/opencensus/opencensus-api/0.19.1/opencensus-api-0.19.1.pom.sha1
Downloading https://repo1.maven.org/maven2/io/opencensus/opencensus-impl/0.19.1/
Downloaded https://repo1.maven.org/maven2/io/opencensus/opencensus-api/0.19.1/opencensus-api-0.19.1.pom
Downloading https://repo1.maven.org/maven2/io/opencensus/opencensus-api/0.19.1/
Downloaded https://repo1.maven.org/maven2/io/opencensus/opencensus-impl/0.19.1/
Downloaded https://repo1.maven.org/maven2/io/opencensus/opencensus-api/0.19.1/
Downloading https://repo1.maven.org/maven2/io/grpc/grpc-context/1.18.0/grpc-context-1.18.0.pom
Downloading https://repo1.maven.org/maven2/io/grpc/grpc-context/1.18.0/grpc-context-1.18.0.pom.sha1
Downloading https://repo1.maven.org/maven2/io/opencensus/opencensus-impl-core/0.19.1/opencensus-impl-core-0.19.1.pom
Downloading https://repo1.maven.org/maven2/io/opencensus/opencensus-impl-core/0.19.1/opencensus-impl-core-0.19.1.pom.sha1
Downloaded https://repo1.maven.org/maven2/io/grpc/grpc-context/1.18.0/grpc-context-1.18.0.pom
Downloaded https://repo1.maven.org/maven2/io/grpc/grpc-context/1.18.0/grpc-context-1.18.0.pom.sha1
Downloading https://repo1.maven.org/maven2/io/grpc/grpc-context/1.18.0/
Downloaded https://repo1.maven.org/maven2/io/opencensus/opencensus-impl-core/0.19.1/opencensus-impl-core-0.19.1.pom
Downloading https://repo1.maven.org/maven2/com/lmax/disruptor/3.4.2/disruptor-3.4.2.pom
Downloaded https://repo1.maven.org/maven2/io/opencensus/opencensus-impl-core/0.19.1/opencensus-impl-core-0.19.1.pom.sha1
Downloading https://repo1.maven.org/maven2/com/lmax/disruptor/3.4.2/disruptor-3.4.2.pom.sha1
Downloading https://repo1.maven.org/maven2/io/opencensus/opencensus-impl-core/0.19.1/
Downloaded https://repo1.maven.org/maven2/io/grpc/grpc-context/1.18.0/
Downloaded https://repo1.maven.org/maven2/com/lmax/disruptor/3.4.2/disruptor-3.4.2.pom
Downloaded https://repo1.maven.org/maven2/io/opencensus/opencensus-impl-core/0.19.1/
Downloaded https://repo1.maven.org/maven2/com/lmax/disruptor/3.4.2/disruptor-3.4.2.pom.sha1
Downloading https://repo1.maven.org/maven2/com/lmax/disruptor/3.4.2/
Downloaded https://repo1.maven.org/maven2/com/lmax/disruptor/3.4.2/
Downloading https://repo1.maven.org/maven2/com/google/guava/guava/25.1-android/guava-25.1-android.pom
Downloading https://repo1.maven.org/maven2/com/google/guava/guava/25.1-android/guava-25.1-android.pom.sha1
Downloaded https://repo1.maven.org/maven2/com/google/guava/guava/25.1-android/guava-25.1-android.pom.sha1
Downloaded https://repo1.maven.org/maven2/com/google/guava/guava/25.1-android/guava-25.1-android.pom
Downloading https://repo1.maven.org/maven2/com/google/guava/guava/25.1-android/
Downloaded https://repo1.maven.org/maven2/com/google/guava/guava/25.1-android/
Downloading https://repo1.maven.org/maven2/com/google/guava/guava-parent/25.1-android/guava-parent-25.1-android.pom
Downloading https://repo1.maven.org/maven2/com/google/guava/guava-parent/25.1-android/guava-parent-25.1-android.pom.sha1
Downloaded https://repo1.maven.org/maven2/com/google/guava/guava-parent/25.1-android/guava-parent-25.1-android.pom.sha1
Downloaded https://repo1.maven.org/maven2/com/google/guava/guava-parent/25.1-android/guava-parent-25.1-android.pom
Downloading https://repo1.maven.org/maven2/com/google/guava/guava-parent/25.1-android/
Downloaded https://repo1.maven.org/maven2/com/google/guava/guava-parent/25.1-android/
Downloading https://repo1.maven.org/maven2/org/checkerframework/checker-compat-qual/2.0.0/checker-compat-qual-2.0.0.pom
Downloading https://repo1.maven.org/maven2/org/checkerframework/checker-compat-qual/2.0.0/checker-compat-qual-2.0.0.pom.sha1
Downloading https://repo1.maven.org/maven2/com/google/errorprone/error_prone_annotations/2.1.3/error_prone_annotations-2.1.3.pom
Downloading https://repo1.maven.org/maven2/com/google/errorprone/error_prone_annotations/2.1.3/error_prone_annotations-2.1.3.pom.sha1
Downloaded https://repo1.maven.org/maven2/org/checkerframework/checker-compat-qual/2.0.0/checker-compat-qual-2.0.0.pom
Downloaded https://repo1.maven.org/maven2/org/checkerframework/checker-compat-qual/2.0.0/checker-compat-qual-2.0.0.pom.sha1
Downloading https://repo1.maven.org/maven2/org/checkerframework/checker-compat-qual/2.0.0/
Downloaded https://repo1.maven.org/maven2/com/google/errorprone/error_prone_annotations/2.1.3/error_prone_annotations-2.1.3.pom
Downloading https://repo1.maven.org/maven2/com/google/j2objc/j2objc-annotations/1.1/j2objc-annotations-1.1.pom
Downloading https://repo1.maven.org/maven2/com/google/j2objc/j2objc-annotations/1.1/j2objc-annotations-1.1.pom.sha1
Downloaded https://repo1.maven.org/maven2/com/google/errorprone/error_prone_annotations/2.1.3/error_prone_annotations-2.1.3.pom.sha1
Downloading https://repo1.maven.org/maven2/com/google/errorprone/error_prone_annotations/2.1.3/
Downloaded https://repo1.maven.org/maven2/org/checkerframework/checker-compat-qual/2.0.0/
Downloaded https://repo1.maven.org/maven2/com/google/j2objc/j2objc-annotations/1.1/j2objc-annotations-1.1.pom
Downloading https://repo1.maven.org/maven2/org/codehaus/mojo/animal-sniffer-annotations/1.14/animal-sniffer-annotations-1.14.pom
Downloaded https://repo1.maven.org/maven2/com/google/errorprone/error_prone_annotations/2.1.3/
Downloading https://repo1.maven.org/maven2/org/codehaus/mojo/animal-sniffer-annotations/1.14/animal-sniffer-annotations-1.14.pom.sha1
Downloaded https://repo1.maven.org/maven2/com/google/j2objc/j2objc-annotations/1.1/j2objc-annotations-1.1.pom.sha1
Downloading https://repo1.maven.org/maven2/com/google/code/findbugs/jsr305/3.0.2/jsr305-3.0.2.pom.sha1
Downloading https://repo1.maven.org/maven2/com/google/code/findbugs/jsr305/3.0.2/jsr305-3.0.2.pom
Downloading https://repo1.maven.org/maven2/com/google/j2objc/j2objc-annotations/1.1/
Downloaded https://repo1.maven.org/maven2/org/codehaus/mojo/animal-sniffer-annotations/1.14/animal-sniffer-annotations-1.14.pom.sha1
Downloaded https://repo1.maven.org/maven2/org/codehaus/mojo/animal-sniffer-annotations/1.14/animal-sniffer-annotations-1.14.pom
Downloading https://repo1.maven.org/maven2/org/codehaus/mojo/animal-sniffer-annotations/1.14/
Downloaded https://repo1.maven.org/maven2/com/google/code/findbugs/jsr305/3.0.2/jsr305-3.0.2.pom.sha1
Downloaded https://repo1.maven.org/maven2/org/codehaus/mojo/animal-sniffer-annotations/1.14/
Downloaded https://repo1.maven.org/maven2/com/google/j2objc/j2objc-annotations/1.1/
Downloaded https://repo1.maven.org/maven2/com/google/code/findbugs/jsr305/3.0.2/jsr305-3.0.2.pom
Downloading https://repo1.maven.org/maven2/com/google/code/findbugs/jsr305/3.0.2/
Downloaded https://repo1.maven.org/maven2/com/google/code/findbugs/jsr305/3.0.2/
Downloading https://repo1.maven.org/maven2/com/google/errorprone/error_prone_parent/2.1.3/error_prone_parent-2.1.3.pom
Downloading https://repo1.maven.org/maven2/com/google/errorprone/error_prone_parent/2.1.3/error_prone_parent-2.1.3.pom.sha1
Downloading https://repo1.maven.org/maven2/org/codehaus/mojo/animal-sniffer-parent/1.14/animal-sniffer-parent-1.14.pom
Downloading https://repo1.maven.org/maven2/org/codehaus/mojo/animal-sniffer-parent/1.14/animal-sniffer-parent-1.14.pom.sha1
Downloaded https://repo1.maven.org/maven2/com/google/errorprone/error_prone_parent/2.1.3/error_prone_parent-2.1.3.pom
Downloaded https://repo1.maven.org/maven2/org/codehaus/mojo/animal-sniffer-parent/1.14/animal-sniffer-parent-1.14.pom
Downloaded https://repo1.maven.org/maven2/com/google/errorprone/error_prone_parent/2.1.3/error_prone_parent-2.1.3.pom.sha1
Downloaded https://repo1.maven.org/maven2/org/codehaus/mojo/animal-sniffer-parent/1.14/animal-sniffer-parent-1.14.pom.sha1
Downloading https://repo1.maven.org/maven2/com/google/errorprone/error_prone_parent/2.1.3/
Downloading https://repo1.maven.org/maven2/org/codehaus/mojo/animal-sniffer-parent/1.14/
Downloaded https://repo1.maven.org/maven2/org/codehaus/mojo/animal-sniffer-parent/1.14/
Downloaded https://repo1.maven.org/maven2/com/google/errorprone/error_prone_parent/2.1.3/
Downloading https://repo1.maven.org/maven2/org/codehaus/mojo/mojo-parent/34/mojo-parent-34.pom
Downloading https://repo1.maven.org/maven2/org/codehaus/mojo/mojo-parent/34/mojo-parent-34.pom.sha1
Downloaded https://repo1.maven.org/maven2/org/codehaus/mojo/mojo-parent/34/mojo-parent-34.pom
Downloaded https://repo1.maven.org/maven2/org/codehaus/mojo/mojo-parent/34/mojo-parent-34.pom.sha1
Downloading https://repo1.maven.org/maven2/org/codehaus/mojo/mojo-parent/34/
Downloaded https://repo1.maven.org/maven2/org/codehaus/mojo/mojo-parent/34/
Downloading https://repo1.maven.org/maven2/org/codehaus/codehaus-parent/4/codehaus-parent-4.pom
Downloading https://repo1.maven.org/maven2/org/codehaus/codehaus-parent/4/codehaus-parent-4.pom.sha1
Downloaded https://repo1.maven.org/maven2/org/codehaus/codehaus-parent/4/codehaus-parent-4.pom.sha1
Downloaded https://repo1.maven.org/maven2/org/codehaus/codehaus-parent/4/codehaus-parent-4.pom
Downloading https://repo1.maven.org/maven2/org/codehaus/codehaus-parent/4/
Downloaded https://repo1.maven.org/maven2/org/codehaus/codehaus-parent/4/
Downloading https://repo1.maven.org/maven2/io/opencensus/opencensus-impl-core/0.19.1/opencensus-impl-core-0.19.1.jar
Downloading https://repo1.maven.org/maven2/com/google/j2objc/j2objc-annotations/1.1/j2objc-annotations-1.1.jar
Downloading https://repo1.maven.org/maven2/com/google/errorprone/error_prone_annotations/2.1.3/error_prone_annotations-2.1.3.jar
Downloading https://repo1.maven.org/maven2/com/google/guava/guava/25.1-android/guava-25.1-android.jar
Downloading https://repo1.maven.org/maven2/io/opencensus/opencensus-impl/0.19.1/opencensus-impl-0.19.1.jar
Downloading https://repo1.maven.org/maven2/io/opencensus/opencensus-api/0.19.1/opencensus-api-0.19.1.jar
Downloaded https://repo1.maven.org/maven2/com/google/errorprone/error_prone_annotations/2.1.3/error_prone_annotations-2.1.3.jar
Downloading https://repo1.maven.org/maven2/io/grpc/grpc-context/1.18.0/grpc-context-1.18.0.jar
Downloaded https://repo1.maven.org/maven2/com/google/j2objc/j2objc-annotations/1.1/j2objc-annotations-1.1.jar
Downloading https://repo1.maven.org/maven2/org/codehaus/mojo/animal-sniffer-annotations/1.14/animal-sniffer-annotations-1.14.jar
Downloaded https://repo1.maven.org/maven2/io/grpc/grpc-context/1.18.0/grpc-context-1.18.0.jar
Downloading https://repo1.maven.org/maven2/com/google/code/findbugs/jsr305/3.0.2/jsr305-3.0.2.jar
Downloaded https://repo1.maven.org/maven2/org/codehaus/mojo/animal-sniffer-annotations/1.14/animal-sniffer-annotations-1.14.jar
Downloading https://repo1.maven.org/maven2/com/lmax/disruptor/3.4.2/disruptor-3.4.2.jar
Downloaded https://repo1.maven.org/maven2/com/google/code/findbugs/jsr305/3.0.2/jsr305-3.0.2.jar
Downloading https://repo1.maven.org/maven2/org/checkerframework/checker-compat-qual/2.0.0/checker-compat-qual-2.0.0.jar
Downloaded https://repo1.maven.org/maven2/io/opencensus/opencensus-impl-core/0.19.1/opencensus-impl-core-0.19.1.jar
Downloaded https://repo1.maven.org/maven2/io/opencensus/opencensus-impl/0.19.1/opencensus-impl-0.19.1.jar
Downloaded https://repo1.maven.org/maven2/org/checkerframework/checker-compat-qual/2.0.0/checker-compat-qual-2.0.0.jar
Downloaded https://repo1.maven.org/maven2/com/lmax/disruptor/3.4.2/disruptor-3.4.2.jar
Downloaded https://repo1.maven.org/maven2/com/google/guava/guava/25.1-android/guava-25.1-android.jar
Downloaded https://repo1.maven.org/maven2/io/opencensus/opencensus-api/0.19.1/opencensus-api-0.19.1.jar
Downloading https://repo1.maven.org/maven2/com/twitter/bijection-core_2.11/0.9.4/bijection-core_2.11-0.9.4.pom
Downloading https://repo1.maven.org/maven2/com/twitter/bijection-core_2.11/0.9.4/bijection-core_2.11-0.9.4.pom.sha1
Downloaded https://repo1.maven.org/maven2/com/twitter/bijection-core_2.11/0.9.4/bijection-core_2.11-0.9.4.pom.sha1
Downloaded https://repo1.maven.org/maven2/com/twitter/bijection-core_2.11/0.9.4/bijection-core_2.11-0.9.4.pom
Downloading https://repo1.maven.org/maven2/com/twitter/bijection-core_2.11/0.9.4/
Downloaded https://repo1.maven.org/maven2/com/twitter/bijection-core_2.11/0.9.4/
Downloading https://repo1.maven.org/maven2/org/slf4j/slf4j-api/1.7.12/slf4j-api-1.7.12.pom
Downloading https://repo1.maven.org/maven2/org/slf4j/slf4j-api/1.7.12/slf4j-api-1.7.12.pom.sha1
Downloaded https://repo1.maven.org/maven2/org/slf4j/slf4j-api/1.7.12/slf4j-api-1.7.12.pom
Downloading https://repo1.maven.org/maven2/org/apache/httpcomponents/httpclient/4.4.1/httpclient-4.4.1.pom
Downloading https://repo1.maven.org/maven2/org/apache/httpcomponents/httpclient/4.4.1/httpclient-4.4.1.pom.sha1
Downloading https://repo1.maven.org/maven2/org/apache/httpcomponents/httpcore/4.4.1/httpcore-4.4.1.pom
Downloading https://repo1.maven.org/maven2/org/apache/httpcomponents/httpcore/4.4.1/httpcore-4.4.1.pom.sha1
Downloaded https://repo1.maven.org/maven2/org/slf4j/slf4j-api/1.7.12/slf4j-api-1.7.12.pom.sha1
Downloading https://repo1.maven.org/maven2/org/slf4j/slf4j-api/1.7.12/
Downloaded https://repo1.maven.org/maven2/org/apache/httpcomponents/httpclient/4.4.1/httpclient-4.4.1.pom
Downloaded https://repo1.maven.org/maven2/org/apache/httpcomponents/httpcore/4.4.1/httpcore-4.4.1.pom.sha1
Downloaded https://repo1.maven.org/maven2/org/slf4j/slf4j-api/1.7.12/
Downloaded https://repo1.maven.org/maven2/org/apache/httpcomponents/httpcore/4.4.1/httpcore-4.4.1.pom
Downloading https://repo1.maven.org/maven2/org/apache/httpcomponents/httpcore/4.4.1/
Downloaded https://repo1.maven.org/maven2/org/apache/httpcomponents/httpclient/4.4.1/httpclient-4.4.1.pom.sha1
Downloading https://repo1.maven.org/maven2/org/apache/httpcomponents/httpclient/4.4.1/
Downloaded https://repo1.maven.org/maven2/org/apache/httpcomponents/httpcore/4.4.1/
Downloaded https://repo1.maven.org/maven2/org/apache/httpcomponents/httpclient/4.4.1/
Downloading https://repo1.maven.org/maven2/org/apache/httpcomponents/httpcomponents-client/4.4.1/httpcomponents-client-4.4.1.pom
Downloading https://repo1.maven.org/maven2/org/apache/httpcomponents/httpcomponents-client/4.4.1/httpcomponents-client-4.4.1.pom.sha1
Downloading https://repo1.maven.org/maven2/org/slf4j/slf4j-parent/1.7.12/slf4j-parent-1.7.12.pom
Downloading https://repo1.maven.org/maven2/org/apache/httpcomponents/httpcomponents-core/4.4.1/httpcomponents-core-4.4.1.pom
Downloading https://repo1.maven.org/maven2/org/slf4j/slf4j-parent/1.7.12/slf4j-parent-1.7.12.pom.sha1
Downloading https://repo1.maven.org/maven2/org/apache/httpcomponents/httpcomponents-core/4.4.1/httpcomponents-core-4.4.1.pom.sha1
Downloaded https://repo1.maven.org/maven2/org/apache/httpcomponents/httpcomponents-client/4.4.1/httpcomponents-client-4.4.1.pom.sha1
Downloaded https://repo1.maven.org/maven2/org/slf4j/slf4j-parent/1.7.12/slf4j-parent-1.7.12.pom
Downloaded https://repo1.maven.org/maven2/org/apache/httpcomponents/httpcomponents-core/4.4.1/httpcomponents-core-4.4.1.pom
Downloaded https://repo1.maven.org/maven2/org/slf4j/slf4j-parent/1.7.12/slf4j-parent-1.7.12.pom.sha1
Downloaded https://repo1.maven.org/maven2/org/apache/httpcomponents/httpcomponents-client/4.4.1/httpcomponents-client-4.4.1.pom
Downloading https://repo1.maven.org/maven2/org/slf4j/slf4j-parent/1.7.12/
Downloading https://repo1.maven.org/maven2/org/apache/httpcomponents/httpcomponents-client/4.4.1/
Downloaded https://repo1.maven.org/maven2/org/apache/httpcomponents/httpcomponents-client/4.4.1/
Downloaded https://repo1.maven.org/maven2/org/apache/httpcomponents/httpcomponents-core/4.4.1/httpcomponents-core-4.4.1.pom.sha1
Downloading https://repo1.maven.org/maven2/org/apache/httpcomponents/httpcomponents-core/4.4.1/
Downloaded https://repo1.maven.org/maven2/org/slf4j/slf4j-parent/1.7.12/
Downloaded https://repo1.maven.org/maven2/org/apache/httpcomponents/httpcomponents-core/4.4.1/
Downloading https://repo1.maven.org/maven2/org/apache/httpcomponents/project/7/project-7.pom
Downloading https://repo1.maven.org/maven2/org/apache/httpcomponents/project/7/project-7.pom.sha1
Downloaded https://repo1.maven.org/maven2/org/apache/httpcomponents/project/7/project-7.pom.sha1
Downloaded https://repo1.maven.org/maven2/org/apache/httpcomponents/project/7/project-7.pom
Downloading https://repo1.maven.org/maven2/org/apache/httpcomponents/project/7/
Downloaded https://repo1.maven.org/maven2/org/apache/httpcomponents/project/7/
Downloading https://repo1.maven.org/maven2/org/apache/apache/13/apache-13.pom
Downloading https://repo1.maven.org/maven2/org/apache/apache/13/apache-13.pom.sha1
Downloaded https://repo1.maven.org/maven2/org/apache/apache/13/apache-13.pom
Downloaded https://repo1.maven.org/maven2/org/apache/apache/13/apache-13.pom.sha1
Downloading https://repo1.maven.org/maven2/org/apache/apache/13/
Downloaded https://repo1.maven.org/maven2/org/apache/apache/13/
Downloading https://repo1.maven.org/maven2/commons-logging/commons-logging/1.2/commons-logging-1.2.pom
Downloading https://repo1.maven.org/maven2/commons-codec/commons-codec/1.9/commons-codec-1.9.pom
Downloading https://repo1.maven.org/maven2/commons-codec/commons-codec/1.9/commons-codec-1.9.pom.sha1
Downloading https://repo1.maven.org/maven2/commons-logging/commons-logging/1.2/commons-logging-1.2.pom.sha1
Downloaded https://repo1.maven.org/maven2/commons-codec/commons-codec/1.9/commons-codec-1.9.pom.sha1
Downloaded https://repo1.maven.org/maven2/commons-logging/commons-logging/1.2/commons-logging-1.2.pom.sha1
Downloaded https://repo1.maven.org/maven2/commons-codec/commons-codec/1.9/commons-codec-1.9.pom
Downloading https://repo1.maven.org/maven2/commons-codec/commons-codec/1.9/
Downloaded https://repo1.maven.org/maven2/commons-logging/commons-logging/1.2/commons-logging-1.2.pom
Downloading https://repo1.maven.org/maven2/commons-logging/commons-logging/1.2/
Downloaded https://repo1.maven.org/maven2/commons-logging/commons-logging/1.2/
Downloaded https://repo1.maven.org/maven2/commons-codec/commons-codec/1.9/
Downloading https://repo1.maven.org/maven2/org/apache/commons/commons-parent/34/commons-parent-34.pom
Downloading https://repo1.maven.org/maven2/org/apache/commons/commons-parent/34/commons-parent-34.pom.sha1
Downloaded https://repo1.maven.org/maven2/org/apache/commons/commons-parent/34/commons-parent-34.pom.sha1
Downloaded https://repo1.maven.org/maven2/org/apache/commons/commons-parent/34/commons-parent-34.pom
Downloading https://repo1.maven.org/maven2/org/apache/commons/commons-parent/34/
Downloaded https://repo1.maven.org/maven2/org/apache/commons/commons-parent/34/
Downloading https://repo1.maven.org/maven2/org/apache/commons/commons-parent/32/commons-parent-32.pom
Downloading https://repo1.maven.org/maven2/org/apache/commons/commons-parent/32/commons-parent-32.pom.sha1
Downloaded https://repo1.maven.org/maven2/org/apache/commons/commons-parent/32/commons-parent-32.pom.sha1
Downloaded https://repo1.maven.org/maven2/org/apache/commons/commons-parent/32/commons-parent-32.pom
Downloading https://repo1.maven.org/maven2/org/apache/commons/commons-parent/32/
Downloaded https://repo1.maven.org/maven2/org/apache/commons/commons-parent/32/
Downloading https://repo1.maven.org/maven2/commons-codec/commons-codec/1.9/commons-codec-1.9.jar
Downloading https://repo1.maven.org/maven2/com/twitter/bijection-core_2.11/0.9.4/bijection-core_2.11-0.9.4.jar
Downloading https://repo1.maven.org/maven2/commons-logging/commons-logging/1.2/commons-logging-1.2.jar
Downloading https://repo1.maven.org/maven2/org/apache/httpcomponents/httpcore/4.4.1/httpcore-4.4.1.jar
Downloading https://repo1.maven.org/maven2/org/apache/httpcomponents/httpclient/4.4.1/httpclient-4.4.1.jar
Downloading https://repo1.maven.org/maven2/org/slf4j/slf4j-api/1.7.12/slf4j-api-1.7.12.jar
Downloaded https://repo1.maven.org/maven2/commons-logging/commons-logging/1.2/commons-logging-1.2.jar
Downloaded https://repo1.maven.org/maven2/org/apache/httpcomponents/httpcore/4.4.1/httpcore-4.4.1.jar
Downloaded https://repo1.maven.org/maven2/commons-codec/commons-codec/1.9/commons-codec-1.9.jar
Downloaded https://repo1.maven.org/maven2/org/apache/httpcomponents/httpclient/4.4.1/httpclient-4.4.1.jar
Downloaded https://repo1.maven.org/maven2/org/slf4j/slf4j-api/1.7.12/slf4j-api-1.7.12.jar
Downloaded https://repo1.maven.org/maven2/com/twitter/bijection-core_2.11/0.9.4/bijection-core_2.11-0.9.4.jar
[success] Total time: 21 s, completed Aug 1, 2019 11:21:37 PM
[success] Total time: 1 s, completed Aug 1, 2019 11:21:38 PM
travis_time:end:097087ac:start=1564701632508488203,finish=1564701698584090915,duration=66075602712[0Ktravis_fold:end:before_script.3[0Ktravis_fold:start:before_script.4[0Ktravis_time:start:25afd756[0K$ ./sbt ++$TRAVIS_SCALA_VERSION finagle-memcached/test:compile
[info] Loading settings from build.sbt,unidoc.sbt,plugins.sbt ...
[info] Loading project definition from /home/travis/build/twitter/finagle/project
[info] Loading settings from build.sbt ...
[info] Resolving key references (17383 settings) ...
[info] Using Netty SNAPSHOT build mode: false
[info] Netty version: 4.1.38.Final
[info] Netty tcnative version 2.0.25.Final
[info] Set current project to finagle (in build file:/home/travis/build/twitter/finagle/)
[info] Setting Scala version to 2.11.12 on 30 projects.
[info] Reapplying settings...
[info] Using Netty SNAPSHOT build mode: false
[info] Netty version: 4.1.38.Final
[info] Netty tcnative version 2.0.25.Final
[info] Set current project to finagle (in build file:/home/travis/build/twitter/finagle/)
[info] Generating scrooge thrift for /home/travis/build/twitter/finagle/finagle-serversets/src/main/thrift/com/twitter/thrift/endpoint.thrift ...
[info] Compiling 1 Scala source to /home/travis/build/twitter/finagle/finagle-init/target/scala-2.11/classes ...
[info] Compiling 10 Scala sources to /home/travis/build/twitter/finagle/finagle-toggle/target/scala-2.11/classes ...
[info] Done compiling.
[info] Done compiling.
[info] Compiling 1 Scala source to /home/travis/build/twitter/finagle/finagle-tunable/target/scala-2.11/classes ...
[info] Compiling 302 Scala sources and 12 Java sources to /home/travis/build/twitter/finagle/finagle-core/target/scala-2.11/classes ...
[info] Done compiling.
[warn] there were three deprecation warnings; re-run with -deprecation for details
[warn] one warning found
[info] Done compiling.
[info] Compiling 38 Scala sources and 17 Java sources to /home/travis/build/twitter/finagle/finagle-serversets/target/scala-2.11/classes ...
[info] Compiling 63 Scala sources to /home/travis/build/twitter/finagle/finagle-netty4/target/scala-2.11/classes ...
[warn] there were 7 deprecation warnings; re-run with -deprecation for details
[warn] one warning found
[info] Done compiling.
[info] Compiling 59 Scala sources to /home/travis/build/twitter/finagle/finagle-base-http/target/scala-2.11/classes ...
[warn] there were three deprecation warnings; re-run with -deprecation for details
[warn] one warning found
[info] /home/travis/build/twitter/finagle/finagle-serversets/src/main/java/com/twitter/finagle/common/zookeeper/ServerSetImpl.java: /home/travis/build/twitter/finagle/finagle-serversets/src/main/java/com/twitter/finagle/common/zookeeper/ServerSetImpl.java uses or overrides a deprecated API.
[info] /home/travis/build/twitter/finagle/finagle-serversets/src/main/java/com/twitter/finagle/common/zookeeper/ServerSetImpl.java: Recompile with -Xlint:deprecation for details.
[info] Done compiling.
[info] Compiling 193 Scala sources and 35 Java sources to /home/travis/build/twitter/finagle/finagle-core/target/scala-2.11/test-classes ...
[warn] there were two deprecation warnings; re-run with -deprecation for details
[warn] one warning found
[info] Done compiling.
[info] Compiling 17 Scala sources to /home/travis/build/twitter/finagle/finagle-netty4-http/target/scala-2.11/classes ...
[info] Done compiling.
[info] Compiling 51 Scala sources to /home/travis/build/twitter/finagle/finagle-http2/target/scala-2.11/classes ...
[warn] there were 10 deprecation warnings; re-run with -deprecation for details
[warn] one warning found
[info] Done compiling.
[info] Compiling 27 Scala sources to /home/travis/build/twitter/finagle/finagle-http/target/scala-2.11/classes ...
[warn] there were four deprecation warnings; re-run with -deprecation for details
[warn] one warning found
[info] Done compiling.
[info] Compiling 19 Scala sources to /home/travis/build/twitter/finagle/finagle-stats-core/target/scala-2.11/classes ...
[info] Done compiling.
[info] Compiling 1 Scala source to /home/travis/build/twitter/finagle/finagle-stats/target/scala-2.11/classes ...
[info] Done compiling.
[info] Compiling 45 Scala sources and 3 Java sources to /home/travis/build/twitter/finagle/finagle-memcached/target/scala-2.11/classes ...
[warn] there were four deprecation warnings; re-run with -deprecation for details
[warn] one warning found
[info] Done compiling.
[warn] there were 16 deprecation warnings; re-run with -deprecation for details
[warn] one warning found
[info] Done compiling.
[info] Compiling 36 Scala sources and 3 Java sources to /home/travis/build/twitter/finagle/finagle-memcached/target/scala-2.11/test-classes ...
[warn] there was one deprecation warning; re-run with -deprecation for details
[warn] one warning found
[info] Done compiling.
[success] Total time: 164 s, completed Aug 1, 2019 11:24:45 PM
travis_time:end:25afd756:start=1564701698590181170,finish=1564701885344197160,duration=186754015990[0Ktravis_fold:end:before_script.4[0Ktravis_time:start:042525ba[0K$ if [[ ! -z "${USE_NETTY_SNAPSHOT}" ]]; then source ./netty-snapshot-env.sh $USE_NETTY_SNAPSHOT; fi
travis_time:end:042525ba:start=1564701885350123976,finish=1564701885354406039,duration=4282063[0K[32;1mThe command "if [[ ! -z "${USE_NETTY_SNAPSHOT}" ]]; then source ./netty-snapshot-env.sh $USE_NETTY_SNAPSHOT; fi" exited with 0.[0m

travis_time:start:2df6b0c1[0K$ travis_retry ./sbt ++$TRAVIS_SCALA_VERSION coverage "$PROJECT/test" coverageReport
[info] Loading settings from build.sbt,unidoc.sbt,plugins.sbt ...
[info] Loading project definition from /home/travis/build/twitter/finagle/project
[info] Loading settings from build.sbt ...
[info] Resolving key references (17383 settings) ...
[info] Using Netty SNAPSHOT build mode: false
[info] Netty version: 4.1.38.Final
[info] Netty tcnative version 2.0.25.Final
[info] Set current project to finagle (in build file:/home/travis/build/twitter/finagle/)
[info] Setting Scala version to 2.11.12 on 30 projects.
[info] Reapplying settings...
[info] Using Netty SNAPSHOT build mode: false
[info] Netty version: 4.1.38.Final
[info] Netty tcnative version 2.0.25.Final
[info] Set current project to finagle (in build file:/home/travis/build/twitter/finagle/)
[info] Defining ThisBuild / coverageEnabled
[info] The new value will be used by Compile / compile / scalacOptions, finagle-base-http / Compile / compile / scalacOptions and 57 others.
[info] 	Run `last` for details.
[info] Reapplying settings...
[info] Using Netty SNAPSHOT build mode: false
[info] Netty version: 4.1.38.Final
[info] Netty tcnative version 2.0.25.Final
[info] Set current project to finagle (in build file:/home/travis/build/twitter/finagle/)
Downloading https://repo1.maven.org/maven2/org/scoverage/scalac-scoverage-runtime_2.11/1.3.1/scalac-scoverage-runtime_2.11-1.3.1.pom.sha1
Downloading https://repo1.maven.org/maven2/org/scoverage/scalac-scoverage-runtime_2.11/1.3.1/scalac-scoverage-runtime_2.11-1.3.1.pom
Downloaded https://repo1.maven.org/maven2/org/scoverage/scalac-scoverage-runtime_2.11/1.3.1/scalac-scoverage-runtime_2.11-1.3.1.pom
Downloaded https://repo1.maven.org/maven2/org/scoverage/scalac-scoverage-runtime_2.11/1.3.1/scalac-scoverage-runtime_2.11-1.3.1.pom.sha1
Downloading https://repo1.maven.org/maven2/org/scoverage/scalac-scoverage-runtime_2.11/1.3.1/
Downloaded https://repo1.maven.org/maven2/org/scoverage/scalac-scoverage-runtime_2.11/1.3.1/
Downloading https://repo1.maven.org/maven2/org/scoverage/scalac-scoverage-plugin_2.11/1.3.1/scalac-scoverage-plugin_2.11-1.3.1.pom
Downloading https://repo1.maven.org/maven2/org/scoverage/scalac-scoverage-plugin_2.11/1.3.1/scalac-scoverage-plugin_2.11-1.3.1.pom.sha1
Downloaded https://repo1.maven.org/maven2/org/scoverage/scalac-scoverage-plugin_2.11/1.3.1/scalac-scoverage-plugin_2.11-1.3.1.pom.sha1
Downloaded https://repo1.maven.org/maven2/org/scoverage/scalac-scoverage-plugin_2.11/1.3.1/scalac-scoverage-plugin_2.11-1.3.1.pom
Downloading https://repo1.maven.org/maven2/org/scoverage/scalac-scoverage-plugin_2.11/1.3.1/
Downloaded https://repo1.maven.org/maven2/org/scoverage/scalac-scoverage-plugin_2.11/1.3.1/
Downloading https://repo1.maven.org/maven2/org/scala-lang/scala-library/2.11.11/scala-library-2.11.11.pom
Downloading https://repo1.maven.org/maven2/org/scala-lang/scala-library/2.11.11/scala-library-2.11.11.pom.sha1
Downloaded https://repo1.maven.org/maven2/org/scala-lang/scala-library/2.11.11/scala-library-2.11.11.pom.sha1
Downloaded https://repo1.maven.org/maven2/org/scala-lang/scala-library/2.11.11/scala-library-2.11.11.pom
Downloading https://repo1.maven.org/maven2/org/scala-lang/scala-library/2.11.11/
Downloaded https://repo1.maven.org/maven2/org/scala-lang/scala-library/2.11.11/
Downloading https://repo1.maven.org/maven2/org/scala-lang/scala-library/2.11.11/scala-library-2.11.11.jar
Downloading https://repo1.maven.org/maven2/org/scoverage/scalac-scoverage-runtime_2.11/1.3.1/scalac-scoverage-runtime_2.11-1.3.1.jar
Downloading https://repo1.maven.org/maven2/org/scoverage/scalac-scoverage-plugin_2.11/1.3.1/scalac-scoverage-plugin_2.11-1.3.1.jar
Downloaded https://repo1.maven.org/maven2/org/scoverage/scalac-scoverage-runtime_2.11/1.3.1/scalac-scoverage-runtime_2.11-1.3.1.jar
Downloaded https://repo1.maven.org/maven2/org/scoverage/scalac-scoverage-plugin_2.11/1.3.1/scalac-scoverage-plugin_2.11-1.3.1.jar
Downloaded https://repo1.maven.org/maven2/org/scala-lang/scala-library/2.11.11/scala-library-2.11.11.jar
[info] Generating scrooge thrift for /home/travis/build/twitter/finagle/finagle-thrift/src/main/thrift/tracing.thrift ...
[info] Compiling 1 Scala source to /home/travis/build/twitter/finagle/finagle-init/target/scala-2.11/classes ...
[info] Compiling 10 Scala sources to /home/travis/build/twitter/finagle/finagle-toggle/target/scala-2.11/classes ...
[info] [info] Cleaning datadir [/home/travis/build/twitter/finagle/finagle-init/target/scala-2.11/scoverage-data]
[info] [info] Beginning coverage instrumentation
[info] [info] Instrumentation completed [0 statements]
[info] [info] Wrote instrumentation file [/home/travis/build/twitter/finagle/finagle-init/target/scala-2.11/scoverage-data/scoverage.coverage.xml]
[info] [info] Will write measurement data to [/home/travis/build/twitter/finagle/finagle-init/target/scala-2.11/scoverage-data]
[info] Done compiling.
[info] [info] Cleaning datadir [/home/travis/build/twitter/finagle/finagle-toggle/target/scala-2.11/scoverage-data]
[info] [info] Beginning coverage instrumentation
[info] [info] Instrumentation completed [596 statements]
[info] [info] Wrote instrumentation file [/home/travis/build/twitter/finagle/finagle-toggle/target/scala-2.11/scoverage-data/scoverage.coverage.xml]
[info] [info] Will write measurement data to [/home/travis/build/twitter/finagle/finagle-toggle/target/scala-2.11/scoverage-data]
[info] Done compiling.
[info] Compiling 302 Scala sources and 12 Java sources to /home/travis/build/twitter/finagle/finagle-core/target/scala-2.11/classes ...
[info] [info] Cleaning datadir [/home/travis/build/twitter/finagle/finagle-core/target/scala-2.11/scoverage-data]
[info] [info] Beginning coverage instrumentation
[info] [info] Instrumentation completed [14009 statements]
[info] [info] Wrote instrumentation file [/home/travis/build/twitter/finagle/finagle-core/target/scala-2.11/scoverage-data/scoverage.coverage.xml]
[info] [info] Will write measurement data to [/home/travis/build/twitter/finagle/finagle-core/target/scala-2.11/scoverage-data]
[warn] there were three deprecation warnings; re-run with -deprecation for details
[warn] one warning found
[info] Done compiling.
[info] Compiling 63 Scala sources to /home/travis/build/twitter/finagle/finagle-netty4/target/scala-2.11/classes ...
[info] [info] Cleaning datadir [/home/travis/build/twitter/finagle/finagle-netty4/target/scala-2.11/scoverage-data]
[info] [info] Beginning coverage instrumentation
[info] [info] Instrumentation completed [2581 statements]
[info] [info] Wrote instrumentation file [/home/travis/build/twitter/finagle/finagle-netty4/target/scala-2.11/scoverage-data/scoverage.coverage.xml]
[info] [info] Will write measurement data to [/home/travis/build/twitter/finagle/finagle-netty4/target/scala-2.11/scoverage-data]
[warn] there were 7 deprecation warnings; re-run with -deprecation for details
[warn] one warning found
[info] Done compiling.
[info] Compiling 64 Scala sources and 15 Java sources to /home/travis/build/twitter/finagle/finagle-thrift/target/scala-2.11/classes ...
[info] [info] Cleaning datadir [/home/travis/build/twitter/finagle/finagle-thrift/target/scala-2.11/scoverage-data]
[info] [info] Beginning coverage instrumentation
[info] [info] Instrumentation completed [6019 statements]
[info] [info] Wrote instrumentation file [/home/travis/build/twitter/finagle/finagle-thrift/target/scala-2.11/scoverage-data/scoverage.coverage.xml]
[info] [info] Will write measurement data to [/home/travis/build/twitter/finagle/finagle-thrift/target/scala-2.11/scoverage-data]
[warn] there were four deprecation warnings; re-run with -deprecation for details
[warn] one warning found
[info] Done compiling.
[info] Compiling 5 Scala sources to /home/travis/build/twitter/finagle/finagle-exp/target/scala-2.11/classes ...
[info] [info] Cleaning datadir [/home/travis/build/twitter/finagle/finagle-exp/target/scala-2.11/scoverage-data]
[info] [info] Beginning coverage instrumentation
[info] [info] Instrumentation completed [146 statements]
[info] [info] Wrote instrumentation file [/home/travis/build/twitter/finagle/finagle-exp/target/scala-2.11/scoverage-data/scoverage.coverage.xml]
[info] [info] Will write measurement data to [/home/travis/build/twitter/finagle/finagle-exp/target/scala-2.11/scoverage-data]
[info] Done compiling.
[info] Compiling 4 Scala sources to /home/travis/build/twitter/finagle/finagle-exp/target/scala-2.11/test-classes ...
[info] Done compiling.
[warn] javaOptions will be ignored, fork is set to false
[info] ThriftForwardingWarmUpFilterTest:
[info] - forward all at time zero
[info] - forward none once passed duration
[info] - don't forward for bypassed clients
[info] - don't forward for unidentified clients
SLF4J: Failed to load class "org.slf4j.impl.StaticLoggerBinder".
SLF4J: Defaulting to no-operation (NOP) logger implementation
SLF4J: See http://www.slf4j.org/codes.html#StaticLoggerBinder for further details.
Aug 01, 2019 11:26:59 PM com.twitter.finagle.Init$$anonfun$6 apply$mcV$sp
INFO: Finagle version 19.8.0-SNAPSHOT (rev=6dc05b64c91696838860f8334450a5d9b1b80420) built at 20190801-232524
Aug 01, 2019 11:27:01 PM com.twitter.finagle.liveness.FailureAccrualFactory$$anon$2$$anon$1 didMarkDead
INFO: FailureAccrualFactory marking connection to "testClient" as dead. Remote Address: Inet(localhost/127.0.0.1:44752,Map())
[info] ConcurrencyEndToEndTest:
[info] - Requests exceeding limit should increase dropped_request count
[info] - Should not increase dropped_request count when number of requests is less than limit *** FAILED ***
[info]   8.0 was not greater than or equal to 10 (ConcurrencyEndToEndTest.scala:87)
[info] - Service application failure should not increase dropped_request count
Aug 01, 2019 11:27:01 PM com.twitter.finagle.exp.DarkTrafficFilter handleFailedInvocation
WARNING: DarkTrafficFilter Failed invocation: fail
java.lang.Exception: fail
	at com.twitter.finagle.exp.DarkTrafficFilterTest$$anonfun$4$$anon$5$$anon$2.apply(DarkTrafficFilterTest.scala:74)
	at com.twitter.finagle.exp.DarkTrafficFilterTest$$anonfun$4$$anon$5$$anon$2.apply(DarkTrafficFilterTest.scala:73)
	at com.twitter.finagle.exp.AbstractDarkTrafficFilter$class.sendDarkRequest(AbstractDarkTrafficFilter.scala:64)
	at com.twitter.finagle.exp.DarkTrafficFilter.sendDarkRequest(DarkTrafficFilter.scala:17)
	at com.twitter.finagle.exp.AbstractDarkTrafficFilter$class.serviceConcurrently(AbstractDarkTrafficFilter.scala:45)
	at com.twitter.finagle.exp.DarkTrafficFilter.serviceConcurrently(DarkTrafficFilter.scala:17)
	at com.twitter.finagle.exp.DarkTrafficFilter.apply(DarkTrafficFilter.scala:39)
	at com.twitter.finagle.exp.DarkTrafficFilterTest$$anonfun$4$$anon$5.<init>(DarkTrafficFilterTest.scala:77)
	at com.twitter.finagle.exp.DarkTrafficFilterTest$$anonfun$4.apply(DarkTrafficFilterTest.scala:71)
	at com.twitter.finagle.exp.DarkTrafficFilterTest$$anonfun$4.apply(DarkTrafficFilterTest.scala:71)
	at org.scalatest.OutcomeOf$class.outcomeOf(OutcomeOf.scala:85)
	at org.scalatest.OutcomeOf$.outcomeOf(OutcomeOf.scala:104)
	at org.scalatest.Transformer.apply(Transformer.scala:22)
	at org.scalatest.Transformer.apply(Transformer.scala:20)
	at org.scalatest.FunSuiteLike$$anon$1.apply(FunSuiteLike.scala:186)
	at org.scalatest.TestSuite$class.withFixture(TestSuite.scala:196)
	at org.scalatest.FunSuite.withFixture(FunSuite.scala:1560)
	at org.scalatest.FunSuiteLike$class.invokeWithFixture$1(FunSuiteLike.scala:183)
	at org.scalatest.FunSuiteLike$$anonfun$runTest$1.apply(FunSuiteLike.scala:196)
	at org.scalatest.FunSuiteLike$$anonfun$runTest$1.apply(FunSuiteLike.scala:196)
	at org.scalatest.SuperEngine.runTestImpl(Engine.scala:289)
	at org.scalatest.FunSuiteLike$class.runTest(FunSuiteLike.scala:196)
	at org.scalatest.FunSuite.runTest(FunSuite.scala:1560)
	at org.scalatest.FunSuiteLike$$anonfun$runTests$1.apply(FunSuiteLike.scala:229)
	at org.scalatest.FunSuiteLike$$anonfun$runTests$1.apply(FunSuiteLike.scala:229)
	at org.scalatest.SuperEngine$$anonfun$traverseSubNodes$1$1.apply(Engine.scala:396)
	at org.scalatest.SuperEngine$$anonfun$traverseSubNodes$1$1.apply(Engine.scala:384)
	at scala.collection.immutable.List.foreach(List.scala:392)
	at org.scalatest.SuperEngine.traverseSubNodes$1(Engine.scala:384)
	at org.scalatest.SuperEngine.org$scalatest$SuperEngine$$runTestsInBranch(Engine.scala:379)
	at org.scalatest.SuperEngine.runTestsImpl(Engine.scala:461)
	at org.scalatest.FunSuiteLike$class.runTests(FunSuiteLike.scala:229)
	at org.scalatest.FunSuite.runTests(FunSuite.scala:1560)
	at org.scalatest.Suite$class.run(Suite.scala:1147)
	at org.scalatest.FunSuite.org$scalatest$FunSuiteLike$$super$run(FunSuite.scala:1560)
	at org.scalatest.FunSuiteLike$$anonfun$run$1.apply(FunSuiteLike.scala:233)
	at org.scalatest.FunSuiteLike$$anonfun$run$1.apply(FunSuiteLike.scala:233)
	at org.scalatest.SuperEngine.runImpl(Engine.scala:521)
	at org.scalatest.FunSuiteLike$class.run(FunSuiteLike.scala:233)
	at org.scalatest.FunSuite.run(FunSuite.scala:1560)
	at org.scalatest.tools.Framework.org$scalatest$tools$Framework$$runSuite(Framework.scala:314)
	at org.scalatest.tools.Framework$ScalaTestTask.execute(Framework.scala:472)
	at sbt.TestRunner.runTest$1(TestFramework.scala:106)
	at sbt.TestRunner.run(TestFramework.scala:117)
	at sbt.TestFramework$$anon$2$$anonfun$$lessinit$greater$1.$anonfun$apply$1(TestFramework.scala:262)
	at sbt.TestFramework$.sbt$TestFramework$$withContextLoader(TestFramework.scala:233)
	at sbt.TestFramework$$anon$2$$anonfun$$lessinit$greater$1.apply(TestFramework.scala:262)
	at sbt.TestFramework$$anon$2$$anonfun$$lessinit$greater$1.apply(TestFramework.scala:262)
	at sbt.TestFunction.apply(TestFramework.scala:271)
	at sbt.Tests$.processRunnable$1(Tests.scala:307)
	at sbt.Tests$.$anonfun$makeSerial$1(Tests.scala:313)
	at sbt.std.Transform$$anon$3.$anonfun$apply$2(System.scala:46)
	at sbt.std.Transform$$anon$4.work(System.scala:66)
	at sbt.Execute.$anonfun$submit$2(Execute.scala:262)
	at sbt.internal.util.ErrorHandling$.wideConvert(ErrorHandling.scala:16)
	at sbt.Execute.work(Execute.scala:271)
	at sbt.Execute.$anonfun$submit$1(Execute.scala:262)
	at sbt.ConcurrentRestrictions$$anon$4.$anonfun$submitValid$1(ConcurrentRestrictions.scala:174)
	at sbt.CompletionService$$anon$2.call(CompletionService.scala:36)
	at java.util.concurrent.FutureTask.run(FutureTask.java:266)
	at java.util.concurrent.Executors$RunnableAdapter.call(Executors.java:511)
	at java.util.concurrent.FutureTask.run(FutureTask.java:266)
	at java.util.concurrent.ThreadPoolExecutor.runWorker(ThreadPoolExecutor.java:1149)
	at java.util.concurrent.ThreadPoolExecutor$Worker.run(ThreadPoolExecutor.java:624)
	at java.lang.Thread.run(Thread.java:748)

[info] DarkTrafficFilterTest:
[info] - send light traffic for all requests
[info] - when decider is on, send dark traffic to darkService and light to service
[info] - count failures in forwarding
[info] - interrupts are propagated to dark traffic
[info] ConcurrencyLimitFilterTest:
[info] - Filter can be disabled by configuration param
[info] - Successful requests should increase limit
[info] - Dropped requests should decrease limit
[info] - Requests that exceed limit should be rejected
[info] - After limit increases, should not reject requests for exceeding initial limit
[info] ScalaTest
[info] Run completed in 5 seconds, 84 milliseconds.
[info] Total number of tests run: 16
[info] Suites: completed 4, aborted 0
[info] Tests: succeeded 15, failed 1, canceled 0, ignored 0, pending 0
[info] *** 1 TEST FAILED ***
[error] Failed: Total 16, Failed 1, Errors 0, Passed 15
[error] Failed tests:
[error] 	com.twitter.finagle.exp.ConcurrencyEndToEndTest
[error] (finagle-exp / Test / test) sbt.TestsFailedException: Tests unsuccessful
[error] Total time: 107 s, completed Aug 1, 2019 11:27:04 PM

[31;1mThe command "./sbt ++2.11.12 coverage finagle-exp/test coverageReport" failed. Retrying, 2 of 3.[0m

[info] Loading settings from build.sbt,unidoc.sbt,plugins.sbt ...
[info] Loading project definition from /home/travis/build/twitter/finagle/project
[info] Loading settings from build.sbt ...
[info] Resolving key references (17383 settings) ...
[info] Using Netty SNAPSHOT build mode: false
[info] Netty version: 4.1.38.Final
[info] Netty tcnative version 2.0.25.Final
[info] Set current project to finagle (in build file:/home/travis/build/twitter/finagle/)
[info] Setting Scala version to 2.11.12 on 30 projects.
[info] Reapplying settings...
[info] Using Netty SNAPSHOT build mode: false
[info] Netty version: 4.1.38.Final
[info] Netty tcnative version 2.0.25.Final
[info] Set current project to finagle (in build file:/home/travis/build/twitter/finagle/)
[info] Defining ThisBuild / coverageEnabled
[info] The new value will be used by Compile / compile / scalacOptions, finagle-base-http / Compile / compile / scalacOptions and 57 others.
[info] 	Run `last` for details.
[info] Reapplying settings...
[info] Using Netty SNAPSHOT build mode: false
[info] Netty version: 4.1.38.Final
[info] Netty tcnative version 2.0.25.Final
[info] Set current project to finagle (in build file:/home/travis/build/twitter/finagle/)
[warn] javaOptions will be ignored, fork is set to false
[info] ThriftForwardingWarmUpFilterTest:
[info] - forward all at time zero
[info] - forward none once passed duration
[info] - don't forward for bypassed clients
[info] - don't forward for unidentified clients
SLF4J: Failed to load class "org.slf4j.impl.StaticLoggerBinder".
SLF4J: Defaulting to no-operation (NOP) logger implementation
SLF4J: See http://www.slf4j.org/codes.html#StaticLoggerBinder for further details.
Aug 01, 2019 11:27:50 PM com.twitter.finagle.Init$$anonfun$6 apply$mcV$sp
INFO: Finagle version 19.8.0-SNAPSHOT (rev=6dc05b64c91696838860f8334450a5d9b1b80420) built at 20190801-232741
Aug 01, 2019 11:27:52 PM com.twitter.finagle.liveness.FailureAccrualFactory$$anon$2$$anon$1 didMarkDead
INFO: FailureAccrualFactory marking connection to "testClient" as dead. Remote Address: Inet(localhost/127.0.0.1:35075,Map())
[info] ConcurrencyEndToEndTest:
[info] - Requests exceeding limit should increase dropped_request count *** FAILED ***
[info]   8.0 was not greater than 10 (ConcurrencyEndToEndTest.scala:73)
[info] - Should not increase dropped_request count when number of requests is less than limit *** FAILED ***
[info]   8.0 was not greater than or equal to 10 (ConcurrencyEndToEndTest.scala:87)
[info] - Service application failure should not increase dropped_request count
Aug 01, 2019 11:27:52 PM com.twitter.finagle.exp.DarkTrafficFilter handleFailedInvocation
WARNING: DarkTrafficFilter Failed invocation: fail
java.lang.Exception: fail
	at com.twitter.finagle.exp.DarkTrafficFilterTest$$anonfun$4$$anon$5$$anon$2.apply(DarkTrafficFilterTest.scala:74)
	at com.twitter.finagle.exp.DarkTrafficFilterTest$$anonfun$4$$anon$5$$anon$2.apply(DarkTrafficFilterTest.scala:73)
	at com.twitter.finagle.exp.AbstractDarkTrafficFilter$class.sendDarkRequest(AbstractDarkTrafficFilter.scala:64)
	at com.twitter.finagle.exp.DarkTrafficFilter.sendDarkRequest(DarkTrafficFilter.scala:17)
	at com.twitter.finagle.exp.AbstractDarkTrafficFilter$class.serviceConcurrently(AbstractDarkTrafficFilter.scala:45)
	at com.twitter.finagle.exp.DarkTrafficFilter.serviceConcurrently(DarkTrafficFilter.scala:17)
	at com.twitter.finagle.exp.DarkTrafficFilter.apply(DarkTrafficFilter.scala:39)
	at com.twitter.finagle.exp.DarkTrafficFilterTest$$anonfun$4$$anon$5.<init>(DarkTrafficFilterTest.scala:77)
	at com.twitter.finagle.exp.DarkTrafficFilterTest$$anonfun$4.apply(DarkTrafficFilterTest.scala:71)
	at com.twitter.finagle.exp.DarkTrafficFilterTest$$anonfun$4.apply(DarkTrafficFilterTest.scala:71)
	at org.scalatest.OutcomeOf$class.outcomeOf(OutcomeOf.scala:85)
	at org.scalatest.OutcomeOf$.outcomeOf(OutcomeOf.scala:104)
	at org.scalatest.Transformer.apply(Transformer.scala:22)
	at org.scalatest.Transformer.apply(Transformer.scala:20)
	at org.scalatest.FunSuiteLike$$anon$1.apply(FunSuiteLike.scala:186)
	at org.scalatest.TestSuite$class.withFixture(TestSuite.scala:196)
	at org.scalatest.FunSuite.withFixture(FunSuite.scala:1560)
	at org.scalatest.FunSuiteLike$class.invokeWithFixture$1(FunSuiteLike.scala:183)
	at org.scalatest.FunSuiteLike$$anonfun$runTest$1.apply(FunSuiteLike.scala:196)
	at org.scalatest.FunSuiteLike$$anonfun$runTest$1.apply(FunSuiteLike.scala:196)
	at org.scalatest.SuperEngine.runTestImpl(Engine.scala:289)
	at org.scalatest.FunSuiteLike$class.runTest(FunSuiteLike.scala:196)
	at org.scalatest.FunSuite.runTest(FunSuite.scala:1560)
	at org.scalatest.FunSuiteLike$$anonfun$runTests$1.apply(FunSuiteLike.scala:229)
	at org.scalatest.FunSuiteLike$$anonfun$runTests$1.apply(FunSuiteLike.scala:229)
	at org.scalatest.SuperEngine$$anonfun$traverseSubNodes$1$1.apply(Engine.scala:396)
	at org.scalatest.SuperEngine$$anonfun$traverseSubNodes$1$1.apply(Engine.scala:384)
	at scala.collection.immutable.List.foreach(List.scala:392)
	at org.scalatest.SuperEngine.traverseSubNodes$1(Engine.scala:384)
	at org.scalatest.SuperEngine.org$scalatest$SuperEngine$$runTestsInBranch(Engine.scala:379)
	at org.scalatest.SuperEngine.runTestsImpl(Engine.scala:461)
	at org.scalatest.FunSuiteLike$class.runTests(FunSuiteLike.scala:229)
	at org.scalatest.FunSuite.runTests(FunSuite.scala:1560)
	at org.scalatest.Suite$class.run(Suite.scala:1147)
	at org.scalatest.FunSuite.org$scalatest$FunSuiteLike$$super$run(FunSuite.scala:1560)
	at org.scalatest.FunSuiteLike$$anonfun$run$1.apply(FunSuiteLike.scala:233)
	at org.scalatest.FunSuiteLike$$anonfun$run$1.apply(FunSuiteLike.scala:233)
	at org.scalatest.SuperEngine.runImpl(Engine.scala:521)
	at org.scalatest.FunSuiteLike$class.run(FunSuiteLike.scala:233)
	at org.scalatest.FunSuite.run(FunSuite.scala:1560)
	at org.scalatest.tools.Framework.org$scalatest$tools$Framework$$runSuite(Framework.scala:314)
	at org.scalatest.tools.Framework$ScalaTestTask.execute(Framework.scala:472)
	at sbt.TestRunner.runTest$1(TestFramework.scala:106)
	at sbt.TestRunner.run(TestFramework.scala:117)
	at sbt.TestFramework$$anon$2$$anonfun$$lessinit$greater$1.$anonfun$apply$1(TestFramework.scala:262)
	at sbt.TestFramework$.sbt$TestFramework$$withContextLoader(TestFramework.scala:233)
	at sbt.TestFramework$$anon$2$$anonfun$$lessinit$greater$1.apply(TestFramework.scala:262)
	at sbt.TestFramework$$anon$2$$anonfun$$lessinit$greater$1.apply(TestFramework.scala:262)
	at sbt.TestFunction.apply(TestFramework.scala:271)
	at sbt.Tests$.processRunnable$1(Tests.scala:307)
	at sbt.Tests$.$anonfun$makeSerial$1(Tests.scala:313)
	at sbt.std.Transform$$anon$3.$anonfun$apply$2(System.scala:46)
	at sbt.std.Transform$$anon$4.work(System.scala:66)
	at sbt.Execute.$anonfun$submit$2(Execute.scala:262)
	at sbt.internal.util.ErrorHandling$.wideConvert(ErrorHandling.scala:16)
	at sbt.Execute.work(Execute.scala:271)
	at sbt.Execute.$anonfun$submit$1(Execute.scala:262)
	at sbt.ConcurrentRestrictions$$anon$4.$anonfun$submitValid$1(ConcurrentRestrictions.scala:174)
	at sbt.CompletionService$$anon$2.call(CompletionService.scala:36)
	at java.util.concurrent.FutureTask.run(FutureTask.java:266)
	at java.util.concurrent.Executors$RunnableAdapter.call(Executors.java:511)
	at java.util.concurrent.FutureTask.run(FutureTask.java:266)
	at java.util.concurrent.ThreadPoolExecutor.runWorker(ThreadPoolExecutor.java:1149)
	at java.util.concurrent.ThreadPoolExecutor$Worker.run(ThreadPoolExecutor.java:624)
	at java.lang.Thread.run(Thread.java:748)

[info] DarkTrafficFilterTest:
[info] - send light traffic for all requests
[info] - when decider is on, send dark traffic to darkService and light to service
[info] - count failures in forwarding
[info] - interrupts are propagated to dark traffic
[info] ConcurrencyLimitFilterTest:
[info] - Filter can be disabled by configuration param
[info] - Successful requests should increase limit
[info] - Dropped requests should decrease limit
[info] - Requests that exceed limit should be rejected
[info] - After limit increases, should not reject requests for exceeding initial limit
[info] ScalaTest
[info] Run completed in 5 seconds, 502 milliseconds.
[info] Total number of tests run: 16
[info] Suites: completed 4, aborted 0
[info] Tests: succeeded 14, failed 2, canceled 0, ignored 0, pending 0
[info] *** 2 TESTS FAILED ***
[error] Failed: Total 16, Failed 2, Errors 0, Passed 14
[error] Failed tests:
[error] 	com.twitter.finagle.exp.ConcurrencyEndToEndTest
[error] (finagle-exp / Test / test) sbt.TestsFailedException: Tests unsuccessful
[error] Total time: 16 s, completed Aug 1, 2019 11:27:52 PM

[31;1mThe command "./sbt ++2.11.12 coverage finagle-exp/test coverageReport" failed. Retrying, 3 of 3.[0m

[info] Loading settings from build.sbt,unidoc.sbt,plugins.sbt ...
[info] Loading project definition from /home/travis/build/twitter/finagle/project
[info] Loading settings from build.sbt ...
[info] Resolving key references (17383 settings) ...
[info] Using Netty SNAPSHOT build mode: false
[info] Netty version: 4.1.38.Final
[info] Netty tcnative version 2.0.25.Final
[info] Set current project to finagle (in build file:/home/travis/build/twitter/finagle/)
[info] Setting Scala version to 2.11.12 on 30 projects.
[info] Reapplying settings...
[info] Using Netty SNAPSHOT build mode: false
[info] Netty version: 4.1.38.Final
[info] Netty tcnative version 2.0.25.Final
[info] Set current project to finagle (in build file:/home/travis/build/twitter/finagle/)
[info] Defining ThisBuild / coverageEnabled
[info] The new value will be used by Compile / compile / scalacOptions, finagle-base-http / Compile / compile / scalacOptions and 57 others.
[info] 	Run `last` for details.
[info] Reapplying settings...
[info] Using Netty SNAPSHOT build mode: false
[info] Netty version: 4.1.38.Final
[info] Netty tcnative version 2.0.25.Final
[info] Set current project to finagle (in build file:/home/travis/build/twitter/finagle/)
[warn] javaOptions will be ignored, fork is set to false
[info] ThriftForwardingWarmUpFilterTest:
[info] - forward all at time zero
[info] - forward none once passed duration
[info] - don't forward for bypassed clients
[info] - don't forward for unidentified clients
SLF4J: Failed to load class "org.slf4j.impl.StaticLoggerBinder".
SLF4J: Defaulting to no-operation (NOP) logger implementation
SLF4J: See http://www.slf4j.org/codes.html#StaticLoggerBinder for further details.
Aug 01, 2019 11:28:39 PM com.twitter.finagle.Init$$anonfun$6 apply$mcV$sp
INFO: Finagle version 19.8.0-SNAPSHOT (rev=6dc05b64c91696838860f8334450a5d9b1b80420) built at 20190801-232831
Aug 01, 2019 11:28:41 PM com.twitter.finagle.liveness.FailureAccrualFactory$$anon$2$$anon$1 didMarkDead
INFO: FailureAccrualFactory marking connection to "testClient" as dead. Remote Address: Inet(localhost/127.0.0.1:46169,Map())
[info] ConcurrencyEndToEndTest:
[info] - Requests exceeding limit should increase dropped_request count *** FAILED ***
[info]   10.0 was not greater than 10 (ConcurrencyEndToEndTest.scala:73)
[info] - Should not increase dropped_request count when number of requests is less than limit
[info] - Service application failure should not increase dropped_request count
Aug 01, 2019 11:28:41 PM com.twitter.finagle.exp.DarkTrafficFilter handleFailedInvocation
WARNING: DarkTrafficFilter Failed invocation: fail
java.lang.Exception: fail
	at com.twitter.finagle.exp.DarkTrafficFilterTest$$anonfun$4$$anon$5$$anon$2.apply(DarkTrafficFilterTest.scala:74)
	at com.twitter.finagle.exp.DarkTrafficFilterTest$$anonfun$4$$anon$5$$anon$2.apply(DarkTrafficFilterTest.scala:73)
	at com.twitter.finagle.exp.AbstractDarkTrafficFilter$class.sendDarkRequest(AbstractDarkTrafficFilter.scala:64)
	at com.twitter.finagle.exp.DarkTrafficFilter.sendDarkRequest(DarkTrafficFilter.scala:17)
	at com.twitter.finagle.exp.AbstractDarkTrafficFilter$class.serviceConcurrently(AbstractDarkTrafficFilter.scala:45)
	at com.twitter.finagle.exp.DarkTrafficFilter.serviceConcurrently(DarkTrafficFilter.scala:17)
	at com.twitter.finagle.exp.DarkTrafficFilter.apply(DarkTrafficFilter.scala:39)
	at com.twitter.finagle.exp.DarkTrafficFilterTest$$anonfun$4$$anon$5.<init>(DarkTrafficFilterTest.scala:77)
	at com.twitter.finagle.exp.DarkTrafficFilterTest$$anonfun$4.apply(DarkTrafficFilterTest.scala:71)
	at com.twitter.finagle.exp.DarkTrafficFilterTest$$anonfun$4.apply(DarkTrafficFilterTest.scala:71)
	at org.scalatest.OutcomeOf$class.outcomeOf(OutcomeOf.scala:85)
	at org.scalatest.OutcomeOf$.outcomeOf(OutcomeOf.scala:104)
	at org.scalatest.Transformer.apply(Transformer.scala:22)
	at org.scalatest.Transformer.apply(Transformer.scala:20)
	at org.scalatest.FunSuiteLike$$anon$1.apply(FunSuiteLike.scala:186)
	at org.scalatest.TestSuite$class.withFixture(TestSuite.scala:196)
	at org.scalatest.FunSuite.withFixture(FunSuite.scala:1560)
	at org.scalatest.FunSuiteLike$class.invokeWithFixture$1(FunSuiteLike.scala:183)
	at org.scalatest.FunSuiteLike$$anonfun$runTest$1.apply(FunSuiteLike.scala:196)
	at org.scalatest.FunSuiteLike$$anonfun$runTest$1.apply(FunSuiteLike.scala:196)
	at org.scalatest.SuperEngine.runTestImpl(Engine.scala:289)
	at org.scalatest.FunSuiteLike$class.runTest(FunSuiteLike.scala:196)
	at org.scalatest.FunSuite.runTest(FunSuite.scala:1560)
	at org.scalatest.FunSuiteLike$$anonfun$runTests$1.apply(FunSuiteLike.scala:229)
	at org.scalatest.FunSuiteLike$$anonfun$runTests$1.apply(FunSuiteLike.scala:229)
	at org.scalatest.SuperEngine$$anonfun$traverseSubNodes$1$1.apply(Engine.scala:396)
	at org.scalatest.SuperEngine$$anonfun$traverseSubNodes$1$1.apply(Engine.scala:384)
	at scala.collection.immutable.List.foreach(List.scala:392)
	at org.scalatest.SuperEngine.traverseSubNodes$1(Engine.scala:384)
	at org.scalatest.SuperEngine.org$scalatest$SuperEngine$$runTestsInBranch(Engine.scala:379)
	at org.scalatest.SuperEngine.runTestsImpl(Engine.scala:461)
	at org.scalatest.FunSuiteLike$class.runTests(FunSuiteLike.scala:229)
	at org.scalatest.FunSuite.runTests(FunSuite.scala:1560)
	at org.scalatest.Suite$class.run(Suite.scala:1147)
	at org.scalatest.FunSuite.org$scalatest$FunSuiteLike$$super$run(FunSuite.scala:1560)
	at org.scalatest.FunSuiteLike$$anonfun$run$1.apply(FunSuiteLike.scala:233)
	at org.scalatest.FunSuiteLike$$anonfun$run$1.apply(FunSuiteLike.scala:233)
	at org.scalatest.SuperEngine.runImpl(Engine.scala:521)
	at org.scalatest.FunSuiteLike$class.run(FunSuiteLike.scala:233)
	at org.scalatest.FunSuite.run(FunSuite.scala:1560)
	at org.scalatest.tools.Framework.org$scalatest$tools$Framework$$runSuite(Framework.scala:314)
	at org.scalatest.tools.Framework$ScalaTestTask.execute(Framework.scala:472)
	at sbt.TestRunner.runTest$1(TestFramework.scala:106)
	at sbt.TestRunner.run(TestFramework.scala:117)
	at sbt.TestFramework$$anon$2$$anonfun$$lessinit$greater$1.$anonfun$apply$1(TestFramework.scala:262)
	at sbt.TestFramework$.sbt$TestFramework$$withContextLoader(TestFramework.scala:233)
	at sbt.TestFramework$$anon$2$$anonfun$$lessinit$greater$1.apply(TestFramework.scala:262)
	at sbt.TestFramework$$anon$2$$anonfun$$lessinit$greater$1.apply(TestFramework.scala:262)
	at sbt.TestFunction.apply(TestFramework.scala:271)
	at sbt.Tests$.processRunnable$1(Tests.scala:307)
	at sbt.Tests$.$anonfun$makeSerial$1(Tests.scala:313)
	at sbt.std.Transform$$anon$3.$anonfun$apply$2(System.scala:46)
	at sbt.std.Transform$$anon$4.work(System.scala:66)
	at sbt.Execute.$anonfun$submit$2(Execute.scala:262)
	at sbt.internal.util.ErrorHandling$.wideConvert(ErrorHandling.scala:16)
	at sbt.Execute.work(Execute.scala:271)
	at sbt.Execute.$anonfun$submit$1(Execute.scala:262)
	at sbt.ConcurrentRestrictions$$anon$4.$anonfun$submitValid$1(ConcurrentRestrictions.scala:174)
	at sbt.CompletionService$$anon$2.call(CompletionService.scala:36)
	at java.util.concurrent.FutureTask.run(FutureTask.java:266)
	at java.util.concurrent.Executors$RunnableAdapter.call(Executors.java:511)
	at java.util.concurrent.FutureTask.run(FutureTask.java:266)
	at java.util.concurrent.ThreadPoolExecutor.runWorker(ThreadPoolExecutor.java:1149)
	at java.util.concurrent.ThreadPoolExecutor$Worker.run(ThreadPoolExecutor.java:624)
	at java.lang.Thread.run(Thread.java:748)

[info] DarkTrafficFilterTest:
[info] - send light traffic for all requests
[info] - when decider is on, send dark traffic to darkService and light to service
[info] - count failures in forwarding
[info] - interrupts are propagated to dark traffic
[info] ConcurrencyLimitFilterTest:
[info] - Filter can be disabled by configuration param
[info] - Successful requests should increase limit
[info] - Dropped requests should decrease limit
[info] - Requests that exceed limit should be rejected
[info] - After limit increases, should not reject requests for exceeding initial limit
[info] ScalaTest
[info] Run completed in 5 seconds, 409 milliseconds.
[info] Total number of tests run: 16
[info] Suites: completed 4, aborted 0
[info] Tests: succeeded 15, failed 1, canceled 0, ignored 0, pending 0
[info] *** 1 TEST FAILED ***
[error] Failed: Total 16, Failed 1, Errors 0, Passed 15
[error] Failed tests:
[error] 	com.twitter.finagle.exp.ConcurrencyEndToEndTest
[error] (finagle-exp / Test / test) sbt.TestsFailedException: Tests unsuccessful
[error] Total time: 15 s, completed Aug 1, 2019 11:28:41 PM

[31;1mThe command "./sbt ++2.11.12 coverage finagle-exp/test coverageReport" failed 3 times.[0m

travis_time:end:2df6b0c1:start=1564701885362083263,finish=1564702122976619655,duration=237614536392[0K[31;1mThe command "travis_retry ./sbt ++$TRAVIS_SCALA_VERSION coverage "$PROJECT/test" coverageReport" exited with 1.[0m

travis_fold:start:before_cache.1[0Ktravis_time:start:02006fb8[0K$ find $HOME/.ivy2/cache  -name "ivydata-*.properties" -delete
travis_time:end:02006fb8:start=1564702122983277921,finish=1564702122994363692,duration=11085771[0Ktravis_fold:end:before_cache.1[0Ktravis_fold:start:before_cache.2[0Ktravis_time:start:113c39d8[0K$ find $HOME/.sbt         -name "*.lock"               -delete
travis_time:end:113c39d8:start=1564702123001275490,finish=1564702123006925564,duration=5650074[0Ktravis_fold:end:before_cache.2[0Ktravis_fold:start:cache.2[0Kstore build cache
travis_time:start:18f2c034[0Ktravis_time:end:18f2c034:start=1564702123013959693,finish=1564702123017353168,duration=3393475[0Ktravis_time:start:1b9b516c[0K[32;1mnothing changed[0m
travis_time:end:1b9b516c:start=1564702123022660682,finish=1564702124858852187,duration=1836191505[0Ktravis_fold:end:cache.2[0K

Done. Your build exited with 1.
